"D:/Workspace/Code/BitBucket/CoinRun/CoinRun.uproject" 1
"../../../Engine/Plugins/2D/Paper2D/Paper2D.uplugin" 2
"../../../Engine/Plugins/Developer/BlankPlugin/BlankPlugin.uplugin" 3
"../../../Engine/Plugins/Developer/GitSourceControl/GitSourceControl.uplugin" 4
"../../../Engine/Plugins/Developer/KDevelopSourceCodeAccess/KDevelopSourceCodeAccess.uplugin" 5
"../../../Engine/Plugins/Developer/NullSourceCodeAccess/NullSourceCodeAccess.uplugin" 6
"../../../Engine/Plugins/Developer/PerforceSourceControl/PerforceSourceControl.uplugin" 7
"../../../Engine/Plugins/Developer/SubversionSourceControl/SubversionSourceControl.uplugin" 8
"../../../Engine/Plugins/Developer/UObjectPlugin/UObjectPlugin.uplugin" 9
"../../../Engine/Plugins/Developer/VisualStudioSourceCodeAccess/VisualStudioSourceCodeAccess.uplugin" 10
"../../../Engine/Plugins/Developer/XCodeSourceCodeAccess/XCodeSourceCodeAccess.uplugin" 11
"../../../Engine/Plugins/Editor/EpicSurvey/EpicSurvey.uplugin" 12
"../../../Engine/Plugins/Editor/MacGraphicsSwitching/MacGraphicsSwitching.uplugin" 13
"../../../Engine/Plugins/Editor/PluginBrowser/PluginBrowser.uplugin" 14
"../../../Engine/Plugins/Editor/PluginCreator/PluginCreator.uplugin" 15
"../../../Engine/Plugins/Editor/SpeedTreeImporter/SpeedTreeImporter.uplugin" 16
"../../../Engine/Plugins/Experimental/BlueprintStats/BlueprintStats.uplugin" 17
"../../../Engine/Plugins/Experimental/CharacterAI/CharacterAI.uplugin" 18
"../../../Engine/Plugins/Experimental/CodeEditor/CodeEditor.uplugin" 19
"../../../Engine/Plugins/Experimental/CodeView/CodeView.uplugin" 20
"../../../Engine/Plugins/Experimental/HTML5Networking/HTML5Networking.uplugin" 21
"../../../Engine/Plugins/Experimental/LiveEditor/LiveEditor.uplugin" 22
"../../../Engine/Plugins/Experimental/Phya/Phya.uplugin" 23
"../../../Engine/Plugins/Experimental/SimpleHMD/SimpleHMD.uplugin" 24
"../../../Engine/Plugins/Experimental/StructBox/StructBox.uplugin" 25
"../../../Engine/Plugins/Media/AndroidMedia/AndroidMedia.uplugin" 26
"../../../Engine/Plugins/Media/AvfMedia/AvfMedia.uplugin" 27
"../../../Engine/Plugins/Media/MediaPlayerEditor/MediaPlayerEditor.uplugin" 28
"../../../Engine/Plugins/Media/WmfMedia/WmfMedia.uplugin" 29
"../../../Engine/Plugins/Messaging/MessagingDebugger/MessagingDebugger.uplugin" 30
"../../../Engine/Plugins/Messaging/UdpMessaging/UdpMessaging.uplugin" 31
"../../../Engine/Plugins/NetcodeUnitTest/NetcodeUnitTest/NetcodeUnitTest.uplugin" 32
"../../../Engine/Plugins/NetcodeUnitTest/NUTUnrealEngine4/NUTUnrealEngine4.uplugin" 33
"../../../Engine/Plugins/Runtime/Advertising/IOSTapJoy/IOSTapJoy.uplugin" 34
"../../../Engine/Plugins/Runtime/Analytics/AnalyticsBlueprintLibrary/AnalyticsBlueprintLibrary.uplugin" 35
"../../../Engine/Plugins/Runtime/Analytics/AnalyticsMulticast/AnalyticsMulticast.uplugin" 36
"../../../Engine/Plugins/Runtime/Analytics/Apsalar/IOSApsalar/IOSApsalar.uplugin" 37
"../../../Engine/Plugins/Runtime/Analytics/FileLogging/FileLogging.uplugin" 38
"../../../Engine/Plugins/Runtime/Analytics/Flurry/IOSFlurry/IOSFlurry.uplugin" 39
"../../../Engine/Plugins/Runtime/AndroidDeviceProfileSelector/AndroidDeviceProfileSelector.uplugin" 40
"../../../Engine/Plugins/Runtime/AndroidMoviePlayer/AndroidMoviePlayer.uplugin" 41
"../../../Engine/Plugins/Runtime/AppleMoviePlayer/AppleMoviePlayer.uplugin" 42
"../../../Engine/Plugins/Runtime/CableComponent/CableComponent.uplugin" 43
"../../../Engine/Plugins/Runtime/CustomMeshComponent/CustomMeshComponent.uplugin" 44
"../../../Engine/Plugins/Runtime/ExampleDeviceProfileSelector/ExampleDeviceProfileSelector.uplugin" 45
"../../../Engine/Plugins/Runtime/GearVR/GearVR.uplugin" 46
"../../../Engine/Plugins/Runtime/IOSDeviceProfileSelector/IOSDeviceProfileSelector.uplugin" 47
"../../../Engine/Plugins/Runtime/LeapMotionController/LeapMotionController.uplugin" 48
"../../../Engine/Plugins/Runtime/LiveEditorListenServer/LiveEditorListenServer.uplugin" 49
"../../../Engine/Plugins/Runtime/OculusAudio/OculusAudio.uplugin" 50
"../../../Engine/Plugins/Runtime/OculusRift/OculusRift.uplugin" 51
"../../../Engine/Plugins/Runtime/ProceduralMeshComponent/ProceduralMeshComponent.uplugin" 52
"../../../Engine/Plugins/Runtime/SoundMod/SoundMod.uplugin" 53
"../../../Engine/Plugins/Runtime/SoundVisualizations/SoundVisualizations.uplugin" 54
"../../../Engine/Plugins/Runtime/Steam/SteamController/SteamController.uplugin" 55
"../../../Engine/Plugins/Runtime/Steam/SteamVR/SteamVR.uplugin" 56
"../../../Engine/Plugins/Runtime/WebBrowserWidget/WebBrowserWidget.uplugin" 57
"../../../Engine/Plugins/Runtime/WindowsDeviceProfileSelector/WindowsDeviceProfileSelector.uplugin" 58
"../../../Engine/Plugins/Runtime/WindowsMoviePlayer/WindowsMoviePlayer.uplugin" 59
"../../../Engine/Plugins/ScriptGeneratorPlugin/ScriptGeneratorPlugin.uplugin" 60
"../../../Engine/Plugins/ScriptPlugin/ScriptPlugin.uplugin" 61
"../../../Engine/Plugins/Slate/SlateRemote/SlateRemote.uplugin" 62
"..\..\..\Engine\Content\Internationalization\icudt53l\cnvalias.icu" 63
"..\..\..\Engine\Content\Internationalization\icudt53l\en_US_POSIX.res" 64
"..\..\..\Engine\Content\Internationalization\icudt53l\pool.res" 65
"..\..\..\Engine\Content\Internationalization\icudt53l\en_US.res" 66
"..\..\..\Engine\Content\Internationalization\icudt53l\en.res" 67
"..\..\..\Engine\Content\Internationalization\icudt53l\root.res" 68
"C:/Users/ALorente/AppData/Local/UnrealEngine/4.8/Saved/Config/Windows/Manifest.ini" 69
"../../../Engine/Config/Base.ini" 70
"../../../Engine/Config/BaseEngine.ini" 71
"D:/Workspace/Code/BitBucket/CoinRun/Config/DefaultEngine.ini" 72
"../../../Engine/Config/Windows/WindowsEngine.ini" 73
"C:/Users/ALorente/AppData/Local/Unreal Engine/Engine/Config/UserEngine.ini" 74
"D:/Workspace/Code/BitBucket/CoinRun/Saved/Config/Windows/Engine.ini" 75
"D:/Workspace/Code/BitBucket/CoinRun/Intermediate/Config/CoalescedSourceConfigs/Engine.ini" 76
"../../../Engine/Config/BaseGame.ini" 77
"D:/Workspace/Code/BitBucket/CoinRun/Config/DefaultGame.ini" 78
"D:/Workspace/Code/BitBucket/CoinRun/Saved/Config/Windows/Game.ini" 79
"D:/Workspace/Code/BitBucket/CoinRun/Intermediate/Config/CoalescedSourceConfigs/Game.ini" 80
"../../../Engine/Config/BaseInput.ini" 81
"D:/Workspace/Code/BitBucket/CoinRun/Config/DefaultInput.ini" 82
"D:/Workspace/Code/BitBucket/CoinRun/Saved/Config/Windows/Input.ini" 83
"D:/Workspace/Code/BitBucket/CoinRun/Intermediate/Config/CoalescedSourceConfigs/Input.ini" 84
"../../../Engine/Config/BaseEditor.ini" 85
"D:/Workspace/Code/BitBucket/CoinRun/Config/DefaultEditor.ini" 86
"D:/Workspace/Code/BitBucket/CoinRun/Saved/Config/Windows/Editor.ini" 87
"D:/Workspace/Code/BitBucket/CoinRun/Intermediate/Config/CoalescedSourceConfigs/Editor.ini" 88
"../../../Engine/Config/BaseEditorPerProjectUserSettings.ini" 89
"D:/Workspace/Code/BitBucket/CoinRun/Saved/Config/Windows/EditorPerProjectUserSettings.ini" 90
"D:/Workspace/Code/BitBucket/CoinRun/Intermediate/Config/CoalescedSourceConfigs/EditorPerProjectUserSettings.ini" 91
"../../../Engine/Config/BaseEditorSettings.ini" 92
"C:/Users/ALorente/AppData/Local/UnrealEngine/4.8/Saved/Config/Windows/EditorSettings.ini" 93
"D:/Workspace/Code/BitBucket/CoinRun/Intermediate/Config/CoalescedSourceConfigs/EditorSettings.ini" 94
"../../../Engine/Config/BaseEditorLayout.ini" 95
"C:/Users/ALorente/AppData/Local/UnrealEngine/4.8/Saved/Config/Windows/EditorLayout.ini" 96
"D:/Workspace/Code/BitBucket/CoinRun/Intermediate/Config/CoalescedSourceConfigs/EditorLayout.ini" 97
"../../../Engine/Config/BaseEditorKeyBindings.ini" 98
"C:/Users/ALorente/AppData/Local/UnrealEngine/4.8/Saved/Config/Windows/EditorKeyBindings.ini" 99
"D:/Workspace/Code/BitBucket/CoinRun/Intermediate/Config/CoalescedSourceConfigs/EditorKeyBindings.ini" 100
"../../../Engine/Config/BaseCompat.ini" 101
"D:/Workspace/Code/BitBucket/CoinRun/Saved/Config/Windows/Compat.ini" 102
"D:/Workspace/Code/BitBucket/CoinRun/Intermediate/Config/CoalescedSourceConfigs/Compat.ini" 103
"../../../Engine/Config/BaseLightmass.ini" 104
"D:/Workspace/Code/BitBucket/CoinRun/Saved/Config/Windows/Lightmass.ini" 105
"D:/Workspace/Code/BitBucket/CoinRun/Intermediate/Config/CoalescedSourceConfigs/Lightmass.ini" 106
"../../../Engine/Config/BaseScalability.ini" 107
"D:/Workspace/Code/BitBucket/CoinRun/Saved/Config/Windows/Scalability.ini" 108
"D:/Workspace/Code/BitBucket/CoinRun/Intermediate/Config/CoalescedSourceConfigs/Scalability.ini" 109
"D:/Workspace/Code/BitBucket/CoinRun/Saved/Config/Windows/GameUserSettings.ini" 110
"D:/Workspace/Code/BitBucket/CoinRun/Intermediate/Config/CoalescedSourceConfigs/GameUserSettings.ini" 111
"../../../Engine/Config/BaseDeviceProfiles.ini" 112
"D:/Workspace/Code/BitBucket/CoinRun/Saved/Config/Windows/DeviceProfiles.ini" 113
"D:/Workspace/Code/BitBucket/CoinRun/Intermediate/Config/CoalescedSourceConfigs/DeviceProfiles.ini" 114
"../../../Engine/Config/ConsoleVariables.ini" 115
"..\..\..\Engine\Content\Internationalization\icudt53l\es.res" 116
"..\..\..\Engine\Content\Internationalization\icudt53l\ja.res" 117
"..\..\..\Engine\Content\Internationalization\icudt53l\ko.res" 118
"..\..\..\Engine\Content\Internationalization\icudt53l\pt_BR.res" 119
"..\..\..\Engine\Content\Internationalization\icudt53l\pt.res" 120
"..\..\..\Engine\Content\Internationalization\icudt53l\zh_CN.res" 121
"..\..\..\Engine\Content\Internationalization\icudt53l\zh_Hans_CN.res" 122
"..\..\..\Engine\Content\Internationalization\icudt53l\zh_Hans.res" 123
"..\..\..\Engine\Content\Internationalization\icudt53l\zh.res" 124
"C:/Program Files/Epic Games/4.8/Engine/Content/Localization/Editor/en/Editor.locres" 125
"C:/Program Files/Epic Games/4.8/Engine/Content/Localization/EditorTutorials/en/EditorTutorials.locres" 126
"C:/Program Files/Epic Games/4.8/Engine/Content/Localization/Keywords/en/Keywords.locres" 127
"C:/Program Files/Epic Games/4.8/Engine/Content/Localization/ToolTips/en/ToolTips.locres" 128
"C:/Program Files/Epic Games/4.8/Engine/Content/Localization/PropertyNames/en/PropertyNames.locres" 129
"C:/Program Files/Epic Games/4.8/Engine/Content/Localization/Engine/en/Engine.locres" 130
"../../../Engine/Content/Slate/Fonts/Roboto-Regular.ttf" 131
"../../../Engine/Content/Slate/Fonts/DroidSansMono.ttf" 132
"../../../Engine/Content/Slate/Fonts/Roboto-Bold.ttf" 133
"../../../Engine/Content/Slate/Fonts/Roboto-Light.ttf" 134
"C:/Program Files/Epic Games/4.8/Engine/Binaries/Win64/../../../Engine/Shaders/ParticleSpriteVertexFactory.usf" 135
"C:/Program Files/Epic Games/4.8/Engine/Binaries/Win64/../../../Engine/Shaders/VertexFactoryCommon.usf" 136
"C:/Program Files/Epic Games/4.8/Engine/Binaries/Win64/../../../Engine/Shaders/Common.usf" 137
"C:/Program Files/Epic Games/4.8/Engine/Binaries/Win64/../../../Engine/Shaders/MetalCommon.usf" 138
"C:/Program Files/Epic Games/4.8/Engine/Binaries/Win64/../../../Engine/Shaders/ShaderVersion.usf" 139
"C:/Program Files/Epic Games/4.8/Engine/Binaries/Win64/../../../Engine/Shaders/Definitions.usf" 140
"C:/Program Files/Epic Games/4.8/Engine/Binaries/Win64/../../../Engine/Shaders/Random.usf" 141
"C:/Program Files/Epic Games/4.8/Engine/Binaries/Win64/../../../Engine/Shaders/ParticleVertexFactoryCommon.usf" 142
"C:/Program Files/Epic Games/4.8/Engine/Binaries/Win64/../../../Engine/Shaders/ParticleGPUSpriteVertexFactory.usf" 143
"C:/Program Files/Epic Games/4.8/Engine/Binaries/Win64/../../../Engine/Shaders/ParticleBeamTrailVertexFactory.usf" 144
"C:/Program Files/Epic Games/4.8/Engine/Binaries/Win64/../../../Engine/Shaders/LocalVertexFactory.usf" 145
"C:/Program Files/Epic Games/4.8/Engine/Binaries/Win64/../../../Engine/Shaders/LocalVertexFactoryCommon.usf" 146
"C:/Program Files/Epic Games/4.8/Engine/Binaries/Win64/../../../Engine/Shaders/VectorFieldVisualizationVertexFactory.usf" 147
"C:/Program Files/Epic Games/4.8/Engine/Binaries/Win64/../../../Engine/Shaders/MeshParticleVertexFactory.usf" 148
"C:/Program Files/Epic Games/4.8/Engine/Binaries/Win64/../../../Engine/Shaders/GpuSkinVertexFactory.usf" 149
"C:/Program Files/Epic Games/4.8/Engine/Binaries/Win64/../../../Engine/Shaders/GpuSkinCacheCommon.usf" 150
"C:/Program Files/Epic Games/4.8/Engine/Binaries/Win64/../../../Engine/Shaders/LandscapeVertexFactory.usf" 151
"C:/Program Files/Epic Games/4.8/Engine/Binaries/Win64/../../../Engine/Shaders/SlateElementPixelShader.usf" 152
"C:/Program Files/Epic Games/4.8/Engine/Binaries/Win64/../../../Engine/Shaders/GammaCorrectionCommon.usf" 153
"C:/Program Files/Epic Games/4.8/Engine/Binaries/Win64/../../../Engine/Shaders/MaterialTemplate.usf" 154
"C:/Program Files/Epic Games/4.8/Engine/Binaries/Win64/../../../Engine/Shaders/DepthOfFieldCommon.usf" 155
"C:/Program Files/Epic Games/4.8/Engine/Binaries/Win64/../../../Engine/Shaders/SpeedTreeCommon.usf" 156
"C:/Program Files/Epic Games/4.8/Engine/Binaries/Win64/../../../Engine/Shaders/AtmosphereCommon.usf" 157
"C:/Program Files/Epic Games/4.8/Engine/Binaries/Win64/../../../Engine/Shaders/EyeAdaptationCommon.usf" 158
"C:/Program Files/Epic Games/4.8/Engine/Binaries/Win64/../../../Engine/Shaders/PostProcessCommon.usf" 159
"C:/Program Files/Epic Games/4.8/Engine/Binaries/Win64/../../../Engine/Shaders/DeferredShadingCommon.usf" 160
"C:/Program Files/Epic Games/4.8/Engine/Binaries/Win64/../../../Engine/Shaders/LightAccumulator.usf" 161
"C:/Program Files/Epic Games/4.8/Engine/Binaries/Win64/../../../Engine/Shaders/SlateVertexShader.usf" 162
"C:/Program Files/Epic Games/4.8/Engine/Binaries/Win64/../../../Engine/Shaders/ParticleSortKeyGen.usf" 163
"C:/Program Files/Epic Games/4.8/Engine/Binaries/Win64/../../../Engine/Shaders/ParticleBoundsShader.usf" 164
"C:/Program Files/Epic Games/4.8/Engine/Binaries/Win64/../../../Engine/Shaders/ParticleSimVisualizeShader.usf" 165
"C:/Program Files/Epic Games/4.8/Engine/Binaries/Win64/../../../Engine/Shaders/ParticleInjectionShader.usf" 166
"C:/Program Files/Epic Games/4.8/Engine/Binaries/Win64/../../../Engine/Shaders/ParticleSimulationShader.usf" 167
"C:/Program Files/Epic Games/4.8/Engine/Binaries/Win64/../../../Engine/Shaders/ParticleCurveInjectionShader.usf" 168
"C:/Program Files/Epic Games/4.8/Engine/Binaries/Win64/../../../Engine/Shaders/VectorFieldCompositeShaders.usf" 169
"C:/Program Files/Epic Games/4.8/Engine/Binaries/Win64/../../../Engine/Shaders/UpdateTextureShaders.usf" 170
"C:/Program Files/Epic Games/4.8/Engine/Binaries/Win64/../../../Engine/Shaders/SimpleElementColorChannelMaskPixelShader.usf" 171
"C:/Program Files/Epic Games/4.8/Engine/Binaries/Win64/../../../Engine/Shaders/SimpleElementHitProxyPixelShader.usf" 172
"C:/Program Files/Epic Games/4.8/Engine/Binaries/Win64/../../../Engine/Shaders/SimpleElementPixelShader.usf" 173
"C:/Program Files/Epic Games/4.8/Engine/Binaries/Win64/../../../Engine/Shaders/ColorUtils.usf" 174
"C:/Program Files/Epic Games/4.8/Engine/Binaries/Win64/../../../Engine/Shaders/IESLightProfilesCommon.usf" 175
"C:/Program Files/Epic Games/4.8/Engine/Binaries/Win64/../../../Engine/Shaders/SimpleElementVertexShader.usf" 176
"C:/Program Files/Epic Games/4.8/Engine/Binaries/Win64/../../../Engine/Shaders/ScreenVertexShader.usf" 177
"C:/Program Files/Epic Games/4.8/Engine/Binaries/Win64/../../../Engine/Shaders/ScreenPixelShader.usf" 178
"C:/Program Files/Epic Games/4.8/Engine/Binaries/Win64/../../../Engine/Shaders/RadixSortShaders.usf" 179
"C:/Program Files/Epic Games/4.8/Engine/Binaries/Win64/../../../Engine/Shaders/GpuSkinCacheComputeShader.usf" 180
"C:/Program Files/Epic Games/4.8/Engine/Binaries/Win64/../../../Engine/Shaders/NullPixelShader.usf" 181
"C:/Program Files/Epic Games/4.8/Engine/Binaries/Win64/../../../Engine/Shaders/LandscapeGrassWeight.usf" 182
"C:/Program Files/Epic Games/4.8/Engine/Binaries/Win64/../../../Engine/Shaders/SimpleElementTexture2DPreviewPixelShader.usf" 183
"C:/Program Files/Epic Games/4.8/Engine/Binaries/Win64/../../../Engine/Shaders/SimpleElementNormalMapPixelShader.usf" 184
"C:/Program Files/Epic Games/4.8/Engine/Binaries/Win64/../../../Engine/Shaders/meshpaintdilatepixelshader.usf" 185
"C:/Program Files/Epic Games/4.8/Engine/Binaries/Win64/../../../Engine/Shaders/meshpaintdilatevertexshader.usf" 186
"C:/Program Files/Epic Games/4.8/Engine/Binaries/Win64/../../../Engine/Shaders/MeshPaintPixelShader.usf" 187
"C:/Program Files/Epic Games/4.8/Engine/Binaries/Win64/../../../Engine/Shaders/MeshPaintVertexShader.usf" 188
"C:/Program Files/Epic Games/4.8/Engine/Binaries/Win64/../../../Engine/Shaders/VisualizeTexture.usf" 189
"C:/Program Files/Epic Games/4.8/Engine/Binaries/Win64/../../../Engine/Shaders/ScreenSpaceReflections.usf" 190
"C:/Program Files/Epic Games/4.8/Engine/Binaries/Win64/../../../Engine/Shaders/BRDF.usf" 191
"C:/Program Files/Epic Games/4.8/Engine/Binaries/Win64/../../../Engine/Shaders/MonteCarlo.usf" 192
"C:/Program Files/Epic Games/4.8/Engine/Binaries/Win64/../../../Engine/Shaders/ScreenSpaceRayCast.usf" 193
"C:/Program Files/Epic Games/4.8/Engine/Binaries/Win64/../../../Engine/Shaders/FilterVertexShader.usf" 194
"C:/Program Files/Epic Games/4.8/Engine/Binaries/Win64/../../../Engine/Shaders/FilterPixelShader.usf" 195
"C:/Program Files/Epic Games/4.8/Engine/Binaries/Win64/../../../Engine/Shaders/PostProcessVisualizeHDR.usf" 196
"C:/Program Files/Epic Games/4.8/Engine/Binaries/Win64/../../../Engine/Shaders/PostProcessHistogramCommon.usf" 197
"C:/Program Files/Epic Games/4.8/Engine/Binaries/Win64/../../../Engine/Shaders/TonemapCommon.usf" 198
"C:/Program Files/Epic Games/4.8/Engine/Binaries/Win64/../../../Engine/Shaders/ACES.usf" 199
"C:/Program Files/Epic Games/4.8/Engine/Binaries/Win64/../../../Engine/Shaders/MiniFontCommon.usf" 200
"C:/Program Files/Epic Games/4.8/Engine/Binaries/Win64/../../../Engine/Shaders/PostProcessVisualizeBuffer.usf" 201
"C:/Program Files/Epic Games/4.8/Engine/Binaries/Win64/../../../Engine/Shaders/PostProcessUpscale.usf" 202
"C:/Program Files/Epic Games/4.8/Engine/Binaries/Win64/../../../Engine/Shaders/PostProcessTonemap.usf" 203
"C:/Program Files/Epic Games/4.8/Engine/Binaries/Win64/../../../Engine/Shaders/PostProcessTestImage.usf" 204
"C:/Program Files/Epic Games/4.8/Engine/Binaries/Win64/../../../Engine/Shaders/PostProcessTemporalAA.usf" 205
"C:/Program Files/Epic Games/4.8/Engine/Binaries/Win64/../../../Engine/Shaders/PostProcessTemporalCommon.usf" 206
"C:/Program Files/Epic Games/4.8/Engine/Binaries/Win64/../../../Engine/Shaders/PostProcessSubsurface.usf" 207
"C:/Program Files/Epic Games/4.8/Engine/Binaries/Win64/../../../Engine/Shaders/SeparableSSS.usf" 208
"C:/Program Files/Epic Games/4.8/Engine/Binaries/Win64/../../../Engine/Shaders/PostProcessSelectionOutline.usf" 209
"C:/Program Files/Epic Games/4.8/Engine/Binaries/Win64/../../../Engine/Shaders/PostProcessSceneColorFringe.usf" 210
"C:/Program Files/Epic Games/4.8/Engine/Binaries/Win64/../../../Engine/Shaders/PostProcessNoiseBlur.usf" 211
"C:/Program Files/Epic Games/4.8/Engine/Binaries/Win64/../../../Engine/Shaders/PostProcessMotionBlur.usf" 212
"C:/Program Files/Epic Games/4.8/Engine/Binaries/Win64/../../../Engine/Shaders/PostProcessVelocityFlatten.usf" 213
"C:/Program Files/Epic Games/4.8/Engine/Binaries/Win64/../../../Engine/Shaders/MorpheusInclude.usf" 214
"C:/Program Files/Epic Games/4.8/Engine/Binaries/Win64/../../../Engine/Shaders/PostProcessMobile.usf" 215
"C:/Program Files/Epic Games/4.8/Engine/Binaries/Win64/../../../Engine/Shaders/PostProcessMaterialShaders.usf" 216
"C:/Program Files/Epic Games/4.8/Engine/Binaries/Win64/../../../Engine/Shaders/PostProcessLensFlares.usf" 217
"C:/Program Files/Epic Games/4.8/Engine/Binaries/Win64/../../../Engine/Shaders/PostProcessLensBlur.usf" 218
"C:/Program Files/Epic Games/4.8/Engine/Binaries/Win64/../../../Engine/Shaders/PostProcessBloom.usf" 219
"C:/Program Files/Epic Games/4.8/Engine/Binaries/Win64/../../../Engine/Shaders/PostProcessHMD.usf" 220
"C:/Program Files/Epic Games/4.8/Engine/Binaries/Win64/../../../Engine/Shaders/PostProcessHistogramReduce.usf" 221
"C:/Program Files/Epic Games/4.8/Engine/Binaries/Win64/../../../Engine/Shaders/PostProcessHistogram.usf" 222
"C:/Program Files/Epic Games/4.8/Engine/Binaries/Win64/../../../Engine/Shaders/PostProcessGBufferHints.usf" 223
"C:/Program Files/Epic Games/4.8/Engine/Binaries/Win64/../../../Engine/Shaders/PostProcessEyeAdaptation.usf" 224
"C:/Program Files/Epic Games/4.8/Engine/Binaries/Win64/../../../Engine/Shaders/PostProcessDownsample.usf" 225
"C:/Program Files/Epic Games/4.8/Engine/Binaries/Win64/../../../Engine/Shaders/PostProcessDOF.usf" 226
"C:/Program Files/Epic Games/4.8/Engine/Binaries/Win64/../../../Engine/Shaders/PostProcessCompositeEditorPrimitives.usf" 227
"C:/Program Files/Epic Games/4.8/Engine/Binaries/Win64/../../../Engine/Shaders/PostProcessCombineLUTs.usf" 228
"C:/Program Files/Epic Games/4.8/Engine/Binaries/Win64/../../../Engine/Shaders/PostProcessBusyWait.usf" 229
"C:/Program Files/Epic Games/4.8/Engine/Binaries/Win64/../../../Engine/Shaders/PostProcessBokehDOF.usf" 230
"C:/Program Files/Epic Games/4.8/Engine/Binaries/Win64/../../../Engine/Shaders/FXAAShader.usf" 231
"C:/Program Files/Epic Games/4.8/Engine/Binaries/Win64/../../../Engine/Shaders/Fxaa3_11.usf" 232
"C:/Program Files/Epic Games/4.8/Engine/Binaries/Win64/../../../Engine/Shaders/PostProcessPassThrough.usf" 233
"C:/Program Files/Epic Games/4.8/Engine/Binaries/Win64/../../../Engine/Shaders/PostProcessLpvIndirect.usf" 234
"C:/Program Files/Epic Games/4.8/Engine/Binaries/Win64/../../../Engine/Shaders/DeferredLightingCommon.usf" 235
"C:/Program Files/Epic Games/4.8/Engine/Binaries/Win64/../../../Engine/Shaders/DynamicLightingCommon.usf" 236
"C:/Program Files/Epic Games/4.8/Engine/Binaries/Win64/../../../Engine/Shaders/LPVFinalPass.usf" 237
"C:/Program Files/Epic Games/4.8/Engine/Binaries/Win64/../../../Engine/Shaders/LPVCommon.usf" 238
"C:/Program Files/Epic Games/4.8/Engine/Binaries/Win64/../../../Engine/Shaders/DeferredDecal.usf" 239
"C:/Program Files/Epic Games/4.8/Engine/Binaries/Win64/../../../Engine/Shaders/PostProcessAmbientOcclusion.usf" 240
"C:/Program Files/Epic Games/4.8/Engine/Binaries/Win64/../../../Engine/Shaders/PostProcessAmbient.usf" 241
"C:/Program Files/Epic Games/4.8/Engine/Binaries/Win64/../../../Engine/Shaders/CubemapCommon.usf" 242
"C:/Program Files/Epic Games/4.8/Engine/Binaries/Win64/../../../Engine/Shaders/VelocityShader.usf" 243
"C:/Program Files/Epic Games/4.8/Engine/Binaries/Win64/../../../Engine/Shaders/VelocityCommon.usf" 244
"C:/Program Files/Epic Games/4.8/Engine/Binaries/Win64/../../../Engine/Shaders/Tessellation.usf" 245
"C:/Program Files/Epic Games/4.8/Engine/Binaries/Win64/../../../Engine/Shaders/FlatTessellation.usf" 246
"C:/Program Files/Epic Games/4.8/Engine/Binaries/Win64/../../../Engine/Shaders/PNTriangles.usf" 247
"C:/Program Files/Epic Games/4.8/Engine/Binaries/Win64/../../../Engine/Shaders/TranslucentLightingShaders.usf" 248
"C:/Program Files/Epic Games/4.8/Engine/Binaries/Win64/../../../Engine/Shaders/SHCommon.usf" 249
"C:/Program Files/Epic Games/4.8/Engine/Binaries/Win64/../../../Engine/Shaders/ShadowProjectionCommon.usf" 250
"C:/Program Files/Epic Games/4.8/Engine/Binaries/Win64/../../../Engine/Shaders/TranslucentLightInjectionShaders.usf" 251
"C:/Program Files/Epic Games/4.8/Engine/Binaries/Win64/../../../Engine/Shaders/LightFunctionCommon.usf" 252
"C:/Program Files/Epic Games/4.8/Engine/Binaries/Win64/../../../Engine/Shaders/TranslucentShadowDepthShaders.usf" 253
"C:/Program Files/Epic Games/4.8/Engine/Binaries/Win64/../../../Engine/Shaders/ShadowDepthCommon.usf" 254
"C:/Program Files/Epic Games/4.8/Engine/Binaries/Win64/../../../Engine/Shaders/TiledDeferredLightShaders.usf" 255
"C:/Program Files/Epic Games/4.8/Engine/Binaries/Win64/../../../Engine/Shaders/SurfelTree.usf" 256
"C:/Program Files/Epic Games/4.8/Engine/Binaries/Win64/../../../Engine/Shaders/DistanceFieldLightingShared.usf" 257
"C:/Program Files/Epic Games/4.8/Engine/Binaries/Win64/../../../Engine/Shaders/SurfelMaterialShared.usf" 258
"C:/Program Files/Epic Games/4.8/Engine/Binaries/Win64/../../../Engine/Shaders/DistanceFieldAOShared.usf" 259
"C:/Program Files/Epic Games/4.8/Engine/Binaries/Win64/../../../Engine/Shaders/ShadowProjectionPixelShader.usf" 260
"C:/Program Files/Epic Games/4.8/Engine/Binaries/Win64/../../../Engine/Shaders/ShadowFilteringCommon.usf" 261
"C:/Program Files/Epic Games/4.8/Engine/Binaries/Win64/../../../Engine/Shaders/ShadowProjectionVertexShader.usf" 262
"C:/Program Files/Epic Games/4.8/Engine/Binaries/Win64/../../../Engine/Shaders/ShadowDepthPixelShader.usf" 263
"C:/Program Files/Epic Games/4.8/Engine/Binaries/Win64/../../../Engine/Shaders/LPVWriteVplCommon.usf" 264
"C:/Program Files/Epic Games/4.8/Engine/Binaries/Win64/../../../Engine/Shaders/LPVWriteCommon.usf" 265
"C:/Program Files/Epic Games/4.8/Engine/Binaries/Win64/../../../Engine/Shaders/ShadowDepthVertexShader.usf" 266
"C:/Program Files/Epic Games/4.8/Engine/Binaries/Win64/../../../Engine/Shaders/ShaderComplexityApplyPixelShader.usf" 267
"C:/Program Files/Epic Games/4.8/Engine/Binaries/Win64/../../../Engine/Shaders/ShaderComplexityApplyVertexShader.usf" 268
"C:/Program Files/Epic Games/4.8/Engine/Binaries/Win64/../../../Engine/Shaders/ShaderComplexityAccumulatePixelShader.usf" 269
"C:/Program Files/Epic Games/4.8/Engine/Binaries/Win64/../../../Engine/Shaders/HZBOcclusion.usf" 270
"C:/Program Files/Epic Games/4.8/Engine/Binaries/Win64/../../../Engine/Shaders/OcclusionQueryVertexShader.usf" 271
"C:/Program Files/Epic Games/4.8/Engine/Binaries/Win64/../../../Engine/Shaders/HitProxyPixelShader.usf" 272
"C:/Program Files/Epic Games/4.8/Engine/Binaries/Win64/../../../Engine/Shaders/HitProxyVertexShader.usf" 273
"C:/Program Files/Epic Games/4.8/Engine/Binaries/Win64/../../../Engine/Shaders/ReflectionEnvironmentShaders.usf" 274
"C:/Program Files/Epic Games/4.8/Engine/Binaries/Win64/../../../Engine/Shaders/ReflectionEnvironmentShared.usf" 275
"C:/Program Files/Epic Games/4.8/Engine/Binaries/Win64/../../../Engine/Shaders/SkyLightingShared.usf" 276
"C:/Program Files/Epic Games/4.8/Engine/Binaries/Win64/../../../Engine/Shaders/ReflectionEnvironmentComputeShaders.usf" 277
"C:/Program Files/Epic Games/4.8/Engine/Binaries/Win64/../../../Engine/Shaders/LightShaftShader.usf" 278
"C:/Program Files/Epic Games/4.8/Engine/Binaries/Win64/../../../Engine/Shaders/StationaryLightOverlapShaders.usf" 279
"C:/Program Files/Epic Games/4.8/Engine/Binaries/Win64/../../../Engine/Shaders/DeferredLightPixelShaders.usf" 280
"C:/Program Files/Epic Games/4.8/Engine/Binaries/Win64/../../../Engine/Shaders/DeferredLightVertexShaders.usf" 281
"C:/Program Files/Epic Games/4.8/Engine/Binaries/Win64/../../../Engine/Shaders/LPVVisualise.usf" 282
"C:/Program Files/Epic Games/4.8/Engine/Binaries/Win64/../../../Engine/Shaders/LPVGeometryVolumeCommon.usf" 283
"C:/Program Files/Epic Games/4.8/Engine/Binaries/Win64/../../../Engine/Shaders/LPVDirectLightInject.usf" 284
"C:/Program Files/Epic Games/4.8/Engine/Binaries/Win64/../../../Engine/Shaders/LPVPropagate.usf" 285
"C:/Program Files/Epic Games/4.8/Engine/Binaries/Win64/../../../Engine/Shaders/LPVBuildGeometryVolume.usf" 286
"C:/Program Files/Epic Games/4.8/Engine/Binaries/Win64/../../../Engine/Shaders/LPVInject_AccumulateVplLists.usf" 287
"C:/Program Files/Epic Games/4.8/Engine/Binaries/Win64/../../../Engine/Shaders/LPVInject_GenerateVplLists.usf" 288
"C:/Program Files/Epic Games/4.8/Engine/Binaries/Win64/../../../Engine/Shaders/LPVClearLists.usf" 289
"C:/Program Files/Epic Games/4.8/Engine/Binaries/Win64/../../../Engine/Shaders/LPVClear.usf" 290
"C:/Program Files/Epic Games/4.8/Engine/Binaries/Win64/../../../Engine/Shaders/LightMapDensityShader.usf" 291
"C:/Program Files/Epic Games/4.8/Engine/Binaries/Win64/../../../Engine/Shaders/LightFunctionPixelShader.usf" 292
"C:/Program Files/Epic Games/4.8/Engine/Binaries/Win64/../../../Engine/Shaders/LightFunctionVertexShader.usf" 293
"C:/Program Files/Epic Games/4.8/Engine/Binaries/Win64/../../../Engine/Shaders/HeightfieldLighting.usf" 294
"C:/Program Files/Epic Games/4.8/Engine/Binaries/Win64/../../../Engine/Shaders/DistanceFieldShadowingShared.usf" 295
"C:/Program Files/Epic Games/4.8/Engine/Binaries/Win64/../../../Engine/Shaders/HdrCustomResolveShaders.usf" 296
"C:/Program Files/Epic Games/4.8/Engine/Binaries/Win64/../../../Engine/Shaders/GPUBenchmark.usf" 297
"C:/Program Files/Epic Games/4.8/Engine/Binaries/Win64/../../../Engine/Shaders/GammaCorrection.usf" 298
"C:/Program Files/Epic Games/4.8/Engine/Binaries/Win64/../../../Engine/Shaders/BasePassForForwardShadingPixelShader.usf" 299
"C:/Program Files/Epic Games/4.8/Engine/Binaries/Win64/../../../Engine/Shaders/BasePassForForwardShadingCommon.usf" 300
"C:/Program Files/Epic Games/4.8/Engine/Binaries/Win64/../../../Engine/Shaders/LightmapCommon.usf" 301
"C:/Program Files/Epic Games/4.8/Engine/Binaries/Win64/../../../Engine/Shaders/BasePassForForwardShadingVertexShader.usf" 302
"C:/Program Files/Epic Games/4.8/Engine/Binaries/Win64/../../../Engine/Shaders/HeightFogCommon.usf" 303
"C:/Program Files/Epic Games/4.8/Engine/Binaries/Win64/../../../Engine/Shaders/HeightFogPixelShader.usf" 304
"C:/Program Files/Epic Games/4.8/Engine/Binaries/Win64/../../../Engine/Shaders/HeightFogVertexShader.usf" 305
"C:/Program Files/Epic Games/4.8/Engine/Binaries/Win64/../../../Engine/Shaders/DistortAccumulatePS.usf" 306
"C:/Program Files/Epic Games/4.8/Engine/Binaries/Win64/../../../Engine/Shaders/DistortAccumulateVS.usf" 307
"C:/Program Files/Epic Games/4.8/Engine/Binaries/Win64/../../../Engine/Shaders/DistortApplyScreenPS.usf" 308
"C:/Program Files/Epic Games/4.8/Engine/Binaries/Win64/../../../Engine/Shaders/DistanceFieldSurfaceCacheLighting.usf" 309
"C:/Program Files/Epic Games/4.8/Engine/Binaries/Win64/../../../Engine/Shaders/SkyLighting.usf" 310
"C:/Program Files/Epic Games/4.8/Engine/Binaries/Win64/../../../Engine/Shaders/DistanceFieldGlobalIllumination.usf" 311
"C:/Program Files/Epic Games/4.8/Engine/Binaries/Win64/../../../Engine/Shaders/DistanceFieldLightingPost.usf" 312
"C:/Program Files/Epic Games/4.8/Engine/Binaries/Win64/../../../Engine/Shaders/DistanceFieldSurfaceCacheLightingCompute.usf" 313
"C:/Program Files/Epic Games/4.8/Engine/Binaries/Win64/../../../Engine/Shaders/DistanceFieldShadowing.usf" 314
"C:/Program Files/Epic Games/4.8/Engine/Binaries/Win64/../../../Engine/Shaders/DepthOnlyPixelShader.usf" 315
"C:/Program Files/Epic Games/4.8/Engine/Binaries/Win64/../../../Engine/Shaders/DepthOnlyVertexShader.usf" 316
"C:/Program Files/Epic Games/4.8/Engine/Binaries/Win64/../../../Engine/Shaders/PositionOnlyDepthVertexShader.usf" 317
"C:/Program Files/Epic Games/4.8/Engine/Binaries/Win64/../../../Engine/Shaders/DownsampleDepthPixelShader.usf" 318
"C:/Program Files/Epic Games/4.8/Engine/Binaries/Win64/../../../Engine/Shaders/EvaluateSurfelMaterial.usf" 319
"C:/Program Files/Epic Games/4.8/Engine/Binaries/Win64/../../../Engine/Shaders/ConvertToUniformMesh.usf" 320
"C:/Program Files/Epic Games/4.8/Engine/Binaries/Win64/../../../Engine/Shaders/BasePassPixelShader.usf" 321
"C:/Program Files/Epic Games/4.8/Engine/Binaries/Win64/../../../Engine/Shaders/BasePassCommon.usf" 322
"C:/Program Files/Epic Games/4.8/Engine/Binaries/Win64/../../../Engine/Shaders/ForEachLight.usf" 323
"C:/Program Files/Epic Games/4.8/Engine/Binaries/Win64/../../../Engine/Shaders/BasePassVertexShader.usf" 324
"C:/Program Files/Epic Games/4.8/Engine/Binaries/Win64/../../../Engine/Shaders/BasePassVertexCommon.usf" 325
"C:/Program Files/Epic Games/4.8/Engine/Binaries/Win64/../../../Engine/Shaders/BasePassTessellationShaders.usf" 326
"C:/Program Files/Epic Games/4.8/Engine/Binaries/Win64/../../../Engine/Shaders/AtmospherePrecompute.usf" 327
"C:/Program Files/Epic Games/4.8/Engine/Binaries/Win64/../../../Engine/Shaders/AtmospherePrecomputeCommon.usf" 328
"C:/Program Files/Epic Games/4.8/Engine/Binaries/Win64/../../../Engine/Shaders/AtmospherePrecomputeInscatter.usf" 329
"C:/Program Files/Epic Games/4.8/Engine/Binaries/Win64/../../../Engine/Shaders/AtmosphericFogShader.usf" 330
"C:/Program Files/Epic Games/4.8/Engine/Binaries/Win64/../../../Engine/Shaders/ResolveVertexShader.usf" 331
"C:/Program Files/Epic Games/4.8/Engine/Binaries/Win64/../../../Engine/Shaders/ResolvePixelShader.usf" 332
"C:/Program Files/Epic Games/4.8/Engine/Binaries/Win64/../../../Engine/Shaders/OneColorShader.usf" 333
"C:/Program Files/Epic Games/4.8/Engine/Binaries/Win64/../../../Engine/Shaders/ClearReplacementShaders.usf" 334
"../../../Engine/Config/Android/AndroidEngine.ini" 335
"../../../Engine/Config/HTML5/HTML5Engine.ini" 336
"../../../Engine/Config/IOS/IOSEngine.ini" 337
"../../../Engine/Config/Linux/LinuxEngine.ini" 338
"C:/Users/ALorente/AppData/Local/UnrealEngine/4.8/DerivedDataCache/Boot.ddc" 339
"../../../Engine/DerivedDataCache/Compressed.ddp" 340
"../../../Engine/Content/EditorResources/S_Actor.uasset" 341
"../../../Engine/Content/Maps/Templates/Thumbnails/Default.uasset" 342
"../../../Engine/Content/EditorMaterials/ParticleSystems/PSysThumbnail_NoImage.uasset" 343
"../../../Engine/Content/EditorMaterials/ParticleSystems/PSysThumbnail_OOD.uasset" 344
"../../../Engine/Content/EditorLandscapeResources/DataLayer.uasset" 345
"../../../Engine/Content/EngineFonts/Roboto.uasset" 346
"../../../Engine/Content/EngineMaterials/Widget3DPassThrough_Translucent.uasset" 347
"../../../Engine/Content/EngineMaterials/Widget3DPassThrough.uasset" 348
"../../../Engine/Content/EngineResources/WhiteSquareTexture.uasset" 349
"../../../Engine/Content/Functions/Engine_MaterialFunctions01/Shading/PowerToRoughness.uasset" 350
"../../../Engine/Content/Functions/Engine_MaterialFunctions01/Shading/ConvertFromDiffSpec.uasset" 351
"../../../Engine/Content/EngineMaterials/WorldGridMaterial.uasset" 352
"../../../Engine/Content/Functions/Engine_MaterialFunctions01/Opacity/CameraDepthFade.uasset" 353
"../../../Engine/Content/EngineMaterials/T_Default_Material_Grid_M.uasset" 354
"../../../Engine/Content/EngineMaterials/T_Default_Material_Grid_N.uasset" 355
"../../../Engine/Content/EngineMaterials/DefaultDeferredDecalMaterial.uasset" 356
"../../../Engine/Content/EngineMaterials/DefaultDiffuse.uasset" 357
"../../../Engine/Content/EngineMaterials/DefaultLightFunctionMaterial.uasset" 358
"../../../Engine/Content/EngineMaterials/DefaultPostProcessMaterial.uasset" 359
"../../../Engine/Content/Functions/Engine_MaterialFunctions02/Utility/BreakOutFloat2Components.uasset" 360
"../../../Engine/Content/EngineResources/DefaultTexture.uasset" 361
"../../../Engine/Content/EngineMaterials/Widget3DPassThrough_Translucent_OneSided.uasset" 362
"../../../Engine/Content/EngineMaterials/Widget3DPassThrough_Opaque.uasset" 363
"../../../Engine/Content/EngineMaterials/Widget3DPassThrough_Opaque_OneSided.uasset" 364
"../../../Engine/Content/EngineDamageTypes/DmgTypeBP_Environmental.uasset" 365
"..\..\..\Engine\Content\Internationalization\icudt53l\numberingSystems.res" 366
"..\..\..\Engine\Content\Internationalization\icudt53l\curr\supplementalData.res" 367
"..\..\..\Engine\Content\Internationalization\icudt53l\curr\pool.res" 368
"..\..\..\Engine\Content\Internationalization\icudt53l\curr\en.res" 369
"..\..\..\Engine\Content\Internationalization\icudt53l\curr\root.res" 370
"../../../Engine/Content/EngineMeshes/Sphere.uasset" 371
"../../../Engine/Content/EngineFonts/RobotoDistanceField.uasset" 372
"../../../Engine/Content/EngineMaterials/DefaultTextMaterialOpaque.uasset" 373
"../../../Engine/Content/EditorResources/S_Trigger.uasset" 374
"../../../Engine/Content/EngineResources/GradientTexture0.uasset" 375
"../../../Engine/Content/EngineResources/Black.uasset" 376
"../../../Engine/Content/EditorMaterials/MatineeGroups/MAT_Groups_Float.uasset" 377
"../../../Engine/Content/EditorMaterials/MatineeGroups/MAT_Groups_Director.uasset" 378
"../../../Engine/Content/EditorMaterials/MatineeGroups/MAT_Groups_Event.uasset" 379
"../../../Engine/Content/EditorMaterials/MatineeGroups/MAT_Groups_Anim.uasset" 380
"../../../Engine/Content/EditorMaterials/MatineeGroups/MAT_Groups_Fade.uasset" 381
"../../../Engine/Content/EditorMaterials/MatineeGroups/MAT_Groups_Move.uasset" 382
"../../../Engine/Content/EditorMaterials/MatineeGroups/MAT_Groups_Slomo.uasset" 383
"../../../Engine/Content/EditorMaterials/MatineeGroups/MAT_ColorTrack.uasset" 384
"../../../Engine/Content/EditorMaterials/MAT_Groups_Toggle.uasset" 385
"../../../Engine/Content/EditorMaterials/MatineeGroups/MAT_Groups_AudioMaster.uasset" 386
"../../../Engine/Content/EditorMaterials/MatineeGroups/MAT_Groups_Sound.uasset" 387
"../../../Engine/Content/EditorMaterials/MatineeGroups/MAT_Groups_Vector.uasset" 388
"../../../Engine/Content/EditorMaterials/MAT_Groups_Visibility.uasset" 389
"../../../Engine/Content/EngineResources/DefaultTextureCube.uasset" 390
"../../../Engine/Content/EngineSounds/Master.uasset" 391
"../../../Engine/Content/EngineSounds/Music.uasset" 392
"../../../Engine/Content/EngineSounds/SFX.uasset" 393
"../../../Engine/Content/EngineSounds/Normal_Attack.uasset" 394
"../../../Engine/Content/EngineSounds/Special_Attack_PSM.uasset" 395
"../../../Engine/Content/EngineSounds/Duck_Normal_Attack_MixMod.uasset" 396
"../../../Engine/Content/EngineSounds/Voice.uasset" 397
"../../../Engine/Content/EngineMeshes/Cylinder.uasset" 398
"../../../Engine/Content/EngineMaterials/DefaultMaterial.uasset" 399
"../../../Engine/Content/EngineTireTypes/DefaultTireType.uasset" 400
"../../../Engine/Content/Editor/Slate/Fonts/FontAwesome.ttf" 401
"../../../Engine/Content/Editor/Slate/Fonts/DroidSansMono.ttf" 402
"../../../Engine/Content/Editor/Slate/Fonts/Roboto-BoldCondensed.ttf" 403
"../../../Engine/Content/Editor/Slate/Fonts/Roboto-Black.ttf" 404
"../../../Engine/Content/Editor/Slate/Fonts/Roboto-Italic.ttf" 405
"../../../Engine/Content/Editor/Slate/Fonts/Roboto-BoldCondensedItalic.ttf" 406
"..\..\..\Engine\Content\Internationalization\icudt53l\coll\ucadata.icu" 407
"..\..\..\Engine\Content\Internationalization\icudt53l\nfc.nrm" 408
"..\..\..\Engine\Content\Internationalization\icudt53l\coll\en_US.res" 409
"..\..\..\Engine\Content\Internationalization\icudt53l\coll\en.res" 410
"..\..\..\Engine\Content\Internationalization\icudt53l\coll\root.res" 411
"../../../Engine/Content/EngineResources/AICON-Red.uasset" 412
"../../../Engine/Content/EngineResources/AICON-Green.uasset" 413
"../../../Engine/Plugins/2D/Paper2D/Content/MaskedUnlitSpriteMaterial.uasset" 414
"../../../Engine/Plugins/2D/Paper2D/Content/DefaultSpriteMaterial.uasset" 415
"../../../Engine/Plugins/2D/Paper2D/Content/DummySpriteTexture.uasset" 416
"../../../Engine/Plugins/2D/Paper2D/Content/PlaceholderTextures/DummySpriteTexture.uasset" 417
"../../../Engine/Plugins/2D/Paper2D/Content/OpaqueUnlitSpriteMaterial.uasset" 418
"../../../Engine/Plugins/2D/Paper2D/Content/DefaultPaperTerrainMaterial.uasset" 419
"../../../Engine/Plugins/2D/Paper2D/Content/DummySprite.uasset" 420
"C:/Users/ALorente/AppData/Local/UnrealEngine/4.8/Saved/Config/Windows/SourceControlSettings.ini" 421
"D:/Workspace/Code/BitBucket/CoinRun/Intermediate/Config/CoalescedSourceConfigs/SourceControlSettings.ini" 422
"D:/Workspace/Code/BitBucket/CoinRun/Saved/Config/Windows/SourceControlSettings.ini" 423
"../../../Engine/Plugins/Runtime/LeapMotionController/Content/LM_CapsuleMesh.uasset" 424
"../../../Engine/Plugins/Runtime/LeapMotionController/Content/LM_TorusMesh.uasset" 425
"../../../Engine/Plugins/Runtime/LeapMotionController/Content/LM_HandColor.uasset" 426
"../../../Engine/Content/EngineMaterials/RemoveSurfaceMaterial.uasset" 427
"../../../Engine/Content/EngineDebugMaterials/DebugMeshMaterial.uasset" 428
"../../../Engine/Content/EngineMaterials/M_InvalidLightmapSettings.uasset" 429
"../../../Engine/Content/EngineMaterials/InvalidLightmapSettings.uasset" 430
"../../../Engine/Content/EditorMaterials/GizmoMaterial.uasset" 431
"../../../Engine/Content/EngineMaterials/Good64x64TilingNoiseHighFreq.uasset" 432
"../../../Engine/Content/EngineMaterials/DefaultBokeh.uasset" 433
"../../../Engine/Content/EngineMaterials/PreintegratedSkinBRDF.uasset" 434
"../../../Engine/Content/EngineMaterials/MiniFont.uasset" 435
"../../../Engine/Content/EngineMaterials/WeightMapPlaceholderTexture.uasset" 436
"../../../Engine/Content/EngineMaterials/DefaultWhiteGrid.uasset" 437
"../../../Engine/Content/EngineMaterials/DefaultPhysicalMaterial.uasset" 438
"../../../Engine/Content/EngineFonts/RobotoTiny.uasset" 439
"D:/Workspace/Code/BitBucket/CoinRun/Intermediate/CachedAssetRegistry.bin" 440
"D:/Workspace/Code/BitBucket/CoinRun/Saved/Cooked/WindowsNoEditor/CoinRun/CookedIniVersion.txt" 441
"../../../Engine/Content/MobileResources/HUD/VirtualJoystick_Thumb.uasset" 442
"../../../Engine/Content/EditorResources/BSPVertex.uasset" 443
"../../../Engine/Content/EngineDebugMaterials/WireframeMaterial.uasset" 444
"../../../Engine/Content/EngineDebugMaterials/GeomMaterial.uasset" 445
"../../../Engine/Content/EngineDebugMaterials/LevelColorationLitMaterial.uasset" 446
"../../../Engine/Content/EngineDebugMaterials/LevelColorationUnlitMaterial.uasset" 447
"../../../Engine/Content/EngineDebugMaterials/MAT_LevelColorationLitLightmapUV.uasset" 448
"../../../Engine/Content/EngineDebugMaterials/ShadedLevelColorationLitMaterial.uasset" 449
"../../../Engine/Content/EngineDebugMaterials/ShadedLevelColorationUnlitMateri.uasset" 450
"../../../Engine/Content/EngineDebugMaterials/VertexColorMaterial.uasset" 451
"../../../Engine/Content/EngineDebugMaterials/VertexColorViewMode_ColorOnly.uasset" 452
"../../../Engine/Content/EngineDebugMaterials/VertexColorViewMode_AlphaAsColor.uasset" 453
"../../../Engine/Content/EngineDebugMaterials/VertexColorViewMode_RedOnly.uasset" 454
"../../../Engine/Content/EngineDebugMaterials/VertexColorViewMode_GreenOnly.uasset" 455
"../../../Engine/Content/EngineDebugMaterials/VertexColorViewMode_BlueOnly.uasset" 456
"../../../Engine/Content/EngineDebugMaterials/BoneWeightMaterial.uasset" 457
"../../../Engine/Content/EngineDebugMaterials/HeatmapGradient.uasset" 458
"../../../Engine/Content/EditorMaterials/PhAT_JointLimitMaterial.uasset" 459
"../../../Engine/Content/EditorMaterials/PreviewShadowIndicatorMaterial.uasset" 460
"../../../Engine/Content/EditorMaterials/PreviewShadowIndicator.uasset" 461
"../../../Engine/Content/EngineMaterials/EditorBrushMaterial.uasset" 462
"D:/Workspace/Code/BitBucket/CoinRun/Content/Blueprints/GameElements/GlobalGameInstance.uasset" 463
"D:/Workspace/Code/BitBucket/CoinRun/Content/Blueprints/GameElements/PersistentData.uasset" 464
"D:/Workspace/Code/BitBucket/CoinRun/Content/Blueprints/GameElements/GameData.uasset" 465
"D:/Workspace/Code/BitBucket/CoinRun/Content/Blueprints/GameElements/MainGameMode.uasset" 466
"D:/Workspace/Code/BitBucket/CoinRun/Content/Blueprints/GameElements/MainCharacter.uasset" 467
"../../../Engine/Content/EditorBlueprintResources/StandardMacros.uasset" 468
"D:/Workspace/Code/BitBucket/CoinRun/Content/Blueprints/GameElements/Coin.uasset" 469
"D:/Workspace/Code/BitBucket/CoinRun/Content/Flipbook/Other/Coin.uasset" 470
"D:/Workspace/Code/BitBucket/CoinRun/Content/Sprites/Others/coin_11_Sprite.uasset" 471
"../../../Engine/Plugins/2D/Paper2D/Content/TranslucentUnlitSpriteMaterial.uasset" 472
"D:/Workspace/Code/BitBucket/CoinRun/Content/Textures/Others/coin_11.uasset" 473
"D:/Workspace/Code/BitBucket/CoinRun/Content/Blueprints/GameElements/Enemy.uasset" 474
"D:/Workspace/Code/BitBucket/CoinRun/Content/Flipbook/Characters/Enemy/enemyFall.uasset" 475
"D:/Workspace/Code/BitBucket/CoinRun/Content/Sprites/Characters/Enemy/saw_move_Sprite.uasset" 476
"D:/Workspace/Code/BitBucket/CoinRun/Content/Textures/Characters/Enemy/saw_move.uasset" 477
"D:/Workspace/Code/BitBucket/CoinRun/Content/Sprites/Characters/Enemy/saw_Sprite.uasset" 478
"D:/Workspace/Code/BitBucket/CoinRun/Content/Textures/Characters/Enemy/saw.uasset" 479
"D:/Workspace/Code/BitBucket/CoinRun/Content/Blueprints/GameElements/CharacterState.uasset" 480
"D:/Workspace/Code/BitBucket/CoinRun/Content/Flipbook/Characters/Main/MainCharacterDead.uasset" 481
"D:/Workspace/Code/BitBucket/CoinRun/Content/Sprites/Characters/Main/alienYellow_duck_Sprite.uasset" 482
"D:/Workspace/Code/BitBucket/CoinRun/Content/Textures/Characters/Main/alienYellow_duck.uasset" 483
"D:/Workspace/Code/BitBucket/CoinRun/Content/Flipbook/Characters/Main/MainCharacterIdle.uasset" 484
"D:/Workspace/Code/BitBucket/CoinRun/Content/Sprites/Characters/Main/alienYellow_stand_Sprite.uasset" 485
"D:/Workspace/Code/BitBucket/CoinRun/Content/Textures/Characters/Main/alienYellow_stand.uasset" 486
"D:/Workspace/Code/BitBucket/CoinRun/Content/Flipbook/Characters/Main/MainCharacterJump.uasset" 487
"D:/Workspace/Code/BitBucket/CoinRun/Content/Sprites/Characters/Main/alienYellow_jump_Sprite.uasset" 488
"D:/Workspace/Code/BitBucket/CoinRun/Content/Textures/Characters/Main/alienYellow_jump.uasset" 489
"D:/Workspace/Code/BitBucket/CoinRun/Content/Flipbook/Characters/Main/MainCharacterMove.uasset" 490
"D:/Workspace/Code/BitBucket/CoinRun/Content/Sprites/Characters/Main/alienYellow_walk1_Sprite.uasset" 491
"D:/Workspace/Code/BitBucket/CoinRun/Content/Textures/Characters/Main/alienYellow_walk1.uasset" 492
"D:/Workspace/Code/BitBucket/CoinRun/Content/Sprites/Characters/Main/alienYellow_walk2_Sprite.uasset" 493
"D:/Workspace/Code/BitBucket/CoinRun/Content/Textures/Characters/Main/alienYellow_walk2.uasset" 494
"../../../Engine/Content/EditorMeshes/ColorCalibrator/SM_ColorCalibrator.uasset" 495
"../../../Engine/Content/EditorMeshes/ColorCalibrator/M_ChromeBall.uasset" 496
"../../../Engine/Content/EditorMeshes/ColorCalibrator/M_ClearCoat.uasset" 497
"../../../Engine/Content/EditorMeshes/ColorCalibrator/M_ClearCoatBlack.uasset" 498
"../../../Engine/Content/EditorMeshes/ColorCalibrator/M_ColorGrid.uasset" 499
"../../../Engine/Content/EditorMeshes/ColorCalibrator/T_ColorGrid.uasset" 500
"../../../Engine/Content/EditorMeshes/ColorCalibrator/M_GreyBall.uasset" 501
"../../../Engine/Content/MobileResources/HUD/T_Castle_ThumbstickInner.uasset" 502
"../../../Engine/Content/MobileResources/HUD/MobileHUDDirectionPad3.uasset" 503
"../../../Engine/Content/MobileResources/HUD/DefaultVirtualJoysticks.uasset" 504
"../../../Engine/Content/MobileResources/HUD/VirtualJoystick_Background.uasset" 505
"../../../Engine/Content/MobileResources/HUD/AnalogHat.uasset" 506
"D:/Workspace/Code/BitBucket/CoinRun/Content/Textures/World/boxEmpty.uasset" 507
"C:/Users/ALorente/AppData/Local/UnrealEngine/Common/DerivedDataCache/0/1/3/TEXTURE_814DCC3DC72143F49509781513CB9855_BGRA8_EE3519D346A7EE88456B0284CFCE659__6CEC7D8D445FD69AE65B305B6DBEDC29C990E863.udd" 508
"D:/Workspace/Code/BitBucket/CoinRun/Content/Textures/Characters/Enemy/saw_dead.uasset" 509
"C:/Users/ALorente/AppData/Local/UnrealEngine/Common/DerivedDataCache/0/7/8/TEXTURE_814DCC3DC72143F49509781513CB9855_AUTODXT_1D0C8D0F47220829055BEBA3B49E9__D69A579AE9A3408A90FE55C47E66D302ED89FAEE.udd" 510
"C:/Users/ALorente/AppData/Local/UnrealEngine/Common/DerivedDataCache/1/4/5/TEXTURE_814DCC3DC72143F49509781513CB9855_AUTODXT_1D0C8D0F47220829055BEBA3B49E9__25144FE54F3EA612C3F0F65C05DD518BE67E5F5F.udd" 511
"D:/Workspace/Code/BitBucket/CoinRun/Content/Sprites/Characters/Enemy/saw_dead_Sprite.uasset" 512
"D:/Workspace/Code/BitBucket/CoinRun/Content/Sprites/Characters/Enemy/sawHalf_Sprite.uasset" 513
"D:/Workspace/Code/BitBucket/CoinRun/Content/Textures/Characters/Enemy/sawHalf.uasset" 514
"D:/Workspace/Code/BitBucket/CoinRun/Content/Sprites/Characters/Enemy/sawHalf_move_Sprite.uasset" 515
"D:/Workspace/Code/BitBucket/CoinRun/Content/Textures/Characters/Enemy/sawHalf_move.uasset" 516
"D:/Workspace/Code/BitBucket/CoinRun/Content/Sprites/Characters/Enemy/sawHalf_dead_Sprite.uasset" 517
"D:/Workspace/Code/BitBucket/CoinRun/Content/Textures/Characters/Enemy/sawHalf_dead.uasset" 518
"D:/Workspace/Code/BitBucket/CoinRun/Content/Sprites/Characters/Enemy/inv_sawHalf_Sprite.uasset" 519
"D:/Workspace/Code/BitBucket/CoinRun/Content/Textures/Characters/Enemy/inv_sawHalf.uasset" 520
"D:/Workspace/Code/BitBucket/CoinRun/Content/Sprites/Characters/Enemy/inv_sawHalf_move_Sprite.uasset" 521
"D:/Workspace/Code/BitBucket/CoinRun/Content/Textures/Characters/Enemy/inv_sawHalf_move.uasset" 522
"D:/Workspace/Code/BitBucket/CoinRun/Content/Sprites/Characters/Enemy/inv_sawHalf_dead_Sprite.uasset" 523
"D:/Workspace/Code/BitBucket/CoinRun/Content/Textures/Characters/Enemy/inv_sawHalf_dead.uasset" 524
"D:/Workspace/Code/BitBucket/CoinRun/Content/Materials/World/bg_castle_Sprite.uasset" 525
"D:/Workspace/Code/BitBucket/CoinRun/Content/Materials/World.uasset" 526
"D:/Workspace/Code/BitBucket/CoinRun/Content/Textures/World/bg_castle.uasset" 527
"C:/Users/ALorente/AppData/Local/UnrealEngine/Common/DerivedDataCache/1/9/7/MATSM_983AFA3849534FAA8491540B994BD32E_PCD3D_SM5_2__BC5N_DEV_SL_NODBUF949FEF8A__09A6B8FAF99206DABC071DE2124113436BF0AED0.udd" 528
"D:/Workspace/Code/BitBucket/CoinRun/Intermediate/Shaders/WorkingDirectory/6784/0/WorkerOutputOnly.out" 529
"../../../Engine/Content/MobileResources/HUD/MobileHUDButtonFire.uasset" 530
"D:/Workspace/Code/BitBucket/CoinRun/Content/Textures/Characters/Main/alienYellow_front.uasset" 531
"C:/Users/ALorente/AppData/Local/UnrealEngine/Common/DerivedDataCache/8/5/1/TEXTURE_814DCC3DC72143F49509781513CB9855_BGRA8_E60844734E2699A5EEFA339A619FDC8__E5511730073B6C6CD4309C133F278CD55AC15E7B.udd" 532
"D:/Workspace/Code/BitBucket/CoinRun/Content/Textures/Characters/coin_11.uasset" 533
"C:/Users/ALorente/AppData/Local/UnrealEngine/Common/DerivedDataCache/5/7/5/TEXTURE_814DCC3DC72143F49509781513CB9855_AUTODXT_E94FC02044AE522ED839BE91B2831__7D78E770867F951F3DEB40EB98E6375AE9845F00.udd" 534
"C:/Users/ALorente/AppData/Local/UnrealEngine/Common/DerivedDataCache/9/0/2/TEXTURE_814DCC3DC72143F49509781513CB9855_AUTODXT_E94FC02044AE522ED839BE91B2831__61F61E5D9BFD218DBA90C89B32216C01A95A4640.udd" 535
"D:/Workspace/Code/BitBucket/CoinRun/Content/Fonts/KenPixel_Blocks.uasset" 536
"D:/Workspace/Code/BitBucket/CoinRun/Content/Flipbook/Characters/Enemy/EnemyTop.uasset" 537
"D:/Workspace/Code/BitBucket/CoinRun/Content/Flipbook/Characters/Enemy/EnemyBottom.uasset" 538
"D:/Workspace/Code/BitBucket/CoinRun/Content/Blueprints/UMG/MainMenu.uasset" 539
"D:/Workspace/Code/BitBucket/CoinRun/Content/Textures/Others/title.uasset" 540
"D:/Workspace/Code/BitBucket/CoinRun/Content/Textures/World/buttonLong_brown.uasset" 541
"D:/Workspace/Code/BitBucket/CoinRun/Content/Textures/World/buttonLong_brown_pressed.uasset" 542
"D:/Workspace/Code/BitBucket/CoinRun/Content/Blueprints/UMG/InGame.uasset" 543
"D:/Workspace/Code/BitBucket/CoinRun/Content/Blueprints/NewBlueprint.uasset" 544
"D:/Workspace/Code/BitBucket/CoinRun/Content/Blueprints/Enemy.uasset" 545
"D:/Workspace/Code/BitBucket/CoinRun/Content/Blueprints/coin.uasset" 546
"D:/Workspace/Code/BitBucket/CoinRun/Content/NewPaperFlipbook.uasset" 547
"../../../Engine/Content/MobileResources/HUD/MobileHUDButton2_off.uasset" 548
"C:/Users/ALorente/AppData/Local/UnrealEngine/Common/DerivedDataCache/3/5/9/TEXTURE_814DCC3DC72143F49509781513CB9855_BGRA8_1CA5E92A42D2F7C526DE128BD5C887B__1FEF63D05B40911909E2A39D370CF521E8F9EB47.udd" 549
"D:/Workspace/Code/BitBucket/CoinRun/Content/Sprites/Characters/Main/alienYellow_swim2_Sprite.uasset" 550
"D:/Workspace/Code/BitBucket/CoinRun/Content/Textures/Characters/Main/alienYellow_swim2.uasset" 551
"D:/Workspace/Code/BitBucket/CoinRun/Content/Sprites/Characters/Main/alienYellow_swim1_Sprite.uasset" 552
"D:/Workspace/Code/BitBucket/CoinRun/Content/Textures/Characters/Main/alienYellow_swim1.uasset" 553
"D:/Workspace/Code/BitBucket/CoinRun/Content/Sprites/Characters/Main/alienYellow_hit_Sprite.uasset" 554
"D:/Workspace/Code/BitBucket/CoinRun/Content/Textures/Characters/Main/alienYellow_hit.uasset" 555
"D:/Workspace/Code/BitBucket/CoinRun/Content/Sprites/Characters/Main/alienYellow_front_Sprite.uasset" 556
"D:/Workspace/Code/BitBucket/CoinRun/Content/Sprites/Characters/Main/alienYellow_climb2_Sprite.uasset" 557
"D:/Workspace/Code/BitBucket/CoinRun/Content/Textures/Characters/Main/alienYellow_climb2.uasset" 558
"D:/Workspace/Code/BitBucket/CoinRun/Content/Sprites/Characters/Main/alienYellow_climb1_Sprite.uasset" 559
"D:/Workspace/Code/BitBucket/CoinRun/Content/Textures/Characters/Main/alienYellow_climb1.uasset" 560
"D:/Workspace/Code/BitBucket/CoinRun/Content/Sprites/Characters/Enemy/slimePurple_move.uasset" 561
"D:/Workspace/Code/BitBucket/CoinRun/Content/Sprites/Characters/Enemy/slimePurple_hit.uasset" 562
"D:/Workspace/Code/BitBucket/CoinRun/Content/Sprites/Characters/Enemy/slimePurple_dead.uasset" 563
"D:/Workspace/Code/BitBucket/CoinRun/Content/Sprites/Characters/Enemy/slimePurple.uasset" 564
"../../../Engine/Content/MobileResources/HUD/T_Castle_ThumbstickOutter.uasset" 565
"../../../Engine/Content/MobileResources/T_MobileMenu2.uasset" 566
"C:/Users/ALorente/AppData/Local/UnrealEngine/Common/DerivedDataCache/1/0/9/TEXTURE_814DCC3DC72143F49509781513CB9855_BGRA8_AF9AE66B4622D6C203F1B8BB420395D__66B92D3ADEE52776D0B6C4E8D4BA1E5037A2D12E.udd" 567
"../../../Engine/Content/MobileResources/HUD/MobileHUDButton1_off.uasset" 568
"D:/Workspace/Code/BitBucket/CoinRun/Content/Textures/Characters/Main/alienYellow.uasset" 569
"C:/Users/ALorente/AppData/Local/UnrealEngine/Common/DerivedDataCache/4/1/8/TEXTURE_814DCC3DC72143F49509781513CB9855_BGRA8_72416F8F4B316EE15B08DBA8DE855EF__1EEB68BBD0AA43A6F3CDDCE10348734E42B2224C.udd" 570
"C:/Users/ALorente/AppData/Local/UnrealEngine/Common/DerivedDataCache/1/1/5/TEXTURE_814DCC3DC72143F49509781513CB9855_AUTODXT_6258A9AF44603828815ABA8DB5DF7__F8DB70E436B01599D163F8FE59629E05B9BA84B2.udd" 571
"C:/Users/ALorente/AppData/Local/UnrealEngine/Common/DerivedDataCache/7/6/2/TEXTURE_814DCC3DC72143F49509781513CB9855_AUTODXT_6258A9AF44603828815ABA8DB5DF7__72D91F944CA9A3A429E5A98D4AA3B9B50AC4712D.udd" 572
"C:/Users/ALorente/AppData/Local/UnrealEngine/Common/DerivedDataCache/5/2/2/TEXTURE_814DCC3DC72143F49509781513CB9855_BGRA8_6D2C1D484CCA88FF5342E48A3CE3AAE__121194BE69AD62DF2351BFE16E317A8F62A7634D.udd" 573
"../../../Engine/Content/MobileResources/HUD/MobileHUDButton1_on.uasset" 574
"C:/Users/ALorente/AppData/Local/UnrealEngine/Common/DerivedDataCache/3/7/4/TEXTURE_814DCC3DC72143F49509781513CB9855_BGRA8_04AF3CCC4E69313893F9B08AD604C74__D10D090751944C49ADA277DFED7B2BBCCF5E2151.udd" 575
"C:/Users/ALorente/AppData/Local/UnrealEngine/Common/DerivedDataCache/5/6/3/TEXTURE_814DCC3DC72143F49509781513CB9855_BGRA8_C4EAAD4941AF60B6E958CCBA4834A81__B3A322C5E991642FC5A44DAECCC4A2B882C72DBF.udd" 576
"D:/Workspace/Code/BitBucket/CoinRun/Content/Sprites/World/castleWall_Sprite.uasset" 577
"D:/Workspace/Code/BitBucket/CoinRun/Content/Textures/World/castleWall.uasset" 578
"D:/Workspace/Code/BitBucket/CoinRun/Content/Sprites/World/boxEmpty_Sprite.uasset" 579
"D:/Workspace/Code/BitBucket/CoinRun/Content/Sprites/World/bg_castle_Sprite.uasset" 580
"../../../Engine/Content/MobileResources/HUD/MobileHUDDirectionStick.uasset" 581
"D:/Workspace/Code/BitBucket/CoinRun/Content/Maps/Level1.umap" 582
"../../../Engine/Content/BasicShapes/BasicShapeMaterial.uasset" 583
"../../../Engine/Content/BasicShapes/Cube.uasset" 584
"D:/Workspace/Code/BitBucket/CoinRun/Content/Maps/MainScreen.umap" 585
"D:/Workspace/Code/BitBucket/CoinRun/Content/UMG/MainMenu.uasset" 586
"D:/Workspace/Code/BitBucket/CoinRun/Content/Textures/World/castleWall_Sprite.uasset" 587
"C:/Users/ALorente/AppData/Local/UnrealEngine/Common/DerivedDataCache/0/4/5/TEXTURE_814DCC3DC72143F49509781513CB9855_BGRA8_9F4C1EC74FB08EC913AB01A5BD241BF__51457B29FC286FE23F7B2FE3A8AAE3F36D5E80EA.udd" 588
"C:/Users/ALorente/AppData/Local/UnrealEngine/Common/DerivedDataCache/7/9/6/TEXTURE_814DCC3DC72143F49509781513CB9855_BGRA8_38FC14FD46D1035410065BACF98D74A__9094D381B20E6A22219FB3FFD8387CA8C0A19011.udd" 589
"D:/Workspace/Code/BitBucket/CoinRun/Content/Textures/World/buttonLong_beige_pressed.uasset" 590
"C:/Users/ALorente/AppData/Local/UnrealEngine/Common/DerivedDataCache/7/5/8/TEXTURE_814DCC3DC72143F49509781513CB9855_BGRA8_10F367754145831147E8DFB0BF6E1A3__444E0CDF0450EF3A698922F3B10F693FA3CF7025.udd" 591
"D:/Workspace/Code/BitBucket/CoinRun/Content/Textures/World/buttonLong_blue.uasset" 592
"C:/Users/ALorente/AppData/Local/UnrealEngine/Common/DerivedDataCache/9/9/5/TEXTURE_814DCC3DC72143F49509781513CB9855_BGRA8_E51C14B14CD93D423798BEB9C024178__0ABCDCC1D21E07559469E5D20F24F6EA04CA68E1.udd" 593
"C:/Users/ALorente/AppData/Local/UnrealEngine/Common/DerivedDataCache/2/2/0/TEXTURE_814DCC3DC72143F49509781513CB9855_AUTODXT_FDADA05648EE4AD3F4F9BA9A96B5E__C876D51A82AB15D54589D7F6E8EE582F2F6FC781.udd" 594
"C:/Users/ALorente/AppData/Local/UnrealEngine/Common/DerivedDataCache/5/7/3/TEXTURE_814DCC3DC72143F49509781513CB9855_AUTODXT_FDADA05648EE4AD3F4F9BA9A96B5E__CA6FF8CB8B649D18C875965D29B1312BFD0AC814.udd" 595
"C:/Users/ALorente/AppData/Local/UnrealEngine/Common/DerivedDataCache/5/3/2/TEXTURE_814DCC3DC72143F49509781513CB9855_BGRA8_C1838465409EA224F33E5CB84FDC90D__15B4CE1254D4C10622EFB2E66473FC85741399AC.udd" 596
"C:/Users/ALorente/AppData/Local/UnrealEngine/Common/DerivedDataCache/6/6/8/TEXTURE_814DCC3DC72143F49509781513CB9855_BGRA8_69473CB642620B60FA218F8E55A0B16__F2B66A6D489529B80A164E4380B03B761CF1B8D5.udd" 597
"C:/Users/ALorente/AppData/Local/UnrealEngine/Common/DerivedDataCache/2/2/8/TEXTURE_814DCC3DC72143F49509781513CB9855_AUTODXT_288DB1F849B34787D0A2BCB7D590E__8776A19C3CAED231A5911581D75CCAD586EF5713.udd" 598
"C:/Users/ALorente/AppData/Local/UnrealEngine/Common/DerivedDataCache/4/3/5/TEXTURE_814DCC3DC72143F49509781513CB9855_AUTODXT_288DB1F849B34787D0A2BCB7D590E__637473237049AC366B2F4928CCF9FFF3A48EC55F.udd" 599
"C:/Users/ALorente/AppData/Local/UnrealEngine/Common/DerivedDataCache/4/2/8/TEXTURE_814DCC3DC72143F49509781513CB9855_AUTODXT_D55C67964D2F50217FDE308A47A12__FCF80680AD3C652246684DFE824061D1665F4073.udd" 600
"C:/Users/ALorente/AppData/Local/UnrealEngine/Common/DerivedDataCache/1/9/2/TEXTURE_814DCC3DC72143F49509781513CB9855_AUTODXT_D55C67964D2F50217FDE308A47A12__D4D383D030D385DFBFEF9D456F9ECC07DC419FC0.udd" 601
"D:/Workspace/Code/BitBucket/CoinRun/Content/Textures/Characters/Enemy/saw_dead_Sprite.uasset" 602
"D:/Workspace/Code/BitBucket/CoinRun/Content/Textures/Characters/Enemy/sawHalf_Sprite.uasset" 603
"D:/Workspace/Code/BitBucket/CoinRun/Content/Textures/Characters/Enemy/sawHalf_move_Sprite.uasset" 604
"C:/Users/ALorente/AppData/Local/UnrealEngine/Common/DerivedDataCache/2/5/8/TEXTURE_814DCC3DC72143F49509781513CB9855_AUTODXT_EB3384E94B4B7AE6F86A3C93E3478__5944AF352383A0D3AEC8ABA5C1BCF17FA82EDCBD.udd" 605
"C:/Users/ALorente/AppData/Local/UnrealEngine/Common/DerivedDataCache/8/3/7/TEXTURE_814DCC3DC72143F49509781513CB9855_AUTODXT_EB3384E94B4B7AE6F86A3C93E3478__56BEB07B7DB948B4655D8ED9B0B582F54AEB0572.udd" 606
"D:/Workspace/Code/BitBucket/CoinRun/Content/Textures/Characters/Main/alienYellow_hurt.uasset" 607
"C:/Users/ALorente/AppData/Local/UnrealEngine/Common/DerivedDataCache/2/2/4/TEXTURE_814DCC3DC72143F49509781513CB9855_BGRA8_F6D583124BD339FCFA9C3CB2693E5C4__15FBAA24BF1803A8C2620F2063A5EA52E907B306.udd" 608
"../../../Engine/Content/MobileResources/HUD/MobileHUDButton2_on.uasset" 609
"../../../Engine/Content/MobileResources/HUD/MobileHUDButton3.uasset" 610
"D:/Workspace/Code/BitBucket/CoinRun/Content/Textures/Characters/Enemy/inv_sawHalf_Sprite.uasset" 611
"D:/Workspace/Code/BitBucket/CoinRun/Content/Textures/Characters/Enemy/inv_sawHalf_move_Sprite.uasset" 612
"D:/Workspace/Code/BitBucket/CoinRun/Content/Textures/Characters/Enemy/inv_sawHalf_dead_Sprite.uasset" 613
"../../../Engine/Content/MobileResources/HUD/MobileHUDDirectionPad2.uasset" 614
"D:/Workspace/Code/BitBucket/CoinRun/Content/Textures/World/buttonLong_grey_pressed.uasset" 615
"C:/Users/ALorente/AppData/Local/UnrealEngine/Common/DerivedDataCache/8/0/0/TEXTURE_814DCC3DC72143F49509781513CB9855_BGRA8_7E8CC88A4266B755588DAB95F35E871__42D510CAF32CEEF0B9792A1F458357CB81588B9A.udd" 616
"C:/Users/ALorente/AppData/Local/UnrealEngine/Common/DerivedDataCache/0/7/4/TEXTURE_814DCC3DC72143F49509781513CB9855_AUTODXT_62A0B52542A2E5FFF5FC62B85C0E7__DBEF232F365D82AF7596C8DAACD48D7035C78DDA.udd" 617
"C:/Users/ALorente/AppData/Local/UnrealEngine/Common/DerivedDataCache/9/9/0/TEXTURE_814DCC3DC72143F49509781513CB9855_AUTODXT_62A0B52542A2E5FFF5FC62B85C0E7__0560681F447AA544C03A5E635F91D0BD9860B2B2.udd" 618
"D:/Workspace/Code/BitBucket/CoinRun/Content/Textures/World/buttonLong_beige.uasset" 619
"C:/Users/ALorente/AppData/Local/UnrealEngine/Common/DerivedDataCache/4/6/6/TEXTURE_814DCC3DC72143F49509781513CB9855_BGRA8_C576808F4E7BA92500780B8544AA74A__AD4EBDACF1E0EF59F84AFBBF50417C9503377E14.udd" 620
"D:/Workspace/Code/BitBucket/CoinRun/Content/Textures/World/boxEmpty_Sprite.uasset" 621
"C:/Users/ALorente/AppData/Local/UnrealEngine/Common/DerivedDataCache/1/2/6/TEXTURE_814DCC3DC72143F49509781513CB9855_AUTODXT_9487C59E49771E83843B99B854F45__13E60B96FB787C6D413A62EE7A9C2C4725C1AB6C.udd" 622
"C:/Users/ALorente/AppData/Local/UnrealEngine/Common/DerivedDataCache/4/5/9/TEXTURE_814DCC3DC72143F49509781513CB9855_AUTODXT_9487C59E49771E83843B99B854F45__D71F6AD33650DA6F661BC386F3C306E66E53FBDD.udd" 623
"C:/Users/ALorente/AppData/Local/UnrealEngine/Common/DerivedDataCache/7/5/7/TEXTURE_814DCC3DC72143F49509781513CB9855_AUTODXT_9487C59E49771E83843B99B854F45__88E00EBBC2DCC8E0E8A36106CAA8FFEB286BE497.udd" 624
"C:/Users/ALorente/AppData/Local/UnrealEngine/Common/DerivedDataCache/1/1/0/TEXTURE_814DCC3DC72143F49509781513CB9855_AUTODXT_9487C59E49771E83843B99B854F45__8FA3FE11367FD8238510DEFFC553F90CFB48480B.udd" 625
"C:/Users/ALorente/AppData/Local/UnrealEngine/Common/DerivedDataCache/1/3/1/TEXTURE_814DCC3DC72143F49509781513CB9855_AUTODXT_9487C59E49771E83843B99B854F45__9FF520B47F59EC66FE3D0BE83F674A43FD7D31D8.udd" 626
"../../../Engine/Content/MobileResources/HUD/MobileHUDDirectionPad.uasset" 627
"C:/Users/ALorente/AppData/Local/UnrealEngine/Common/DerivedDataCache/5/6/8/TEXTURE_814DCC3DC72143F49509781513CB9855_BGRA8_5E75FC054E50BD15DC42BD85926FA83__2A1C61360966BB95D649D581F41291BAB3A22CE3.udd" 628
"C:/Users/ALorente/AppData/Local/UnrealEngine/Common/DerivedDataCache/6/0/1/TEXTURE_814DCC3DC72143F49509781513CB9855_BGRA8_B5EECED242B79910E14529B081F5D98__A4B26786C8C1978EAA0C609771501FFA1676A7E0.udd" 629
"D:/Workspace/Code/BitBucket/CoinRun/Content/Textures/World/buttonLong_grey.uasset" 630
"C:/Users/ALorente/AppData/Local/UnrealEngine/Common/DerivedDataCache/6/3/2/TEXTURE_814DCC3DC72143F49509781513CB9855_BGRA8_6774DC5C4BBE4E13C473769A9B193F9__065A69CAF5DC0CC106D35C4B9627A96F18A14F14.udd" 631
"C:/Users/ALorente/AppData/Local/UnrealEngine/Common/DerivedDataCache/1/5/2/TEXTURE_814DCC3DC72143F49509781513CB9855_AUTODXT_687F1303481CA39F0B66F9848A925__834397E1257B1900EBD7E4D08B4D7F32C3433EE0.udd" 632
"C:/Users/ALorente/AppData/Local/UnrealEngine/Common/DerivedDataCache/0/8/1/TEXTURE_814DCC3DC72143F49509781513CB9855_AUTODXT_687F1303481CA39F0B66F9848A925__F4BA107C15592F2248B8DC4FF4AAB1568DA1BA40.udd" 633
"C:/Users/ALorente/AppData/Local/UnrealEngine/Common/DerivedDataCache/9/0/4/TEXTURE_814DCC3DC72143F49509781513CB9855_AUTODXT_FA05830042BFF0FBFFADA68559A92__14F168EAB297A3CE03EEFFE77DD88B4B29105378.udd" 634
"C:/Users/ALorente/AppData/Local/UnrealEngine/Common/DerivedDataCache/0/1/4/TEXTURE_814DCC3DC72143F49509781513CB9855_AUTODXT_FA05830042BFF0FBFFADA68559A92__4D44B221B720CC938ADDA94639BE3852783C8922.udd" 635
"../../../Engine/Content/MobileResources/T_MobileControls_texture.uasset" 636
"C:/Users/ALorente/AppData/Local/UnrealEngine/Common/DerivedDataCache/3/7/0/TEXTURE_814DCC3DC72143F49509781513CB9855_BGRA8_23CB1D14422360D333E89588D817945__2B9E6FA8280A74395B6646EA306B71E5458B1A95.udd" 637
"D:/Workspace/Code/BitBucket/CoinRun/Content/Textures/World/buttonLong_blue_pressed.uasset" 638
"C:/Users/ALorente/AppData/Local/UnrealEngine/Common/DerivedDataCache/7/1/4/TEXTURE_814DCC3DC72143F49509781513CB9855_BGRA8_0C96449D44854740F945B8A6597EAFF__FBFC35C6B85C5203977EE55F6313CA538C0EE558.udd" 639
"C:/Users/ALorente/AppData/Local/UnrealEngine/Common/DerivedDataCache/0/5/0/TEXTURE_814DCC3DC72143F49509781513CB9855_AUTODXT_EB567DD348156CCF616052A35AC93__02C576E239DB3AB7D4674E0CDE49F730FCFB9AD3.udd" 640
"C:/Users/ALorente/AppData/Local/UnrealEngine/Common/DerivedDataCache/6/0/2/TEXTURE_814DCC3DC72143F49509781513CB9855_AUTODXT_EB567DD348156CCF616052A35AC93__42D073D937B1EAEAFF9CE0AF6AA15A931D1EC74B.udd" 641
"D:/Workspace/Code/BitBucket/CoinRun/Content/Textures/Others/coin_11_Sprite.uasset" 642
"C:/Users/ALorente/AppData/Local/UnrealEngine/Common/DerivedDataCache/3/9/0/TEXTURE_814DCC3DC72143F49509781513CB9855_BGRA8_32CB13CF4C696AE86D132EABD565044__B25939A1B6C09A8AA7E7D015D861B2A1FC487FC8.udd" 643
"D:/Workspace/Code/BitBucket/CoinRun/Content/Textures/Characters/Enemy/saw_move_Sprite.uasset" 644
"D:/Workspace/Code/BitBucket/CoinRun/Content/Textures/Characters/Enemy/sawHalf_dead_Sprite.uasset" 645
"../../../Engine/Content/MobileResources/HUD/LeftVirtualJoystickOnly.uasset" 646
"C:/Users/ALorente/AppData/Local/UnrealEngine/Common/DerivedDataCache/3/8/4/TEXTURE_814DCC3DC72143F49509781513CB9855_BGRA8_994C0EFC40AE32A4F857F4873B01FA7__EA79C3B092855C57D4F41DE02A0BFD2AE76888F2.udd" 647
"D:/Workspace/Code/BitBucket/CoinRun/Content/Textures/Characters/Main/alienYellow_badge1.uasset" 648
"C:/Users/ALorente/AppData/Local/UnrealEngine/Common/DerivedDataCache/2/3/0/TEXTURE_814DCC3DC72143F49509781513CB9855_BGRA8_EDA0779F4962ED2C28AEF1BACA9A7C8__9F6DFCBD33C2C8CD0D85F6DB3B9881F45F4A71E8.udd" 649
"D:/Workspace/Code/BitBucket/CoinRun/Content/Textures/Characters/Enemy/saw_Sprite.uasset" 650
"D:/Workspace/Code/BitBucket/CoinRun/Content/Textures/Characters/Main/alienYellow_badge2.uasset" 651
"C:/Users/ALorente/AppData/Local/UnrealEngine/Common/DerivedDataCache/0/6/8/TEXTURE_814DCC3DC72143F49509781513CB9855_BGRA8_94FC3B9D4499C76EE8E93F9EA6B90CA__AA05BB4F4DF9889A317A78735195B1391903B79D.udd" 652
