[2015.07.29-19.08.09:062][  0]Log file open, 07/29/15 21:08:09
[2015.07.29-19.08.09:062][  0]LogInit:Display: Running engine for game: SaveMe
[2015.07.29-19.08.09:062][  0]LogInit:Display: RandInit(760752565) SRandInit(760752566).
[2015.07.29-19.08.09:062][  0]LogTaskGraph: Started task graph with 4 named threads and 5 total threads.
[2015.07.29-19.08.09:062][  0]LogStats: Stats thread started
[2015.07.29-19.08.09:062][  0]LogInit: Version: 4.8.3-2634408+++depot+UE4-Releases+4.8
[2015.07.29-19.08.09:062][  0]LogInit: API Version: 2579680
[2015.07.29-19.08.09:062][  0]LogInit: Compiled (64-bit): Jul 27 2015 16:24:33
[2015.07.29-19.08.09:062][  0]LogInit: Compiled with Visual C++: 18.00.21005.01
[2015.07.29-19.08.09:062][  0]LogInit: Build Configuration: Development
[2015.07.29-19.08.09:062][  0]LogInit: Branch Name: ++depot+UE4-Releases+4.8
[2015.07.29-19.08.09:062][  0]LogInit: Command line:  
[2015.07.29-19.08.09:062][  0]LogInit: Base directory: C:/Program Files/Epic Games/4.8/Engine/Binaries/Win64/
[2015.07.29-19.08.09:062][  0]LogInit: Rocket: 1
[2015.07.29-19.08.09:147][  0]LogInit: Using libcurl 7.41.0
[2015.07.29-19.08.09:147][  0]LogInit:  - built for x86_64-pc-win32
[2015.07.29-19.08.09:147][  0]LogInit:  - supports SSL with WinSSL
[2015.07.29-19.08.09:147][  0]LogInit:  - other features:
[2015.07.29-19.08.09:147][  0]LogInit:      CURL_VERSION_SSL
[2015.07.29-19.08.09:147][  0]LogInit:      CURL_VERSION_IPV6
[2015.07.29-19.08.09:147][  0]LogInit:      CURL_VERSION_ASYNCHDNS
[2015.07.29-19.08.09:147][  0]LogInit:      CURL_VERSION_LARGEFILE
[2015.07.29-19.08.09:147][  0]LogInit:      CURL_VERSION_IDN
[2015.07.29-19.08.09:148][  0]LogInit:  CurlRequestOptions (configurable via config and command line):
[2015.07.29-19.08.09:148][  0]LogInit:  - bVerifyPeer = true  - Libcurl will verify peer certificate
[2015.07.29-19.08.09:148][  0]LogInit:  - bUseHttpProxy = false  - Libcurl will NOT use HTTP proxy
[2015.07.29-19.08.09:148][  0]LogInit:  - bDontReuseConnections = false  - Libcurl will reuse connections
[2015.07.29-19.08.09:148][  0]LogInit:  - CertBundlePath = nullptr  - Libcurl will use whatever was configured at build time.
[2015.07.29-19.08.09:223][  0]LogOnline:Warning: No default platform service specified for OnlineSubsystem
[2015.07.29-19.08.09:318][  0]LogInit: Presizing for 0 objects not considered by GC, pre-allocating 0 bytes.
[2015.07.29-19.08.09:380][  0]LogInit: Object subsystem initialized
[2015.07.29-19.08.09:405][  0]LogConsoleResponse:Warning: Skipping Unknown console variable: 'TranslucentSortAxis = (X=0.000000,Y=-1.000000,Z=0.000000)'
[2015.07.29-19.08.09:405][  0]LogConsoleResponse:Warning:   Found in ini file 'D:/Workspace/Code/BitBucket/SaveMe/Saved/Config/Windows/Engine.ini', in section '[/Script/Engine.RendererSettings]'
[2015.07.29-19.08.09:405][  0]LogConsoleResponse:Warning: Skipping Unknown console variable: 'UIScaleRule = ShortestSide'
[2015.07.29-19.08.09:405][  0]LogConsoleResponse:Warning:   Found in ini file 'D:/Workspace/Code/BitBucket/SaveMe/Saved/Config/Windows/Engine.ini', in section '[/Script/Engine.RendererSettings]'
[2015.07.29-19.08.09:405][  0]LogConsoleResponse:Warning: Skipping Unknown console variable: 'UIScaleCurve = (EditorCurveData=(Keys=),ExternalCurve=None)'
[2015.07.29-19.08.09:406][  0]LogConsoleResponse:Warning:   Found in ini file 'D:/Workspace/Code/BitBucket/SaveMe/Saved/Config/Windows/Engine.ini', in section '[/Script/Engine.RendererSettings]'
[2015.07.29-19.08.09:425][  0]LogInit: Selected Device Profile: [Windows]
[2015.07.29-19.08.09:425][  0]LogInit: Applying CVar settings loaded from the selected device profile: [Windows]
[2015.07.29-19.08.09:524][  0]LogInit: Computer: SLB-H7VRKQ1
[2015.07.29-19.08.09:524][  0]LogInit: User: ALorente
[2015.07.29-19.08.09:524][  0]LogInit: CPU Page size=4096, Cores=2
[2015.07.29-19.08.09:524][  0]LogInit: High frequency timer resolution =2.630791 MHz
[2015.07.29-19.08.09:524][  0]LogMemory: Memory total: Physical=8.0GB (8GB approx)
[2015.07.29-19.08.09:524][  0]LogMemory: Platform Memory Stats for Windows
[2015.07.29-19.08.09:525][  0]LogMemory: Process Physical Memory: 48.98 MB used, 48.98 MB peak
[2015.07.29-19.08.09:525][  0]LogMemory: Process Virtual Memory: 23.20 MB used, 23.20 MB peak
[2015.07.29-19.08.09:525][  0]LogMemory: Physical Memory: 3301.77 MB used, 8148.89 MB total
[2015.07.29-19.08.09:525][  0]LogMemory: Virtual Memory: 283.23 MB used, 8388608.00 MB total
[2015.07.29-19.08.10:769][  0]LogTextLocalizationManager: The requested culture ('en_US') has no localization data; parent culture's ('en') localization data will be used.
[2015.07.29-19.08.12:223][  0]LogTextLocalizationManager:Warning: Loaded localization resources contain conflicting entries for (Namespace:ContentBrowser, Key:ImportAssetToolTip):
Localization Resource: (C:/Program Files/Epic Games/4.8/Engine/Content/Localization/Editor/en/Editor.locres) Source String Hash: (-630476809) Localized String: (Import to {0}...)
Localization Resource: (C:/Program Files/Epic Games/4.8/Engine/Content/Localization/Editor/en/Editor.locres) Source String Hash: (1271782899) Localized String: (Imports an asset from file to this folder.)
[2015.07.29-19.08.15:218][  0]LogD3D11RHI: Found D3D11 adapter 0: NVIDIA Quadro 2000M (Feature Level 11_0)
[2015.07.29-19.08.15:218][  0]LogD3D11RHI: Adapter has 1999MB of dedicated video memory, 0MB of dedicated system memory, and 3818MB of shared system memory, 1 output[s]
[2015.07.29-19.08.15:218][  0]LogD3D11RHI: Chosen D3D11 Adapter Id = 0
[2015.07.29-19.08.15:238][  0]LogD3D11RHI: InitD3DDevice
[2015.07.29-19.08.15:238][  0]LogD3D11RHI: !Direct3DDevice
[2015.07.29-19.08.15:239][  0]LogRHI: Texture pool is 1361 MB (70% of 1945 MB)
[2015.07.29-19.08.15:289][  0]LogD3D11RHI: Async texture creation enabled
[2015.07.29-19.08.15:366][  0]LogShaderCompilers:Display: Using Local Shader Compiler.
[2015.07.29-19.08.22:814][  0]LogTemp:Display: Loaded TP DesktopTargetPlatform
[2015.07.29-19.08.22:911][  0]LogTemp:Display: Loaded TP WindowsClientTargetPlatform
[2015.07.29-19.08.23:015][  0]LogTemp:Display: Loaded TP WindowsNoEditorTargetPlatform
[2015.07.29-19.08.23:109][  0]LogTemp:Display: Loaded TP WindowsServerTargetPlatform
[2015.07.29-19.08.23:213][  0]LogTemp:Display: Loaded TP WindowsTargetPlatform
[2015.07.29-19.08.23:310][  0]LogTemp:Display: Loaded TP AndroidTargetPlatform
[2015.07.29-19.08.23:397][  0]LogTemp:Display: Loaded TP Android_ASTCTargetPlatform
[2015.07.29-19.08.23:483][  0]LogTemp:Display: Loaded TP Android_ATCTargetPlatform
[2015.07.29-19.08.23:572][  0]LogTemp:Display: Loaded TP Android_DXTTargetPlatform
[2015.07.29-19.08.23:659][  0]LogTemp:Display: Loaded TP Android_ETC1TargetPlatform
[2015.07.29-19.08.23:754][  0]LogTemp:Display: Loaded TP Android_ETC2TargetPlatform
[2015.07.29-19.08.23:836][  0]LogTemp:Display: Loaded TP Android_PVRTCTargetPlatform
[2015.07.29-19.08.24:181][  0]LogTemp:Display: Loaded TP IOSTargetPlatform
[2015.07.29-19.08.24:303][  0]LogTemp:Display: Loaded TP LinuxNoEditorTargetPlatform
[2015.07.29-19.08.24:437][  0]LogTemp:Display: Loaded TP LinuxServerTargetPlatform
[2015.07.29-19.08.24:579][  0]LogTemp:Display: Loaded TP LinuxTargetPlatform
[2015.07.29-19.08.24:580][  0]LogTargetPlatformManager:Display: Building Assets For Windows
[2015.07.29-19.08.26:680][  0]LogDerivedDataCache:Display: Max Cache Size: 512 MB
[2015.07.29-19.08.27:213][  0]LogDerivedDataCache: Loaded boot cache 0.53s 53MB C:/Users/ALorente/AppData/Local/UnrealEngine/4.8/DerivedDataCache/Boot.ddc.
[2015.07.29-19.08.27:214][  0]LogDerivedDataCache:Display: Loaded Boot cache: C:/Users/ALorente/AppData/Local/UnrealEngine/4.8/DerivedDataCache/Boot.ddc
[2015.07.29-19.08.27:214][  0]LogDerivedDataCache: FDerivedDataBackendGraph:  Pak pak cache file D:/Workspace/Code/BitBucket/SaveMe/DerivedDataCache/DDC.ddp not found, will not use a pak cache.
[2015.07.29-19.08.27:214][  0]LogDerivedDataCache: Unable to find inner node Pak for hierarchical cache Hierarchy.
[2015.07.29-19.08.27:214][  0]LogDerivedDataCache: FDerivedDataBackendGraph:  CompressedPak pak cache file D:/Workspace/Code/BitBucket/SaveMe/DerivedDataCache/Compressed.ddp not found, will not use a pak cache.
[2015.07.29-19.08.27:214][  0]LogDerivedDataCache: Unable to find inner node CompressedPak for hierarchical cache Hierarchy.
[2015.07.29-19.08.28:304][  0]LogDerivedDataCache:Display: Pak cache opened for reading ../../../Engine/DerivedDataCache/Compressed.ddp.
[2015.07.29-19.08.28:326][  0]LogDerivedDataCache: Using Local data cache path C:/Users/ALorente/AppData/Local/UnrealEngine/Common/DerivedDataCache: Writable
[2015.07.29-19.08.37:290][  0]LogInit: Selected Device Profile: [Windows]
[2015.07.29-19.08.37:377][  0]ImportText (ComponentSweepMultiTests): Missing closing parenthesis: (RootShapeAsset="/Engine/BasicShapes/Cube.Cube",ShapeType="TriggerCapsule",HitResult=(Time=0.50,Location=(X=-100.000015,Y=0.0,Z=100.000015),ImpactPoint=(X=-50.0,Y=0.0,Z=50.0),Normal=(X=-1.0,Y=-0.0,Z=0.0),ImpactNormal=(X=0.0,Y=0.0,Z=1.0),TraceStart=(X=-200.0,Y=0.0,Z=200.0),TraceEnd=(X=0.0,Y=0.0,Z=0.0))
[2015.07.29-19.08.37:380][  0]ImportText (LineTraceSingleByChannelTests): Missing closing parenthesis: (RootShapeAsset="/Engine/BasicShapes/Cube.Cube",HitResult=(Time=0.50,Location=(X=-100.000015,Y=0.0,Z=100.000015),ImpactPoint=(X=-50.0,Y=0.0,Z=50.0),Normal=(X=-1.0,Y=-0.0,Z=0.0),ImpactNormal=(X=0.0,Y=0.0,Z=1.0),TraceStart=(X=-200.0,Y=0.0,Z=200.0),TraceEnd=(X=0.0,Y=0.0,Z=0.0))
[2015.07.29-19.08.37:670][  0]LogMeshUtilities: No automatic mesh reduction module available
[2015.07.29-19.08.37:670][  0]LogMeshUtilities: No automatic mesh merging module available
[2015.07.29-19.08.42:656][  0]LogInit: WinSock: version 1.1 (2.2), MaxSocks=32767, MaxUdp=65467
[2015.07.29-19.08.54:195][  0]UdpMessaging: Initializing bridge on interface 0.0.0.0:0 to multicast group 230.0.0.1:6666.
[2015.07.29-19.08.56:865][  0]SourceControl: Info Source control is disabled
[2015.07.29-19.08.57:235][  0]SourceControl: Info Source control is disabled
[2015.07.29-19.08.57:318][  0]SourceControl: Info Source control is disabled
[2015.07.29-19.08.57:385][  0]SourceControl: Info Source control is disabled
[2015.07.29-19.08.59:126][  0]LogObj: 26273 objects as part of root set at end of initial load.
[2015.07.29-19.08.59:127][  0]LogUObjectAllocator: 5409248 out of 0 bytes used by permanent object pool.
[2015.07.29-19.08.59:756][  0]LogEngine: Initializing Engine...
[2015.07.29-19.08.59:769][  0]LogHMD: Can't find Oculus library dev build: is proper Runtime installed? Version: 0.6.0.0
[2015.07.29-19.08.59:833][  0]LogHMD:Warning: SteamVR failed to initialize.  Error: 110
[2015.07.29-19.09.01:515][  0]LogAIModule: Creating AISystem for world NewWorld
[2015.07.29-19.09.01:566][  0]LogInit: XAudio2 using 'Speakers / Headphones (IDT High Definition Audio CODEC)' : 2 channels at 48 kHz using 16 bits per sample (channel mask 0x3)
[2015.07.29-19.09.01:685][  0]LogInit: FAudioDevice initialized.
[2015.07.29-19.09.01:816][  0]LogDerivedDataCache: Saved boot cache 0.13s 53MB C:/Users/ALorente/AppData/Local/UnrealEngine/4.8/DerivedDataCache/Boot.ddc.
[2015.07.29-19.09.01:847][  0]LogInit: Texture streaming: Disabled
[2015.07.29-19.09.02:016][  0]LogAnalytics: Creating configured Analytics provider AnalyticsET
[2015.07.29-19.09.02:018][  0]LogAnalytics: [UEEditor.Rocket.Release] APIServer = http://et2.epicgames.com/ET2/. AppVersion = 4.8.3-2634408+++depot+UE4-Releases+4.8
[2015.07.29-19.09.02:018][  0]LogAnalytics: [UEEditor.Rocket.Release] SetUserId d64b808f4af5ec925fa497bbc1d7337b|81643a0ffa4546099291d92070e6ccbc|952f4c26-71e8-47b2-8a9a-557a0707c735
[2015.07.29-19.09.02:020][  0]LogAnalytics: [UEEditor.Rocket.Release] AnalyticsET::StartSession
[2015.07.29-19.09.02:428][  0]LogInit: Transaction tracking system initialized
[2015.07.29-19.09.03:581][  0]BlueprintLog: New page: Editor Load
[2015.07.29-19.09.03:819][  0]LogAssetRegistry: FAssetRegistry took 0.0408 seconds to start up
[2015.07.29-19.09.03:825][  0]LogDirectoryWatcher:Warning: Failed to begin reading directory changes for ../../../Engine/Plugins/Experimental/CharacterAI/Content/. Error: 0
[2015.07.29-19.09.14:483][  0]LogConsoleManager:Warning: Console variable 'r.VSync' wasn't set ('GameSetting' has a lower priority than 'SystemSettingsIni')
[2015.07.29-19.09.14:485][  0]LogConsoleResponse:Display: 
[2015.07.29-19.09.16:787][  0]LogCook:Display: Done creating registry. It took  0.00s.
[2015.07.29-19.09.20:080][  0]SourceControl: Info Source control is disabled
[2015.07.29-19.09.20:088][  0]Cmd: MAP LOAD FILE="D:/Workspace/Code/BitBucket/SaveMe/Content/Maps/Level1.umap" TEMPLATE=0 SHOWPROGRESS=1 FEATURELEVEL=3
[2015.07.29-19.09.20:111][  0]LightingResults: New page: Lighting Build
[2015.07.29-19.09.20:285][  0]MapCheck: New page: Map Check
[2015.07.29-19.09.20:286][  0]LightingResults: New page: Lighting Build
[2015.07.29-19.09.20:595][  0]LogParticles: Destroying 0 GPU particle simulations for FXSystem 0x000000001C1589A0
[2015.07.29-19.09.20:786][  0]LogAIModule: Creating AISystem for world Level1
[2015.07.29-19.09.20:803][  0]LogEditorServer: Finished looking for orphan Actors (0.000 secs)
[2015.07.29-19.09.20:812][  0]Cmd: MAP CHECKDEP NOCLEARLOG
[2015.07.29-19.09.21:129][  0]MapCheck: Info Map check complete: 0 Error(s), 0 Warning(s), took 316.197ms to complete.
[2015.07.29-19.09.21:131][  0]LogFileHelpers: Loading map 'Level1' took 1.046
[2015.07.29-19.09.22:356][  0]LogCollectionManager: Loaded 0 collections in 0.018678 seconds
[2015.07.29-19.09.22:459][  0]LogContentBrowser: Native class hierarchy populated in 0.0999 seconds. Added 1792 classes and 301 folders.
[2015.07.29-19.09.22:950][  0]LogContentBrowser: Native class hierarchy updated for 'WidgetCarousel' in 0.0041 seconds. Added 0 classes and 0 folders.
[2015.07.29-19.09.23:338][  0]LogContentBrowser: Native class hierarchy updated for 'AddContentDialog' in 0.0026 seconds. Added 0 classes and 0 folders.
[2015.07.29-19.09.23:561][  0]LogContentBrowser: Native class hierarchy updated for 'SceneOutliner' in 0.0025 seconds. Added 1 classes and 2 folders.
[2015.07.29-19.09.24:035][  0]LogCrashTracker: Crashtracker disabled due to settings.
[2015.07.29-19.09.24:056][  0]LogD3D11RHI: InitD3DDevice
[2015.07.29-19.09.24:108][  0]LogUObjectGlobals:Warning: Failed to find object 'Class None.'
[2015.07.29-19.09.24:146][  0]LogLoad: Full Startup: 87.15 seconds (BP compile: 1.22 seconds)
[2015.07.29-19.09.24:889][  0]LogContentStreaming: Texture pool size is 0.000000MB
[2015.07.29-19.09.25:216][  0]LogContentStreaming: Texture pool size now 400 MB
[2015.07.29-19.09.26:066][  1]LogRenderer: Reallocating scene render targets to support 832x392 (Frame:2).
[2015.07.29-19.09.47:499][ 61]LogAssetRegistry: Asset discovery search completed in 43.7037 seconds
[2015.07.29-19.10.31:532][296]LogD3D11RHI: InitD3DDevice
[2015.07.29-19.10.32:238][317]LogPlayLevel: PIE:  No blueprints needed recompiling
[2015.07.29-19.10.32:348][317]PIE: New page: PIE session: Level1 (Jul 29, 2015, 11:10:32 PM)
[2015.07.29-19.10.32:350][317]LogPlayLevel: Creating play world package: /Game/Maps/UEDPIE_0_Level1
[2015.07.29-19.10.32:353][317]LogPlayLevel: PIE: StaticDuplicateObject took: (0.003571s)
[2015.07.29-19.10.32:356][317]LogAIModule: Creating AISystem for world Level1
[2015.07.29-19.10.32:359][317]LogPlayLevel: PIE: World Init took: (0.005263s)
[2015.07.29-19.10.32:360][317]LogPlayLevel: PIE: Created PIE world by copying editor world from /Game/Maps/Level1.Level1 to /Game/Maps/UEDPIE_0_Level1.Level1 (0.010301s)
[2015.07.29-19.10.32:503][317]LogInit: XAudio2 using 'Speakers / Headphones (IDT High Definition Audio CODEC)' : 2 channels at 48 kHz using 16 bits per sample (channel mask 0x3)
[2015.07.29-19.10.32:535][317]LogInit: FAudioDevice initialized.
[2015.07.29-19.10.32:656][317]LogWorld: Game class is 'GameMode'
[2015.07.29-19.10.32:681][317]LogWorld: Bringing World /Game/Maps/UEDPIE_0_Level1.Level1 up for play (max tick rate 60) at 2015.07.29-21.10.32
[2015.07.29-19.10.32:681][317]LogActor:Warning: GameSession /Game/Maps/UEDPIE_0_Level1.Level1:PersistentLevel.GameSession_0 has natively added scene component(s), but none of them were set as the actor's RootComponent - picking one arbitrarily
[2015.07.29-19.10.32:684][317]LogActor:Warning: GameNetworkManager /Game/Maps/UEDPIE_0_Level1.Level1:PersistentLevel.GameNetworkManager_0 has natively added scene component(s), but none of them were set as the actor's RootComponent - picking one arbitrarily
[2015.07.29-19.10.32:686][317]LogWorld: Bringing up level for play took: 0.006449
[2015.07.29-19.10.32:745][317]PIE: Info Play in editor start time for /Game/Maps/UEDPIE_0_Level1 0.089
[2015.07.29-19.10.40:784][578]LogParticles: Destroying 0 GPU particle simulations for FXSystem 0x000000000EAEEAC0
[2015.07.29-19.10.42:183][627]LogD3D11RHI: InitD3DDevice
[2015.07.29-19.11.22:568][112]LogD3D11RHI: InitD3DDevice
[2015.07.29-19.11.24:075][161]LogD3D11RHI: InitD3DDevice
[2015.07.29-19.11.46:418][582]LogD3D11RHI: InitD3DDevice
[2015.07.29-19.11.51:349][729]LogD3D11RHI: InitD3DDevice
[2015.07.29-19.11.51:527][729]Cmd: MAP LOAD FILE="D:/Workspace/Code/BitBucket/SaveMe/Content/Maps/Level1.umap" TEMPLATE=0 SHOWPROGRESS=1 FEATURELEVEL=3
[2015.07.29-19.11.51:527][729]LightingResults: New page: Lighting Build
[2015.07.29-19.11.51:630][729]LoadErrors: New page: Loading map: Level1.umap
[2015.07.29-19.11.51:632][729]MapCheck: New page: Map Check
[2015.07.29-19.11.51:632][729]LightingResults: New page: Lighting Build
[2015.07.29-19.11.51:760][729]LogParticles: Destroying 0 GPU particle simulations for FXSystem 0x000000000BF78AE0
[2015.07.29-19.11.51:763][729]LogAIModule: Creating AISystem for world Level1
[2015.07.29-19.11.51:774][729]LogEditorServer: Finished looking for orphan Actors (0.000 secs)
[2015.07.29-19.11.51:939][729]Cmd: MAP CHECKDEP NOCLEARLOG
[2015.07.29-19.11.52:159][729]MapCheck: Info Map check complete: 0 Error(s), 0 Warning(s), took 219.896ms to complete.
[2015.07.29-19.11.52:163][729]LogFileHelpers: Loading map 'Level1' took 0.641
[2015.07.29-19.11.54:212][799]LogD3D11RHI: InitD3DDevice
[2015.07.29-19.11.55:147][799]LogAIModule: Creating AISystem for world Menu
[2015.07.29-19.11.55:418][799]Cmd: MAP LOAD FILE="D:/Workspace/Code/BitBucket/SaveMe/Content/Maps/Menu.umap" TEMPLATE=0 SHOWPROGRESS=1 FEATURELEVEL=3
[2015.07.29-19.11.55:422][799]LightingResults: New page: Lighting Build
[2015.07.29-19.11.55:529][799]LoadErrors: New page: Loading map: Menu.umap
[2015.07.29-19.11.55:531][799]MapCheck: New page: Map Check
[2015.07.29-19.11.55:531][799]LightingResults: New page: Lighting Build
[2015.07.29-19.11.55:652][799]LogParticles: Destroying 0 GPU particle simulations for FXSystem 0x0000000013575800
[2015.07.29-19.11.56:328][799]LogAIModule: Creating AISystem for world Menu
[2015.07.29-19.11.56:341][799]LogEditorServer: Finished looking for orphan Actors (0.000 secs)
[2015.07.29-19.11.56:494][799]Cmd: MAP CHECKDEP NOCLEARLOG
[2015.07.29-19.11.56:722][799]MapCheck: Info Map check complete: 0 Error(s), 0 Warning(s), took 226.924ms to complete.
[2015.07.29-19.11.56:727][799]LogFileHelpers: Loading map 'Menu' took 1.314
[2015.07.29-19.11.59:285][890]LogD3D11RHI: InitD3DDevice
[2015.07.29-19.12.01:949][980]LogD3D11RHI: InitD3DDevice
[2015.07.29-19.12.10:977][168]LogD3D11RHI: InitD3DDevice
[2015.07.29-19.12.14:941][219]LogD3D11RHI: InitD3DDevice
[2015.07.29-19.12.19:001][273]LogD3D11RHI: InitD3DDevice
[2015.07.29-19.12.25:506][404]LogD3D11RHI: InitD3DDevice
[2015.07.29-19.12.25:583][404]Cmd: OBJ SAVEPACKAGE PACKAGE="/Game/Maps/Menu" FILE="D:/Workspace/Code/BitBucket/SaveMe/Content/Maps/Menu.umap" SILENT=true AUTOSAVING=false KEEPDIRTY=false
[2015.07.29-19.12.26:177][404]LogSavePackage: Save=364.304871ms
[2015.07.29-19.12.26:177][404]LogSavePackage: Moving 'D:/Workspace/Code/BitBucket/SaveMe/Saved/Menu87C35AB84A54E4D8CD2A0F8B02C7D824.tmp' to 'D:/Workspace/Code/BitBucket/SaveMe/Content/Maps/Menu.umap'
[2015.07.29-19.12.28:302][467]BlueprintLog: New page: Pre-PIE auto-recompile
[2015.07.29-19.12.28:302][467]LogPlayLevel: [PIE] Compiling Menu before PIE...
[2015.07.29-19.12.28:685][467]LogPlayLevel: PIE:  Blueprint regeneration took 383 ms (1 blueprints)
[2015.07.29-19.12.28:686][467]PIE: New page: PIE session: Menu (Jul 29, 2015, 11:12:28 PM)
[2015.07.29-19.12.28:688][467]LogPlayLevel: Creating play world package: /Game/Maps/UEDPIE_0_Menu
[2015.07.29-19.12.28:701][467]LogPlayLevel: PIE: StaticDuplicateObject took: (0.012332s)
[2015.07.29-19.12.28:703][467]LogAIModule: Creating AISystem for world Menu
[2015.07.29-19.12.28:706][467]LogPlayLevel: PIE: World Init took: (0.005299s)
[2015.07.29-19.12.28:706][467]LogPlayLevel: PIE: Created PIE world by copying editor world from /Game/Maps/Menu.Menu to /Game/Maps/UEDPIE_0_Menu.Menu (0.018562s)
[2015.07.29-19.12.28:839][467]LogInit: XAudio2 using 'Speakers / Headphones (IDT High Definition Audio CODEC)' : 2 channels at 48 kHz using 16 bits per sample (channel mask 0x3)
[2015.07.29-19.12.28:871][467]LogInit: FAudioDevice initialized.
[2015.07.29-19.12.28:948][467]LogWorld: Game class is 'GameMode'
[2015.07.29-19.12.28:957][467]LogWorld: Bringing World /Game/Maps/UEDPIE_0_Menu.Menu up for play (max tick rate 60) at 2015.07.29-21.12.28
[2015.07.29-19.12.28:957][467]LogActor:Warning: GameSession /Game/Maps/UEDPIE_0_Menu.Menu:PersistentLevel.GameSession_1 has natively added scene component(s), but none of them were set as the actor's RootComponent - picking one arbitrarily
[2015.07.29-19.12.28:959][467]LogActor:Warning: GameNetworkManager /Game/Maps/UEDPIE_0_Menu.Menu:PersistentLevel.GameNetworkManager_1 has natively added scene component(s), but none of them were set as the actor's RootComponent - picking one arbitrarily
[2015.07.29-19.12.28:960][467]LogWorld: Bringing up level for play took: 0.005243
[2015.07.29-19.12.28:980][467]PIE: Info Play in editor start time for /Game/Maps/UEDPIE_0_Menu 0.331
[2015.07.29-19.12.33:097][601]LogParticles: Destroying 0 GPU particle simulations for FXSystem 0x000000000B2463E0
[2015.07.29-19.12.34:747][657]BlueprintLog: New page: Pre-PIE auto-recompile
[2015.07.29-19.12.34:747][657]LogPlayLevel: [PIE] Compiling Menu before PIE...
[2015.07.29-19.12.35:107][657]LogPlayLevel: PIE:  Blueprint regeneration took 360 ms (1 blueprints)
[2015.07.29-19.12.35:108][657]PIE: New page: PIE session: Menu (Jul 29, 2015, 11:12:35 PM)
[2015.07.29-19.12.35:110][657]LogPlayLevel: Creating play world package: /Game/Maps/UEDPIE_0_Menu
[2015.07.29-19.12.35:123][657]LogPlayLevel: PIE: StaticDuplicateObject took: (0.012683s)
[2015.07.29-19.12.35:125][657]LogAIModule: Creating AISystem for world Menu
[2015.07.29-19.12.35:129][657]LogPlayLevel: PIE: World Init took: (0.006178s)
[2015.07.29-19.12.35:129][657]LogPlayLevel: PIE: Created PIE world by copying editor world from /Game/Maps/Menu.Menu to /Game/Maps/UEDPIE_0_Menu.Menu (0.019611s)
[2015.07.29-19.12.35:263][657]LogInit: XAudio2 using 'Speakers / Headphones (IDT High Definition Audio CODEC)' : 2 channels at 48 kHz using 16 bits per sample (channel mask 0x3)
[2015.07.29-19.12.35:293][657]LogInit: FAudioDevice initialized.
[2015.07.29-19.12.35:380][657]LogWorld: Game class is 'GameMode'
[2015.07.29-19.12.35:390][657]LogWorld: Bringing World /Game/Maps/UEDPIE_0_Menu.Menu up for play (max tick rate 60) at 2015.07.29-21.12.35
[2015.07.29-19.12.35:390][657]LogActor:Warning: GameSession /Game/Maps/UEDPIE_0_Menu.Menu:PersistentLevel.GameSession_2 has natively added scene component(s), but none of them were set as the actor's RootComponent - picking one arbitrarily
[2015.07.29-19.12.35:392][657]LogActor:Warning: GameNetworkManager /Game/Maps/UEDPIE_0_Menu.Menu:PersistentLevel.GameNetworkManager_2 has natively added scene component(s), but none of them were set as the actor's RootComponent - picking one arbitrarily
[2015.07.29-19.12.35:393][657]LogWorld: Bringing up level for play took: 0.005292
[2015.07.29-19.12.35:410][657]PIE: Info Play in editor start time for /Game/Maps/UEDPIE_0_Menu 0.761
[2015.07.29-19.12.37:160][703]LogPackageName: SearchForPackageOnDisk took   0.389s to resolve Level1.umap
[2015.07.29-19.12.37:544][703]LogPackageName: SearchForPackageOnDisk took   0.377s to resolve Level1.umap
[2015.07.29-19.12.37:544][703]LogNet: Browse: /Game/Maps/Level1
[2015.07.29-19.12.37:545][703]LogLoad: LoadMap: /Game/Maps/Level1
[2015.07.29-19.12.37:688][703]LogParticles: Destroying 0 GPU particle simulations for FXSystem 0x000000000B245DA0
[2015.07.29-19.12.37:688][703]Cmd: MEM
[2015.07.29-19.12.37:818][703]LogMemory: Platform Memory Stats for Windows
[2015.07.29-19.12.37:818][703]LogMemory: Process Physical Memory: 463.59 MB used, 505.79 MB peak
[2015.07.29-19.12.37:818][703]LogMemory: Process Virtual Memory: 367.98 MB used, 431.70 MB peak
[2015.07.29-19.12.37:818][703]LogMemory: Physical Memory: 3818.89 MB used, 8148.89 MB total
[2015.07.29-19.12.37:818][703]LogMemory: Virtual Memory: 940.38 MB used, 8388608.00 MB total
[2015.07.29-19.12.37:818][703]LogMemory: 
[2015.07.29-19.12.37:818][703]Allocator Stats for TBB: (not implemented)
[2015.07.29-19.12.38:185][703]LogAIModule: Creating AISystem for world Level1
[2015.07.29-19.12.38:190][703]LogWorld: Game class is 'GameMode'
[2015.07.29-19.12.38:200][703]LogWorld: Bringing World /Game/Maps/UEDPIE_0_Level1.Level1 up for play (max tick rate 60) at 2015.07.29-21.12.38
[2015.07.29-19.12.38:200][703]LogActor:Warning: GameSession /Game/Maps/UEDPIE_0_Level1.Level1:PersistentLevel.GameSession_3 has natively added scene component(s), but none of them were set as the actor's RootComponent - picking one arbitrarily
[2015.07.29-19.12.38:202][703]LogActor:Warning: GameNetworkManager /Game/Maps/UEDPIE_0_Level1.Level1:PersistentLevel.GameNetworkManager_3 has natively added scene component(s), but none of them were set as the actor's RootComponent - picking one arbitrarily
[2015.07.29-19.12.38:203][703]LogWorld: Bringing up level for play took: 0.004621
[2015.07.29-19.12.38:206][703]LogGameMode: Warning - PATHS NOT DEFINED or NO PLAYERSTART with positive rating
[2015.07.29-19.12.54:169][270]LogParticles: Destroying 0 GPU particle simulations for FXSystem 0x000000000EB0E660
[2015.07.29-19.12.54:214][271]LogRenderer: Reallocating scene render targets to support 1208x600 (Frame:3563).
[2015.07.29-19.16.19:940][315]Cmd: QUIT_EDITOR
[2015.07.29-19.16.21:543][315]LogExit: Preparing to exit.
[2015.07.29-19.16.22:512][315]LogExit: Editor shut down
[2015.07.29-19.16.22:514][315]LogExit: Transaction tracking system shut down
[2015.07.29-19.16.22:514][315]LogParticles: Destroying 0 GPU particle simulations for FXSystem 0x000000000EB0FD80
[2015.07.29-19.16.22:515][315]LogParticles: Destroying 0 GPU particle simulations for FXSystem 0x00000000224CCE00
[2015.07.29-19.16.23:357][315]LogParticles: Destroying 0 GPU particle simulations for FXSystem 0x000000000EA3D9E0
[2015.07.29-19.16.23:357][315]LogExit: Object subsystem successfully closed.
[2015.07.29-19.16.23:410][315]LogD3D11RHI: Shutdown
[2015.07.29-19.16.23:410][315]LogD3D11RHI: CleanupD3DDevice
[2015.07.29-19.16.23:569][315]LogD3D11RHI: ~FD3D11DynamicRHI
[2015.07.29-19.16.23:704][315]LogModuleManager: Shutting down and abandoning module ExternalImagePicker (189)
[2015.07.29-19.16.23:704][315]LogModuleManager: Shutting down and abandoning module CrashTracker (188)
[2015.07.29-19.16.23:704][315]LogModuleManager: Shutting down and abandoning module SceneOutliner (187)
[2015.07.29-19.16.23:704][315]LogModuleManager: Shutting down and abandoning module SuperSearch (186)
[2015.07.29-19.16.23:704][315]LogModuleManager: Shutting down and abandoning module WidgetCarousel (185)
[2015.07.29-19.16.23:704][315]LogModuleManager: Shutting down and abandoning module AddContentDialog (184)
[2015.07.29-19.16.23:708][315]LogModuleManager: Shutting down and abandoning module EditorWidgets (183)
[2015.07.29-19.16.23:708][315]LogModuleManager: Shutting down and abandoning module CollectionManager (182)
[2015.07.29-19.16.23:709][315]LogModuleManager: Shutting down and abandoning module StatsViewer (181)
[2015.07.29-19.16.23:709][315]LogModuleManager: Shutting down and abandoning module FoliageEdit (180)
[2015.07.29-19.16.23:709][315]LogModuleManager: Shutting down and abandoning module LandscapeEditor (179)
[2015.07.29-19.16.23:712][315]LogModuleManager: Shutting down and abandoning module ActorPickerMode (178)
[2015.07.29-19.16.23:712][315]LogModuleManager: Shutting down and abandoning module GeometryMode (177)
[2015.07.29-19.16.23:712][315]LogModuleManager: Shutting down and abandoning module TextureAlignMode (176)
[2015.07.29-19.16.23:712][315]LogModuleManager: Shutting down and abandoning module BspMode (175)
[2015.07.29-19.16.23:712][315]LogModuleManager: Shutting down and abandoning module PlacementMode (174)
[2015.07.29-19.16.23:713][315]LogModuleManager: Shutting down and abandoning module AutomationWorker (173)
[2015.07.29-19.16.23:713][315]LogModuleManager: Shutting down and abandoning module CharacterAI (172)
[2015.07.29-19.16.23:713][315]LogModuleManager: Shutting down and abandoning module SmartSnapping (171)
[2015.07.29-19.16.23:713][315]LogModuleManager: Shutting down and abandoning module ViewportSnapping (170)
[2015.07.29-19.16.23:713][315]LogModuleManager: Shutting down and abandoning module LogVisualizer (169)
[2015.07.29-19.16.23:714][315]LogModuleManager: Shutting down and abandoning module GameProjectGeneration (168)
[2015.07.29-19.16.23:716][315]LogModuleManager: Shutting down and abandoning module IntroTutorials (167)
[2015.07.29-19.16.23:717][315]LogModuleManager: Shutting down and abandoning module EditorLiveStreaming (166)
[2015.07.29-19.16.23:717][315]LogModuleManager: Shutting down and abandoning module IOSPlatformEditor (165)
[2015.07.29-19.16.23:717][315]LogModuleManager: Shutting down and abandoning module HTML5PlatformEditor (164)
[2015.07.29-19.16.23:718][315]LogModuleManager: Shutting down and abandoning module AndroidDeviceDetection (163)
[2015.07.29-19.16.24:480][315]LogModuleManager: Shutting down and abandoning module AndroidPlatformEditor (162)
[2015.07.29-19.16.24:480][315]LogModuleManager: Shutting down and abandoning module IOSRuntimeSettings (161)
[2015.07.29-19.16.24:480][315]LogModuleManager: Shutting down and abandoning module AndroidRuntimeSettings (160)
[2015.07.29-19.16.24:480][315]LogModuleManager: Shutting down and abandoning module MergeActors (159)
[2015.07.29-19.16.24:480][315]LogModuleManager: Shutting down and abandoning module SizeMap (158)
[2015.07.29-19.16.24:481][315]LogModuleManager: Shutting down and abandoning module TreeMap (157)
[2015.07.29-19.16.24:484][315]LogModuleManager: Shutting down and abandoning module ReferenceViewer (156)
[2015.07.29-19.16.24:484][315]LogModuleManager: Shutting down and abandoning module LocalizationDashboard (155)
[2015.07.29-19.16.24:485][315]LogModuleManager: Shutting down and abandoning module HardwareTargeting (154)
[2015.07.29-19.16.24:485][315]LogModuleManager: Shutting down and abandoning module DeviceProfileEditor (153)
[2015.07.29-19.16.24:485][315]LogModuleManager: Shutting down and abandoning module UndoHistory (152)
[2015.07.29-19.16.24:486][315]LogModuleManager: Shutting down and abandoning module GameplayTagsEditor (151)
[2015.07.29-19.16.24:486][315]LogModuleManager: Shutting down and abandoning module UserFeedback (150)
[2015.07.29-19.16.24:486][315]LogModuleManager: Shutting down and abandoning module XmlParser (149)
[2015.07.29-19.16.24:486][315]LogModuleManager: Shutting down and abandoning module Blutility (148)
[2015.07.29-19.16.24:486][315]LogModuleManager: Shutting down and abandoning module ProjectTargetPlatformEditor (147)
[2015.07.29-19.16.24:487][315]LogModuleManager: Shutting down and abandoning module ProjectSettingsViewer (146)
[2015.07.29-19.16.24:487][315]LogModuleManager: Shutting down and abandoning module InputBindingEditor (145)
[2015.07.29-19.16.24:487][315]LogModuleManager: Shutting down and abandoning module EditorSettingsViewer (144)
[2015.07.29-19.16.24:488][315]LogModuleManager: Shutting down and abandoning module SettingsEditor (143)
[2015.07.29-19.16.24:488][315]LogModuleManager: Shutting down and abandoning module ProjectLauncher (142)
[2015.07.29-19.16.24:489][315]LogModuleManager: Shutting down and abandoning module SessionFrontend (141)
[2015.07.29-19.16.24:489][315]LogModuleManager: Shutting down and abandoning module ProfilerClient (140)
[2015.07.29-19.16.24:490][315]LogModuleManager: Shutting down and abandoning module TargetDeviceServices (139)
[2015.07.29-19.16.24:490][315]LogModuleManager: Shutting down and abandoning module DeviceManager (138)
[2015.07.29-19.16.24:491][315]LogModuleManager: Shutting down and abandoning module AutomationController (137)
[2015.07.29-19.16.24:491][315]LogModuleManager: Shutting down and abandoning module AutomationWindow (136)
[2015.07.29-19.16.24:492][315]LogModuleManager: Shutting down and abandoning module Layers (135)
[2015.07.29-19.16.24:503][315]LogModuleManager: Shutting down and abandoning module ComponentVisualizers (134)
[2015.07.29-19.16.24:503][315]LogModuleManager: Shutting down and abandoning module DetailCustomizations (133)
[2015.07.29-19.16.24:503][315]LogModuleManager: Shutting down and abandoning module PackagesDialog (132)
[2015.07.29-19.16.24:504][315]LogModuleManager: Shutting down and abandoning module AssetRegistry (131)
[2015.07.29-19.16.24:692][315]LogModuleManager: Shutting down and abandoning module Persona (130)
[2015.07.29-19.16.24:692][315]LogModuleManager: Shutting down and abandoning module Kismet (129)
[2015.07.29-19.16.24:696][315]LogModuleManager: Shutting down and abandoning module GraphEditor (128)
[2015.07.29-19.16.24:701][315]LogModuleManager: Shutting down and abandoning module ClassViewer (127)
[2015.07.29-19.16.24:701][315]LogModuleManager: Shutting down and abandoning module Toolbox (126)
[2015.07.29-19.16.24:701][315]LogModuleManager: Shutting down and abandoning module ModuleUI (125)
[2015.07.29-19.16.24:701][315]LogModuleManager: Shutting down and abandoning module MovieSceneTools (124)
[2015.07.29-19.16.24:704][315]LogModuleManager: Shutting down and abandoning module OutputLog (123)
[2015.07.29-19.16.24:704][315]LogModuleManager: Shutting down and abandoning module GammaUI (122)
[2015.07.29-19.16.24:705][315]LogModuleManager: Shutting down and abandoning module Documentation (121)
[2015.07.29-19.16.24:705][315]LogModuleManager: Shutting down and abandoning module GameLiveStreaming (120)
[2015.07.29-19.16.24:706][315]LogModuleManager: Shutting down and abandoning module StreamingPauseRendering (119)
[2015.07.29-19.16.24:706][315]LogModuleManager: Shutting down and abandoning module AnalyticsET (118)
[2015.07.29-19.16.24:706][315]LogModuleManager: Shutting down and abandoning module Analytics (117)
[2015.07.29-19.16.24:706][315]LogModuleManager: Shutting down and abandoning module AITestSuite (116)
[2015.07.29-19.16.24:706][315]LogModuleManager: Shutting down and abandoning module GameplayDebugger (115)
[2015.07.29-19.16.24:706][315]LogModuleManager: Shutting down and abandoning module AIModule (114)
[2015.07.29-19.16.24:706][315]LogModuleManager: Shutting down and abandoning module ProfilerService (113)
[2015.07.29-19.16.24:739][315]LogModuleManager: Shutting down and abandoning module TaskGraph (112)
[2015.07.29-19.16.24:741][315]LogModuleManager: Shutting down and abandoning module SlateRemote (111)
[2015.07.29-19.16.24:741][315]LogModuleManager: Shutting down and abandoning module SteamVRController (110)
[2015.07.29-19.16.24:741][315]LogModuleManager: Shutting down and abandoning module SteamVR (109)
[2015.07.29-19.16.24:741][315]LogModuleManager: Shutting down and abandoning module ProceduralMeshComponent (108)
[2015.07.29-19.16.24:741][315]LogModuleManager: Shutting down and abandoning module OculusRift (107)
[2015.07.29-19.16.24:741][315]LogModuleManager: Shutting down and abandoning module LeapMotionController (106)
[2015.07.29-19.16.24:788][315]LogModuleManager: Shutting down and abandoning module CustomMeshComponent (105)
[2015.07.29-19.16.24:789][315]LogModuleManager: Shutting down and abandoning module CableComponent (104)
[2015.07.29-19.16.24:789][315]LogModuleManager: Shutting down and abandoning module MessagingDebugger (103)
[2015.07.29-19.16.24:789][315]LogModuleManager: Shutting down and abandoning module MediaPlayerEditor (102)
[2015.07.29-19.16.24:789][315]LogModuleManager: Shutting down and abandoning module SpeedTreeImporter (101)
[2015.07.29-19.16.24:790][315]LogModuleManager: Shutting down and abandoning module PluginBrowser (100)
[2015.07.29-19.16.24:790][315]LogModuleManager: Shutting down and abandoning module EpicSurvey (99)
[2015.07.29-19.16.24:790][315]LogModuleManager: Shutting down and abandoning module DesktopPlatform (98)
[2015.07.29-19.16.24:790][315]LogModuleManager: Shutting down and abandoning module VisualStudioSourceCodeAccess (97)
[2015.07.29-19.16.24:791][315]LogModuleManager: Shutting down and abandoning module UObjectPlugin (96)
[2015.07.29-19.16.24:791][315]LogModuleManager: Shutting down and abandoning module SubversionSourceControl (95)
[2015.07.29-19.16.24:791][315]LogModuleManager: Shutting down and abandoning module PerforceSourceControl (94)
[2015.07.29-19.16.24:791][315]LogModuleManager: Shutting down and abandoning module SourceControl (93)
[2015.07.29-19.16.24:793][315]LogModuleManager: Shutting down and abandoning module GitSourceControl (92)
[2015.07.29-19.16.24:796][315]LogModuleManager: Shutting down and abandoning module BlankPlugin (91)
[2015.07.29-19.16.24:798][315]LogModuleManager: Shutting down and abandoning module PaperTiledImporter (90)
[2015.07.29-19.16.24:799][315]LogModuleManager: Shutting down and abandoning module PaperSpriteSheetImporter (89)
[2015.07.29-19.16.24:799][315]LogModuleManager: Shutting down and abandoning module MeshPaint (88)
[2015.07.29-19.16.24:800][315]LogModuleManager: Shutting down and abandoning module SlateReflector (87)
[2015.07.29-19.16.24:806][315]LogModuleManager: Shutting down and abandoning module DirectoryWatcher (86)
[2015.07.29-19.16.24:808][315]LogModuleManager: Shutting down and abandoning module HotReload (85)
[2015.07.29-19.16.24:808][315]LogModuleManager: Shutting down and abandoning module MainFrame (84)
[2015.07.29-19.16.24:808][315]LogModuleManager: Shutting down and abandoning module LevelEditor (83)
[2015.07.29-19.16.24:818][315]LogModuleManager: Shutting down and abandoning module ContentBrowser (82)
[2015.07.29-19.16.24:823][315]LogModuleManager: Shutting down and abandoning module Paper2DEditor (81)
[2015.07.29-19.16.24:823][315]LogModuleManager: Shutting down and abandoning module UdpMessaging (80)
[2015.07.29-19.16.24:923][315]LogModuleManager: Shutting down and abandoning module Paper2D (79)
[2015.07.29-19.16.24:923][315]LogModuleManager: Shutting down and abandoning module WindowsMoviePlayer (78)
[2015.07.29-19.16.24:937][315]LogModuleManager: Shutting down and abandoning module Media (77)
[2015.07.29-19.16.24:937][315]LogModuleManager: Shutting down and abandoning module WmfMedia (76)
[2015.07.29-19.16.24:940][315]LogModuleManager: Shutting down and abandoning module OnlineBlueprintSupport (75)
[2015.07.29-19.16.24:940][315]LogModuleManager: Shutting down and abandoning module PropertyEditor (74)
[2015.07.29-19.16.24:940][315]LogModuleManager: Shutting down and abandoning module BehaviorTreeEditor (73)
[2015.07.29-19.16.24:942][315]LogModuleManager: Shutting down and abandoning module FunctionalTesting (72)
[2015.07.29-19.16.24:942][315]LogModuleManager: Shutting down and abandoning module CollisionAnalyzer (71)
[2015.07.29-19.16.24:943][315]LogModuleManager: Shutting down and abandoning module WorkspaceMenuStructure (70)
[2015.07.29-19.16.24:944][315]LogModuleManager: Shutting down and abandoning module MessageLog (69)
[2015.07.29-19.16.24:944][315]LogModuleManager: Shutting down and abandoning module Sequencer (68)
[2015.07.29-19.16.24:950][315]LogModuleManager: Shutting down and abandoning module AssetTools (67)
[2015.07.29-19.16.24:953][315]LogModuleManager: Shutting down and abandoning module UMGEditor (66)
[2015.07.29-19.16.24:954][315]LogModuleManager: Shutting down and abandoning module UMG (65)
[2015.07.29-19.16.24:954][315]LogModuleManager: Shutting down and abandoning module Slate (64)
[2015.07.29-19.16.24:954][315]LogModuleManager: Shutting down and abandoning module EditorStyle (63)
[2015.07.29-19.16.24:967][315]LogModuleManager: Shutting down and abandoning module SessionServices (62)
[2015.07.29-19.16.24:967][315]LogModuleManager: Shutting down and abandoning module SourceCodeAccess (61)
[2015.07.29-19.16.24:967][315]LogModuleManager: Shutting down and abandoning module HeadMountedDisplay (60)
[2015.07.29-19.16.24:968][315]LogModuleManager: Shutting down and abandoning module XAudio2 (59)
[2015.07.29-19.16.24:968][315]LogModuleManager: Shutting down and abandoning module Networking (57)
[2015.07.29-19.16.24:968][315]LogModuleManager: Shutting down and abandoning module Core (56)
[2015.07.29-19.16.24:968][315]LogModuleManager: Shutting down and abandoning module KismetCompiler (55)
[2015.07.29-19.16.24:968][315]LogModuleManager: Shutting down and abandoning module PhysXFormats (54)
[2015.07.29-19.16.24:968][315]LogModuleManager: Shutting down and abandoning module MeshUtilities (53)
[2015.07.29-19.16.24:969][315]LogModuleManager: Shutting down and abandoning module DerivedDataCache (52)
[2015.07.29-19.16.25:058][315]LogDerivedDataCache: Shutdown
[2015.07.29-19.16.25:058][315]LogModuleManager: Shutting down and abandoning module ShaderFormatOpenGL (51)
[2015.07.29-19.16.25:058][315]LogModuleManager: Shutting down and abandoning module ShaderFormatD3D (50)
[2015.07.29-19.16.25:058][315]LogModuleManager: Shutting down and abandoning module MetalShaderFormat (49)
[2015.07.29-19.16.25:059][315]LogModuleManager: Shutting down and abandoning module TextureFormatUncompressed (48)
[2015.07.29-19.16.25:059][315]LogModuleManager: Shutting down and abandoning module TextureFormatPVR (47)
[2015.07.29-19.16.25:059][315]LogModuleManager: Shutting down and abandoning module TextureFormatIntelISPCTexComp (46)
[2015.07.29-19.16.25:059][315]LogModuleManager: Shutting down and abandoning module TextureFormatDXT (45)
[2015.07.29-19.16.25:060][315]LogModuleManager: Shutting down and abandoning module ImageWrapper (44)
[2015.07.29-19.16.25:060][315]LogModuleManager: Shutting down and abandoning module TextureFormatASTC (43)
[2015.07.29-19.16.25:060][315]LogModuleManager: Shutting down and abandoning module TextureFormatAndroid (42)
[2015.07.29-19.16.25:060][315]LogModuleManager: Shutting down and abandoning module AudioFormatOpus (41)
[2015.07.29-19.16.25:060][315]LogModuleManager: Shutting down and abandoning module AudioFormatOgg (40)
[2015.07.29-19.16.25:060][315]LogModuleManager: Shutting down and abandoning module AudioFormatADPCM (39)
[2015.07.29-19.16.25:060][315]LogModuleManager: Shutting down and abandoning module LinuxTargetPlatform (38)
[2015.07.29-19.16.25:060][315]LogModuleManager: Shutting down and abandoning module LinuxServerTargetPlatform (37)
[2015.07.29-19.16.25:060][315]LogModuleManager: Shutting down and abandoning module LinuxNoEditorTargetPlatform (36)
[2015.07.29-19.16.25:061][315]LogModuleManager: Shutting down and abandoning module Messaging (35)
[2015.07.29-19.16.25:061][315]LogModuleManager: Shutting down and abandoning module IOSTargetPlatform (34)
[2015.07.29-19.16.25:061][315]LogModuleManager: Shutting down and abandoning module HTML5TargetPlatform (33)
[2015.07.29-19.16.25:061][315]LogModuleManager: Shutting down and abandoning module Android_PVRTCTargetPlatform (32)
[2015.07.29-19.16.25:061][315]LogModuleManager: Shutting down and abandoning module Android_ETC2TargetPlatform (31)
[2015.07.29-19.16.25:061][315]LogModuleManager: Shutting down and abandoning module Android_ETC1TargetPlatform (30)
[2015.07.29-19.16.25:061][315]LogModuleManager: Shutting down and abandoning module Android_DXTTargetPlatform (29)
[2015.07.29-19.16.25:061][315]LogModuleManager: Shutting down and abandoning module Android_ATCTargetPlatform (28)
[2015.07.29-19.16.25:061][315]LogModuleManager: Shutting down and abandoning module Android_ASTCTargetPlatform (27)
[2015.07.29-19.16.25:061][315]LogModuleManager: Shutting down and abandoning module AndroidTargetPlatform (26)
[2015.07.29-19.16.25:062][315]LogModuleManager: Shutting down and abandoning module WindowsTargetPlatform (25)
[2015.07.29-19.16.25:062][315]LogModuleManager: Shutting down and abandoning module WindowsServerTargetPlatform (24)
[2015.07.29-19.16.25:062][315]LogModuleManager: Shutting down and abandoning module WindowsNoEditorTargetPlatform (23)
[2015.07.29-19.16.25:062][315]LogModuleManager: Shutting down and abandoning module WindowsClientTargetPlatform (22)
[2015.07.29-19.16.25:062][315]LogModuleManager: Shutting down and abandoning module DesktopTargetPlatform (21)
[2015.07.29-19.16.25:062][315]LogModuleManager: Shutting down and abandoning module TargetPlatform (20)
[2015.07.29-19.16.25:062][315]LogModuleManager: Shutting down and abandoning module InputCore (19)
[2015.07.29-19.16.25:062][315]LogModuleManager: Shutting down and abandoning module Settings (18)
[2015.07.29-19.16.25:063][315]LogModuleManager: Shutting down and abandoning module OnlineSubsystem (16)
[2015.07.29-19.16.25:063][315]LogModuleManager: Shutting down and abandoning module HTTP (15)
[2015.07.29-19.16.25:064][315]LogModuleManager: Shutting down and abandoning module ExampleDeviceProfileSelector (14)
[2015.07.29-19.16.25:064][315]LogModuleManager: Shutting down and abandoning module TextureCompressor (13)
[2015.07.29-19.16.25:065][315]LogModuleManager: Shutting down and abandoning module ShaderCore (12)
[2015.07.29-19.16.25:065][315]LogModuleManager: Shutting down and abandoning module Landscape (11)
[2015.07.29-19.16.25:065][315]LogModuleManager: Shutting down and abandoning module SlateRHIRenderer (10)
[2015.07.29-19.16.25:073][315]LogModuleManager: Shutting down and abandoning module OpenGLDrv (9)
[2015.07.29-19.16.25:074][315]LogModuleManager: Shutting down and abandoning module D3D11RHI (8)
[2015.07.29-19.16.25:074][315]LogModuleManager: Shutting down and abandoning module Renderer (7)
[2015.07.29-19.16.25:074][315]LogModuleManager: Shutting down and abandoning module Engine (6)
[2015.07.29-19.16.25:074][315]LogModuleManager: Shutting down and abandoning module CoreUObject (5)
[2015.07.29-19.16.25:074][315]LogModuleManager: Shutting down and abandoning module NetworkFile (4)
[2015.07.29-19.16.25:075][315]LogModuleManager: Shutting down and abandoning module StreamingFile (3)
[2015.07.29-19.16.25:076][315]LogModuleManager: Shutting down and abandoning module SandboxFile (2)
[2015.07.29-19.16.25:076][315]LogModuleManager: Shutting down and abandoning module PakFile (1)
[2015.07.29-19.16.25:078][315]LogExit: Exiting.
[2015.07.29-19.16.25:148][315]Log file closed, 07/29/15 21:16:25
