[2015.07.31-13.30.03:400][  0]Log file open, 07/31/15 15:30:03
[2015.07.31-13.30.03:400][  0]LogInit:Display: Running engine for game: SaveMe
[2015.07.31-13.30.03:400][  0]LogInit:Display: RandInit(359799312) SRandInit(359799312).
[2015.07.31-13.30.03:400][  0]LogTaskGraph: Started task graph with 4 named threads and 5 total threads.
[2015.07.31-13.30.03:400][  0]LogStats: Stats thread started
[2015.07.31-13.30.03:400][  0]LogInit: Version: 4.8.3-2634408+++depot+UE4-Releases+4.8
[2015.07.31-13.30.03:400][  0]LogInit: API Version: 2579680
[2015.07.31-13.30.03:400][  0]LogInit: Compiled (64-bit): Jul 27 2015 16:24:33
[2015.07.31-13.30.03:400][  0]LogInit: Compiled with Visual C++: 18.00.21005.01
[2015.07.31-13.30.03:400][  0]LogInit: Build Configuration: Development
[2015.07.31-13.30.03:400][  0]LogInit: Branch Name: ++depot+UE4-Releases+4.8
[2015.07.31-13.30.03:400][  0]LogInit: Command line: 
[2015.07.31-13.30.03:400][  0]LogInit: Base directory: C:/Program Files/Epic Games/4.8/Engine/Binaries/Win64/
[2015.07.31-13.30.03:400][  0]LogInit: Rocket: 1
[2015.07.31-13.30.03:418][  0]LogInit: Using libcurl 7.41.0
[2015.07.31-13.30.03:418][  0]LogInit:  - built for x86_64-pc-win32
[2015.07.31-13.30.03:418][  0]LogInit:  - supports SSL with WinSSL
[2015.07.31-13.30.03:418][  0]LogInit:  - other features:
[2015.07.31-13.30.03:418][  0]LogInit:      CURL_VERSION_SSL
[2015.07.31-13.30.03:418][  0]LogInit:      CURL_VERSION_IPV6
[2015.07.31-13.30.03:418][  0]LogInit:      CURL_VERSION_ASYNCHDNS
[2015.07.31-13.30.03:418][  0]LogInit:      CURL_VERSION_LARGEFILE
[2015.07.31-13.30.03:418][  0]LogInit:      CURL_VERSION_IDN
[2015.07.31-13.30.03:418][  0]LogInit:  CurlRequestOptions (configurable via config and command line):
[2015.07.31-13.30.03:418][  0]LogInit:  - bVerifyPeer = true  - Libcurl will verify peer certificate
[2015.07.31-13.30.03:418][  0]LogInit:  - bUseHttpProxy = false  - Libcurl will NOT use HTTP proxy
[2015.07.31-13.30.03:418][  0]LogInit:  - bDontReuseConnections = false  - Libcurl will reuse connections
[2015.07.31-13.30.03:418][  0]LogInit:  - CertBundlePath = nullptr  - Libcurl will use whatever was configured at build time.
[2015.07.31-13.30.03:431][  0]LogOnline:Warning: No default platform service specified for OnlineSubsystem
[2015.07.31-13.30.03:445][  0]LogInit: Presizing for 0 objects not considered by GC, pre-allocating 0 bytes.
[2015.07.31-13.30.03:453][  0]LogInit: Object subsystem initialized
[2015.07.31-13.30.03:454][  0]LogConsoleResponse:Warning: Skipping Unknown console variable: 'TranslucentSortAxis = (X=0.000000,Y=-1.000000,Z=0.000000)'
[2015.07.31-13.30.03:454][  0]LogConsoleResponse:Warning:   Found in ini file 'D:/Workspace/Code/BitBucket/SaveMe/Saved/Config/Windows/Engine.ini', in section '[/Script/Engine.RendererSettings]'
[2015.07.31-13.30.03:454][  0]LogConsoleResponse:Warning: Skipping Unknown console variable: 'UIScaleRule = ShortestSide'
[2015.07.31-13.30.03:454][  0]LogConsoleResponse:Warning:   Found in ini file 'D:/Workspace/Code/BitBucket/SaveMe/Saved/Config/Windows/Engine.ini', in section '[/Script/Engine.RendererSettings]'
[2015.07.31-13.30.03:454][  0]LogConsoleResponse:Warning: Skipping Unknown console variable: 'UIScaleCurve = (EditorCurveData=(Keys=),ExternalCurve=None)'
[2015.07.31-13.30.03:454][  0]LogConsoleResponse:Warning:   Found in ini file 'D:/Workspace/Code/BitBucket/SaveMe/Saved/Config/Windows/Engine.ini', in section '[/Script/Engine.RendererSettings]'
[2015.07.31-13.30.03:454][  0]LogInit: Selected Device Profile: [Windows]
[2015.07.31-13.30.03:454][  0]LogInit: Applying CVar settings loaded from the selected device profile: [Windows]
[2015.07.31-13.30.03:465][  0]LogInit: Computer: SLB-H7VRKQ1
[2015.07.31-13.30.03:465][  0]LogInit: User: ALorente
[2015.07.31-13.30.03:465][  0]LogInit: CPU Page size=4096, Cores=2
[2015.07.31-13.30.03:465][  0]LogInit: High frequency timer resolution =2.630781 MHz
[2015.07.31-13.30.03:465][  0]LogMemory: Memory total: Physical=8.0GB (8GB approx)
[2015.07.31-13.30.03:465][  0]LogMemory: Platform Memory Stats for Windows
[2015.07.31-13.30.03:465][  0]LogMemory: Process Physical Memory: 49.64 MB used, 49.64 MB peak
[2015.07.31-13.30.03:465][  0]LogMemory: Process Virtual Memory: 23.20 MB used, 23.20 MB peak
[2015.07.31-13.30.03:465][  0]LogMemory: Physical Memory: 2428.16 MB used, 8148.89 MB total
[2015.07.31-13.30.03:465][  0]LogMemory: Virtual Memory: 283.23 MB used, 8388608.00 MB total
[2015.07.31-13.30.03:498][  0]LogTextLocalizationManager: The requested culture ('en_US') has no localization data; parent culture's ('en') localization data will be used.
[2015.07.31-13.30.03:714][  0]LogTextLocalizationManager:Warning: Loaded localization resources contain conflicting entries for (Namespace:ContentBrowser, Key:ImportAssetToolTip):
Localization Resource: (C:/Program Files/Epic Games/4.8/Engine/Content/Localization/Editor/en/Editor.locres) Source String Hash: (-630476809) Localized String: (Import to {0}...)
Localization Resource: (C:/Program Files/Epic Games/4.8/Engine/Content/Localization/Editor/en/Editor.locres) Source String Hash: (1271782899) Localized String: (Imports an asset from file to this folder.)
[2015.07.31-13.30.04:239][  0]LogD3D11RHI: Found D3D11 adapter 0: NVIDIA Quadro 2000M (Feature Level 11_0)
[2015.07.31-13.30.04:239][  0]LogD3D11RHI: Adapter has 1999MB of dedicated video memory, 0MB of dedicated system memory, and 3818MB of shared system memory, 1 output[s]
[2015.07.31-13.30.04:239][  0]LogD3D11RHI: Chosen D3D11 Adapter Id = 0
[2015.07.31-13.30.04:244][  0]LogD3D11RHI: InitD3DDevice
[2015.07.31-13.30.04:244][  0]LogD3D11RHI: !Direct3DDevice
[2015.07.31-13.30.04:244][  0]LogRHI: Texture pool is 1361 MB (70% of 1945 MB)
[2015.07.31-13.30.04:257][  0]LogD3D11RHI: Async texture creation enabled
[2015.07.31-13.30.04:272][  0]LogShaderCompilers:Display: Using Local Shader Compiler.
[2015.07.31-13.30.05:141][  0]LogTemp:Display: Loaded TP DesktopTargetPlatform
[2015.07.31-13.30.05:166][  0]LogTemp:Display: Loaded TP WindowsClientTargetPlatform
[2015.07.31-13.30.05:184][  0]LogTemp:Display: Loaded TP WindowsNoEditorTargetPlatform
[2015.07.31-13.30.05:205][  0]LogTemp:Display: Loaded TP WindowsServerTargetPlatform
[2015.07.31-13.30.05:228][  0]LogTemp:Display: Loaded TP WindowsTargetPlatform
[2015.07.31-13.30.05:242][  0]LogTemp:Display: Loaded TP AndroidTargetPlatform
[2015.07.31-13.30.05:255][  0]LogTemp:Display: Loaded TP Android_ASTCTargetPlatform
[2015.07.31-13.30.05:269][  0]LogTemp:Display: Loaded TP Android_ATCTargetPlatform
[2015.07.31-13.30.05:282][  0]LogTemp:Display: Loaded TP Android_DXTTargetPlatform
[2015.07.31-13.30.05:299][  0]LogTemp:Display: Loaded TP Android_ETC1TargetPlatform
[2015.07.31-13.30.05:312][  0]LogTemp:Display: Loaded TP Android_ETC2TargetPlatform
[2015.07.31-13.30.05:330][  0]LogTemp:Display: Loaded TP Android_PVRTCTargetPlatform
[2015.07.31-13.30.05:384][  0]LogTemp:Display: Loaded TP IOSTargetPlatform
[2015.07.31-13.30.05:400][  0]LogTemp:Display: Loaded TP LinuxNoEditorTargetPlatform
[2015.07.31-13.30.05:415][  0]LogTemp:Display: Loaded TP LinuxServerTargetPlatform
[2015.07.31-13.30.05:431][  0]LogTemp:Display: Loaded TP LinuxTargetPlatform
[2015.07.31-13.30.05:431][  0]LogTargetPlatformManager:Display: Building Assets For Windows
[2015.07.31-13.30.05:666][  0]LogDerivedDataCache:Display: Max Cache Size: 512 MB
[2015.07.31-13.30.05:722][  0]LogDerivedDataCache: Loaded boot cache 0.06s 53MB C:/Users/ALorente/AppData/Local/UnrealEngine/4.8/DerivedDataCache/Boot.ddc.
[2015.07.31-13.30.05:722][  0]LogDerivedDataCache:Display: Loaded Boot cache: C:/Users/ALorente/AppData/Local/UnrealEngine/4.8/DerivedDataCache/Boot.ddc
[2015.07.31-13.30.05:722][  0]LogDerivedDataCache: FDerivedDataBackendGraph:  Pak pak cache file D:/Workspace/Code/BitBucket/SaveMe/DerivedDataCache/DDC.ddp not found, will not use a pak cache.
[2015.07.31-13.30.05:722][  0]LogDerivedDataCache: Unable to find inner node Pak for hierarchical cache Hierarchy.
[2015.07.31-13.30.05:722][  0]LogDerivedDataCache: FDerivedDataBackendGraph:  CompressedPak pak cache file D:/Workspace/Code/BitBucket/SaveMe/DerivedDataCache/Compressed.ddp not found, will not use a pak cache.
[2015.07.31-13.30.05:722][  0]LogDerivedDataCache: Unable to find inner node CompressedPak for hierarchical cache Hierarchy.
[2015.07.31-13.30.05:926][  0]LogDerivedDataCache:Display: Pak cache opened for reading ../../../Engine/DerivedDataCache/Compressed.ddp.
[2015.07.31-13.30.05:938][  0]LogDerivedDataCache: Using Local data cache path C:/Users/ALorente/AppData/Local/UnrealEngine/Common/DerivedDataCache: Writable
[2015.07.31-13.30.06:214][  0]LogInit: Selected Device Profile: [Windows]
[2015.07.31-13.30.06:222][  0]ImportText (ComponentSweepMultiTests): Missing closing parenthesis: (RootShapeAsset="/Engine/BasicShapes/Cube.Cube",ShapeType="TriggerCapsule",HitResult=(Time=0.50,Location=(X=-100.000015,Y=0.0,Z=100.000015),ImpactPoint=(X=-50.0,Y=0.0,Z=50.0),Normal=(X=-1.0,Y=-0.0,Z=0.0),ImpactNormal=(X=0.0,Y=0.0,Z=1.0),TraceStart=(X=-200.0,Y=0.0,Z=200.0),TraceEnd=(X=0.0,Y=0.0,Z=0.0))
[2015.07.31-13.30.06:222][  0]ImportText (LineTraceSingleByChannelTests): Missing closing parenthesis: (RootShapeAsset="/Engine/BasicShapes/Cube.Cube",HitResult=(Time=0.50,Location=(X=-100.000015,Y=0.0,Z=100.000015),ImpactPoint=(X=-50.0,Y=0.0,Z=50.0),Normal=(X=-1.0,Y=-0.0,Z=0.0),ImpactNormal=(X=0.0,Y=0.0,Z=1.0),TraceStart=(X=-200.0,Y=0.0,Z=200.0),TraceEnd=(X=0.0,Y=0.0,Z=0.0))
[2015.07.31-13.30.06:258][  0]LogMeshUtilities: No automatic mesh reduction module available
[2015.07.31-13.30.06:258][  0]LogMeshUtilities: No automatic mesh merging module available
[2015.07.31-13.30.06:758][  0]LogInit: WinSock: version 1.1 (2.2), MaxSocks=32767, MaxUdp=65467
[2015.07.31-13.30.07:868][  0]UdpMessaging: Initializing bridge on interface 0.0.0.0:0 to multicast group 230.0.0.1:6666.
[2015.07.31-13.30.08:248][  0]SourceControl: Info Source control is disabled
[2015.07.31-13.30.08:275][  0]SourceControl: Info Source control is disabled
[2015.07.31-13.30.08:291][  0]SourceControl: Info Source control is disabled
[2015.07.31-13.30.08:302][  0]SourceControl: Info Source control is disabled
[2015.07.31-13.30.08:550][  0]LogObj: 26273 objects as part of root set at end of initial load.
[2015.07.31-13.30.08:550][  0]LogUObjectAllocator: 5409248 out of 0 bytes used by permanent object pool.
[2015.07.31-13.30.08:624][  0]LogEngine: Initializing Engine...
[2015.07.31-13.30.08:626][  0]LogHMD: Can't find Oculus library dev build: is proper Runtime installed? Version: 0.6.0.0
[2015.07.31-13.30.08:627][  0]LogHMD:Warning: SteamVR failed to initialize.  Error: 110
[2015.07.31-13.30.08:825][  0]LogAIModule: Creating AISystem for world NewWorld
[2015.07.31-13.30.08:831][  0]LogInit: XAudio2 using 'Speakers / Headphones (IDT High Definition Audio CODEC)' : 2 channels at 48 kHz using 16 bits per sample (channel mask 0x3)
[2015.07.31-13.30.08:854][  0]LogInit: FAudioDevice initialized.
[2015.07.31-13.30.08:880][  0]LogDerivedDataCache: Saved boot cache 0.03s 53MB C:/Users/ALorente/AppData/Local/UnrealEngine/4.8/DerivedDataCache/Boot.ddc.
[2015.07.31-13.30.08:888][  0]LogInit: Texture streaming: Disabled
[2015.07.31-13.30.08:913][  0]LogAnalytics: Creating configured Analytics provider AnalyticsET
[2015.07.31-13.30.08:913][  0]LogAnalytics: [UEEditor.Rocket.Release] APIServer = http://et2.epicgames.com/ET2/. AppVersion = 4.8.3-2634408+++depot+UE4-Releases+4.8
[2015.07.31-13.30.08:913][  0]LogAnalytics: [UEEditor.Rocket.Release] SetUserId d64b808f4af5ec925fa497bbc1d7337b|81643a0ffa4546099291d92070e6ccbc|952f4c26-71e8-47b2-8a9a-557a0707c735
[2015.07.31-13.30.08:913][  0]LogAnalytics: [UEEditor.Rocket.Release] AnalyticsET::StartSession
[2015.07.31-13.30.08:962][  0]LogInit: Transaction tracking system initialized
[2015.07.31-13.30.09:127][  0]BlueprintLog: New page: Editor Load
[2015.07.31-13.30.09:169][  0]LogAssetRegistry: FAssetRegistry took 0.0102 seconds to start up
[2015.07.31-13.30.09:169][  0]LogDirectoryWatcher:Warning: Failed to begin reading directory changes for ../../../Engine/Plugins/Experimental/CharacterAI/Content/. Error: 0
[2015.07.31-13.30.10:131][  0]LogLinker:Warning: Asset '../../../Engine/Content/Tutorial/Mobile/SettingUpAndroidTutorial.uasset' has been saved with empty engine version. The asset will be loaded but may be incompatible.
[2015.07.31-13.30.10:301][  0]LogConsoleManager:Warning: Console variable 'r.VSync' wasn't set ('GameSetting' has a lower priority than 'SystemSettingsIni')
[2015.07.31-13.30.10:301][  0]LogConsoleResponse:Display: 
[2015.07.31-13.30.10:455][  0]LogCook:Display: Done creating registry. It took  0.00s.
[2015.07.31-13.30.10:749][  0]SourceControl: Info Source control is disabled
[2015.07.31-13.30.10:750][  0]Cmd: MAP LOAD FILE="D:/Workspace/Code/BitBucket/SaveMe/Content/Maps/Menu.umap" TEMPLATE=0 SHOWPROGRESS=1 FEATURELEVEL=3
[2015.07.31-13.30.10:755][  0]LightingResults: New page: Lighting Build
[2015.07.31-13.30.10:775][  0]MapCheck: New page: Map Check
[2015.07.31-13.30.10:775][  0]LightingResults: New page: Lighting Build
[2015.07.31-13.30.10:802][  0]LogParticles: Destroying 0 GPU particle simulations for FXSystem 0x0000000014F249A0
[2015.07.31-13.30.11:125][  0]LogAIModule: Creating AISystem for world Menu
[2015.07.31-13.30.11:128][  0]LogEditorServer: Finished looking for orphan Actors (0.000 secs)
[2015.07.31-13.30.11:129][  0]Cmd: MAP CHECKDEP NOCLEARLOG
[2015.07.31-13.30.11:178][  0]MapCheck: Info Map check complete: 0 Error(s), 0 Warning(s), took 48.843ms to complete.
[2015.07.31-13.30.11:178][  0]LogFileHelpers: Loading map 'Menu' took 0.429
[2015.07.31-13.30.11:369][  0]LogCollectionManager: Loaded 0 collections in 0.003283 seconds
[2015.07.31-13.30.11:384][  0]LogContentBrowser: Native class hierarchy populated in 0.0147 seconds. Added 1792 classes and 301 folders.
[2015.07.31-13.30.11:481][  0]LogContentBrowser: Native class hierarchy updated for 'WidgetCarousel' in 0.0005 seconds. Added 0 classes and 0 folders.
[2015.07.31-13.30.11:697][  0]LogContentBrowser: Native class hierarchy updated for 'AddContentDialog' in 0.0005 seconds. Added 0 classes and 0 folders.
[2015.07.31-13.30.11:730][  0]LogContentBrowser: Native class hierarchy updated for 'SceneOutliner' in 0.0005 seconds. Added 1 classes and 2 folders.
[2015.07.31-13.30.11:977][  0]LogCrashTracker: Crashtracker disabled due to settings.
[2015.07.31-13.30.11:987][  0]LogD3D11RHI: InitD3DDevice
[2015.07.31-13.30.11:992][  0]LogUObjectGlobals:Warning: Failed to find object 'Class None.'
[2015.07.31-13.30.12:017][  0]LogLoad: Full Startup: 10.58 seconds (BP compile: 0.26 seconds)
[2015.07.31-13.30.12:175][  0]LogContentStreaming: Texture pool size is 0.000000MB
[2015.07.31-13.30.12:223][  0]LogContentStreaming: Texture pool size now 400 MB
[2015.07.31-13.30.12:390][  0]LogRenderer: Reallocating scene render targets to support 1208x600 (Frame:2).
[2015.07.31-13.30.12:785][  7]LogAssetRegistry: Asset discovery search completed in 3.6269 seconds
[2015.07.31-13.30.13:595][ 32]LogD3D11RHI: InitD3DDevice
[2015.07.31-13.30.17:327][160]LogD3D11RHI: InitD3DDevice
[2015.07.31-13.30.20:225][300]LogD3D11RHI: InitD3DDevice
[2015.07.31-13.31.05:406][654]LogD3D11RHI: InitD3DDevice
[2015.07.31-13.31.38:400][803]BlueprintLog: New page: Pre-PIE auto-recompile
[2015.07.31-13.31.38:400][803]LogPlayLevel: [PIE] Compiling Menu before PIE...
[2015.07.31-13.31.38:507][803]LogPlayLevel: PIE:  Blueprint regeneration took 107 ms (1 blueprints)
[2015.07.31-13.31.38:537][803]PIE: New page: PIE session: Menu (Jul 31, 2015, 5:31:38 PM)
[2015.07.31-13.31.38:537][803]LogPlayLevel: Creating play world package: /Game/Maps/UEDPIE_0_Menu
[2015.07.31-13.31.38:540][803]LogPlayLevel: PIE: StaticDuplicateObject took: (0.002905s)
[2015.07.31-13.31.38:541][803]LogAIModule: Creating AISystem for world Menu
[2015.07.31-13.31.38:542][803]LogPlayLevel: PIE: World Init took: (0.001065s)
[2015.07.31-13.31.38:542][803]LogPlayLevel: PIE: Created PIE world by copying editor world from /Game/Maps/Menu.Menu to /Game/Maps/UEDPIE_0_Menu.Menu (0.004986s)
[2015.07.31-13.31.38:570][803]LogInit: XAudio2 using 'Speakers / Headphones (IDT High Definition Audio CODEC)' : 2 channels at 48 kHz using 16 bits per sample (channel mask 0x3)
[2015.07.31-13.31.38:575][803]LogInit: FAudioDevice initialized.
[2015.07.31-13.31.38:711][803]LogWorld: Game class is 'MainGameMode_C'
[2015.07.31-13.31.38:723][803]LogWorld: Bringing World /Game/Maps/UEDPIE_0_Menu.Menu up for play (max tick rate 60) at 2015.07.31-15.31.38
[2015.07.31-13.31.38:723][803]LogActor:Warning: GameSession /Game/Maps/UEDPIE_0_Menu.Menu:PersistentLevel.GameSession_0 has natively added scene component(s), but none of them were set as the actor's RootComponent - picking one arbitrarily
[2015.07.31-13.31.38:724][803]LogActor:Warning: GameNetworkManager /Game/Maps/UEDPIE_0_Menu.Menu:PersistentLevel.GameNetworkManager_0 has natively added scene component(s), but none of them were set as the actor's RootComponent - picking one arbitrarily
[2015.07.31-13.31.38:726][803]LogWorld: Bringing up level for play took: 0.005336
[2015.07.31-13.31.38:760][803]PIE: Info Play in editor start time for /Game/Maps/UEDPIE_0_Menu 0.006
[2015.07.31-13.31.41:850][930]LogParticles: Destroying 0 GPU particle simulations for FXSystem 0x0000000012A81440
[2015.07.31-13.31.47:173][117]LogD3D11RHI: InitD3DDevice
[2015.07.31-13.31.47:335][117]LogAIModule: Creating AISystem for world Level1
[2015.07.31-13.31.47:392][117]Cmd: MAP LOAD FILE="D:/Workspace/Code/BitBucket/SaveMe/Content/Maps/Level1.umap" TEMPLATE=0 SHOWPROGRESS=1 FEATURELEVEL=3
[2015.07.31-13.31.47:392][117]LightingResults: New page: Lighting Build
[2015.07.31-13.31.47:410][117]LoadErrors: New page: Loading map: Level1.umap
[2015.07.31-13.31.47:411][117]MapCheck: New page: Map Check
[2015.07.31-13.31.47:411][117]LightingResults: New page: Lighting Build
[2015.07.31-13.31.47:427][117]LogParticles: Destroying 0 GPU particle simulations for FXSystem 0x000000000F91C900
[2015.07.31-13.31.47:563][117]LogAIModule: Creating AISystem for world Level1
[2015.07.31-13.31.47:599][117]LogEditorServer: Finished looking for orphan Actors (0.000 secs)
[2015.07.31-13.31.47:628][117]Cmd: MAP CHECKDEP NOCLEARLOG
[2015.07.31-13.31.47:667][117]MapCheck: Info Map check complete: 0 Error(s), 0 Warning(s), took 39.74ms to complete.
[2015.07.31-13.31.47:668][117]LogFileHelpers: Loading map 'Level1' took 0.277
[2015.07.31-13.31.49:275][172]BlueprintLog: New page: Pre-PIE auto-recompile
[2015.07.31-13.31.49:275][172]LogPlayLevel: [PIE] Compiling Level1 before PIE...
[2015.07.31-13.31.49:357][172]LogPlayLevel: PIE:  Blueprint regeneration took 82 ms (1 blueprints)
[2015.07.31-13.31.49:358][172]PIE: New page: PIE session: Level1 (Jul 31, 2015, 5:31:49 PM)
[2015.07.31-13.31.49:358][172]LogPlayLevel: Creating play world package: /Game/Maps/UEDPIE_0_Level1
[2015.07.31-13.31.49:361][172]LogPlayLevel: PIE: StaticDuplicateObject took: (0.003222s)
[2015.07.31-13.31.49:362][172]LogAIModule: Creating AISystem for world Level1
[2015.07.31-13.31.49:362][172]LogPlayLevel: PIE: World Init took: (0.001048s)
[2015.07.31-13.31.49:363][172]LogPlayLevel: PIE: Created PIE world by copying editor world from /Game/Maps/Level1.Level1 to /Game/Maps/UEDPIE_0_Level1.Level1 (0.004453s)
[2015.07.31-13.31.49:390][172]LogInit: XAudio2 using 'Speakers / Headphones (IDT High Definition Audio CODEC)' : 2 channels at 48 kHz using 16 bits per sample (channel mask 0x3)
[2015.07.31-13.31.49:397][172]LogInit: FAudioDevice initialized.
[2015.07.31-13.31.49:432][172]LogWorld: Game class is 'MainGameMode_C'
[2015.07.31-13.31.49:436][172]LogWorld: Bringing World /Game/Maps/UEDPIE_0_Level1.Level1 up for play (max tick rate 60) at 2015.07.31-15.31.49
[2015.07.31-13.31.49:436][172]LogActor:Warning: GameSession /Game/Maps/UEDPIE_0_Level1.Level1:PersistentLevel.GameSession_1 has natively added scene component(s), but none of them were set as the actor's RootComponent - picking one arbitrarily
[2015.07.31-13.31.49:436][172]LogActor:Warning: GameNetworkManager /Game/Maps/UEDPIE_0_Level1.Level1:PersistentLevel.GameNetworkManager_1 has natively added scene component(s), but none of them were set as the actor's RootComponent - picking one arbitrarily
[2015.07.31-13.31.49:437][172]LogWorld: Bringing up level for play took: 0.003541
[2015.07.31-13.31.49:442][172]PIE: Info Play in editor start time for /Game/Maps/UEDPIE_0_Level1 0.689
[2015.07.31-13.31.51:106][236]LogParticles: Destroying 0 GPU particle simulations for FXSystem 0x00000000205FCCC0
[2015.07.31-13.32.02:158][621]LogD3D11RHI: InitD3DDevice
[2015.07.31-13.32.02:198][621]LogD3D11RHI: InitD3DDevice
[2015.07.31-13.32.02:234][621]LogLinker:Warning: Asset '../../../Engine/Content/ArtTools/RenderToTexture/Macros/RenderToTextureMacros.uasset' has been saved with empty engine version. The asset will be loaded but may be incompatible.
[2015.07.31-13.32.02:473][621]LogLinker:Warning: Asset '../../../Engine/Content/ArtTools/RenderToTexture/Enums/RenderToTexture_Enum.uasset' has been saved with empty engine version. The asset will be loaded but may be incompatible.
[2015.07.31-13.32.24:998][220]LogEditorViewport: Clicking on Actor (LMB): PlayerStart (PlayerStart)
[2015.07.31-13.32.25:866][246]LogEditorViewport: Clicking on Actor (LMB): PlayerStart (PlayerStart)
[2015.07.31-13.32.26:000][249]LogEditorViewport: Clicking on Component (LMB): CapsuleComponent (CollisionCapsule)
[2015.07.31-13.32.27:083][280]LogEditorViewport: Clicking on Component (LMB): CapsuleComponent (CollisionCapsule)
[2015.07.31-13.32.27:154][280]LogEditorViewport: Clicking on Actor (double click): PlayerStart (PlayerStart)
[2015.07.31-13.32.29:701][368]LogD3D11RHI: InitD3DDevice
[2015.07.31-13.32.29:755][368]LogD3D11RHI: InitD3DDevice
[2015.07.31-13.32.32:168][421]LogD3D11RHI: InitD3DDevice
[2015.07.31-13.32.34:480][488]LogD3D11RHI: InitD3DDevice
[2015.07.31-13.32.35:688][524]LogD3D11RHI: InitD3DDevice
[2015.07.31-13.32.36:099][536]LogD3D11RHI: InitD3DDevice
[2015.07.31-13.32.37:205][569]LogD3D11RHI: InitD3DDevice
[2015.07.31-13.32.38:583][610]LogD3D11RHI: InitD3DDevice
[2015.07.31-13.32.39:259][630]LogD3D11RHI: InitD3DDevice
[2015.07.31-13.32.39:899][649]LogD3D11RHI: InitD3DDevice
[2015.07.31-13.32.41:051][683]LogD3D11RHI: InitD3DDevice
[2015.07.31-13.32.41:289][690]LogD3D11RHI: InitD3DDevice
[2015.07.31-13.32.43:881][771]LogD3D11RHI: InitD3DDevice
[2015.07.31-13.32.44:832][813]LogD3D11RHI: InitD3DDevice
[2015.07.31-13.32.46:139][872]LogD3D11RHI: InitD3DDevice
[2015.07.31-13.32.46:194][872]LogD3D11RHI: InitD3DDevice
[2015.07.31-13.32.54:791][ 74]LogD3D11RHI: InitD3DDevice
[2015.07.31-13.32.55:524][ 95]LogD3D11RHI: InitD3DDevice
[2015.07.31-13.32.58:302][167]LogD3D11RHI: InitD3DDevice
[2015.07.31-13.32.59:694][200]LogD3D11RHI: InitD3DDevice
[2015.07.31-13.33.03:910][281]LogD3D11RHI: InitD3DDevice
[2015.07.31-13.33.05:607][323]LogD3D11RHI: InitD3DDevice
[2015.07.31-13.33.07:531][369]LogD3D11RHI: InitD3DDevice
[2015.07.31-13.33.10:919][434]LogD3D11RHI: InitD3DDevice
[2015.07.31-13.33.11:628][451]LogD3D11RHI: InitD3DDevice
[2015.07.31-13.33.15:264][530]LogD3D11RHI: InitD3DDevice
[2015.07.31-13.33.16:368][557]LogD3D11RHI: InitD3DDevice
[2015.07.31-13.33.17:927][594]LogD3D11RHI: InitD3DDevice
[2015.07.31-13.33.18:804][615]LogD3D11RHI: InitD3DDevice
[2015.07.31-13.33.28:039][842]LogD3D11RHI: InitD3DDevice
[2015.07.31-13.33.28:722][858]LogD3D11RHI: InitD3DDevice
[2015.07.31-13.33.30:411][899]LogD3D11RHI: InitD3DDevice
[2015.07.31-13.33.35:855][899]LogD3D11RHI: InitD3DDevice
[2015.07.31-13.33.35:871][900]Cmd: CLOSE_SLATE_MAINFRAME
[2015.07.31-13.33.35:906][900]LogParticles: Destroying 0 GPU particle simulations for FXSystem 0x00000000205FF100
[2015.07.31-13.33.35:907][900]LogParticles: Destroying 0 GPU particle simulations for FXSystem 0x00000000166C6520
[2015.07.31-13.33.36:281][901]Cmd: QUIT_EDITOR
[2015.07.31-13.33.37:624][901]LogExit: Preparing to exit.
[2015.07.31-13.33.38:105][901]LogExit: Editor shut down
[2015.07.31-13.33.38:105][901]LogExit: Transaction tracking system shut down
[2015.07.31-13.33.38:106][901]LogParticles: Destroying 0 GPU particle simulations for FXSystem 0x000000000E9A1F80
[2015.07.31-13.33.38:106][901]LogParticles: Destroying 0 GPU particle simulations for FXSystem 0x0000000012A813A0
[2015.07.31-13.33.38:107][901]LogParticles: Destroying 0 GPU particle simulations for FXSystem 0x0000000019692660
[2015.07.31-13.33.38:112][901]LogParticles: Destroying 0 GPU particle simulations for FXSystem 0x00000000163AB920
[2015.07.31-13.33.38:112][901]LogParticles: Destroying 0 GPU particle simulations for FXSystem 0x00000000142AADE0
[2015.07.31-13.33.38:343][901]LogExit: Object subsystem successfully closed.
[2015.07.31-13.33.38:360][901]LogD3D11RHI: Shutdown
[2015.07.31-13.33.38:360][901]LogD3D11RHI: CleanupD3DDevice
[2015.07.31-13.33.38:427][901]LogD3D11RHI: ~FD3D11DynamicRHI
[2015.07.31-13.33.38:453][901]LogModuleManager: Shutting down and abandoning module CrashTracker (188)
[2015.07.31-13.33.38:453][901]LogModuleManager: Shutting down and abandoning module SceneOutliner (187)
[2015.07.31-13.33.38:453][901]LogModuleManager: Shutting down and abandoning module SuperSearch (186)
[2015.07.31-13.33.38:453][901]LogModuleManager: Shutting down and abandoning module WidgetCarousel (185)
[2015.07.31-13.33.38:453][901]LogModuleManager: Shutting down and abandoning module AddContentDialog (184)
[2015.07.31-13.33.38:456][901]LogModuleManager: Shutting down and abandoning module EditorWidgets (183)
[2015.07.31-13.33.38:456][901]LogModuleManager: Shutting down and abandoning module CollectionManager (182)
[2015.07.31-13.33.38:456][901]LogModuleManager: Shutting down and abandoning module StatsViewer (181)
[2015.07.31-13.33.38:456][901]LogModuleManager: Shutting down and abandoning module FoliageEdit (180)
[2015.07.31-13.33.38:456][901]LogModuleManager: Shutting down and abandoning module LandscapeEditor (179)
[2015.07.31-13.33.38:457][901]LogModuleManager: Shutting down and abandoning module ActorPickerMode (178)
[2015.07.31-13.33.38:457][901]LogModuleManager: Shutting down and abandoning module GeometryMode (177)
[2015.07.31-13.33.38:457][901]LogModuleManager: Shutting down and abandoning module TextureAlignMode (176)
[2015.07.31-13.33.38:457][901]LogModuleManager: Shutting down and abandoning module BspMode (175)
[2015.07.31-13.33.38:457][901]LogModuleManager: Shutting down and abandoning module PlacementMode (174)
[2015.07.31-13.33.38:457][901]LogModuleManager: Shutting down and abandoning module AutomationWorker (173)
[2015.07.31-13.33.38:457][901]LogModuleManager: Shutting down and abandoning module CharacterAI (172)
[2015.07.31-13.33.38:457][901]LogModuleManager: Shutting down and abandoning module SmartSnapping (171)
[2015.07.31-13.33.38:457][901]LogModuleManager: Shutting down and abandoning module ViewportSnapping (170)
[2015.07.31-13.33.38:457][901]LogModuleManager: Shutting down and abandoning module LogVisualizer (169)
[2015.07.31-13.33.38:457][901]LogModuleManager: Shutting down and abandoning module GameProjectGeneration (168)
[2015.07.31-13.33.38:457][901]LogModuleManager: Shutting down and abandoning module IntroTutorials (167)
[2015.07.31-13.33.38:457][901]LogModuleManager: Shutting down and abandoning module EditorLiveStreaming (166)
[2015.07.31-13.33.38:457][901]LogModuleManager: Shutting down and abandoning module IOSPlatformEditor (165)
[2015.07.31-13.33.38:457][901]LogModuleManager: Shutting down and abandoning module HTML5PlatformEditor (164)
[2015.07.31-13.33.38:457][901]LogModuleManager: Shutting down and abandoning module AndroidDeviceDetection (163)
[2015.07.31-13.33.38:936][901]LogModuleManager: Shutting down and abandoning module AndroidPlatformEditor (162)
[2015.07.31-13.33.38:936][901]LogModuleManager: Shutting down and abandoning module IOSRuntimeSettings (161)
[2015.07.31-13.33.38:936][901]LogModuleManager: Shutting down and abandoning module AndroidRuntimeSettings (160)
[2015.07.31-13.33.38:936][901]LogModuleManager: Shutting down and abandoning module MergeActors (159)
[2015.07.31-13.33.38:936][901]LogModuleManager: Shutting down and abandoning module SizeMap (158)
[2015.07.31-13.33.38:936][901]LogModuleManager: Shutting down and abandoning module TreeMap (157)
[2015.07.31-13.33.38:936][901]LogModuleManager: Shutting down and abandoning module ReferenceViewer (156)
[2015.07.31-13.33.38:936][901]LogModuleManager: Shutting down and abandoning module LocalizationDashboard (155)
[2015.07.31-13.33.38:936][901]LogModuleManager: Shutting down and abandoning module HardwareTargeting (154)
[2015.07.31-13.33.38:936][901]LogModuleManager: Shutting down and abandoning module DeviceProfileEditor (153)
[2015.07.31-13.33.38:936][901]LogModuleManager: Shutting down and abandoning module UndoHistory (152)
[2015.07.31-13.33.38:936][901]LogModuleManager: Shutting down and abandoning module GameplayTagsEditor (151)
[2015.07.31-13.33.38:936][901]LogModuleManager: Shutting down and abandoning module UserFeedback (150)
[2015.07.31-13.33.38:936][901]LogModuleManager: Shutting down and abandoning module XmlParser (149)
[2015.07.31-13.33.38:936][901]LogModuleManager: Shutting down and abandoning module Blutility (148)
[2015.07.31-13.33.38:936][901]LogModuleManager: Shutting down and abandoning module ProjectTargetPlatformEditor (147)
[2015.07.31-13.33.38:936][901]LogModuleManager: Shutting down and abandoning module ProjectSettingsViewer (146)
[2015.07.31-13.33.38:936][901]LogModuleManager: Shutting down and abandoning module InputBindingEditor (145)
[2015.07.31-13.33.38:936][901]LogModuleManager: Shutting down and abandoning module EditorSettingsViewer (144)
[2015.07.31-13.33.38:936][901]LogModuleManager: Shutting down and abandoning module SettingsEditor (143)
[2015.07.31-13.33.38:936][901]LogModuleManager: Shutting down and abandoning module ProjectLauncher (142)
[2015.07.31-13.33.38:936][901]LogModuleManager: Shutting down and abandoning module SessionFrontend (141)
[2015.07.31-13.33.38:936][901]LogModuleManager: Shutting down and abandoning module ProfilerClient (140)
[2015.07.31-13.33.38:936][901]LogModuleManager: Shutting down and abandoning module TargetDeviceServices (139)
[2015.07.31-13.33.38:936][901]LogModuleManager: Shutting down and abandoning module DeviceManager (138)
[2015.07.31-13.33.38:936][901]LogModuleManager: Shutting down and abandoning module AutomationController (137)
[2015.07.31-13.33.38:936][901]LogModuleManager: Shutting down and abandoning module AutomationWindow (136)
[2015.07.31-13.33.38:936][901]LogModuleManager: Shutting down and abandoning module Layers (135)
[2015.07.31-13.33.38:936][901]LogModuleManager: Shutting down and abandoning module ComponentVisualizers (134)
[2015.07.31-13.33.38:936][901]LogModuleManager: Shutting down and abandoning module DetailCustomizations (133)
[2015.07.31-13.33.38:936][901]LogModuleManager: Shutting down and abandoning module PackagesDialog (132)
[2015.07.31-13.33.38:936][901]LogModuleManager: Shutting down and abandoning module AssetRegistry (131)
[2015.07.31-13.33.39:057][901]LogModuleManager: Shutting down and abandoning module Persona (130)
[2015.07.31-13.33.39:057][901]LogModuleManager: Shutting down and abandoning module Kismet (129)
[2015.07.31-13.33.39:057][901]LogModuleManager: Shutting down and abandoning module GraphEditor (128)
[2015.07.31-13.33.39:057][901]LogModuleManager: Shutting down and abandoning module ClassViewer (127)
[2015.07.31-13.33.39:057][901]LogModuleManager: Shutting down and abandoning module Toolbox (126)
[2015.07.31-13.33.39:057][901]LogModuleManager: Shutting down and abandoning module ModuleUI (125)
[2015.07.31-13.33.39:057][901]LogModuleManager: Shutting down and abandoning module MovieSceneTools (124)
[2015.07.31-13.33.39:057][901]LogModuleManager: Shutting down and abandoning module OutputLog (123)
[2015.07.31-13.33.39:057][901]LogModuleManager: Shutting down and abandoning module GammaUI (122)
[2015.07.31-13.33.39:058][901]LogModuleManager: Shutting down and abandoning module Documentation (121)
[2015.07.31-13.33.39:058][901]LogModuleManager: Shutting down and abandoning module GameLiveStreaming (120)
[2015.07.31-13.33.39:058][901]LogModuleManager: Shutting down and abandoning module StreamingPauseRendering (119)
[2015.07.31-13.33.39:058][901]LogModuleManager: Shutting down and abandoning module AnalyticsET (118)
[2015.07.31-13.33.39:058][901]LogModuleManager: Shutting down and abandoning module Analytics (117)
[2015.07.31-13.33.39:058][901]LogModuleManager: Shutting down and abandoning module AITestSuite (116)
[2015.07.31-13.33.39:058][901]LogModuleManager: Shutting down and abandoning module GameplayDebugger (115)
[2015.07.31-13.33.39:058][901]LogModuleManager: Shutting down and abandoning module AIModule (114)
[2015.07.31-13.33.39:058][901]LogModuleManager: Shutting down and abandoning module ProfilerService (113)
[2015.07.31-13.33.39:094][901]LogModuleManager: Shutting down and abandoning module TaskGraph (112)
[2015.07.31-13.33.39:094][901]LogModuleManager: Shutting down and abandoning module SlateRemote (111)
[2015.07.31-13.33.39:094][901]LogModuleManager: Shutting down and abandoning module SteamVRController (110)
[2015.07.31-13.33.39:094][901]LogModuleManager: Shutting down and abandoning module SteamVR (109)
[2015.07.31-13.33.39:094][901]LogModuleManager: Shutting down and abandoning module ProceduralMeshComponent (108)
[2015.07.31-13.33.39:094][901]LogModuleManager: Shutting down and abandoning module OculusRift (107)
[2015.07.31-13.33.39:094][901]LogModuleManager: Shutting down and abandoning module LeapMotionController (106)
[2015.07.31-13.33.39:099][901]LogModuleManager: Shutting down and abandoning module CustomMeshComponent (105)
[2015.07.31-13.33.39:100][901]LogModuleManager: Shutting down and abandoning module CableComponent (104)
[2015.07.31-13.33.39:100][901]LogModuleManager: Shutting down and abandoning module MessagingDebugger (103)
[2015.07.31-13.33.39:100][901]LogModuleManager: Shutting down and abandoning module MediaPlayerEditor (102)
[2015.07.31-13.33.39:100][901]LogModuleManager: Shutting down and abandoning module SpeedTreeImporter (101)
[2015.07.31-13.33.39:100][901]LogModuleManager: Shutting down and abandoning module PluginBrowser (100)
[2015.07.31-13.33.39:100][901]LogModuleManager: Shutting down and abandoning module EpicSurvey (99)
[2015.07.31-13.33.39:100][901]LogModuleManager: Shutting down and abandoning module DesktopPlatform (98)
[2015.07.31-13.33.39:100][901]LogModuleManager: Shutting down and abandoning module VisualStudioSourceCodeAccess (97)
[2015.07.31-13.33.39:100][901]LogModuleManager: Shutting down and abandoning module UObjectPlugin (96)
[2015.07.31-13.33.39:100][901]LogModuleManager: Shutting down and abandoning module SubversionSourceControl (95)
[2015.07.31-13.33.39:100][901]LogModuleManager: Shutting down and abandoning module PerforceSourceControl (94)
[2015.07.31-13.33.39:100][901]LogModuleManager: Shutting down and abandoning module SourceControl (93)
[2015.07.31-13.33.39:100][901]LogModuleManager: Shutting down and abandoning module GitSourceControl (92)
[2015.07.31-13.33.39:100][901]LogModuleManager: Shutting down and abandoning module BlankPlugin (91)
[2015.07.31-13.33.39:100][901]LogModuleManager: Shutting down and abandoning module PaperTiledImporter (90)
[2015.07.31-13.33.39:100][901]LogModuleManager: Shutting down and abandoning module PaperSpriteSheetImporter (89)
[2015.07.31-13.33.39:100][901]LogModuleManager: Shutting down and abandoning module MeshPaint (88)
[2015.07.31-13.33.39:100][901]LogModuleManager: Shutting down and abandoning module SlateReflector (87)
[2015.07.31-13.33.39:100][901]LogModuleManager: Shutting down and abandoning module DirectoryWatcher (86)
[2015.07.31-13.33.39:100][901]LogModuleManager: Shutting down and abandoning module HotReload (85)
[2015.07.31-13.33.39:100][901]LogModuleManager: Shutting down and abandoning module MainFrame (84)
[2015.07.31-13.33.39:100][901]LogModuleManager: Shutting down and abandoning module LevelEditor (83)
[2015.07.31-13.33.39:102][901]LogModuleManager: Shutting down and abandoning module ContentBrowser (82)
[2015.07.31-13.33.39:102][901]LogModuleManager: Shutting down and abandoning module Paper2DEditor (81)
[2015.07.31-13.33.39:102][901]LogModuleManager: Shutting down and abandoning module UdpMessaging (80)
[2015.07.31-13.33.39:202][901]LogModuleManager: Shutting down and abandoning module Paper2D (79)
[2015.07.31-13.33.39:202][901]LogModuleManager: Shutting down and abandoning module WindowsMoviePlayer (78)
[2015.07.31-13.33.39:204][901]LogModuleManager: Shutting down and abandoning module Media (77)
[2015.07.31-13.33.39:204][901]LogModuleManager: Shutting down and abandoning module WmfMedia (76)
[2015.07.31-13.33.39:204][901]LogModuleManager: Shutting down and abandoning module OnlineBlueprintSupport (75)
[2015.07.31-13.33.39:204][901]LogModuleManager: Shutting down and abandoning module PropertyEditor (74)
[2015.07.31-13.33.39:205][901]LogModuleManager: Shutting down and abandoning module BehaviorTreeEditor (73)
[2015.07.31-13.33.39:205][901]LogModuleManager: Shutting down and abandoning module FunctionalTesting (72)
[2015.07.31-13.33.39:205][901]LogModuleManager: Shutting down and abandoning module CollisionAnalyzer (71)
[2015.07.31-13.33.39:205][901]LogModuleManager: Shutting down and abandoning module WorkspaceMenuStructure (70)
[2015.07.31-13.33.39:205][901]LogModuleManager: Shutting down and abandoning module MessageLog (69)
[2015.07.31-13.33.39:205][901]LogModuleManager: Shutting down and abandoning module Sequencer (68)
[2015.07.31-13.33.39:205][901]LogModuleManager: Shutting down and abandoning module AssetTools (67)
[2015.07.31-13.33.39:205][901]LogModuleManager: Shutting down and abandoning module UMGEditor (66)
[2015.07.31-13.33.39:205][901]LogModuleManager: Shutting down and abandoning module UMG (65)
[2015.07.31-13.33.39:205][901]LogModuleManager: Shutting down and abandoning module Slate (64)
[2015.07.31-13.33.39:205][901]LogModuleManager: Shutting down and abandoning module EditorStyle (63)
[2015.07.31-13.33.39:208][901]LogModuleManager: Shutting down and abandoning module SessionServices (62)
[2015.07.31-13.33.39:208][901]LogModuleManager: Shutting down and abandoning module SourceCodeAccess (61)
[2015.07.31-13.33.39:208][901]LogModuleManager: Shutting down and abandoning module HeadMountedDisplay (60)
[2015.07.31-13.33.39:208][901]LogModuleManager: Shutting down and abandoning module XAudio2 (59)
[2015.07.31-13.33.39:208][901]LogModuleManager: Shutting down and abandoning module Networking (57)
[2015.07.31-13.33.39:208][901]LogModuleManager: Shutting down and abandoning module Core (56)
[2015.07.31-13.33.39:208][901]LogModuleManager: Shutting down and abandoning module KismetCompiler (55)
[2015.07.31-13.33.39:208][901]LogModuleManager: Shutting down and abandoning module PhysXFormats (54)
[2015.07.31-13.33.39:208][901]LogModuleManager: Shutting down and abandoning module MeshUtilities (53)
[2015.07.31-13.33.39:208][901]LogModuleManager: Shutting down and abandoning module DerivedDataCache (52)
[2015.07.31-13.33.39:247][901]LogDerivedDataCache: Shutdown
[2015.07.31-13.33.39:247][901]LogModuleManager: Shutting down and abandoning module ShaderFormatOpenGL (51)
[2015.07.31-13.33.39:247][901]LogModuleManager: Shutting down and abandoning module ShaderFormatD3D (50)
[2015.07.31-13.33.39:247][901]LogModuleManager: Shutting down and abandoning module MetalShaderFormat (49)
[2015.07.31-13.33.39:247][901]LogModuleManager: Shutting down and abandoning module TextureFormatUncompressed (48)
[2015.07.31-13.33.39:247][901]LogModuleManager: Shutting down and abandoning module TextureFormatPVR (47)
[2015.07.31-13.33.39:247][901]LogModuleManager: Shutting down and abandoning module TextureFormatIntelISPCTexComp (46)
[2015.07.31-13.33.39:247][901]LogModuleManager: Shutting down and abandoning module TextureFormatDXT (45)
[2015.07.31-13.33.39:247][901]LogModuleManager: Shutting down and abandoning module ImageWrapper (44)
[2015.07.31-13.33.39:247][901]LogModuleManager: Shutting down and abandoning module TextureFormatASTC (43)
[2015.07.31-13.33.39:247][901]LogModuleManager: Shutting down and abandoning module TextureFormatAndroid (42)
[2015.07.31-13.33.39:247][901]LogModuleManager: Shutting down and abandoning module AudioFormatOpus (41)
[2015.07.31-13.33.39:247][901]LogModuleManager: Shutting down and abandoning module AudioFormatOgg (40)
[2015.07.31-13.33.39:247][901]LogModuleManager: Shutting down and abandoning module AudioFormatADPCM (39)
[2015.07.31-13.33.39:247][901]LogModuleManager: Shutting down and abandoning module LinuxTargetPlatform (38)
[2015.07.31-13.33.39:247][901]LogModuleManager: Shutting down and abandoning module LinuxServerTargetPlatform (37)
[2015.07.31-13.33.39:247][901]LogModuleManager: Shutting down and abandoning module LinuxNoEditorTargetPlatform (36)
[2015.07.31-13.33.39:247][901]LogModuleManager: Shutting down and abandoning module Messaging (35)
[2015.07.31-13.33.39:247][901]LogModuleManager: Shutting down and abandoning module IOSTargetPlatform (34)
[2015.07.31-13.33.39:247][901]LogModuleManager: Shutting down and abandoning module HTML5TargetPlatform (33)
[2015.07.31-13.33.39:247][901]LogModuleManager: Shutting down and abandoning module Android_PVRTCTargetPlatform (32)
[2015.07.31-13.33.39:247][901]LogModuleManager: Shutting down and abandoning module Android_ETC2TargetPlatform (31)
[2015.07.31-13.33.39:247][901]LogModuleManager: Shutting down and abandoning module Android_ETC1TargetPlatform (30)
[2015.07.31-13.33.39:247][901]LogModuleManager: Shutting down and abandoning module Android_DXTTargetPlatform (29)
[2015.07.31-13.33.39:247][901]LogModuleManager: Shutting down and abandoning module Android_ATCTargetPlatform (28)
[2015.07.31-13.33.39:247][901]LogModuleManager: Shutting down and abandoning module Android_ASTCTargetPlatform (27)
[2015.07.31-13.33.39:247][901]LogModuleManager: Shutting down and abandoning module AndroidTargetPlatform (26)
[2015.07.31-13.33.39:247][901]LogModuleManager: Shutting down and abandoning module WindowsTargetPlatform (25)
[2015.07.31-13.33.39:247][901]LogModuleManager: Shutting down and abandoning module WindowsServerTargetPlatform (24)
[2015.07.31-13.33.39:247][901]LogModuleManager: Shutting down and abandoning module WindowsNoEditorTargetPlatform (23)
[2015.07.31-13.33.39:247][901]LogModuleManager: Shutting down and abandoning module WindowsClientTargetPlatform (22)
[2015.07.31-13.33.39:247][901]LogModuleManager: Shutting down and abandoning module DesktopTargetPlatform (21)
[2015.07.31-13.33.39:247][901]LogModuleManager: Shutting down and abandoning module TargetPlatform (20)
[2015.07.31-13.33.39:247][901]LogModuleManager: Shutting down and abandoning module InputCore (19)
[2015.07.31-13.33.39:247][901]LogModuleManager: Shutting down and abandoning module Settings (18)
[2015.07.31-13.33.39:247][901]LogModuleManager: Shutting down and abandoning module OnlineSubsystem (16)
[2015.07.31-13.33.39:247][901]LogModuleManager: Shutting down and abandoning module HTTP (15)
[2015.07.31-13.33.39:248][901]LogModuleManager: Shutting down and abandoning module ExampleDeviceProfileSelector (14)
[2015.07.31-13.33.39:248][901]LogModuleManager: Shutting down and abandoning module TextureCompressor (13)
[2015.07.31-13.33.39:248][901]LogModuleManager: Shutting down and abandoning module ShaderCore (12)
[2015.07.31-13.33.39:248][901]LogModuleManager: Shutting down and abandoning module Landscape (11)
[2015.07.31-13.33.39:249][901]LogModuleManager: Shutting down and abandoning module SlateRHIRenderer (10)
[2015.07.31-13.33.39:253][901]LogModuleManager: Shutting down and abandoning module OpenGLDrv (9)
[2015.07.31-13.33.39:253][901]LogModuleManager: Shutting down and abandoning module D3D11RHI (8)
[2015.07.31-13.33.39:253][901]LogModuleManager: Shutting down and abandoning module Renderer (7)
[2015.07.31-13.33.39:253][901]LogModuleManager: Shutting down and abandoning module Engine (6)
[2015.07.31-13.33.39:253][901]LogModuleManager: Shutting down and abandoning module CoreUObject (5)
[2015.07.31-13.33.39:253][901]LogModuleManager: Shutting down and abandoning module NetworkFile (4)
[2015.07.31-13.33.39:253][901]LogModuleManager: Shutting down and abandoning module StreamingFile (3)
[2015.07.31-13.33.39:253][901]LogModuleManager: Shutting down and abandoning module SandboxFile (2)
[2015.07.31-13.33.39:253][901]LogModuleManager: Shutting down and abandoning module PakFile (1)
[2015.07.31-13.33.39:254][901]LogExit: Exiting.
[2015.07.31-13.33.39:255][901]Log file closed, 07/31/15 15:33:39
