[2015.07.30-06.55.50:352][  0]Log file open, 07/30/15 08:55:50
[2015.07.30-06.55.50:352][  0]LogInit:Display: Running engine for game: SaveMe
[2015.07.30-06.55.50:352][  0]LogInit:Display: RandInit(-645120136) SRandInit(-645120136).
[2015.07.30-06.55.50:352][  0]LogTaskGraph: Started task graph with 4 named threads and 5 total threads.
[2015.07.30-06.55.50:352][  0]LogStats: Stats thread started
[2015.07.30-06.55.50:352][  0]LogInit: Version: 4.8.3-2634408+++depot+UE4-Releases+4.8
[2015.07.30-06.55.50:352][  0]LogInit: API Version: 2579680
[2015.07.30-06.55.50:352][  0]LogInit: Compiled (64-bit): Jul 27 2015 16:24:33
[2015.07.30-06.55.50:352][  0]LogInit: Compiled with Visual C++: 18.00.21005.01
[2015.07.30-06.55.50:352][  0]LogInit: Build Configuration: Development
[2015.07.30-06.55.50:352][  0]LogInit: Branch Name: ++depot+UE4-Releases+4.8
[2015.07.30-06.55.50:352][  0]LogInit: Command line: 
[2015.07.30-06.55.50:352][  0]LogInit: Base directory: C:/Program Files/Epic Games/4.8/Engine/Binaries/Win64/
[2015.07.30-06.55.50:352][  0]LogInit: Rocket: 1
[2015.07.30-06.55.50:366][  0]LogInit: Using libcurl 7.41.0
[2015.07.30-06.55.50:366][  0]LogInit:  - built for x86_64-pc-win32
[2015.07.30-06.55.50:366][  0]LogInit:  - supports SSL with WinSSL
[2015.07.30-06.55.50:366][  0]LogInit:  - other features:
[2015.07.30-06.55.50:366][  0]LogInit:      CURL_VERSION_SSL
[2015.07.30-06.55.50:366][  0]LogInit:      CURL_VERSION_IPV6
[2015.07.30-06.55.50:366][  0]LogInit:      CURL_VERSION_ASYNCHDNS
[2015.07.30-06.55.50:366][  0]LogInit:      CURL_VERSION_LARGEFILE
[2015.07.30-06.55.50:366][  0]LogInit:      CURL_VERSION_IDN
[2015.07.30-06.55.50:366][  0]LogInit:  CurlRequestOptions (configurable via config and command line):
[2015.07.30-06.55.50:366][  0]LogInit:  - bVerifyPeer = true  - Libcurl will verify peer certificate
[2015.07.30-06.55.50:366][  0]LogInit:  - bUseHttpProxy = false  - Libcurl will NOT use HTTP proxy
[2015.07.30-06.55.50:366][  0]LogInit:  - bDontReuseConnections = false  - Libcurl will reuse connections
[2015.07.30-06.55.50:366][  0]LogInit:  - CertBundlePath = nullptr  - Libcurl will use whatever was configured at build time.
[2015.07.30-06.55.50:379][  0]LogOnline:Warning: No default platform service specified for OnlineSubsystem
[2015.07.30-06.55.50:397][  0]LogInit: Presizing for 0 objects not considered by GC, pre-allocating 0 bytes.
[2015.07.30-06.55.50:409][  0]LogInit: Object subsystem initialized
[2015.07.30-06.55.50:410][  0]LogConsoleResponse:Warning: Skipping Unknown console variable: 'TranslucentSortAxis = (X=0.000000,Y=-1.000000,Z=0.000000)'
[2015.07.30-06.55.50:410][  0]LogConsoleResponse:Warning:   Found in ini file 'D:/Workspace/Code/BitBucket/SaveMe/Saved/Config/Windows/Engine.ini', in section '[/Script/Engine.RendererSettings]'
[2015.07.30-06.55.50:411][  0]LogConsoleResponse:Warning: Skipping Unknown console variable: 'UIScaleRule = ShortestSide'
[2015.07.30-06.55.50:411][  0]LogConsoleResponse:Warning:   Found in ini file 'D:/Workspace/Code/BitBucket/SaveMe/Saved/Config/Windows/Engine.ini', in section '[/Script/Engine.RendererSettings]'
[2015.07.30-06.55.50:411][  0]LogConsoleResponse:Warning: Skipping Unknown console variable: 'UIScaleCurve = (EditorCurveData=(Keys=),ExternalCurve=None)'
[2015.07.30-06.55.50:411][  0]LogConsoleResponse:Warning:   Found in ini file 'D:/Workspace/Code/BitBucket/SaveMe/Saved/Config/Windows/Engine.ini', in section '[/Script/Engine.RendererSettings]'
[2015.07.30-06.55.50:411][  0]LogInit: Selected Device Profile: [Windows]
[2015.07.30-06.55.50:411][  0]LogInit: Applying CVar settings loaded from the selected device profile: [Windows]
[2015.07.30-06.55.50:422][  0]LogInit: Computer: SLB-H7VRKQ1
[2015.07.30-06.55.50:422][  0]LogInit: User: ALorente
[2015.07.30-06.55.50:422][  0]LogInit: CPU Page size=4096, Cores=2
[2015.07.30-06.55.50:422][  0]LogInit: High frequency timer resolution =2.630791 MHz
[2015.07.30-06.55.50:422][  0]LogMemory: Memory total: Physical=8.0GB (8GB approx)
[2015.07.30-06.55.50:422][  0]LogMemory: Platform Memory Stats for Windows
[2015.07.30-06.55.50:422][  0]LogMemory: Process Physical Memory: 49.03 MB used, 49.03 MB peak
[2015.07.30-06.55.50:422][  0]LogMemory: Process Virtual Memory: 23.24 MB used, 23.24 MB peak
[2015.07.30-06.55.50:422][  0]LogMemory: Physical Memory: 4520.46 MB used, 8148.89 MB total
[2015.07.30-06.55.50:422][  0]LogMemory: Virtual Memory: 283.23 MB used, 8388608.00 MB total
[2015.07.30-06.55.50:456][  0]LogTextLocalizationManager: The requested culture ('en_US') has no localization data; parent culture's ('en') localization data will be used.
[2015.07.30-06.55.50:714][  0]LogTextLocalizationManager:Warning: Loaded localization resources contain conflicting entries for (Namespace:ContentBrowser, Key:ImportAssetToolTip):
Localization Resource: (C:/Program Files/Epic Games/4.8/Engine/Content/Localization/Editor/en/Editor.locres) Source String Hash: (-630476809) Localized String: (Import to {0}...)
Localization Resource: (C:/Program Files/Epic Games/4.8/Engine/Content/Localization/Editor/en/Editor.locres) Source String Hash: (1271782899) Localized String: (Imports an asset from file to this folder.)
[2015.07.30-06.55.51:230][  0]LogD3D11RHI: Found D3D11 adapter 0: NVIDIA Quadro 2000M (Feature Level 11_0)
[2015.07.30-06.55.51:230][  0]LogD3D11RHI: Adapter has 1999MB of dedicated video memory, 0MB of dedicated system memory, and 3818MB of shared system memory, 2 output[s]
[2015.07.30-06.55.51:230][  0]LogD3D11RHI: Chosen D3D11 Adapter Id = 0
[2015.07.30-06.55.51:234][  0]LogD3D11RHI: InitD3DDevice
[2015.07.30-06.55.51:234][  0]LogD3D11RHI: !Direct3DDevice
[2015.07.30-06.55.51:234][  0]LogRHI: Texture pool is 1361 MB (70% of 1945 MB)
[2015.07.30-06.55.51:244][  0]LogD3D11RHI: Async texture creation enabled
[2015.07.30-06.55.51:255][  0]LogShaderCompilers:Display: Using Local Shader Compiler.
[2015.07.30-06.55.52:099][  0]LogTemp:Display: Loaded TP DesktopTargetPlatform
[2015.07.30-06.55.52:114][  0]LogTemp:Display: Loaded TP WindowsClientTargetPlatform
[2015.07.30-06.55.52:129][  0]LogTemp:Display: Loaded TP WindowsNoEditorTargetPlatform
[2015.07.30-06.55.52:144][  0]LogTemp:Display: Loaded TP WindowsServerTargetPlatform
[2015.07.30-06.55.52:161][  0]LogTemp:Display: Loaded TP WindowsTargetPlatform
[2015.07.30-06.55.52:174][  0]LogTemp:Display: Loaded TP AndroidTargetPlatform
[2015.07.30-06.55.52:187][  0]LogTemp:Display: Loaded TP Android_ASTCTargetPlatform
[2015.07.30-06.55.52:200][  0]LogTemp:Display: Loaded TP Android_ATCTargetPlatform
[2015.07.30-06.55.52:214][  0]LogTemp:Display: Loaded TP Android_DXTTargetPlatform
[2015.07.30-06.55.52:227][  0]LogTemp:Display: Loaded TP Android_ETC1TargetPlatform
[2015.07.30-06.55.52:240][  0]LogTemp:Display: Loaded TP Android_ETC2TargetPlatform
[2015.07.30-06.55.52:254][  0]LogTemp:Display: Loaded TP Android_PVRTCTargetPlatform
[2015.07.30-06.55.52:302][  0]LogTemp:Display: Loaded TP IOSTargetPlatform
[2015.07.30-06.55.52:316][  0]LogTemp:Display: Loaded TP LinuxNoEditorTargetPlatform
[2015.07.30-06.55.52:329][  0]LogTemp:Display: Loaded TP LinuxServerTargetPlatform
[2015.07.30-06.55.52:344][  0]LogTemp:Display: Loaded TP LinuxTargetPlatform
[2015.07.30-06.55.52:344][  0]LogTargetPlatformManager:Display: Building Assets For Windows
[2015.07.30-06.55.52:561][  0]LogDerivedDataCache:Display: Max Cache Size: 512 MB
[2015.07.30-06.55.52:613][  0]LogDerivedDataCache: Loaded boot cache 0.05s 53MB C:/Users/ALorente/AppData/Local/UnrealEngine/4.8/DerivedDataCache/Boot.ddc.
[2015.07.30-06.55.52:613][  0]LogDerivedDataCache:Display: Loaded Boot cache: C:/Users/ALorente/AppData/Local/UnrealEngine/4.8/DerivedDataCache/Boot.ddc
[2015.07.30-06.55.52:613][  0]LogDerivedDataCache: FDerivedDataBackendGraph:  Pak pak cache file D:/Workspace/Code/BitBucket/SaveMe/DerivedDataCache/DDC.ddp not found, will not use a pak cache.
[2015.07.30-06.55.52:613][  0]LogDerivedDataCache: Unable to find inner node Pak for hierarchical cache Hierarchy.
[2015.07.30-06.55.52:613][  0]LogDerivedDataCache: FDerivedDataBackendGraph:  CompressedPak pak cache file D:/Workspace/Code/BitBucket/SaveMe/DerivedDataCache/Compressed.ddp not found, will not use a pak cache.
[2015.07.30-06.55.52:613][  0]LogDerivedDataCache: Unable to find inner node CompressedPak for hierarchical cache Hierarchy.
[2015.07.30-06.55.52:792][  0]LogDerivedDataCache:Display: Pak cache opened for reading ../../../Engine/DerivedDataCache/Compressed.ddp.
[2015.07.30-06.55.52:803][  0]LogDerivedDataCache: Using Local data cache path C:/Users/ALorente/AppData/Local/UnrealEngine/Common/DerivedDataCache: Writable
[2015.07.30-06.55.53:046][  0]LogInit: Selected Device Profile: [Windows]
[2015.07.30-06.55.53:055][  0]ImportText (ComponentSweepMultiTests): Missing closing parenthesis: (RootShapeAsset="/Engine/BasicShapes/Cube.Cube",ShapeType="TriggerCapsule",HitResult=(Time=0.50,Location=(X=-100.000015,Y=0.0,Z=100.000015),ImpactPoint=(X=-50.0,Y=0.0,Z=50.0),Normal=(X=-1.0,Y=-0.0,Z=0.0),ImpactNormal=(X=0.0,Y=0.0,Z=1.0),TraceStart=(X=-200.0,Y=0.0,Z=200.0),TraceEnd=(X=0.0,Y=0.0,Z=0.0))
[2015.07.30-06.55.53:056][  0]ImportText (LineTraceSingleByChannelTests): Missing closing parenthesis: (RootShapeAsset="/Engine/BasicShapes/Cube.Cube",HitResult=(Time=0.50,Location=(X=-100.000015,Y=0.0,Z=100.000015),ImpactPoint=(X=-50.0,Y=0.0,Z=50.0),Normal=(X=-1.0,Y=-0.0,Z=0.0),ImpactNormal=(X=0.0,Y=0.0,Z=1.0),TraceStart=(X=-200.0,Y=0.0,Z=200.0),TraceEnd=(X=0.0,Y=0.0,Z=0.0))
[2015.07.30-06.55.53:084][  0]LogMeshUtilities: No automatic mesh reduction module available
[2015.07.30-06.55.53:084][  0]LogMeshUtilities: No automatic mesh merging module available
[2015.07.30-06.55.53:537][  0]LogInit: WinSock: version 1.1 (2.2), MaxSocks=32767, MaxUdp=65467
[2015.07.30-06.55.54:667][  0]UdpMessaging: Initializing bridge on interface 0.0.0.0:0 to multicast group 230.0.0.1:6666.
[2015.07.30-06.55.55:044][  0]SourceControl: Info Source control is disabled
[2015.07.30-06.55.55:073][  0]SourceControl: Info Source control is disabled
[2015.07.30-06.55.55:086][  0]SourceControl: Info Source control is disabled
[2015.07.30-06.55.55:096][  0]SourceControl: Info Source control is disabled
[2015.07.30-06.55.55:358][  0]LogObj: 26273 objects as part of root set at end of initial load.
[2015.07.30-06.55.55:358][  0]LogUObjectAllocator: 5409248 out of 0 bytes used by permanent object pool.
[2015.07.30-06.55.55:453][  0]LogEngine: Initializing Engine...
[2015.07.30-06.55.55:455][  0]LogHMD: Can't find Oculus library dev build: is proper Runtime installed? Version: 0.6.0.0
[2015.07.30-06.55.55:457][  0]LogHMD:Warning: SteamVR failed to initialize.  Error: 110
[2015.07.30-06.55.55:655][  0]LogAIModule: Creating AISystem for world NewWorld
[2015.07.30-06.55.55:662][  0]LogInit: XAudio2 using 'Speakers / Headphones (IDT High Definition Audio CODEC)' : 2 channels at 48 kHz using 16 bits per sample (channel mask 0x3)
[2015.07.30-06.55.55:690][  0]LogInit: FAudioDevice initialized.
[2015.07.30-06.55.55:719][  0]LogDerivedDataCache: Saved boot cache 0.03s 53MB C:/Users/ALorente/AppData/Local/UnrealEngine/4.8/DerivedDataCache/Boot.ddc.
[2015.07.30-06.55.55:727][  0]LogInit: Texture streaming: Disabled
[2015.07.30-06.55.55:766][  0]LogAnalytics: Creating configured Analytics provider AnalyticsET
[2015.07.30-06.55.55:766][  0]LogAnalytics: [UEEditor.Rocket.Release] APIServer = http://et2.epicgames.com/ET2/. AppVersion = 4.8.3-2634408+++depot+UE4-Releases+4.8
[2015.07.30-06.55.55:766][  0]LogAnalytics: [UEEditor.Rocket.Release] SetUserId d64b808f4af5ec925fa497bbc1d7337b|81643a0ffa4546099291d92070e6ccbc|952f4c26-71e8-47b2-8a9a-557a0707c735
[2015.07.30-06.55.55:767][  0]LogAnalytics: [UEEditor.Rocket.Release] AnalyticsET::StartSession
[2015.07.30-06.55.55:824][  0]LogInit: Transaction tracking system initialized
[2015.07.30-06.55.56:035][  0]BlueprintLog: New page: Editor Load
[2015.07.30-06.55.56:093][  0]LogAssetRegistry: FAssetRegistry took 0.0175 seconds to start up
[2015.07.30-06.55.56:093][  0]LogDirectoryWatcher:Warning: Failed to begin reading directory changes for ../../../Engine/Plugins/Experimental/CharacterAI/Content/. Error: 0
[2015.07.30-06.55.57:380][  0]LogConsoleManager:Warning: Console variable 'r.VSync' wasn't set ('GameSetting' has a lower priority than 'SystemSettingsIni')
[2015.07.30-06.55.57:380][  0]LogConsoleResponse:Display: 
[2015.07.30-06.55.57:587][  0]LogCook:Display: Done creating registry. It took  0.00s.
[2015.07.30-06.55.57:927][  0]SourceControl: Info Source control is disabled
[2015.07.30-06.55.57:927][  0]Cmd: MAP LOAD FILE="D:/Workspace/Code/BitBucket/SaveMe/Content/Maps/Menu.umap" TEMPLATE=0 SHOWPROGRESS=1 FEATURELEVEL=3
[2015.07.30-06.55.57:927][  0]LightingResults: New page: Lighting Build
[2015.07.30-06.55.57:947][  0]MapCheck: New page: Map Check
[2015.07.30-06.55.57:947][  0]LightingResults: New page: Lighting Build
[2015.07.30-06.55.57:974][  0]LogParticles: Destroying 0 GPU particle simulations for FXSystem 0x0000000014FF89A0
[2015.07.30-06.55.58:209][  0]LogAIModule: Creating AISystem for world Menu
[2015.07.30-06.55.58:212][  0]LogEditorServer: Finished looking for orphan Actors (0.000 secs)
[2015.07.30-06.55.58:213][  0]Cmd: MAP CHECKDEP NOCLEARLOG
[2015.07.30-06.55.58:263][  0]MapCheck: Info Map check complete: 0 Error(s), 0 Warning(s), took 49.86ms to complete.
[2015.07.30-06.55.58:263][  0]LogFileHelpers: Loading map 'Menu' took 0.336
[2015.07.30-06.55.58:421][  0]LogCollectionManager: Loaded 0 collections in 0.003358 seconds
[2015.07.30-06.55.58:436][  0]LogContentBrowser: Native class hierarchy populated in 0.0147 seconds. Added 1792 classes and 301 folders.
[2015.07.30-06.55.58:516][  0]LogContentBrowser: Native class hierarchy updated for 'WidgetCarousel' in 0.0005 seconds. Added 0 classes and 0 folders.
[2015.07.30-06.55.58:559][  0]LogContentBrowser: Native class hierarchy updated for 'AddContentDialog' in 0.0005 seconds. Added 0 classes and 0 folders.
[2015.07.30-06.55.58:585][  0]LogContentBrowser: Native class hierarchy updated for 'SceneOutliner' in 0.0005 seconds. Added 1 classes and 2 folders.
[2015.07.30-06.55.58:638][  0]LogCrashTracker: Crashtracker disabled due to settings.
[2015.07.30-06.55.58:639][  0]LogD3D11RHI: InitD3DDevice
[2015.07.30-06.55.58:645][  0]LogUObjectGlobals:Warning: Failed to find object 'Class None.'
[2015.07.30-06.55.58:666][  0]LogLoad: Full Startup: 10.15 seconds (BP compile: 0.23 seconds)
[2015.07.30-06.55.58:755][  0]LogContentStreaming: Texture pool size is 0.000000MB
[2015.07.30-06.55.58:793][  0]LogContentStreaming: Texture pool size now 400 MB
[2015.07.30-06.55.58:937][  0]LogRenderer: Reallocating scene render targets to support 1056x584 (Frame:2).
[2015.07.30-06.55.59:276][  7]LogAssetRegistry: Asset discovery search completed in 3.2012 seconds
[2015.07.30-06.56.01:602][143]LogD3D11RHI: InitD3DDevice
[2015.07.30-06.56.13:940][881]BlueprintLog: New page: Pre-PIE auto-recompile
[2015.07.30-06.56.13:940][881]LogPlayLevel: [PIE] Compiling Menu before PIE...
[2015.07.30-06.56.14:039][881]LogPlayLevel: PIE:  Blueprint regeneration took 99 ms (1 blueprints)
[2015.07.30-06.56.14:042][881]PIE: New page: PIE session: Menu (Jul 30, 2015, 10:56:14 AM)
[2015.07.30-06.56.14:042][881]LogPlayLevel: Creating play world package: /Game/Maps/UEDPIE_0_Menu
[2015.07.30-06.56.14:045][881]LogPlayLevel: PIE: StaticDuplicateObject took: (0.002986s)
[2015.07.30-06.56.14:046][881]LogAIModule: Creating AISystem for world Menu
[2015.07.30-06.56.14:046][881]LogPlayLevel: PIE: World Init took: (0.001042s)
[2015.07.30-06.56.14:046][881]LogPlayLevel: PIE: Created PIE world by copying editor world from /Game/Maps/Menu.Menu to /Game/Maps/UEDPIE_0_Menu.Menu (0.004209s)
[2015.07.30-06.56.14:072][881]LogInit: XAudio2 using 'Speakers / Headphones (IDT High Definition Audio CODEC)' : 2 channels at 48 kHz using 16 bits per sample (channel mask 0x3)
[2015.07.30-06.56.14:077][881]LogInit: FAudioDevice initialized.
[2015.07.30-06.56.14:122][881]LogWorld: Game class is 'GameMode'
[2015.07.30-06.56.14:126][881]LogWorld: Bringing World /Game/Maps/UEDPIE_0_Menu.Menu up for play (max tick rate 60) at 2015.07.30-08.56.14
[2015.07.30-06.56.14:126][881]LogActor:Warning: GameSession /Game/Maps/UEDPIE_0_Menu.Menu:PersistentLevel.GameSession_0 has natively added scene component(s), but none of them were set as the actor's RootComponent - picking one arbitrarily
[2015.07.30-06.56.14:126][881]LogActor:Warning: GameNetworkManager /Game/Maps/UEDPIE_0_Menu.Menu:PersistentLevel.GameNetworkManager_0 has natively added scene component(s), but none of them were set as the actor's RootComponent - picking one arbitrarily
[2015.07.30-06.56.14:127][881]LogWorld: Bringing up level for play took: 0.003181
[2015.07.30-06.56.14:133][881]PIE: Info Play in editor start time for /Game/Maps/UEDPIE_0_Menu 0.061
[2015.07.30-06.56.17:079][ 47]LogParticles: Destroying 0 GPU particle simulations for FXSystem 0x000000000F8554E0
[2015.07.30-06.56.18:203][114]LogD3D11RHI: InitD3DDevice
[2015.07.30-06.56.22:123][347]BlueprintLog: New page: Pre-PIE auto-recompile
[2015.07.30-06.56.22:123][347]LogPlayLevel: [PIE] Compiling Menu before PIE...
[2015.07.30-06.56.22:203][347]LogPlayLevel: PIE:  Blueprint regeneration took 80 ms (1 blueprints)
[2015.07.30-06.56.22:203][347]PIE: New page: SIE session: Menu (Jul 30, 2015, 10:56:22 AM)
[2015.07.30-06.56.22:203][347]LogPlayLevel: Creating play world package: /Game/Maps/UEDPIE_0_Menu
[2015.07.30-06.56.22:206][347]LogPlayLevel: PIE: StaticDuplicateObject took: (0.002881s)
[2015.07.30-06.56.22:207][347]LogAIModule: Creating AISystem for world Menu
[2015.07.30-06.56.22:208][347]LogPlayLevel: PIE: World Init took: (0.001107s)
[2015.07.30-06.56.22:208][347]LogPlayLevel: PIE: Created PIE world by copying editor world from /Game/Maps/Menu.Menu to /Game/Maps/UEDPIE_0_Menu.Menu (0.004186s)
[2015.07.30-06.56.22:241][347]LogInit: XAudio2 using 'Speakers / Headphones (IDT High Definition Audio CODEC)' : 2 channels at 48 kHz using 16 bits per sample (channel mask 0x3)
[2015.07.30-06.56.22:247][347]LogInit: FAudioDevice initialized.
[2015.07.30-06.56.22:276][347]LogWorld: Game class is 'GameMode'
[2015.07.30-06.56.22:280][347]LogWorld: Bringing World /Game/Maps/UEDPIE_0_Menu.Menu up for play (max tick rate 60) at 2015.07.30-08.56.22
[2015.07.30-06.56.22:280][347]LogActor:Warning: GameSession /Game/Maps/UEDPIE_0_Menu.Menu:PersistentLevel.GameSession_1 has natively added scene component(s), but none of them were set as the actor's RootComponent - picking one arbitrarily
[2015.07.30-06.56.22:280][347]LogActor:Warning: GameNetworkManager /Game/Maps/UEDPIE_0_Menu.Menu:PersistentLevel.GameNetworkManager_1 has natively added scene component(s), but none of them were set as the actor's RootComponent - picking one arbitrarily
[2015.07.30-06.56.22:280][347]LogWorld: Bringing up level for play took: 0.002916
[2015.07.30-06.56.22:282][347]PIE: Info Play in editor start time for /Game/Maps/UEDPIE_0_Menu 0.211
[2015.07.30-06.56.45:424][729]LogParticles: Destroying 0 GPU particle simulations for FXSystem 0x000000000E5AE840
[2015.07.30-06.56.46:824][812]BlueprintLog: New page: Pre-PIE auto-recompile
[2015.07.30-06.56.46:824][812]LogPlayLevel: [PIE] Compiling Menu before PIE...
[2015.07.30-06.56.46:892][812]LogPlayLevel: PIE:  Blueprint regeneration took 67 ms (1 blueprints)
[2015.07.30-06.56.46:892][812]PIE: New page: SIE session: Menu (Jul 30, 2015, 10:56:46 AM)
[2015.07.30-06.56.46:892][812]LogPlayLevel: Creating play world package: /Game/Maps/UEDPIE_0_Menu
[2015.07.30-06.56.46:895][812]LogPlayLevel: PIE: StaticDuplicateObject took: (0.002811s)
[2015.07.30-06.56.46:896][812]LogAIModule: Creating AISystem for world Menu
[2015.07.30-06.56.46:896][812]LogPlayLevel: PIE: World Init took: (0.001070s)
[2015.07.30-06.56.46:896][812]LogPlayLevel: PIE: Created PIE world by copying editor world from /Game/Maps/Menu.Menu to /Game/Maps/UEDPIE_0_Menu.Menu (0.004054s)
[2015.07.30-06.56.46:926][812]LogInit: XAudio2 using 'Speakers / Headphones (IDT High Definition Audio CODEC)' : 2 channels at 48 kHz using 16 bits per sample (channel mask 0x3)
[2015.07.30-06.56.46:931][812]LogInit: FAudioDevice initialized.
[2015.07.30-06.56.46:960][812]LogWorld: Game class is 'GameMode'
[2015.07.30-06.56.46:964][812]LogWorld: Bringing World /Game/Maps/UEDPIE_0_Menu.Menu up for play (max tick rate 60) at 2015.07.30-08.56.46
[2015.07.30-06.56.46:964][812]LogActor:Warning: GameSession /Game/Maps/UEDPIE_0_Menu.Menu:PersistentLevel.GameSession_2 has natively added scene component(s), but none of them were set as the actor's RootComponent - picking one arbitrarily
[2015.07.30-06.56.46:964][812]LogActor:Warning: GameNetworkManager /Game/Maps/UEDPIE_0_Menu.Menu:PersistentLevel.GameNetworkManager_2 has natively added scene component(s), but none of them were set as the actor's RootComponent - picking one arbitrarily
[2015.07.30-06.56.46:965][812]LogWorld: Bringing up level for play took: 0.003001
[2015.07.30-06.56.46:967][812]PIE: Info Play in editor start time for /Game/Maps/UEDPIE_0_Menu 0.896
[2015.07.30-06.56.47:911][865]LogPackageName: SearchForPackageOnDisk took   0.066s to resolve Level1.umap
[2015.07.30-06.56.47:971][865]LogPackageName: SearchForPackageOnDisk took   0.058s to resolve Level1.umap
[2015.07.30-06.56.47:971][865]LogNet: Browse: /Game/Maps/Level1
[2015.07.30-06.56.47:971][865]LogLoad: LoadMap: /Game/Maps/Level1
[2015.07.30-06.56.48:000][865]LogParticles: Destroying 0 GPU particle simulations for FXSystem 0x0000000003F258A0
[2015.07.30-06.56.48:000][865]Cmd: MEM
[2015.07.30-06.56.48:026][865]LogMemory: Platform Memory Stats for Windows
[2015.07.30-06.56.48:026][865]LogMemory: Process Physical Memory: 480.96 MB used, 496.03 MB peak
[2015.07.30-06.56.48:026][865]LogMemory: Process Virtual Memory: 387.27 MB used, 416.07 MB peak
[2015.07.30-06.56.48:026][865]LogMemory: Physical Memory: 4467.53 MB used, 8148.89 MB total
[2015.07.30-06.56.48:026][865]LogMemory: Virtual Memory: 975.69 MB used, 8388608.00 MB total
[2015.07.30-06.56.48:026][865]LogMemory: 
[2015.07.30-06.56.48:026][865]Allocator Stats for TBB: (not implemented)
[2015.07.30-06.56.48:201][865]LogAIModule: Creating AISystem for world Level1
[2015.07.30-06.56.48:203][865]LogWorld: Game class is 'GameMode'
[2015.07.30-06.56.48:207][865]LogWorld: Bringing World /Game/Maps/UEDPIE_0_Level1.Level1 up for play (max tick rate 60) at 2015.07.30-08.56.48
[2015.07.30-06.56.48:207][865]LogActor:Warning: GameSession /Game/Maps/UEDPIE_0_Level1.Level1:PersistentLevel.GameSession_3 has natively added scene component(s), but none of them were set as the actor's RootComponent - picking one arbitrarily
[2015.07.30-06.56.48:207][865]LogActor:Warning: GameNetworkManager /Game/Maps/UEDPIE_0_Level1.Level1:PersistentLevel.GameNetworkManager_3 has natively added scene component(s), but none of them were set as the actor's RootComponent - picking one arbitrarily
[2015.07.30-06.56.48:207][865]LogWorld: Bringing up level for play took: 0.003332
[2015.07.30-06.56.54:740][253]LogParticles: Destroying 0 GPU particle simulations for FXSystem 0x000000000E1F7BA0
[2015.07.30-06.56.58:202][460]BlueprintLog: New page: Pre-PIE auto-recompile
[2015.07.30-06.56.58:202][460]LogPlayLevel: [PIE] Compiling Menu before PIE...
[2015.07.30-06.56.58:269][460]LogPlayLevel: PIE:  Blueprint regeneration took 66 ms (1 blueprints)
[2015.07.30-06.56.58:269][460]PIE: New page: SIE session: Menu (Jul 30, 2015, 10:56:58 AM)
[2015.07.30-06.56.58:269][460]LogPlayLevel: Creating play world package: /Game/Maps/UEDPIE_0_Menu
[2015.07.30-06.56.58:273][460]LogPlayLevel: PIE: StaticDuplicateObject took: (0.003137s)
[2015.07.30-06.56.58:273][460]LogAIModule: Creating AISystem for world Menu
[2015.07.30-06.56.58:274][460]LogPlayLevel: PIE: World Init took: (0.001244s)
[2015.07.30-06.56.58:274][460]LogPlayLevel: PIE: Created PIE world by copying editor world from /Game/Maps/Menu.Menu to /Game/Maps/UEDPIE_0_Menu.Menu (0.004553s)
[2015.07.30-06.56.58:301][460]LogInit: XAudio2 using 'Speakers / Headphones (IDT High Definition Audio CODEC)' : 2 channels at 48 kHz using 16 bits per sample (channel mask 0x3)
[2015.07.30-06.56.58:306][460]LogInit: FAudioDevice initialized.
[2015.07.30-06.56.58:338][460]LogWorld: Game class is 'GameMode'
[2015.07.30-06.56.58:342][460]LogWorld: Bringing World /Game/Maps/UEDPIE_0_Menu.Menu up for play (max tick rate 60) at 2015.07.30-08.56.58
[2015.07.30-06.56.58:342][460]LogActor:Warning: GameSession /Game/Maps/UEDPIE_0_Menu.Menu:PersistentLevel.GameSession_4 has natively added scene component(s), but none of them were set as the actor's RootComponent - picking one arbitrarily
[2015.07.30-06.56.58:342][460]LogActor:Warning: GameNetworkManager /Game/Maps/UEDPIE_0_Menu.Menu:PersistentLevel.GameNetworkManager_4 has natively added scene component(s), but none of them were set as the actor's RootComponent - picking one arbitrarily
[2015.07.30-06.56.58:342][460]LogWorld: Bringing up level for play took: 0.003021
[2015.07.30-06.56.58:344][460]PIE: Info Play in editor start time for /Game/Maps/UEDPIE_0_Menu 0.274
[2015.07.30-06.56.59:695][538]LogPackageName: SearchForPackageOnDisk took   0.055s to resolve Level1.umap
[2015.07.30-06.56.59:750][538]LogPackageName: SearchForPackageOnDisk took   0.055s to resolve Level1.umap
[2015.07.30-06.56.59:750][538]LogNet: Browse: /Game/Maps/Level1
[2015.07.30-06.56.59:751][538]LogLoad: LoadMap: /Game/Maps/Level1
[2015.07.30-06.56.59:778][538]LogParticles: Destroying 0 GPU particle simulations for FXSystem 0x00000000129B1620
[2015.07.30-06.56.59:778][538]Cmd: MEM
[2015.07.30-06.56.59:802][538]LogMemory: Platform Memory Stats for Windows
[2015.07.30-06.56.59:802][538]LogMemory: Process Physical Memory: 481.55 MB used, 496.03 MB peak
[2015.07.30-06.56.59:802][538]LogMemory: Process Virtual Memory: 387.94 MB used, 416.07 MB peak
[2015.07.30-06.56.59:802][538]LogMemory: Physical Memory: 4470.43 MB used, 8148.89 MB total
[2015.07.30-06.56.59:802][538]LogMemory: Virtual Memory: 975.69 MB used, 8388608.00 MB total
[2015.07.30-06.56.59:802][538]LogMemory: 
[2015.07.30-06.56.59:802][538]Allocator Stats for TBB: (not implemented)
[2015.07.30-06.56.59:881][538]LogAIModule: Creating AISystem for world Level1
[2015.07.30-06.56.59:882][538]LogWorld: Game class is 'GameMode'
[2015.07.30-06.56.59:886][538]LogWorld: Bringing World /Game/Maps/UEDPIE_0_Level1.Level1 up for play (max tick rate 60) at 2015.07.30-08.56.59
[2015.07.30-06.56.59:886][538]LogActor:Warning: GameSession /Game/Maps/UEDPIE_0_Level1.Level1:PersistentLevel.GameSession_5 has natively added scene component(s), but none of them were set as the actor's RootComponent - picking one arbitrarily
[2015.07.30-06.56.59:886][538]LogActor:Warning: GameNetworkManager /Game/Maps/UEDPIE_0_Level1.Level1:PersistentLevel.GameNetworkManager_5 has natively added scene component(s), but none of them were set as the actor's RootComponent - picking one arbitrarily
[2015.07.30-06.56.59:887][538]LogWorld: Bringing up level for play took: 0.003329
[2015.07.30-06.57.05:914][896]LogParticles: Destroying 0 GPU particle simulations for FXSystem 0x0000000003F24900
[2015.07.30-06.57.08:338][ 41]LogD3D11RHI: InitD3DDevice
[2015.07.30-06.57.08:374][ 41]Cmd: MAP LOAD FILE="D:/Workspace/Code/BitBucket/SaveMe/Content/Maps/Menu.umap" TEMPLATE=0 SHOWPROGRESS=1 FEATURELEVEL=3
[2015.07.30-06.57.08:374][ 41]LightingResults: New page: Lighting Build
[2015.07.30-06.57.08:400][ 41]LoadErrors: New page: Loading map: Menu.umap
[2015.07.30-06.57.08:401][ 41]MapCheck: New page: Map Check
[2015.07.30-06.57.08:401][ 41]LightingResults: New page: Lighting Build
[2015.07.30-06.57.08:417][ 41]LogParticles: Destroying 0 GPU particle simulations for FXSystem 0x000000000F854EA0
[2015.07.30-06.57.08:504][ 41]LogAIModule: Creating AISystem for world Menu
[2015.07.30-06.57.08:506][ 41]LogEditorServer: Finished looking for orphan Actors (0.000 secs)
[2015.07.30-06.57.08:533][ 41]Cmd: MAP CHECKDEP NOCLEARLOG
[2015.07.30-06.57.08:570][ 41]MapCheck: Info Map check complete: 0 Error(s), 0 Warning(s), took 36.852ms to complete.
[2015.07.30-06.57.08:571][ 41]LogFileHelpers: Loading map 'Menu' took 0.198
[2015.07.30-06.57.14:324][386]LogD3D11RHI: InitD3DDevice
[2015.07.30-06.57.14:368][386]Cmd: MAP LOAD FILE="D:/Workspace/Code/BitBucket/SaveMe/Content/Maps/Menu.umap" TEMPLATE=0 SHOWPROGRESS=1 FEATURELEVEL=3
[2015.07.30-06.57.14:368][386]LightingResults: New page: Lighting Build
[2015.07.30-06.57.14:386][386]LoadErrors: New page: Loading map: Menu.umap
[2015.07.30-06.57.14:387][386]MapCheck: New page: Map Check
[2015.07.30-06.57.14:387][386]LightingResults: New page: Lighting Build
[2015.07.30-06.57.14:481][386]LogParticles: Destroying 0 GPU particle simulations for FXSystem 0x000000000E157060
[2015.07.30-06.57.14:483][386]LogAIModule: Creating AISystem for world Menu
[2015.07.30-06.57.14:485][386]LogEditorServer: Finished looking for orphan Actors (0.000 secs)
[2015.07.30-06.57.14:511][386]Cmd: MAP CHECKDEP NOCLEARLOG
[2015.07.30-06.57.14:547][386]MapCheck: Info Map check complete: 0 Error(s), 0 Warning(s), took 36.178ms to complete.
[2015.07.30-06.57.14:548][386]LogFileHelpers: Loading map 'Menu' took 0.181
[2015.07.30-06.57.15:409][437]LogD3D11RHI: InitD3DDevice
[2015.07.30-06.57.16:100][477]LogD3D11RHI: InitD3DDevice
[2015.07.30-06.57.18:105][597]LogD3D11RHI: InitD3DDevice
[2015.07.30-06.57.23:129][898]LogD3D11RHI: InitD3DDevice
[2015.07.30-06.57.53:318][704]LogD3D11RHI: InitD3DDevice
[2015.07.30-06.57.53:484][704]LogAIModule: Creating AISystem for world Level1
[2015.07.30-06.57.53:536][704]Cmd: MAP LOAD FILE="D:/Workspace/Code/BitBucket/SaveMe/Content/Maps/Level1.umap" TEMPLATE=0 SHOWPROGRESS=1 FEATURELEVEL=3
[2015.07.30-06.57.53:536][704]LightingResults: New page: Lighting Build
[2015.07.30-06.57.53:554][704]LoadErrors: New page: Loading map: Level1.umap
[2015.07.30-06.57.53:554][704]MapCheck: New page: Map Check
[2015.07.30-06.57.53:554][704]LightingResults: New page: Lighting Build
[2015.07.30-06.57.53:586][704]LogParticles: Destroying 0 GPU particle simulations for FXSystem 0x0000000021F33600
[2015.07.30-06.57.53:717][704]LogAIModule: Creating AISystem for world Level1
[2015.07.30-06.57.53:719][704]LogEditorServer: Finished looking for orphan Actors (0.000 secs)
[2015.07.30-06.57.53:745][704]Cmd: MAP CHECKDEP NOCLEARLOG
[2015.07.30-06.57.53:781][704]MapCheck: Info Map check complete: 0 Error(s), 0 Warning(s), took 36.721ms to complete.
[2015.07.30-06.57.53:781][704]LogFileHelpers: Loading map 'Level1' took 0.247
[2015.07.30-06.57.54:745][761]LogD3D11RHI: InitD3DDevice
[2015.07.30-06.57.54:854][761]LogAIModule: Creating AISystem for world Menu
[2015.07.30-06.57.54:906][761]Cmd: MAP LOAD FILE="D:/Workspace/Code/BitBucket/SaveMe/Content/Maps/Menu.umap" TEMPLATE=0 SHOWPROGRESS=1 FEATURELEVEL=3
[2015.07.30-06.57.54:906][761]LightingResults: New page: Lighting Build
[2015.07.30-06.57.54:924][761]LoadErrors: New page: Loading map: Menu.umap
[2015.07.30-06.57.54:924][761]MapCheck: New page: Map Check
[2015.07.30-06.57.54:924][761]LightingResults: New page: Lighting Build
[2015.07.30-06.57.54:941][761]LogParticles: Destroying 0 GPU particle simulations for FXSystem 0x0000000021F31580
[2015.07.30-06.57.55:071][761]LogAIModule: Creating AISystem for world Menu
[2015.07.30-06.57.55:073][761]LogEditorServer: Finished looking for orphan Actors (0.000 secs)
[2015.07.30-06.57.55:098][761]Cmd: MAP CHECKDEP NOCLEARLOG
[2015.07.30-06.57.55:134][761]MapCheck: Info Map check complete: 0 Error(s), 0 Warning(s), took 36.342ms to complete.
[2015.07.30-06.57.55:134][761]LogFileHelpers: Loading map 'Menu' took 0.230
[2015.07.30-06.57.58:832][982]LogD3D11RHI: InitD3DDevice
[2015.07.30-06.58.06:676][450]LogD3D11RHI: InitD3DDevice
[2015.07.30-06.58.16:255][ 23]LogD3D11RHI: InitD3DDevice
[2015.07.30-06.58.20:980][306]LogD3D11RHI: InitD3DDevice
[2015.07.30-06.58.21:031][306]Cmd: MAP LOAD FILE="D:/Workspace/Code/BitBucket/SaveMe/Content/Maps/Menu.umap" TEMPLATE=0 SHOWPROGRESS=1 FEATURELEVEL=3
[2015.07.30-06.58.21:031][306]LightingResults: New page: Lighting Build
[2015.07.30-06.58.21:049][306]LoadErrors: New page: Loading map: Menu.umap
[2015.07.30-06.58.21:049][306]MapCheck: New page: Map Check
[2015.07.30-06.58.21:049][306]LightingResults: New page: Lighting Build
[2015.07.30-06.58.21:066][306]LogParticles: Destroying 0 GPU particle simulations for FXSystem 0x000000000F8540E0
[2015.07.30-06.58.21:145][306]LogAIModule: Creating AISystem for world Menu
[2015.07.30-06.58.21:147][306]LogEditorServer: Finished looking for orphan Actors (0.000 secs)
[2015.07.30-06.58.21:173][306]Cmd: MAP CHECKDEP NOCLEARLOG
[2015.07.30-06.58.21:209][306]MapCheck: Info Map check complete: 0 Error(s), 0 Warning(s), took 36.124ms to complete.
[2015.07.30-06.58.21:210][306]LogFileHelpers: Loading map 'Menu' took 0.180
[2015.07.30-06.58.23:557][446]LogD3D11RHI: InitD3DDevice
[2015.07.30-06.58.23:616][446]LogD3D11RHI: InitD3DDevice
[2015.07.30-06.58.23:645][446]LogLinker:Warning: Asset '../../../Engine/Content/ArtTools/RenderToTexture/Macros/RenderToTextureMacros.uasset' has been saved with empty engine version. The asset will be loaded but may be incompatible.
[2015.07.30-06.58.23:863][446]LogLinker:Warning: Asset '../../../Engine/Content/ArtTools/RenderToTexture/Enums/RenderToTexture_Enum.uasset' has been saved with empty engine version. The asset will be loaded but may be incompatible.
[2015.07.30-06.58.26:548][546]LogD3D11RHI: InitD3DDevice
[2015.07.30-06.59.24:859][980]LogD3D11RHI: InitD3DDevice
[2015.07.30-06.59.24:952][980]LogAIModule: Creating AISystem for world Level1
[2015.07.30-06.59.25:036][980]Cmd: MAP LOAD FILE="D:/Workspace/Code/BitBucket/SaveMe/Content/Maps/Level1.umap" TEMPLATE=0 SHOWPROGRESS=1 FEATURELEVEL=3
[2015.07.30-06.59.25:036][980]LightingResults: New page: Lighting Build
[2015.07.30-06.59.25:055][980]LoadErrors: New page: Loading map: Level1.umap
[2015.07.30-06.59.25:055][980]MapCheck: New page: Map Check
[2015.07.30-06.59.25:055][980]LightingResults: New page: Lighting Build
[2015.07.30-06.59.25:096][980]LogParticles: Destroying 0 GPU particle simulations for FXSystem 0x0000000021F32AC0
[2015.07.30-06.59.25:252][980]LogAIModule: Creating AISystem for world Level1
[2015.07.30-06.59.25:262][980]LogEditorServer: Finished looking for orphan Actors (0.000 secs)
[2015.07.30-06.59.25:295][980]Cmd: MAP CHECKDEP NOCLEARLOG
[2015.07.30-06.59.25:335][980]MapCheck: Info Map check complete: 0 Error(s), 0 Warning(s), took 40.404ms to complete.
[2015.07.30-06.59.25:335][980]LogFileHelpers: Loading map 'Level1' took 0.300
[2015.07.30-06.59.34:676][534]LogD3D11RHI: InitD3DDevice
[2015.07.30-06.59.37:167][679]LogD3D11RHI: InitD3DDevice
[2015.07.30-06.59.37:250][679]Cmd: MAP LOAD FILE="D:/Workspace/Code/BitBucket/SaveMe/Content/Maps/Level1.umap" TEMPLATE=0 SHOWPROGRESS=1 FEATURELEVEL=3
[2015.07.30-06.59.37:250][679]LightingResults: New page: Lighting Build
[2015.07.30-06.59.37:268][679]LoadErrors: New page: Loading map: Level1.umap
[2015.07.30-06.59.37:268][679]MapCheck: New page: Map Check
[2015.07.30-06.59.37:268][679]LightingResults: New page: Lighting Build
[2015.07.30-06.59.37:374][679]LogParticles: Destroying 0 GPU particle simulations for FXSystem 0x00000000134C5F80
[2015.07.30-06.59.37:389][679]LogAIModule: Creating AISystem for world Level1
[2015.07.30-06.59.37:399][679]LogEditorServer: Finished looking for orphan Actors (0.000 secs)
[2015.07.30-06.59.37:434][679]Cmd: MAP CHECKDEP NOCLEARLOG
[2015.07.30-06.59.37:475][679]MapCheck: Info Map check complete: 0 Error(s), 0 Warning(s), took 40.606ms to complete.
[2015.07.30-06.59.37:476][679]LogFileHelpers: Loading map 'Level1' took 0.227
[2015.07.30-06.59.39:149][775]LogD3D11RHI: InitD3DDevice
[2015.07.30-07.00.04:532][279]BlueprintLog: New page: Compile MainMenu
[2015.07.30-07.00.04:663][279]LogD3D11RHI: InitD3DDevice
[2015.07.30-07.00.04:689][279]Cmd: OBJ SAVEPACKAGE PACKAGE="/Game/Blueprints/MainMenu" FILE="D:/Workspace/Code/BitBucket/SaveMe/Content/Blueprints/MainMenu.uasset" SILENT=true
[2015.07.30-07.00.04:711][279]LogSavePackage: Save=16.479834ms
[2015.07.30-07.00.04:711][279]LogSavePackage: Moving 'D:/Workspace/Code/BitBucket/SaveMe/Saved/MainMenu5F89DAFB40635B95424199909887FCBD.tmp' to 'D:/Workspace/Code/BitBucket/SaveMe/Content/Blueprints/MainMenu.uasset'
[2015.07.30-07.00.04:715][279]BlueprintEditorCompileResults: Info [0256.21] Compile of MainMenu successful! [in 183 ms]
[2015.07.30-07.00.05:414][320]LogD3D11RHI: InitD3DDevice
[2015.07.30-07.00.06:648][392]LogD3D11RHI: InitD3DDevice
[2015.07.30-07.00.08:709][514]BlueprintLog: New page: Pre-PIE auto-recompile
[2015.07.30-07.00.08:718][514]LogPlayLevel: [PIE] Compiling Level1 before PIE...
[2015.07.30-07.00.08:819][514]LogPlayLevel: PIE:  Blueprint regeneration took 110 ms (1 blueprints)
[2015.07.30-07.00.08:820][514]PIE: New page: SIE session: Level1 (Jul 30, 2015, 11:00:08 AM)
[2015.07.30-07.00.08:820][514]LogPlayLevel: Creating play world package: /Game/Maps/UEDPIE_0_Level1
[2015.07.30-07.00.08:823][514]LogPlayLevel: PIE: StaticDuplicateObject took: (0.002946s)
[2015.07.30-07.00.08:824][514]LogAIModule: Creating AISystem for world Level1
[2015.07.30-07.00.08:824][514]LogPlayLevel: PIE: World Init took: (0.001053s)
[2015.07.30-07.00.08:824][514]LogPlayLevel: PIE: Created PIE world by copying editor world from /Game/Maps/Level1.Level1 to /Game/Maps/UEDPIE_0_Level1.Level1 (0.004173s)
[2015.07.30-07.00.08:865][514]LogInit: XAudio2 using 'Speakers / Headphones (IDT High Definition Audio CODEC)' : 2 channels at 48 kHz using 16 bits per sample (channel mask 0x3)
[2015.07.30-07.00.08:870][514]LogInit: FAudioDevice initialized.
[2015.07.30-07.00.08:907][514]LogWorld: Game class is 'GameMode'
[2015.07.30-07.00.08:910][514]LogWorld: Bringing World /Game/Maps/UEDPIE_0_Level1.Level1 up for play (max tick rate 60) at 2015.07.30-09.00.08
[2015.07.30-07.00.08:910][514]LogActor:Warning: GameSession /Game/Maps/UEDPIE_0_Level1.Level1:PersistentLevel.GameSession_6 has natively added scene component(s), but none of them were set as the actor's RootComponent - picking one arbitrarily
[2015.07.30-07.00.08:911][514]LogActor:Warning: GameNetworkManager /Game/Maps/UEDPIE_0_Level1.Level1:PersistentLevel.GameNetworkManager_6 has natively added scene component(s), but none of them were set as the actor's RootComponent - picking one arbitrarily
[2015.07.30-07.00.08:911][514]LogWorld: Bringing up level for play took: 0.002957
[2015.07.30-07.00.08:913][514]PIE: Info Play in editor start time for /Game/Maps/UEDPIE_0_Level1 0.85
[2015.07.30-07.00.10:123][582]LogPackageName: SearchForPackageOnDisk took   0.059s to resolve Level1.umap
[2015.07.30-07.00.10:178][582]LogPackageName: SearchForPackageOnDisk took   0.055s to resolve Level1.umap
[2015.07.30-07.00.10:178][582]LogNet: Browse: /Game/Maps/Level1
[2015.07.30-07.00.10:179][582]LogLoad: LoadMap: /Game/Maps/Level1
[2015.07.30-07.00.10:223][582]LogParticles: Destroying 0 GPU particle simulations for FXSystem 0x0000000021F33D80
[2015.07.30-07.00.10:223][582]Cmd: MEM
[2015.07.30-07.00.10:261][582]LogMemory: Platform Memory Stats for Windows
[2015.07.30-07.00.10:261][582]LogMemory: Process Physical Memory: 563.80 MB used, 567.79 MB peak
[2015.07.30-07.00.10:261][582]LogMemory: Process Virtual Memory: 459.14 MB used, 464.13 MB peak
[2015.07.30-07.00.10:261][582]LogMemory: Physical Memory: 4557.59 MB used, 8148.89 MB total
[2015.07.30-07.00.10:261][582]LogMemory: Virtual Memory: 1050.26 MB used, 8388608.00 MB total
[2015.07.30-07.00.10:261][582]LogMemory: 
[2015.07.30-07.00.10:261][582]Allocator Stats for TBB: (not implemented)
[2015.07.30-07.00.10:261][582]LogPlayLevel: Creating play world package: /Game/Maps/UEDPIE_0_Level1
[2015.07.30-07.00.10:264][582]LogPlayLevel: PIE: StaticDuplicateObject took: (0.002982s)
[2015.07.30-07.00.10:264][582]LogAIModule: Creating AISystem for world Level1
[2015.07.30-07.00.10:266][582]LogPlayLevel: PIE: World Init took: (0.002185s)
[2015.07.30-07.00.10:266][582]LogPlayLevel: PIE: Created PIE world by copying editor world from /Game/Maps/Level1.Level1 to /Game/Maps/UEDPIE_0_Level1.Level1 (0.005335s)
[2015.07.30-07.00.10:266][582]LogWorld: Game class is 'GameMode'
[2015.07.30-07.00.10:270][582]LogWorld: Bringing World /Game/Maps/UEDPIE_0_Level1.Level1 up for play (max tick rate 60) at 2015.07.30-09.00.10
[2015.07.30-07.00.10:270][582]LogActor:Warning: GameSession /Game/Maps/UEDPIE_0_Level1.Level1:PersistentLevel.GameSession_7 has natively added scene component(s), but none of them were set as the actor's RootComponent - picking one arbitrarily
[2015.07.30-07.00.10:270][582]LogActor:Warning: GameNetworkManager /Game/Maps/UEDPIE_0_Level1.Level1:PersistentLevel.GameNetworkManager_7 has natively added scene component(s), but none of them were set as the actor's RootComponent - picking one arbitrarily
[2015.07.30-07.00.10:271][582]LogWorld: Bringing up level for play took: 0.002814
[2015.07.30-07.00.10:994][622]LogPackageName: SearchForPackageOnDisk took   0.056s to resolve Level1.umap
[2015.07.30-07.00.11:051][622]LogPackageName: SearchForPackageOnDisk took   0.056s to resolve Level1.umap
[2015.07.30-07.00.11:051][622]LogNet: Browse: /Game/Maps/Level1
[2015.07.30-07.00.11:051][622]LogLoad: LoadMap: /Game/Maps/Level1
[2015.07.30-07.00.11:087][622]LogParticles: Destroying 0 GPU particle simulations for FXSystem 0x0000000013DC5BC0
[2015.07.30-07.00.11:095][622]Cmd: MEM
[2015.07.30-07.00.11:134][622]LogMemory: Platform Memory Stats for Windows
[2015.07.30-07.00.11:134][622]LogMemory: Process Physical Memory: 564.31 MB used, 567.79 MB peak
[2015.07.30-07.00.11:134][622]LogMemory: Process Virtual Memory: 460.57 MB used, 464.13 MB peak
[2015.07.30-07.00.11:134][622]LogMemory: Physical Memory: 4557.48 MB used, 8148.89 MB total
[2015.07.30-07.00.11:134][622]LogMemory: Virtual Memory: 1050.26 MB used, 8388608.00 MB total
[2015.07.30-07.00.11:134][622]LogMemory: 
[2015.07.30-07.00.11:134][622]Allocator Stats for TBB: (not implemented)
[2015.07.30-07.00.11:134][622]LogPlayLevel: Creating play world package: /Game/Maps/UEDPIE_0_Level1
[2015.07.30-07.00.11:137][622]LogPlayLevel: PIE: StaticDuplicateObject took: (0.002898s)
[2015.07.30-07.00.11:137][622]LogAIModule: Creating AISystem for world Level1
[2015.07.30-07.00.11:138][622]LogPlayLevel: PIE: World Init took: (0.001065s)
[2015.07.30-07.00.11:138][622]LogPlayLevel: PIE: Created PIE world by copying editor world from /Game/Maps/Level1.Level1 to /Game/Maps/UEDPIE_0_Level1.Level1 (0.004131s)
[2015.07.30-07.00.11:138][622]LogWorld: Game class is 'GameMode'
[2015.07.30-07.00.11:142][622]LogWorld: Bringing World /Game/Maps/UEDPIE_0_Level1.Level1 up for play (max tick rate 60) at 2015.07.30-09.00.11
[2015.07.30-07.00.11:142][622]LogActor:Warning: GameSession /Game/Maps/UEDPIE_0_Level1.Level1:PersistentLevel.GameSession_8 has natively added scene component(s), but none of them were set as the actor's RootComponent - picking one arbitrarily
[2015.07.30-07.00.11:142][622]LogActor:Warning: GameNetworkManager /Game/Maps/UEDPIE_0_Level1.Level1:PersistentLevel.GameNetworkManager_8 has natively added scene component(s), but none of them were set as the actor's RootComponent - picking one arbitrarily
[2015.07.30-07.00.11:142][622]LogWorld: Bringing up level for play took: 0.002995
[2015.07.30-07.00.11:749][655]LogPackageName: SearchForPackageOnDisk took   0.057s to resolve Level1.umap
[2015.07.30-07.00.11:807][655]LogPackageName: SearchForPackageOnDisk took   0.057s to resolve Level1.umap
[2015.07.30-07.00.11:807][655]LogNet: Browse: /Game/Maps/Level1
[2015.07.30-07.00.11:807][655]LogLoad: LoadMap: /Game/Maps/Level1
[2015.07.30-07.00.11:842][655]LogParticles: Destroying 0 GPU particle simulations for FXSystem 0x0000000021F30680
[2015.07.30-07.00.11:851][655]Cmd: MEM
[2015.07.30-07.00.11:889][655]LogMemory: Platform Memory Stats for Windows
[2015.07.30-07.00.11:889][655]LogMemory: Process Physical Memory: 564.31 MB used, 567.79 MB peak
[2015.07.30-07.00.11:889][655]LogMemory: Process Virtual Memory: 460.57 MB used, 464.13 MB peak
[2015.07.30-07.00.11:889][655]LogMemory: Physical Memory: 4557.48 MB used, 8148.89 MB total
[2015.07.30-07.00.11:889][655]LogMemory: Virtual Memory: 1050.26 MB used, 8388608.00 MB total
[2015.07.30-07.00.11:889][655]LogMemory: 
[2015.07.30-07.00.11:889][655]Allocator Stats for TBB: (not implemented)
[2015.07.30-07.00.11:889][655]LogPlayLevel: Creating play world package: /Game/Maps/UEDPIE_0_Level1
[2015.07.30-07.00.11:892][655]LogPlayLevel: PIE: StaticDuplicateObject took: (0.003014s)
[2015.07.30-07.00.11:893][655]LogAIModule: Creating AISystem for world Level1
[2015.07.30-07.00.11:894][655]LogPlayLevel: PIE: World Init took: (0.001990s)
[2015.07.30-07.00.11:895][655]LogPlayLevel: PIE: Created PIE world by copying editor world from /Game/Maps/Level1.Level1 to /Game/Maps/UEDPIE_0_Level1.Level1 (0.005251s)
[2015.07.30-07.00.11:895][655]LogWorld: Game class is 'GameMode'
[2015.07.30-07.00.11:899][655]LogWorld: Bringing World /Game/Maps/UEDPIE_0_Level1.Level1 up for play (max tick rate 60) at 2015.07.30-09.00.11
[2015.07.30-07.00.11:899][655]LogActor:Warning: GameSession /Game/Maps/UEDPIE_0_Level1.Level1:PersistentLevel.GameSession_9 has natively added scene component(s), but none of them were set as the actor's RootComponent - picking one arbitrarily
[2015.07.30-07.00.11:899][655]LogActor:Warning: GameNetworkManager /Game/Maps/UEDPIE_0_Level1.Level1:PersistentLevel.GameNetworkManager_9 has natively added scene component(s), but none of them were set as the actor's RootComponent - picking one arbitrarily
[2015.07.30-07.00.11:899][655]LogWorld: Bringing up level for play took: 0.003037
[2015.07.30-07.00.12:699][699]LogParticles: Destroying 0 GPU particle simulations for FXSystem 0x000000001BF8E8E0
[2015.07.30-07.00.14:361][797]BlueprintLog: New page: Pre-PIE auto-recompile
[2015.07.30-07.00.14:369][797]LogPlayLevel: [PIE] Compiling Level1 before PIE...
[2015.07.30-07.00.14:470][797]LogPlayLevel: PIE:  Blueprint regeneration took 109 ms (1 blueprints)
[2015.07.30-07.00.14:471][797]PIE: New page: SIE session: Level1 (Jul 30, 2015, 11:00:14 AM)
[2015.07.30-07.00.14:471][797]LogPlayLevel: Creating play world package: /Game/Maps/UEDPIE_0_Level1
[2015.07.30-07.00.14:474][797]LogPlayLevel: PIE: StaticDuplicateObject took: (0.002849s)
[2015.07.30-07.00.14:474][797]LogAIModule: Creating AISystem for world Level1
[2015.07.30-07.00.14:475][797]LogPlayLevel: PIE: World Init took: (0.001047s)
[2015.07.30-07.00.14:475][797]LogPlayLevel: PIE: Created PIE world by copying editor world from /Game/Maps/Level1.Level1 to /Game/Maps/UEDPIE_0_Level1.Level1 (0.004071s)
[2015.07.30-07.00.14:516][797]LogInit: XAudio2 using 'Speakers / Headphones (IDT High Definition Audio CODEC)' : 2 channels at 48 kHz using 16 bits per sample (channel mask 0x3)
[2015.07.30-07.00.14:520][797]LogInit: FAudioDevice initialized.
[2015.07.30-07.00.14:565][797]LogWorld: Game class is 'GameMode'
[2015.07.30-07.00.14:574][797]LogWorld: Bringing World /Game/Maps/UEDPIE_0_Level1.Level1 up for play (max tick rate 60) at 2015.07.30-09.00.14
[2015.07.30-07.00.14:574][797]LogActor:Warning: GameSession /Game/Maps/UEDPIE_0_Level1.Level1:PersistentLevel.GameSession_10 has natively added scene component(s), but none of them were set as the actor's RootComponent - picking one arbitrarily
[2015.07.30-07.00.14:575][797]LogActor:Warning: GameNetworkManager /Game/Maps/UEDPIE_0_Level1.Level1:PersistentLevel.GameNetworkManager_10 has natively added scene component(s), but none of them were set as the actor's RootComponent - picking one arbitrarily
[2015.07.30-07.00.14:576][797]LogWorld: Bringing up level for play took: 0.007857
[2015.07.30-07.00.14:579][797]PIE: Info Play in editor start time for /Game/Maps/UEDPIE_0_Level1 0.516
[2015.07.30-07.00.28:309][617]LogD3D11RHI: InitD3DDevice
[2015.07.30-07.00.31:872][617]LogParticles: Destroying 0 GPU particle simulations for FXSystem 0x0000000021F31940
[2015.07.30-07.00.31:872][617]Cmd: MAP LOAD FILE="D:/Workspace/Code/BitBucket/SaveMe/Content/Maps/Level1.umap" TEMPLATE=0 SHOWPROGRESS=1 FEATURELEVEL=3
[2015.07.30-07.00.31:875][617]LogD3D11RHI: InitD3DDevice
[2015.07.30-07.00.31:892][617]LightingResults: New page: Lighting Build
[2015.07.30-07.00.31:918][617]LoadErrors: New page: Loading map: Level1.umap
[2015.07.30-07.00.31:919][617]MapCheck: New page: Map Check
[2015.07.30-07.00.31:919][617]LightingResults: New page: Lighting Build
[2015.07.30-07.00.31:961][617]LogParticles: Destroying 0 GPU particle simulations for FXSystem 0x000000001BF8E200
[2015.07.30-07.00.32:047][617]LogAIModule: Creating AISystem for world Level1
[2015.07.30-07.00.32:081][617]LogEditorServer: Finished looking for orphan Actors (0.000 secs)
[2015.07.30-07.00.32:117][617]Cmd: MAP CHECKDEP NOCLEARLOG
[2015.07.30-07.00.32:158][617]MapCheck: Info Map check complete: 0 Error(s), 0 Warning(s), took 40.179ms to complete.
[2015.07.30-07.00.32:158][617]LogFileHelpers: Loading map 'Level1' took 3.853
[2015.07.30-07.00.53:016][852]LogParticles: Destroying 0 GPU particle simulations for FXSystem 0x000000000E156FC0
[2015.07.30-07.00.53:016][852]LogParticles: Destroying 0 GPU particle simulations for FXSystem 0x000000000E157420
[2015.07.30-07.00.53:367][853]Cmd: QUIT_EDITOR
[2015.07.30-07.00.53:631][853]LogExit: Preparing to exit.
[2015.07.30-07.00.54:773][853]LogExit: Editor shut down
[2015.07.30-07.00.54:773][853]LogExit: Transaction tracking system shut down
[2015.07.30-07.00.54:774][853]LogParticles: Destroying 0 GPU particle simulations for FXSystem 0x000000000E156D40
[2015.07.30-07.00.54:774][853]LogParticles: Destroying 0 GPU particle simulations for FXSystem 0x000000000E2EA3E0
[2015.07.30-07.00.54:970][853]LogParticles: Destroying 0 GPU particle simulations for FXSystem 0x000000000E5ADDA0
[2015.07.30-07.00.54:970][853]LogExit: Object subsystem successfully closed.
[2015.07.30-07.00.54:983][853]LogD3D11RHI: Shutdown
[2015.07.30-07.00.54:983][853]LogD3D11RHI: CleanupD3DDevice
[2015.07.30-07.00.55:027][853]LogD3D11RHI: ~FD3D11DynamicRHI
[2015.07.30-07.00.55:042][853]LogModuleManager: Shutting down and abandoning module SequencerWidgets (189)
[2015.07.30-07.00.55:042][853]LogModuleManager: Shutting down and abandoning module CrashTracker (188)
[2015.07.30-07.00.55:042][853]LogModuleManager: Shutting down and abandoning module SceneOutliner (187)
[2015.07.30-07.00.55:042][853]LogModuleManager: Shutting down and abandoning module SuperSearch (186)
[2015.07.30-07.00.55:042][853]LogModuleManager: Shutting down and abandoning module WidgetCarousel (185)
[2015.07.30-07.00.55:042][853]LogModuleManager: Shutting down and abandoning module AddContentDialog (184)
[2015.07.30-07.00.55:043][853]LogModuleManager: Shutting down and abandoning module EditorWidgets (183)
[2015.07.30-07.00.55:043][853]LogModuleManager: Shutting down and abandoning module CollectionManager (182)
[2015.07.30-07.00.55:043][853]LogModuleManager: Shutting down and abandoning module StatsViewer (181)
[2015.07.30-07.00.55:043][853]LogModuleManager: Shutting down and abandoning module FoliageEdit (180)
[2015.07.30-07.00.55:043][853]LogModuleManager: Shutting down and abandoning module LandscapeEditor (179)
[2015.07.30-07.00.55:043][853]LogModuleManager: Shutting down and abandoning module ActorPickerMode (178)
[2015.07.30-07.00.55:043][853]LogModuleManager: Shutting down and abandoning module GeometryMode (177)
[2015.07.30-07.00.55:043][853]LogModuleManager: Shutting down and abandoning module TextureAlignMode (176)
[2015.07.30-07.00.55:043][853]LogModuleManager: Shutting down and abandoning module BspMode (175)
[2015.07.30-07.00.55:043][853]LogModuleManager: Shutting down and abandoning module PlacementMode (174)
[2015.07.30-07.00.55:043][853]LogModuleManager: Shutting down and abandoning module AutomationWorker (173)
[2015.07.30-07.00.55:043][853]LogModuleManager: Shutting down and abandoning module CharacterAI (172)
[2015.07.30-07.00.55:043][853]LogModuleManager: Shutting down and abandoning module SmartSnapping (171)
[2015.07.30-07.00.55:043][853]LogModuleManager: Shutting down and abandoning module ViewportSnapping (170)
[2015.07.30-07.00.55:043][853]LogModuleManager: Shutting down and abandoning module LogVisualizer (169)
[2015.07.30-07.00.55:043][853]LogModuleManager: Shutting down and abandoning module GameProjectGeneration (168)
[2015.07.30-07.00.55:044][853]LogModuleManager: Shutting down and abandoning module IntroTutorials (167)
[2015.07.30-07.00.55:044][853]LogModuleManager: Shutting down and abandoning module EditorLiveStreaming (166)
[2015.07.30-07.00.55:044][853]LogModuleManager: Shutting down and abandoning module IOSPlatformEditor (165)
[2015.07.30-07.00.55:044][853]LogModuleManager: Shutting down and abandoning module HTML5PlatformEditor (164)
[2015.07.30-07.00.55:044][853]LogModuleManager: Shutting down and abandoning module AndroidDeviceDetection (163)
[2015.07.30-07.00.55:939][853]LogModuleManager: Shutting down and abandoning module AndroidPlatformEditor (162)
[2015.07.30-07.00.55:939][853]LogModuleManager: Shutting down and abandoning module IOSRuntimeSettings (161)
[2015.07.30-07.00.55:939][853]LogModuleManager: Shutting down and abandoning module AndroidRuntimeSettings (160)
[2015.07.30-07.00.55:939][853]LogModuleManager: Shutting down and abandoning module MergeActors (159)
[2015.07.30-07.00.55:939][853]LogModuleManager: Shutting down and abandoning module SizeMap (158)
[2015.07.30-07.00.55:939][853]LogModuleManager: Shutting down and abandoning module TreeMap (157)
[2015.07.30-07.00.55:939][853]LogModuleManager: Shutting down and abandoning module ReferenceViewer (156)
[2015.07.30-07.00.55:939][853]LogModuleManager: Shutting down and abandoning module LocalizationDashboard (155)
[2015.07.30-07.00.55:939][853]LogModuleManager: Shutting down and abandoning module HardwareTargeting (154)
[2015.07.30-07.00.55:939][853]LogModuleManager: Shutting down and abandoning module DeviceProfileEditor (153)
[2015.07.30-07.00.55:939][853]LogModuleManager: Shutting down and abandoning module UndoHistory (152)
[2015.07.30-07.00.55:939][853]LogModuleManager: Shutting down and abandoning module GameplayTagsEditor (151)
[2015.07.30-07.00.55:939][853]LogModuleManager: Shutting down and abandoning module UserFeedback (150)
[2015.07.30-07.00.55:939][853]LogModuleManager: Shutting down and abandoning module XmlParser (149)
[2015.07.30-07.00.55:939][853]LogModuleManager: Shutting down and abandoning module Blutility (148)
[2015.07.30-07.00.55:939][853]LogModuleManager: Shutting down and abandoning module ProjectTargetPlatformEditor (147)
[2015.07.30-07.00.55:939][853]LogModuleManager: Shutting down and abandoning module ProjectSettingsViewer (146)
[2015.07.30-07.00.55:939][853]LogModuleManager: Shutting down and abandoning module InputBindingEditor (145)
[2015.07.30-07.00.55:939][853]LogModuleManager: Shutting down and abandoning module EditorSettingsViewer (144)
[2015.07.30-07.00.55:939][853]LogModuleManager: Shutting down and abandoning module SettingsEditor (143)
[2015.07.30-07.00.55:939][853]LogModuleManager: Shutting down and abandoning module ProjectLauncher (142)
[2015.07.30-07.00.55:939][853]LogModuleManager: Shutting down and abandoning module SessionFrontend (141)
[2015.07.30-07.00.55:939][853]LogModuleManager: Shutting down and abandoning module ProfilerClient (140)
[2015.07.30-07.00.55:939][853]LogModuleManager: Shutting down and abandoning module TargetDeviceServices (139)
[2015.07.30-07.00.55:939][853]LogModuleManager: Shutting down and abandoning module DeviceManager (138)
[2015.07.30-07.00.55:939][853]LogModuleManager: Shutting down and abandoning module AutomationController (137)
[2015.07.30-07.00.55:939][853]LogModuleManager: Shutting down and abandoning module AutomationWindow (136)
[2015.07.30-07.00.55:939][853]LogModuleManager: Shutting down and abandoning module Layers (135)
[2015.07.30-07.00.55:939][853]LogModuleManager: Shutting down and abandoning module ComponentVisualizers (134)
[2015.07.30-07.00.55:939][853]LogModuleManager: Shutting down and abandoning module DetailCustomizations (133)
[2015.07.30-07.00.55:940][853]LogModuleManager: Shutting down and abandoning module PackagesDialog (132)
[2015.07.30-07.00.55:940][853]LogModuleManager: Shutting down and abandoning module AssetRegistry (131)
[2015.07.30-07.00.56:063][853]LogModuleManager: Shutting down and abandoning module Persona (130)
[2015.07.30-07.00.56:063][853]LogModuleManager: Shutting down and abandoning module Kismet (129)
[2015.07.30-07.00.56:063][853]LogModuleManager: Shutting down and abandoning module GraphEditor (128)
[2015.07.30-07.00.56:063][853]LogModuleManager: Shutting down and abandoning module ClassViewer (127)
[2015.07.30-07.00.56:063][853]LogModuleManager: Shutting down and abandoning module Toolbox (126)
[2015.07.30-07.00.56:063][853]LogModuleManager: Shutting down and abandoning module ModuleUI (125)
[2015.07.30-07.00.56:063][853]LogModuleManager: Shutting down and abandoning module MovieSceneTools (124)
[2015.07.30-07.00.56:064][853]LogModuleManager: Shutting down and abandoning module OutputLog (123)
[2015.07.30-07.00.56:064][853]LogModuleManager: Shutting down and abandoning module GammaUI (122)
[2015.07.30-07.00.56:064][853]LogModuleManager: Shutting down and abandoning module Documentation (121)
[2015.07.30-07.00.56:064][853]LogModuleManager: Shutting down and abandoning module GameLiveStreaming (120)
[2015.07.30-07.00.56:064][853]LogModuleManager: Shutting down and abandoning module StreamingPauseRendering (119)
[2015.07.30-07.00.56:064][853]LogModuleManager: Shutting down and abandoning module AnalyticsET (118)
[2015.07.30-07.00.56:064][853]LogModuleManager: Shutting down and abandoning module Analytics (117)
[2015.07.30-07.00.56:064][853]LogModuleManager: Shutting down and abandoning module AITestSuite (116)
[2015.07.30-07.00.56:064][853]LogModuleManager: Shutting down and abandoning module GameplayDebugger (115)
[2015.07.30-07.00.56:064][853]LogModuleManager: Shutting down and abandoning module AIModule (114)
[2015.07.30-07.00.56:064][853]LogModuleManager: Shutting down and abandoning module ProfilerService (113)
[2015.07.30-07.00.56:209][853]LogModuleManager: Shutting down and abandoning module TaskGraph (112)
[2015.07.30-07.00.56:209][853]LogModuleManager: Shutting down and abandoning module SlateRemote (111)
[2015.07.30-07.00.56:209][853]LogModuleManager: Shutting down and abandoning module SteamVRController (110)
[2015.07.30-07.00.56:209][853]LogModuleManager: Shutting down and abandoning module SteamVR (109)
[2015.07.30-07.00.56:209][853]LogModuleManager: Shutting down and abandoning module ProceduralMeshComponent (108)
[2015.07.30-07.00.56:209][853]LogModuleManager: Shutting down and abandoning module OculusRift (107)
[2015.07.30-07.00.56:209][853]LogModuleManager: Shutting down and abandoning module LeapMotionController (106)
[2015.07.30-07.00.56:234][853]LogModuleManager: Shutting down and abandoning module CustomMeshComponent (105)
[2015.07.30-07.00.56:234][853]LogModuleManager: Shutting down and abandoning module CableComponent (104)
[2015.07.30-07.00.56:234][853]LogModuleManager: Shutting down and abandoning module MessagingDebugger (103)
[2015.07.30-07.00.56:234][853]LogModuleManager: Shutting down and abandoning module MediaPlayerEditor (102)
[2015.07.30-07.00.56:234][853]LogModuleManager: Shutting down and abandoning module SpeedTreeImporter (101)
[2015.07.30-07.00.56:234][853]LogModuleManager: Shutting down and abandoning module PluginBrowser (100)
[2015.07.30-07.00.56:234][853]LogModuleManager: Shutting down and abandoning module EpicSurvey (99)
[2015.07.30-07.00.56:234][853]LogModuleManager: Shutting down and abandoning module DesktopPlatform (98)
[2015.07.30-07.00.56:234][853]LogModuleManager: Shutting down and abandoning module VisualStudioSourceCodeAccess (97)
[2015.07.30-07.00.56:234][853]LogModuleManager: Shutting down and abandoning module UObjectPlugin (96)
[2015.07.30-07.00.56:234][853]LogModuleManager: Shutting down and abandoning module SubversionSourceControl (95)
[2015.07.30-07.00.56:234][853]LogModuleManager: Shutting down and abandoning module PerforceSourceControl (94)
[2015.07.30-07.00.56:234][853]LogModuleManager: Shutting down and abandoning module SourceControl (93)
[2015.07.30-07.00.56:235][853]LogModuleManager: Shutting down and abandoning module GitSourceControl (92)
[2015.07.30-07.00.56:235][853]LogModuleManager: Shutting down and abandoning module BlankPlugin (91)
[2015.07.30-07.00.56:235][853]LogModuleManager: Shutting down and abandoning module PaperTiledImporter (90)
[2015.07.30-07.00.56:235][853]LogModuleManager: Shutting down and abandoning module PaperSpriteSheetImporter (89)
[2015.07.30-07.00.56:235][853]LogModuleManager: Shutting down and abandoning module MeshPaint (88)
[2015.07.30-07.00.56:235][853]LogModuleManager: Shutting down and abandoning module SlateReflector (87)
[2015.07.30-07.00.56:235][853]LogModuleManager: Shutting down and abandoning module DirectoryWatcher (86)
[2015.07.30-07.00.56:235][853]LogModuleManager: Shutting down and abandoning module HotReload (85)
[2015.07.30-07.00.56:236][853]LogModuleManager: Shutting down and abandoning module MainFrame (84)
[2015.07.30-07.00.56:236][853]LogModuleManager: Shutting down and abandoning module LevelEditor (83)
[2015.07.30-07.00.56:238][853]LogModuleManager: Shutting down and abandoning module ContentBrowser (82)
[2015.07.30-07.00.56:240][853]LogModuleManager: Shutting down and abandoning module Paper2DEditor (81)
[2015.07.30-07.00.56:240][853]LogModuleManager: Shutting down and abandoning module UdpMessaging (80)
[2015.07.30-07.00.56:340][853]LogModuleManager: Shutting down and abandoning module Paper2D (79)
[2015.07.30-07.00.56:340][853]LogModuleManager: Shutting down and abandoning module WindowsMoviePlayer (78)
[2015.07.30-07.00.56:350][853]LogModuleManager: Shutting down and abandoning module Media (77)
[2015.07.30-07.00.56:350][853]LogModuleManager: Shutting down and abandoning module WmfMedia (76)
[2015.07.30-07.00.56:358][853]LogModuleManager: Shutting down and abandoning module OnlineBlueprintSupport (75)
[2015.07.30-07.00.56:358][853]LogModuleManager: Shutting down and abandoning module PropertyEditor (74)
[2015.07.30-07.00.56:358][853]LogModuleManager: Shutting down and abandoning module BehaviorTreeEditor (73)
[2015.07.30-07.00.56:359][853]LogModuleManager: Shutting down and abandoning module FunctionalTesting (72)
[2015.07.30-07.00.56:359][853]LogModuleManager: Shutting down and abandoning module CollisionAnalyzer (71)
[2015.07.30-07.00.56:359][853]LogModuleManager: Shutting down and abandoning module WorkspaceMenuStructure (70)
[2015.07.30-07.00.56:359][853]LogModuleManager: Shutting down and abandoning module MessageLog (69)
[2015.07.30-07.00.56:359][853]LogModuleManager: Shutting down and abandoning module Sequencer (68)
[2015.07.30-07.00.56:359][853]LogModuleManager: Shutting down and abandoning module AssetTools (67)
[2015.07.30-07.00.56:359][853]LogModuleManager: Shutting down and abandoning module UMGEditor (66)
[2015.07.30-07.00.56:360][853]LogModuleManager: Shutting down and abandoning module UMG (65)
[2015.07.30-07.00.56:360][853]LogModuleManager: Shutting down and abandoning module Slate (64)
[2015.07.30-07.00.56:360][853]LogModuleManager: Shutting down and abandoning module EditorStyle (63)
[2015.07.30-07.00.56:368][853]LogModuleManager: Shutting down and abandoning module SessionServices (62)
[2015.07.30-07.00.56:368][853]LogModuleManager: Shutting down and abandoning module SourceCodeAccess (61)
[2015.07.30-07.00.56:368][853]LogModuleManager: Shutting down and abandoning module HeadMountedDisplay (60)
[2015.07.30-07.00.56:368][853]LogModuleManager: Shutting down and abandoning module XAudio2 (59)
[2015.07.30-07.00.56:368][853]LogModuleManager: Shutting down and abandoning module Networking (57)
[2015.07.30-07.00.56:368][853]LogModuleManager: Shutting down and abandoning module Core (56)
[2015.07.30-07.00.56:368][853]LogModuleManager: Shutting down and abandoning module KismetCompiler (55)
[2015.07.30-07.00.56:368][853]LogModuleManager: Shutting down and abandoning module PhysXFormats (54)
[2015.07.30-07.00.56:368][853]LogModuleManager: Shutting down and abandoning module MeshUtilities (53)
[2015.07.30-07.00.56:368][853]LogModuleManager: Shutting down and abandoning module DerivedDataCache (52)
[2015.07.30-07.00.56:381][853]LogDerivedDataCache: Shutdown
[2015.07.30-07.00.56:381][853]LogModuleManager: Shutting down and abandoning module ShaderFormatOpenGL (51)
[2015.07.30-07.00.56:381][853]LogModuleManager: Shutting down and abandoning module ShaderFormatD3D (50)
[2015.07.30-07.00.56:381][853]LogModuleManager: Shutting down and abandoning module MetalShaderFormat (49)
[2015.07.30-07.00.56:381][853]LogModuleManager: Shutting down and abandoning module TextureFormatUncompressed (48)
[2015.07.30-07.00.56:381][853]LogModuleManager: Shutting down and abandoning module TextureFormatPVR (47)
[2015.07.30-07.00.56:381][853]LogModuleManager: Shutting down and abandoning module TextureFormatIntelISPCTexComp (46)
[2015.07.30-07.00.56:381][853]LogModuleManager: Shutting down and abandoning module TextureFormatDXT (45)
[2015.07.30-07.00.56:381][853]LogModuleManager: Shutting down and abandoning module ImageWrapper (44)
[2015.07.30-07.00.56:381][853]LogModuleManager: Shutting down and abandoning module TextureFormatASTC (43)
[2015.07.30-07.00.56:381][853]LogModuleManager: Shutting down and abandoning module TextureFormatAndroid (42)
[2015.07.30-07.00.56:381][853]LogModuleManager: Shutting down and abandoning module AudioFormatOpus (41)
[2015.07.30-07.00.56:381][853]LogModuleManager: Shutting down and abandoning module AudioFormatOgg (40)
[2015.07.30-07.00.56:381][853]LogModuleManager: Shutting down and abandoning module AudioFormatADPCM (39)
[2015.07.30-07.00.56:381][853]LogModuleManager: Shutting down and abandoning module LinuxTargetPlatform (38)
[2015.07.30-07.00.56:381][853]LogModuleManager: Shutting down and abandoning module LinuxServerTargetPlatform (37)
[2015.07.30-07.00.56:381][853]LogModuleManager: Shutting down and abandoning module LinuxNoEditorTargetPlatform (36)
[2015.07.30-07.00.56:381][853]LogModuleManager: Shutting down and abandoning module Messaging (35)
[2015.07.30-07.00.56:381][853]LogModuleManager: Shutting down and abandoning module IOSTargetPlatform (34)
[2015.07.30-07.00.56:381][853]LogModuleManager: Shutting down and abandoning module HTML5TargetPlatform (33)
[2015.07.30-07.00.56:381][853]LogModuleManager: Shutting down and abandoning module Android_PVRTCTargetPlatform (32)
[2015.07.30-07.00.56:381][853]LogModuleManager: Shutting down and abandoning module Android_ETC2TargetPlatform (31)
[2015.07.30-07.00.56:381][853]LogModuleManager: Shutting down and abandoning module Android_ETC1TargetPlatform (30)
[2015.07.30-07.00.56:381][853]LogModuleManager: Shutting down and abandoning module Android_DXTTargetPlatform (29)
[2015.07.30-07.00.56:381][853]LogModuleManager: Shutting down and abandoning module Android_ATCTargetPlatform (28)
[2015.07.30-07.00.56:381][853]LogModuleManager: Shutting down and abandoning module Android_ASTCTargetPlatform (27)
[2015.07.30-07.00.56:381][853]LogModuleManager: Shutting down and abandoning module AndroidTargetPlatform (26)
[2015.07.30-07.00.56:381][853]LogModuleManager: Shutting down and abandoning module WindowsTargetPlatform (25)
[2015.07.30-07.00.56:381][853]LogModuleManager: Shutting down and abandoning module WindowsServerTargetPlatform (24)
[2015.07.30-07.00.56:381][853]LogModuleManager: Shutting down and abandoning module WindowsNoEditorTargetPlatform (23)
[2015.07.30-07.00.56:381][853]LogModuleManager: Shutting down and abandoning module WindowsClientTargetPlatform (22)
[2015.07.30-07.00.56:381][853]LogModuleManager: Shutting down and abandoning module DesktopTargetPlatform (21)
[2015.07.30-07.00.56:381][853]LogModuleManager: Shutting down and abandoning module TargetPlatform (20)
[2015.07.30-07.00.56:381][853]LogModuleManager: Shutting down and abandoning module InputCore (19)
[2015.07.30-07.00.56:381][853]LogModuleManager: Shutting down and abandoning module Settings (18)
[2015.07.30-07.00.56:382][853]LogModuleManager: Shutting down and abandoning module OnlineSubsystem (16)
[2015.07.30-07.00.56:382][853]LogModuleManager: Shutting down and abandoning module HTTP (15)
[2015.07.30-07.00.56:382][853]LogModuleManager: Shutting down and abandoning module ExampleDeviceProfileSelector (14)
[2015.07.30-07.00.56:382][853]LogModuleManager: Shutting down and abandoning module TextureCompressor (13)
[2015.07.30-07.00.56:382][853]LogModuleManager: Shutting down and abandoning module ShaderCore (12)
[2015.07.30-07.00.56:382][853]LogModuleManager: Shutting down and abandoning module Landscape (11)
[2015.07.30-07.00.56:382][853]LogModuleManager: Shutting down and abandoning module SlateRHIRenderer (10)
[2015.07.30-07.00.56:385][853]LogModuleManager: Shutting down and abandoning module OpenGLDrv (9)
[2015.07.30-07.00.56:385][853]LogModuleManager: Shutting down and abandoning module D3D11RHI (8)
[2015.07.30-07.00.56:385][853]LogModuleManager: Shutting down and abandoning module Renderer (7)
[2015.07.30-07.00.56:385][853]LogModuleManager: Shutting down and abandoning module Engine (6)
[2015.07.30-07.00.56:385][853]LogModuleManager: Shutting down and abandoning module CoreUObject (5)
[2015.07.30-07.00.56:385][853]LogModuleManager: Shutting down and abandoning module NetworkFile (4)
[2015.07.30-07.00.56:385][853]LogModuleManager: Shutting down and abandoning module StreamingFile (3)
[2015.07.30-07.00.56:385][853]LogModuleManager: Shutting down and abandoning module SandboxFile (2)
[2015.07.30-07.00.56:385][853]LogModuleManager: Shutting down and abandoning module PakFile (1)
[2015.07.30-07.00.56:386][853]LogExit: Exiting.
[2015.07.30-07.00.56:406][853]Log file closed, 07/30/15 09:00:56
