[2015.07.31-13.36.13:905][  0]Log file open, 07/31/15 15:36:13
[2015.07.31-13.36.13:905][  0]LogInit:Display: Running engine for game: SaveMe
[2015.07.31-13.36.13:905][  0]LogInit:Display: RandInit(1335104490) SRandInit(1335104491).
[2015.07.31-13.36.13:905][  0]LogTaskGraph: Started task graph with 4 named threads and 5 total threads.
[2015.07.31-13.36.13:905][  0]LogStats: Stats thread started
[2015.07.31-13.36.13:905][  0]LogInit: Version: 4.8.3-2634408+++depot+UE4-Releases+4.8
[2015.07.31-13.36.13:905][  0]LogInit: API Version: 2579680
[2015.07.31-13.36.13:905][  0]LogInit: Compiled (64-bit): Jul 27 2015 16:24:33
[2015.07.31-13.36.13:905][  0]LogInit: Compiled with Visual C++: 18.00.21005.01
[2015.07.31-13.36.13:905][  0]LogInit: Build Configuration: Development
[2015.07.31-13.36.13:905][  0]LogInit: Branch Name: ++depot+UE4-Releases+4.8
[2015.07.31-13.36.13:905][  0]LogInit: Command line: 
[2015.07.31-13.36.13:905][  0]LogInit: Base directory: C:/Program Files/Epic Games/4.8/Engine/Binaries/Win64/
[2015.07.31-13.36.13:905][  0]LogInit: Rocket: 1
[2015.07.31-13.36.13:920][  0]LogInit: Using libcurl 7.41.0
[2015.07.31-13.36.13:920][  0]LogInit:  - built for x86_64-pc-win32
[2015.07.31-13.36.13:920][  0]LogInit:  - supports SSL with WinSSL
[2015.07.31-13.36.13:921][  0]LogInit:  - other features:
[2015.07.31-13.36.13:921][  0]LogInit:      CURL_VERSION_SSL
[2015.07.31-13.36.13:921][  0]LogInit:      CURL_VERSION_IPV6
[2015.07.31-13.36.13:921][  0]LogInit:      CURL_VERSION_ASYNCHDNS
[2015.07.31-13.36.13:921][  0]LogInit:      CURL_VERSION_LARGEFILE
[2015.07.31-13.36.13:921][  0]LogInit:      CURL_VERSION_IDN
[2015.07.31-13.36.13:921][  0]LogInit:  CurlRequestOptions (configurable via config and command line):
[2015.07.31-13.36.13:921][  0]LogInit:  - bVerifyPeer = true  - Libcurl will verify peer certificate
[2015.07.31-13.36.13:921][  0]LogInit:  - bUseHttpProxy = false  - Libcurl will NOT use HTTP proxy
[2015.07.31-13.36.13:921][  0]LogInit:  - bDontReuseConnections = false  - Libcurl will reuse connections
[2015.07.31-13.36.13:921][  0]LogInit:  - CertBundlePath = nullptr  - Libcurl will use whatever was configured at build time.
[2015.07.31-13.36.13:933][  0]LogOnline:Warning: No default platform service specified for OnlineSubsystem
[2015.07.31-13.36.13:947][  0]LogInit: Presizing for 0 objects not considered by GC, pre-allocating 0 bytes.
[2015.07.31-13.36.13:955][  0]LogInit: Object subsystem initialized
[2015.07.31-13.36.13:956][  0]LogConsoleResponse:Warning: Skipping Unknown console variable: 'TranslucentSortAxis = (X=0.000000,Y=-1.000000,Z=0.000000)'
[2015.07.31-13.36.13:956][  0]LogConsoleResponse:Warning:   Found in ini file 'D:/Workspace/Code/BitBucket/SaveMe/Saved/Config/Windows/Engine.ini', in section '[/Script/Engine.RendererSettings]'
[2015.07.31-13.36.13:956][  0]LogConsoleResponse:Warning: Skipping Unknown console variable: 'UIScaleRule = ShortestSide'
[2015.07.31-13.36.13:956][  0]LogConsoleResponse:Warning:   Found in ini file 'D:/Workspace/Code/BitBucket/SaveMe/Saved/Config/Windows/Engine.ini', in section '[/Script/Engine.RendererSettings]'
[2015.07.31-13.36.13:956][  0]LogConsoleResponse:Warning: Skipping Unknown console variable: 'UIScaleCurve = (EditorCurveData=(Keys=),ExternalCurve=None)'
[2015.07.31-13.36.13:956][  0]LogConsoleResponse:Warning:   Found in ini file 'D:/Workspace/Code/BitBucket/SaveMe/Saved/Config/Windows/Engine.ini', in section '[/Script/Engine.RendererSettings]'
[2015.07.31-13.36.13:957][  0]LogInit: Selected Device Profile: [Windows]
[2015.07.31-13.36.13:957][  0]LogInit: Applying CVar settings loaded from the selected device profile: [Windows]
[2015.07.31-13.36.13:965][  0]LogInit: Computer: SLB-H7VRKQ1
[2015.07.31-13.36.13:965][  0]LogInit: User: ALorente
[2015.07.31-13.36.13:965][  0]LogInit: CPU Page size=4096, Cores=2
[2015.07.31-13.36.13:965][  0]LogInit: High frequency timer resolution =2.630781 MHz
[2015.07.31-13.36.13:965][  0]LogMemory: Memory total: Physical=8.0GB (8GB approx)
[2015.07.31-13.36.13:965][  0]LogMemory: Platform Memory Stats for Windows
[2015.07.31-13.36.13:965][  0]LogMemory: Process Physical Memory: 49.53 MB used, 49.53 MB peak
[2015.07.31-13.36.13:965][  0]LogMemory: Process Virtual Memory: 23.18 MB used, 23.18 MB peak
[2015.07.31-13.36.13:965][  0]LogMemory: Physical Memory: 2744.94 MB used, 8148.89 MB total
[2015.07.31-13.36.13:965][  0]LogMemory: Virtual Memory: 283.23 MB used, 8388608.00 MB total
[2015.07.31-13.36.13:997][  0]LogTextLocalizationManager: The requested culture ('en_US') has no localization data; parent culture's ('en') localization data will be used.
[2015.07.31-13.36.14:222][  0]LogTextLocalizationManager:Warning: Loaded localization resources contain conflicting entries for (Namespace:ContentBrowser, Key:ImportAssetToolTip):
Localization Resource: (C:/Program Files/Epic Games/4.8/Engine/Content/Localization/Editor/en/Editor.locres) Source String Hash: (-630476809) Localized String: (Import to {0}...)
Localization Resource: (C:/Program Files/Epic Games/4.8/Engine/Content/Localization/Editor/en/Editor.locres) Source String Hash: (1271782899) Localized String: (Imports an asset from file to this folder.)
[2015.07.31-13.36.14:727][  0]LogD3D11RHI: Found D3D11 adapter 0: NVIDIA Quadro 2000M (Feature Level 11_0)
[2015.07.31-13.36.14:727][  0]LogD3D11RHI: Adapter has 1999MB of dedicated video memory, 0MB of dedicated system memory, and 3818MB of shared system memory, 1 output[s]
[2015.07.31-13.36.14:727][  0]LogD3D11RHI: Chosen D3D11 Adapter Id = 0
[2015.07.31-13.36.14:730][  0]LogD3D11RHI: InitD3DDevice
[2015.07.31-13.36.14:730][  0]LogD3D11RHI: !Direct3DDevice
[2015.07.31-13.36.14:731][  0]LogRHI: Texture pool is 1361 MB (70% of 1945 MB)
[2015.07.31-13.36.14:742][  0]LogD3D11RHI: Async texture creation enabled
[2015.07.31-13.36.14:757][  0]LogShaderCompilers:Display: Using Local Shader Compiler.
[2015.07.31-13.36.15:575][  0]LogTemp:Display: Loaded TP DesktopTargetPlatform
[2015.07.31-13.36.15:591][  0]LogTemp:Display: Loaded TP WindowsClientTargetPlatform
[2015.07.31-13.36.15:606][  0]LogTemp:Display: Loaded TP WindowsNoEditorTargetPlatform
[2015.07.31-13.36.15:621][  0]LogTemp:Display: Loaded TP WindowsServerTargetPlatform
[2015.07.31-13.36.15:638][  0]LogTemp:Display: Loaded TP WindowsTargetPlatform
[2015.07.31-13.36.15:651][  0]LogTemp:Display: Loaded TP AndroidTargetPlatform
[2015.07.31-13.36.15:665][  0]LogTemp:Display: Loaded TP Android_ASTCTargetPlatform
[2015.07.31-13.36.15:678][  0]LogTemp:Display: Loaded TP Android_ATCTargetPlatform
[2015.07.31-13.36.15:691][  0]LogTemp:Display: Loaded TP Android_DXTTargetPlatform
[2015.07.31-13.36.15:704][  0]LogTemp:Display: Loaded TP Android_ETC1TargetPlatform
[2015.07.31-13.36.15:717][  0]LogTemp:Display: Loaded TP Android_ETC2TargetPlatform
[2015.07.31-13.36.15:731][  0]LogTemp:Display: Loaded TP Android_PVRTCTargetPlatform
[2015.07.31-13.36.15:779][  0]LogTemp:Display: Loaded TP IOSTargetPlatform
[2015.07.31-13.36.15:792][  0]LogTemp:Display: Loaded TP LinuxNoEditorTargetPlatform
[2015.07.31-13.36.15:804][  0]LogTemp:Display: Loaded TP LinuxServerTargetPlatform
[2015.07.31-13.36.15:820][  0]LogTemp:Display: Loaded TP LinuxTargetPlatform
[2015.07.31-13.36.15:820][  0]LogTargetPlatformManager:Display: Building Assets For Windows
[2015.07.31-13.36.16:031][  0]LogDerivedDataCache:Display: Max Cache Size: 512 MB
[2015.07.31-13.36.16:081][  0]LogDerivedDataCache: Loaded boot cache 0.05s 53MB C:/Users/ALorente/AppData/Local/UnrealEngine/4.8/DerivedDataCache/Boot.ddc.
[2015.07.31-13.36.16:081][  0]LogDerivedDataCache:Display: Loaded Boot cache: C:/Users/ALorente/AppData/Local/UnrealEngine/4.8/DerivedDataCache/Boot.ddc
[2015.07.31-13.36.16:081][  0]LogDerivedDataCache: FDerivedDataBackendGraph:  Pak pak cache file D:/Workspace/Code/BitBucket/SaveMe/DerivedDataCache/DDC.ddp not found, will not use a pak cache.
[2015.07.31-13.36.16:081][  0]LogDerivedDataCache: Unable to find inner node Pak for hierarchical cache Hierarchy.
[2015.07.31-13.36.16:081][  0]LogDerivedDataCache: FDerivedDataBackendGraph:  CompressedPak pak cache file D:/Workspace/Code/BitBucket/SaveMe/DerivedDataCache/Compressed.ddp not found, will not use a pak cache.
[2015.07.31-13.36.16:081][  0]LogDerivedDataCache: Unable to find inner node CompressedPak for hierarchical cache Hierarchy.
[2015.07.31-13.36.16:258][  0]LogDerivedDataCache:Display: Pak cache opened for reading ../../../Engine/DerivedDataCache/Compressed.ddp.
[2015.07.31-13.36.16:269][  0]LogDerivedDataCache: Using Local data cache path C:/Users/ALorente/AppData/Local/UnrealEngine/Common/DerivedDataCache: Writable
[2015.07.31-13.36.16:507][  0]LogInit: Selected Device Profile: [Windows]
[2015.07.31-13.36.16:515][  0]ImportText (ComponentSweepMultiTests): Missing closing parenthesis: (RootShapeAsset="/Engine/BasicShapes/Cube.Cube",ShapeType="TriggerCapsule",HitResult=(Time=0.50,Location=(X=-100.000015,Y=0.0,Z=100.000015),ImpactPoint=(X=-50.0,Y=0.0,Z=50.0),Normal=(X=-1.0,Y=-0.0,Z=0.0),ImpactNormal=(X=0.0,Y=0.0,Z=1.0),TraceStart=(X=-200.0,Y=0.0,Z=200.0),TraceEnd=(X=0.0,Y=0.0,Z=0.0))
[2015.07.31-13.36.16:516][  0]ImportText (LineTraceSingleByChannelTests): Missing closing parenthesis: (RootShapeAsset="/Engine/BasicShapes/Cube.Cube",HitResult=(Time=0.50,Location=(X=-100.000015,Y=0.0,Z=100.000015),ImpactPoint=(X=-50.0,Y=0.0,Z=50.0),Normal=(X=-1.0,Y=-0.0,Z=0.0),ImpactNormal=(X=0.0,Y=0.0,Z=1.0),TraceStart=(X=-200.0,Y=0.0,Z=200.0),TraceEnd=(X=0.0,Y=0.0,Z=0.0))
[2015.07.31-13.36.16:544][  0]LogMeshUtilities: No automatic mesh reduction module available
[2015.07.31-13.36.16:544][  0]LogMeshUtilities: No automatic mesh merging module available
[2015.07.31-13.36.16:993][  0]LogInit: WinSock: version 1.1 (2.2), MaxSocks=32767, MaxUdp=65467
[2015.07.31-13.36.18:041][  0]UdpMessaging: Initializing bridge on interface 0.0.0.0:0 to multicast group 230.0.0.1:6666.
[2015.07.31-13.36.18:409][  0]SourceControl: Info Source control is disabled
[2015.07.31-13.36.18:434][  0]SourceControl: Info Source control is disabled
[2015.07.31-13.36.18:445][  0]SourceControl: Info Source control is disabled
[2015.07.31-13.36.18:455][  0]SourceControl: Info Source control is disabled
[2015.07.31-13.36.18:698][  0]LogObj: 26273 objects as part of root set at end of initial load.
[2015.07.31-13.36.18:698][  0]LogUObjectAllocator: 5409248 out of 0 bytes used by permanent object pool.
[2015.07.31-13.36.18:771][  0]LogEngine: Initializing Engine...
[2015.07.31-13.36.18:773][  0]LogHMD: Can't find Oculus library dev build: is proper Runtime installed? Version: 0.6.0.0
[2015.07.31-13.36.18:774][  0]LogHMD:Warning: SteamVR failed to initialize.  Error: 110
[2015.07.31-13.36.18:941][  0]LogAIModule: Creating AISystem for world NewWorld
[2015.07.31-13.36.18:947][  0]LogInit: XAudio2 using 'Speakers / Headphones (IDT High Definition Audio CODEC)' : 2 channels at 48 kHz using 16 bits per sample (channel mask 0x3)
[2015.07.31-13.36.18:969][  0]LogInit: FAudioDevice initialized.
[2015.07.31-13.36.18:994][  0]LogDerivedDataCache: Saved boot cache 0.02s 53MB C:/Users/ALorente/AppData/Local/UnrealEngine/4.8/DerivedDataCache/Boot.ddc.
[2015.07.31-13.36.19:002][  0]LogInit: Texture streaming: Disabled
[2015.07.31-13.36.19:026][  0]LogAnalytics: Creating configured Analytics provider AnalyticsET
[2015.07.31-13.36.19:026][  0]LogAnalytics: [UEEditor.Rocket.Release] APIServer = http://et2.epicgames.com/ET2/. AppVersion = 4.8.3-2634408+++depot+UE4-Releases+4.8
[2015.07.31-13.36.19:026][  0]LogAnalytics: [UEEditor.Rocket.Release] SetUserId d64b808f4af5ec925fa497bbc1d7337b|81643a0ffa4546099291d92070e6ccbc|952f4c26-71e8-47b2-8a9a-557a0707c735
[2015.07.31-13.36.19:026][  0]LogAnalytics: [UEEditor.Rocket.Release] AnalyticsET::StartSession
[2015.07.31-13.36.19:070][  0]LogInit: Transaction tracking system initialized
[2015.07.31-13.36.19:208][  0]BlueprintLog: New page: Editor Load
[2015.07.31-13.36.19:242][  0]LogAssetRegistry: FAssetRegistry took 0.0097 seconds to start up
[2015.07.31-13.36.19:242][  0]LogDirectoryWatcher:Warning: Failed to begin reading directory changes for ../../../Engine/Plugins/Experimental/CharacterAI/Content/. Error: 0
[2015.07.31-13.36.20:054][  0]LogLinker:Warning: Asset '../../../Engine/Content/Tutorial/Mobile/SettingUpAndroidTutorial.uasset' has been saved with empty engine version. The asset will be loaded but may be incompatible.
[2015.07.31-13.36.20:211][  0]LogConsoleManager:Warning: Console variable 'r.VSync' wasn't set ('GameSetting' has a lower priority than 'SystemSettingsIni')
[2015.07.31-13.36.20:211][  0]LogConsoleResponse:Display: 
[2015.07.31-13.36.20:371][  0]LogCook:Display: Done creating registry. It took  0.00s.
[2015.07.31-13.36.20:624][  0]SourceControl: Info Source control is disabled
[2015.07.31-13.36.20:624][  0]Cmd: MAP LOAD FILE="D:/Workspace/Code/BitBucket/SaveMe/Content/Maps/Menu.umap" TEMPLATE=0 SHOWPROGRESS=1 FEATURELEVEL=3
[2015.07.31-13.36.20:624][  0]LightingResults: New page: Lighting Build
[2015.07.31-13.36.20:644][  0]MapCheck: New page: Map Check
[2015.07.31-13.36.20:644][  0]LightingResults: New page: Lighting Build
[2015.07.31-13.36.20:662][  0]LogParticles: Destroying 0 GPU particle simulations for FXSystem 0x000000001C23C9A0
[2015.07.31-13.36.20:875][  0]LogAIModule: Creating AISystem for world Menu
[2015.07.31-13.36.20:878][  0]LogEditorServer: Finished looking for orphan Actors (0.000 secs)
[2015.07.31-13.36.20:880][  0]Cmd: MAP CHECKDEP NOCLEARLOG
[2015.07.31-13.36.20:933][  0]MapCheck: Info Map check complete: 0 Error(s), 0 Warning(s), took 52.85ms to complete.
[2015.07.31-13.36.20:933][  0]LogFileHelpers: Loading map 'Menu' took 0.309
[2015.07.31-13.36.21:069][  0]LogCollectionManager: Loaded 0 collections in 0.003183 seconds
[2015.07.31-13.36.21:081][  0]LogContentBrowser: Native class hierarchy populated in 0.0120 seconds. Added 1792 classes and 301 folders.
[2015.07.31-13.36.21:143][  0]LogContentBrowser: Native class hierarchy updated for 'WidgetCarousel' in 0.0003 seconds. Added 0 classes and 0 folders.
[2015.07.31-13.36.21:179][  0]LogContentBrowser: Native class hierarchy updated for 'AddContentDialog' in 0.0003 seconds. Added 0 classes and 0 folders.
[2015.07.31-13.36.21:204][  0]LogContentBrowser: Native class hierarchy updated for 'SceneOutliner' in 0.0005 seconds. Added 1 classes and 2 folders.
[2015.07.31-13.36.21:242][  0]LogCrashTracker: Crashtracker disabled due to settings.
[2015.07.31-13.36.21:243][  0]LogD3D11RHI: InitD3DDevice
[2015.07.31-13.36.21:247][  0]LogUObjectGlobals:Warning: Failed to find object 'Class None.'
[2015.07.31-13.36.21:268][  0]LogLoad: Full Startup: 9.06 seconds (BP compile: 0.21 seconds)
[2015.07.31-13.36.21:326][  0]LogContentStreaming: Texture pool size is 0.000000MB
[2015.07.31-13.36.21:356][  0]LogContentStreaming: Texture pool size now 400 MB
[2015.07.31-13.36.21:478][  0]LogRenderer: Reallocating scene render targets to support 1208x600 (Frame:2).
[2015.07.31-13.36.21:794][  7]LogAssetRegistry: Asset discovery search completed in 2.5619 seconds
[2015.07.31-13.36.26:860][187]LogD3D11RHI: InitD3DDevice
[2015.07.31-13.36.28:140][231]LogD3D11RHI: InitD3DDevice
[2015.07.31-13.36.28:189][231]LogD3D11RHI: InitD3DDevice
[2015.07.31-13.36.28:211][231]LogLinker:Warning: Asset '../../../Engine/Content/ArtTools/RenderToTexture/Macros/RenderToTextureMacros.uasset' has been saved with empty engine version. The asset will be loaded but may be incompatible.
[2015.07.31-13.36.28:431][231]LogLinker:Warning: Asset '../../../Engine/Content/ArtTools/RenderToTexture/Enums/RenderToTexture_Enum.uasset' has been saved with empty engine version. The asset will be loaded but may be incompatible.
[2015.07.31-13.36.36:564][439]LogD3D11RHI: InitD3DDevice
[2015.07.31-13.36.38:569][528]LogD3D11RHI: InitD3DDevice
[2015.07.31-13.36.39:132][553]LogD3D11RHI: InitD3DDevice
[2015.07.31-13.36.45:700][798]LogD3D11RHI: InitD3DDevice
[2015.07.31-13.36.48:558][905]LogD3D11RHI: InitD3DDevice
[2015.07.31-13.36.52:820][ 59]LogD3D11RHI: InitD3DDevice
[2015.07.31-13.36.52:891][ 59]LogD3D11RHI: InitD3DDevice
[2015.07.31-13.36.57:919][206]LogD3D11RHI: InitD3DDevice
[2015.07.31-13.36.58:387][228]LogD3D11RHI: InitD3DDevice
[2015.07.31-13.37.00:012][301]LogD3D11RHI: InitD3DDevice
[2015.07.31-13.37.03:201][441]LogD3D11RHI: InitD3DDevice
[2015.07.31-13.37.03:268][442]LogD3D11RHI: InitD3DDevice
[2015.07.31-13.37.04:397][493]LogD3D11RHI: InitD3DDevice
[2015.07.31-13.37.07:140][617]LogD3D11RHI: InitD3DDevice
[2015.07.31-13.37.08:206][664]LogD3D11RHI: InitD3DDevice
[2015.07.31-13.37.08:266][664]LogD3D11RHI: InitD3DDevice
[2015.07.31-13.37.26:704][765]LogD3D11RHI: InitD3DDevice
[2015.07.31-13.37.26:753][765]LogD3D11RHI: InitD3DDevice
[2015.07.31-13.37.31:861][870]LogD3D11RHI: InitD3DDevice
[2015.07.31-13.37.38:641][ 56]LogD3D11RHI: InitD3DDevice
[2015.07.31-13.37.42:607][167]LogD3D11RHI: InitD3DDevice
[2015.07.31-13.37.57:032][530]LogD3D11RHI: InitD3DDevice
[2015.07.31-13.38.00:026][628]LogD3D11RHI: InitD3DDevice
[2015.07.31-13.38.02:594][724]LogD3D11RHI: InitD3DDevice
[2015.07.31-13.38.11:906][949]LogD3D11RHI: InitD3DDevice
[2015.07.31-13.38.19:635][235]LogD3D11RHI: InitD3DDevice
[2015.07.31-13.38.20:181][254]LogD3D11RHI: InitD3DDevice
[2015.07.31-13.38.23:862][385]LogD3D11RHI: InitD3DDevice
[2015.07.31-13.38.28:720][511]LogD3D11RHI: InitD3DDevice
[2015.07.31-13.38.29:611][544]LogD3D11RHI: InitD3DDevice
[2015.07.31-13.38.30:041][560]LogD3D11RHI: InitD3DDevice
[2015.07.31-13.38.30:703][585]LogD3D11RHI: InitD3DDevice
[2015.07.31-13.38.36:672][773]LogD3D11RHI: InitD3DDevice
[2015.07.31-13.38.38:494][836]LogD3D11RHI: InitD3DDevice
[2015.07.31-13.38.38:509][836]LogD3D11RHI: InitD3DDevice
[2015.07.31-13.38.40:533][888]LogD3D11RHI: InitD3DDevice
[2015.07.31-13.38.41:865][930]LogD3D11RHI: InitD3DDevice
[2015.07.31-13.38.49:480][141]LogD3D11RHI: InitD3DDevice
[2015.07.31-13.38.55:490][292]LogParticles: Destroying 0 GPU particle simulations for FXSystem 0x000000000E4C0680
[2015.07.31-13.38.55:490][292]LogParticles: Destroying 0 GPU particle simulations for FXSystem 0x0000000016A063E0
[2015.07.31-13.38.55:490][292]LogParticles: Destroying 0 GPU particle simulations for FXSystem 0x000000000E4C2C00
[2015.07.31-13.38.55:490][292]LogParticles: Destroying 0 GPU particle simulations for FXSystem 0x000000002459DA80
[2015.07.31-13.38.55:544][292]LogD3D11RHI: InitD3DDevice
[2015.07.31-13.38.57:458][292]LogD3D11RHI: InitD3DDevice
[2015.07.31-13.38.57:493][292]LogD3D11RHI: InitD3DDevice
[2015.07.31-13.38.59:199][334]LogD3D11RHI: InitD3DDevice
[2015.07.31-13.39.01:806][334]LogD3D11RHI: InitD3DDevice
[2015.07.31-13.39.01:839][334]LogD3D11RHI: InitD3DDevice
[2015.07.31-13.39.08:569][509]BlueprintLog: New page: Pre-PIE auto-recompile
[2015.07.31-13.39.08:578][509]LogPlayLevel: [PIE] Compiling Menu before PIE...
[2015.07.31-13.39.08:690][509]LogPlayLevel: PIE:  Blueprint regeneration took 120 ms (1 blueprints)
[2015.07.31-13.39.08:692][509]PIE: New page: PIE session: Menu (Jul 31, 2015, 5:39:08 PM)
[2015.07.31-13.39.08:692][509]LogPlayLevel: Creating play world package: /Game/Maps/UEDPIE_0_Menu
[2015.07.31-13.39.08:695][509]LogPlayLevel: PIE: StaticDuplicateObject took: (0.002920s)
[2015.07.31-13.39.08:696][509]LogAIModule: Creating AISystem for world Menu
[2015.07.31-13.39.08:696][509]LogPlayLevel: PIE: World Init took: (0.001043s)
[2015.07.31-13.39.08:697][509]LogPlayLevel: PIE: Created PIE world by copying editor world from /Game/Maps/Menu.Menu to /Game/Maps/UEDPIE_0_Menu.Menu (0.004152s)
[2015.07.31-13.39.08:739][509]LogInit: XAudio2 using 'Speakers / Headphones (IDT High Definition Audio CODEC)' : 2 channels at 48 kHz using 16 bits per sample (channel mask 0x3)
[2015.07.31-13.39.08:745][509]LogInit: FAudioDevice initialized.
[2015.07.31-13.39.08:864][509]LogWorld: Game class is 'MainGameMode_C'
[2015.07.31-13.39.08:868][509]LogWorld: Bringing World /Game/Maps/UEDPIE_0_Menu.Menu up for play (max tick rate 0) at 2015.07.31-15.39.08
[2015.07.31-13.39.08:868][509]LogActor:Warning: GameSession /Game/Maps/UEDPIE_0_Menu.Menu:PersistentLevel.GameSession_0 has natively added scene component(s), but none of them were set as the actor's RootComponent - picking one arbitrarily
[2015.07.31-13.39.08:869][509]LogActor:Warning: GameNetworkManager /Game/Maps/UEDPIE_0_Menu.Menu:PersistentLevel.GameNetworkManager_0 has natively added scene component(s), but none of them were set as the actor's RootComponent - picking one arbitrarily
[2015.07.31-13.39.08:869][509]LogWorld: Bringing up level for play took: 0.003355
[2015.07.31-13.39.08:903][509]PIE: Info Play in editor start time for /Game/Maps/UEDPIE_0_Menu 0.143
[2015.07.31-13.39.15:497][656]LogPackageName: SearchForPackageOnDisk took   0.080s to resolve Level1.umap
[2015.07.31-13.39.15:562][656]LogPackageName: SearchForPackageOnDisk took   0.062s to resolve Level1.umap
[2015.07.31-13.39.15:562][656]LogNet: Browse: /Game/Maps/Level1
[2015.07.31-13.39.15:562][656]LogLoad: LoadMap: /Game/Maps/Level1
[2015.07.31-13.39.15:617][656]LogParticles: Destroying 0 GPU particle simulations for FXSystem 0x000000000E4C1C60
[2015.07.31-13.39.15:617][656]Cmd: MEM
[2015.07.31-13.39.15:664][656]LogMemory: Platform Memory Stats for Windows
[2015.07.31-13.39.15:664][656]LogMemory: Process Physical Memory: 558.18 MB used, 560.32 MB peak
[2015.07.31-13.39.15:664][656]LogMemory: Process Virtual Memory: 452.97 MB used, 456.39 MB peak
[2015.07.31-13.39.15:664][656]LogMemory: Physical Memory: 2790.59 MB used, 8148.89 MB total
[2015.07.31-13.39.15:664][656]LogMemory: Virtual Memory: 1029.93 MB used, 8388608.00 MB total
[2015.07.31-13.39.15:664][656]LogMemory: 
[2015.07.31-13.39.15:664][656]Allocator Stats for TBB: (not implemented)
[2015.07.31-13.39.15:855][656]LogAIModule: Creating AISystem for world Level1
[2015.07.31-13.39.15:873][656]LogWorld: Game class is 'MainGameMode_C'
[2015.07.31-13.39.15:879][656]LogWorld: Bringing World /Game/Maps/UEDPIE_0_Level1.Level1 up for play (max tick rate 0) at 2015.07.31-15.39.15
[2015.07.31-13.39.15:879][656]LogActor:Warning: GameSession /Game/Maps/UEDPIE_0_Level1.Level1:PersistentLevel.GameSession_1 has natively added scene component(s), but none of them were set as the actor's RootComponent - picking one arbitrarily
[2015.07.31-13.39.15:880][656]LogActor:Warning: GameNetworkManager /Game/Maps/UEDPIE_0_Level1.Level1:PersistentLevel.GameNetworkManager_1 has natively added scene component(s), but none of them were set as the actor's RootComponent - picking one arbitrarily
[2015.07.31-13.39.15:880][656]LogWorld: Bringing up level for play took: 0.005506
[2015.07.31-13.39.15:909][657]LogCharacterMovement:Warning: GetSimulationTimeStep() - Max iterations 8 hit while remaining time 0.079045 > MaxSimulationTimeStep (0.050) for 'MainCharacter_C_4'
[2015.07.31-13.39.21:055][756]LogParticles: Destroying 0 GPU particle simulations for FXSystem 0x000000000ECBE7A0
[2015.07.31-13.39.47:420][ 95]LogActorComponent: UnregisterComponent: (/Engine/Transient.EditorFloorComp) Not registered. Aborting.
[2015.07.31-13.40.21:505][333]LogD3D11RHI: InitD3DDevice
[2015.07.31-13.41.01:236][733]LogD3D11RHI: InitD3DDevice
[2015.07.31-13.41.01:299][733]Cmd: OBJ SAVEPACKAGE PACKAGE="/Game/Maps/Menu" FILE="D:/Workspace/Code/BitBucket/SaveMe/Content/Maps/Menu.umap" SILENT=true AUTOSAVING=false KEEPDIRTY=false
[2015.07.31-13.41.01:300][733]LogActorComponent: UnregisterComponent: (/Engine/Transient.MovementComponent0) Not registered. Aborting.
[2015.07.31-13.41.01:330][733]LogParticles: Destroying 0 GPU particle simulations for FXSystem 0x00000000154CEDE0
[2015.07.31-13.41.01:452][733]LogSavePackage: Save=91.126175ms
[2015.07.31-13.41.01:452][733]LogSavePackage: Moving 'D:/Workspace/Code/BitBucket/SaveMe/Saved/MenuF22B680846FDDE9861C8E4AE410C537F.tmp' to 'D:/Workspace/Code/BitBucket/SaveMe/Content/Maps/Menu.umap'
[2015.07.31-13.41.09:151][  2]LogD3D11RHI: InitD3DDevice
[2015.07.31-13.41.09:182][  2]Cmd: OBJ SAVEPACKAGE PACKAGE="/Game/Maps/Menu" FILE="D:/Workspace/Code/BitBucket/SaveMe/Content/Maps/Menu.umap" SILENT=true AUTOSAVING=false KEEPDIRTY=false
[2015.07.31-13.41.09:312][  2]LogSavePackage: Save=80.178848ms
[2015.07.31-13.41.09:312][  2]LogSavePackage: Moving 'D:/Workspace/Code/BitBucket/SaveMe/Saved/MenuA38C53494BAC614B5609B59408CE6D7A.tmp' to 'D:/Workspace/Code/BitBucket/SaveMe/Content/Maps/Menu.umap'
[2015.07.31-13.41.16:339][247]LogD3D11RHI: InitD3DDevice
[2015.07.31-13.41.17:128][280]LogD3D11RHI: InitD3DDevice
[2015.07.31-13.41.18:004][319]LogD3D11RHI: InitD3DDevice
[2015.07.31-13.41.18:038][319]LogD3D11RHI: InitD3DDevice
[2015.07.31-13.41.18:069][319]LogLinker:Warning: Asset '../../../Engine/Content/ArtTools/RenderToTexture/Macros/RenderToTextureMacros.uasset' has been saved with empty engine version. The asset will be loaded but may be incompatible.
[2015.07.31-13.41.18:078][319]LogLinker:Warning: Asset '../../../Engine/Content/ArtTools/RenderToTexture/Enums/RenderToTexture_Enum.uasset' has been saved with empty engine version. The asset will be loaded but may be incompatible.
[2015.07.31-13.41.45:880][914]LogD3D11RHI: InitD3DDevice
[2015.07.31-13.42.13:357][494]LogD3D11RHI: InitD3DDevice
[2015.07.31-13.42.13:447][494]Cmd: OBJ SAVEPACKAGE PACKAGE="/Game/Maps/Menu" FILE="D:/Workspace/Code/BitBucket/SaveMe/Content/Maps/Menu.umap" SILENT=true AUTOSAVING=false KEEPDIRTY=false
[2015.07.31-13.42.13:571][494]LogSavePackage: Save=80.926537ms
[2015.07.31-13.42.13:571][494]LogSavePackage: Moving 'D:/Workspace/Code/BitBucket/SaveMe/Saved/MenuF5F48D344317CE98D3FD76A28A3DA494.tmp' to 'D:/Workspace/Code/BitBucket/SaveMe/Content/Maps/Menu.umap'
[2015.07.31-13.42.13:602][494]LogFileHelpers: Saving map 'Menu' took 0.212
[2015.07.31-13.42.53:573][411]LogD3D11RHI: InitD3DDevice
[2015.07.31-13.43.02:235][677]LogEditorViewport: Clicking Background
[2015.07.31-13.43.41:726][587]LogD3D11RHI: InitD3DDevice
[2015.07.31-13.43.51:771][806]LogD3D11RHI: InitD3DDevice
[2015.07.31-13.44.03:459][ 69]LogD3D11RHI: InitD3DDevice
[2015.07.31-13.44.10:536][220]LogD3D11RHI: InitD3DDevice
[2015.07.31-13.44.17:368][362]LogD3D11RHI: InitD3DDevice
[2015.07.31-13.44.17:461][362]Cmd: OBJ SAVEPACKAGE PACKAGE="/Game/Maps/Menu" FILE="D:/Workspace/Code/BitBucket/SaveMe/Content/Maps/Menu.umap" SILENT=true AUTOSAVING=false KEEPDIRTY=false
[2015.07.31-13.44.17:589][362]LogSavePackage: Save=84.376083ms
[2015.07.31-13.44.17:589][362]LogSavePackage: Moving 'D:/Workspace/Code/BitBucket/SaveMe/Saved/MenuBD67549745E574E87C7C6896FE89439B.tmp' to 'D:/Workspace/Code/BitBucket/SaveMe/Content/Maps/Menu.umap'
[2015.07.31-13.44.17:618][362]LogFileHelpers: Saving map 'Menu' took 0.217
[2015.07.31-13.44.28:898][597]BlueprintLog: New page: Compile Menu
[2015.07.31-13.44.29:073][597]BlueprintEditorCompileResults: Info [0496.86] Compile of Menu successful! [in 175 ms]
[2015.07.31-13.44.37:375][850]LogParticles: Destroying 0 GPU particle simulations for FXSystem 0x00000000183C3C40
[2015.07.31-13.44.37:390][850]LogD3D11RHI: InitD3DDevice
[2015.07.31-13.44.40:422][850]LogD3D11RHI: InitD3DDevice
[2015.07.31-13.44.40:486][850]Cmd: OBJ SAVEPACKAGE PACKAGE="/Game/Maps/Menu" FILE="D:/Workspace/Code/BitBucket/SaveMe/Content/Maps/Menu.umap" SILENT=true AUTOSAVING=false KEEPDIRTY=false
[2015.07.31-13.44.40:612][850]LogSavePackage: Save=82.031532ms
[2015.07.31-13.44.40:612][850]LogSavePackage: Moving 'D:/Workspace/Code/BitBucket/SaveMe/Saved/MenuAA1E20B341144D678715C58E407DFC21.tmp' to 'D:/Workspace/Code/BitBucket/SaveMe/Content/Maps/Menu.umap'
[2015.07.31-13.44.40:640][850]LogFileHelpers: Saving map 'Menu' took 0.203
[2015.07.31-13.44.41:010][851]Cmd: QUIT_EDITOR
[2015.07.31-13.44.42:479][851]LogExit: Preparing to exit.
[2015.07.31-13.44.43:266][851]LogExit: Editor shut down
[2015.07.31-13.44.43:266][851]LogExit: Transaction tracking system shut down
[2015.07.31-13.44.43:268][851]LogParticles: Destroying 0 GPU particle simulations for FXSystem 0x000000000FA489A0
[2015.07.31-13.44.43:268][851]LogParticles: Destroying 0 GPU particle simulations for FXSystem 0x000000000E995F80
[2015.07.31-13.44.43:269][851]LogParticles: Destroying 0 GPU particle simulations for FXSystem 0x000000000E4C1580
[2015.07.31-13.44.43:275][851]LogParticles: Destroying 0 GPU particle simulations for FXSystem 0x000000001A15B1A0
[2015.07.31-13.44.43:688][851]LogExit: Object subsystem successfully closed.
[2015.07.31-13.44.43:696][851]LogD3D11RHI: Shutdown
[2015.07.31-13.44.43:696][851]