[2015.07.31-19.57.36:479][  0]Log file open, 07/31/15 21:57:36
[2015.07.31-19.57.36:479][  0]LogInit:Display: Running engine for game: SaveMe
[2015.07.31-19.57.36:479][  0]LogInit:Display: RandInit(326748555) SRandInit(326748556).
[2015.07.31-19.57.36:479][  0]LogTaskGraph: Started task graph with 4 named threads and 5 total threads.
[2015.07.31-19.57.36:479][  0]LogStats: Stats thread started
[2015.07.31-19.57.36:479][  0]LogInit: Version: 4.8.3-2634408+++depot+UE4-Releases+4.8
[2015.07.31-19.57.36:479][  0]LogInit: API Version: 2579680
[2015.07.31-19.57.36:479][  0]LogInit: Compiled (64-bit): Jul 27 2015 16:24:33
[2015.07.31-19.57.36:479][  0]LogInit: Compiled with Visual C++: 18.00.21005.01
[2015.07.31-19.57.36:479][  0]LogInit: Build Configuration: Development
[2015.07.31-19.57.36:479][  0]LogInit: Branch Name: ++depot+UE4-Releases+4.8
[2015.07.31-19.57.36:479][  0]LogInit: Command line:  /Temp/Autosaves/Game/Maps/UEDPCLevel1 -game -PIEVIACONSOLE -ResX=1280 -ResY=720  -Multiprocess -featureleveles2 -faketouches 
[2015.07.31-19.57.36:479][  0]LogInit: Base directory: C:/Program Files/Epic Games/4.8/Engine/Binaries/Win64/
[2015.07.31-19.57.36:479][  0]LogInit: Rocket: 1
[2015.07.31-19.57.36:497][  0]LogInit: Using libcurl 7.41.0
[2015.07.31-19.57.36:497][  0]LogInit:  - built for x86_64-pc-win32
[2015.07.31-19.57.36:497][  0]LogInit:  - supports SSL with WinSSL
[2015.07.31-19.57.36:497][  0]LogInit:  - other features:
[2015.07.31-19.57.36:497][  0]LogInit:      CURL_VERSION_SSL
[2015.07.31-19.57.36:497][  0]LogInit:      CURL_VERSION_IPV6
[2015.07.31-19.57.36:497][  0]LogInit:      CURL_VERSION_ASYNCHDNS
[2015.07.31-19.57.36:497][  0]LogInit:      CURL_VERSION_LARGEFILE
[2015.07.31-19.57.36:497][  0]LogInit:      CURL_VERSION_IDN
[2015.07.31-19.57.36:497][  0]LogInit:  CurlRequestOptions (configurable via config and command line):
[2015.07.31-19.57.36:497][  0]LogInit:  - bVerifyPeer = true  - Libcurl will verify peer certificate
[2015.07.31-19.57.36:497][  0]LogInit:  - bUseHttpProxy = false  - Libcurl will NOT use HTTP proxy
[2015.07.31-19.57.36:497][  0]LogInit:  - bDontReuseConnections = false  - Libcurl will reuse connections
[2015.07.31-19.57.36:497][  0]LogInit:  - CertBundlePath = nullptr  - Libcurl will use whatever was configured at build time.
[2015.07.31-19.57.36:513][  0]LogOnline:Warning: No default platform service specified for OnlineSubsystem
[2015.07.31-19.57.36:532][  0]LogInit: Presizing for 0 objects not considered by GC, pre-allocating 0 bytes.
[2015.07.31-19.57.36:546][  0]LogInit: Object subsystem initialized
[2015.07.31-19.57.36:547][  0]LogConsoleResponse:Warning: Skipping Unknown console variable: 'TranslucentSortAxis = (X=0.000000,Y=-1.000000,Z=0.000000)'
[2015.07.31-19.57.36:547][  0]LogConsoleResponse:Warning:   Found in ini file 'D:/Workspace/Code/BitBucket/SaveMe/Saved/Config/Windows/Engine.ini', in section '[/Script/Engine.RendererSettings]'
[2015.07.31-19.57.36:547][  0]LogConsoleResponse:Warning: Skipping Unknown console variable: 'UIScaleRule = ShortestSide'
[2015.07.31-19.57.36:547][  0]LogConsoleResponse:Warning:   Found in ini file 'D:/Workspace/Code/BitBucket/SaveMe/Saved/Config/Windows/Engine.ini', in section '[/Script/Engine.RendererSettings]'
[2015.07.31-19.57.36:547][  0]LogConsoleResponse:Warning: Skipping Unknown console variable: 'UIScaleCurve = (EditorCurveData=(Keys=),ExternalCurve=None)'
[2015.07.31-19.57.36:548][  0]LogConsoleResponse:Warning:   Found in ini file 'D:/Workspace/Code/BitBucket/SaveMe/Saved/Config/Windows/Engine.ini', in section '[/Script/Engine.RendererSettings]'
[2015.07.31-19.57.36:548][  0]LogInit: Selected Device Profile: [Windows]
[2015.07.31-19.57.36:548][  0]LogInit: Applying CVar settings loaded from the selected device profile: [Windows]
[2015.07.31-19.57.36:552][  0]LogInit: Computer: SLB-H7VRKQ1
[2015.07.31-19.57.36:552][  0]LogInit: User: ALorente
[2015.07.31-19.57.36:552][  0]LogInit: CPU Page size=4096, Cores=2
[2015.07.31-19.57.36:552][  0]LogInit: High frequency timer resolution =2.630800 MHz
[2015.07.31-19.57.36:552][  0]LogMemory: Memory total: Physical=8.0GB (8GB approx)
[2015.07.31-19.57.36:552][  0]LogMemory: Platform Memory Stats for Windows
[2015.07.31-19.57.36:552][  0]LogMemory: Process Physical Memory: 48.80 MB used, 48.80 MB peak
[2015.07.31-19.57.36:552][  0]LogMemory: Process Virtual Memory: 23.23 MB used, 23.23 MB peak
[2015.07.31-19.57.36:552][  0]LogMemory: Physical Memory: 4566.99 MB used, 8148.89 MB total
[2015.07.31-19.57.36:553][  0]LogMemory: Virtual Memory: 283.23 MB used, 8388608.00 MB total
[2015.07.31-19.57.36:589][  0]LogTextLocalizationManager: The requested culture ('en_US') has no localization data; parent culture's ('en') localization data will be used.
[2015.07.31-19.57.36:879][  0]LogTextLocalizationManager:Warning: Loaded localization resources contain conflicting entries for (Namespace:ContentBrowser, Key:ImportAssetToolTip):
Localization Resource: (C:/Program Files/Epic Games/4.8/Engine/Content/Localization/Editor/en/Editor.locres) Source String Hash: (-630476809) Localized String: (Import to {0}...)
Localization Resource: (C:/Program Files/Epic Games/4.8/Engine/Content/Localization/Editor/en/Editor.locres) Source String Hash: (1271782899) Localized String: (Imports an asset from file to this folder.)
[2015.07.31-19.57.37:326][  0]LogD3D11RHI: Found D3D11 adapter 0: NVIDIA Quadro 2000M (Feature Level 11_0)
[2015.07.31-19.57.37:326][  0]LogD3D11RHI: Adapter has 1999MB of dedicated video memory, 0MB of dedicated system memory, and 3818MB of shared system memory, 1 output[s]
[2015.07.31-19.57.37:326][  0]LogD3D11RHI: Chosen D3D11 Adapter Id = 0
[2015.07.31-19.57.37:330][  0]LogD3D11RHI: InitD3DDevice
[2015.07.31-19.57.37:330][  0]LogD3D11RHI: !Direct3DDevice
[2015.07.31-19.57.37:330][  0]LogRHI: Texture pool is 1361 MB (70% of 1945 MB)
[2015.07.31-19.57.37:340][  0]LogD3D11RHI: Async texture creation enabled
[2015.07.31-19.57.37:349][  0]LogShaderCompilers:Display: Using Local Shader Compiler.
[2015.07.31-19.57.38:110][  0]LogTemp:Display: Loaded TP DesktopTargetPlatform
[2015.07.31-19.57.38:125][  0]LogTemp:Display: Loaded TP WindowsClientTargetPlatform
[2015.07.31-19.57.38:139][  0]LogTemp:Display: Loaded TP WindowsNoEditorTargetPlatform
[2015.07.31-19.57.38:155][  0]LogTemp:Display: Loaded TP WindowsServerTargetPlatform
[2015.07.31-19.57.38:172][  0]LogTemp:Display: Loaded TP WindowsTargetPlatform
[2015.07.31-19.57.38:184][  0]LogTemp:Display: Loaded TP AndroidTargetPlatform
[2015.07.31-19.57.38:197][  0]LogTemp:Display: Loaded TP Android_ASTCTargetPlatform
[2015.07.31-19.57.38:210][  0]LogTemp:Display: Loaded TP Android_ATCTargetPlatform
[2015.07.31-19.57.38:223][  0]LogTemp:Display: Loaded TP Android_DXTTargetPlatform
[2015.07.31-19.57.38:236][  0]LogTemp:Display: Loaded TP Android_ETC1TargetPlatform
[2015.07.31-19.57.38:248][  0]LogTemp:Display: Loaded TP Android_ETC2TargetPlatform
[2015.07.31-19.57.38:262][  0]LogTemp:Display: Loaded TP Android_PVRTCTargetPlatform
[2015.07.31-19.57.38:310][  0]LogTemp:Display: Loaded TP IOSTargetPlatform
[2015.07.31-19.57.38:322][  0]LogTemp:Display: Loaded TP LinuxNoEditorTargetPlatform
[2015.07.31-19.57.38:334][  0]LogTemp:Display: Loaded TP LinuxServerTargetPlatform
[2015.07.31-19.57.38:349][  0]LogTemp:Display: Loaded TP LinuxTargetPlatform
[2015.07.31-19.57.38:349][  0]LogTargetPlatformManager:Display: Building Assets For Windows
[2015.07.31-19.57.38:550][  0]LogDerivedDataCache:Display: Max Cache Size: 512 MB
[2015.07.31-19.57.38:603][  0]LogDerivedDataCache: Loaded boot cache 0.05s 53MB C:/Users/ALorente/AppData/Local/UnrealEngine/4.8/DerivedDataCache/Boot.ddc.
[2015.07.31-19.57.38:603][  0]LogDerivedDataCache:Display: Loaded Boot cache: C:/Users/ALorente/AppData/Local/UnrealEngine/4.8/DerivedDataCache/Boot.ddc
[2015.07.31-19.57.38:603][  0]LogDerivedDataCache: FDerivedDataBackendGraph:  Pak pak cache file D:/Workspace/Code/BitBucket/SaveMe/DerivedDataCache/DDC.ddp not found, will not use a pak cache.
[2015.07.31-19.57.38:603][  0]LogDerivedDataCache: Unable to find inner node Pak for hierarchical cache Hierarchy.
[2015.07.31-19.57.38:603][  0]LogDerivedDataCache: FDerivedDataBackendGraph:  CompressedPak pak cache file D:/Workspace/Code/BitBucket/SaveMe/DerivedDataCache/Compressed.ddp not found, will not use a pak cache.
[2015.07.31-19.57.38:603][  0]LogDerivedDataCache: Unable to find inner node CompressedPak for hierarchical cache Hierarchy.
[2015.07.31-19.57.38:776][  0]LogDerivedDataCache:Display: Pak cache opened for reading ../../../Engine/DerivedDataCache/Compressed.ddp.
[2015.07.31-19.57.38:787][  0]LogDerivedDataCache: Using Local data cache path C:/Users/ALorente/AppData/Local/UnrealEngine/Common/DerivedDataCache: Writable
[2015.07.31-19.57.39:282][  0]ImportText (ComponentSweepMultiTests): Missing closing parenthesis: (RootShapeAsset="/Engine/BasicShapes/Cube.Cube",ShapeType="TriggerCapsule",HitResult=(Time=0.50,Location=(X=-100.000015,Y=0.0,Z=100.000015),ImpactPoint=(X=-50.0,Y=0.0,Z=50.0),Normal=(X=-1.0,Y=-0.0,Z=0.0),ImpactNormal=(X=0.0,Y=0.0,Z=1.0),TraceStart=(X=-200.0,Y=0.0,Z=200.0),TraceEnd=(X=0.0,Y=0.0,Z=0.0))
[2015.07.31-19.57.39:283][  0]ImportText (LineTraceSingleByChannelTests): Missing closing parenthesis: (RootShapeAsset="/Engine/BasicShapes/Cube.Cube",HitResult=(Time=0.50,Location=(X=-100.000015,Y=0.0,Z=100.000015),ImpactPoint=(X=-50.0,Y=0.0,Z=50.0),Normal=(X=-1.0,Y=-0.0,Z=0.0),ImpactNormal=(X=0.0,Y=0.0,Z=1.0),TraceStart=(X=-200.0,Y=0.0,Z=200.0),TraceEnd=(X=0.0,Y=0.0,Z=0.0))
[2015.07.31-19.57.39:294][  0]LogInit: Selected Device Profile: [Windows]
[2015.07.31-19.57.39:334][  0]LogMeshUtilities: No automatic mesh reduction module available
[2015.07.31-19.57.39:334][  0]LogMeshUtilities: No automatic mesh merging module available
[2015.07.31-19.57.39:457][  0]LogMaterial: Missing cached shader map for material WorldGridMaterial, compiling. Is special engine material.
[2015.07.31-19.58.09:361][  0]LogMaterial: Missing cached shader map for material DefaultDeferredDecalMaterial, compiling. 
[2015.07.31-19.58.09:784][  0]LogMaterial: Missing cached shader map for material DefaultLightFunctionMaterial, compiling. 
[2015.07.31-19.58.09:897][  0]LogMaterial: Missing cached shader map for material DefaultPostProcessMaterial, compiling. 
[2015.07.31-19.58.10:292][  0]LogMaterial: Missing cached shader map for material SkySphereMaterial, compiling. 
[2015.07.31-19.58.10:301][  0]LogMaterial: Missing cached shader map for material FloorPlaneMaterial, compiling. 
[2015.07.31-19.58.10:449][  0]LogMaterial: Missing cached shader map for material LandscapeGizmo_Mat, compiling. 
[2015.07.31-19.58.10:466][  0]LogMaterial: Missing cached shader map for material LandscapeGizmoHeight_Mat, compiling. 
[2015.07.31-19.58.10:493][  0]LogMaterial: Missing cached shader map for material SplineEditorMeshMat, compiling. 
[2015.07.31-19.58.10:507][  0]LogMaterial: Missing cached shader map for material Widget3DPassThrough, compiling. 
[2015.07.31-19.58.10:514][  0]LogMaterial: Missing cached shader map for material Widget3DPassThrough, compiling. 
[2015.07.31-19.58.10:518][  0]LogMaterial: Missing cached shader map for material Widget3DPassThrough, compiling. 
[2015.07.31-19.58.10:524][  0]LogMaterial: Missing cached shader map for material Widget3DPassThrough, compiling. 
[2015.07.31-19.58.10:532][  0]LogMaterial: Missing cached shader map for material MatineeCam_mat, compiling. 
[2015.07.31-19.58.10:584][  0]LogMaterial: Missing cached shader map for material HelpActorMaterial, compiling. 
[2015.07.31-19.58.10:676][  0]LogMaterial: Missing cached shader map for material DefaultTextMaterialOpaque, compiling. 
[2015.07.31-19.58.10:749][  0]LogMaterial: Missing cached shader map for material DefaultMaterial, compiling. 
[2015.07.31-19.58.10:859][  0]LogInit: WinSock: version 1.1 (2.2), MaxSocks=32767, MaxUdp=65467
[2015.07.31-19.58.11:888][  0]LogD3D11RHI: InitD3DDevice
[2015.07.31-19.58.11:907][  0]LogWindowsMoviePlayer: Unable to load movie: D:/Workspace/Code/BitBucket/SaveMe/Content/Movies/Default_Startup.mp4
[2015.07.31-19.58.12:138][  0]LogMaterial: Missing cached shader map for material DefaultSpriteMaterial, compiling. 
[2015.07.31-19.58.12:144][  0]LogMaterial: Missing cached shader map for material DefaultSpriteMaterial, compiling. 
[2015.07.31-19.58.12:315][  0]SourceControl: Info Source control is disabled
[2015.07.31-19.58.12:315][  0]SourceControl: Info Source control is disabled
[2015.07.31-19.58.12:333][  0]SourceControl: Info Source control is disabled
[2015.07.31-19.58.12:523][  0]LogMaterial: Missing cached shader map for material LM_HandColor, compiling. 
[2015.07.31-19.58.12:746][  0]LogObj: 25781 objects as part of root set at end of initial load.
[2015.07.31-19.58.12:746][  0]LogUObjectAllocator: 5195976 out of 0 bytes used by permanent object pool.
[2015.07.31-19.58.12:818][  0]LogMaterial: Missing cached shader map for material HighResScreenshot, compiling. 
[2015.07.31-19.58.12:823][  0]LogMaterial: Missing cached shader map for material HighResScreenshotMask, compiling. 
[2015.07.31-19.58.12:835][  0]LogMaterial: Missing cached shader map for material HighResScreenshotCaptureRegion, compiling. 
[2015.07.31-19.58.12:874][  0]LogAutomationTest:Warning: ERR: Transient text cannot be serialized "Testing Transient serialization detection".
[2015.07.31-19.58.12:874][  0]LogEngine: Initializing Engine...
[2015.07.31-19.58.12:878][  0]LogHMD: Can't find Oculus library dev build: is proper Runtime installed? Version: 0.6.0.0
[2015.07.31-19.58.12:895][  0]LogHMD:Warning: SteamVR failed to initialize.  Error: 110
[2015.07.31-19.58.12:942][  0]LogMaterial: Missing cached shader map for material WireframeMaterial, compiling. Is special engine material.
[2015.07.31-19.58.12:961][  0]LogMaterial: Missing cached shader map for material LevelColorationLitMaterial, compiling. Is special engine material.
[2015.07.31-19.58.13:070][  0]LogMaterial: Missing cached shader map for material LevelColorationUnlitMaterial, compiling. Is special engine material.
[2015.07.31-19.58.13:092][  0]LogMaterial: Missing cached shader map for material MAT_LevelColorationLitLightmapUV, compiling. Is special engine material.
[2015.07.31-19.58.13:093][  0]LogMaterial:Warning: Failed to compile Material /Engine/EngineDebugMaterials/MAT_LevelColorationLitLightmapUV.MAT_LevelColorationLitLightmapUV for platform PCD3D_ES2, Default Material will be used in game.
[2015.07.31-19.58.13:093][  0]LogMaterial:Warning: 	(Node LightmapUVs) Node not supported in feature level ES2
[2015.07.31-19.58.13:099][  0]LogMaterial: Missing cached shader map for material ShadedLevelColorationLitMaterial, compiling. Is special engine material.
[2015.07.31-19.58.13:210][  0]LogMaterial: Missing cached shader map for material ShadedLevelColorationUnlitMateri, compiling. Is special engine material.
[2015.07.31-19.58.13:230][  0]LogMaterial: Missing cached shader map for material VertexColorMaterial, compiling. 
[2015.07.31-19.58.13:250][  0]LogMaterial: Missing cached shader map for material VertexColorViewMode_ColorOnly, compiling. 
[2015.07.31-19.58.13:258][  0]LogMaterial: Missing cached shader map for material VertexColorViewMode_AlphaAsColor, compiling. 
[2015.07.31-19.58.13:264][  0]LogMaterial: Missing cached shader map for material VertexColorViewMode_RedOnly, compiling. 
[2015.07.31-19.58.13:271][  0]LogMaterial: Missing cached shader map for material VertexColorViewMode_GreenOnly, compiling. 
[2015.07.31-19.58.13:277][  0]LogMaterial: Missing cached shader map for material VertexColorViewMode_BlueOnly, compiling. 
[2015.07.31-19.58.13:283][  0]LogMaterial: Missing cached shader map for material RemoveSurfaceMaterial, compiling. 
[2015.07.31-19.58.13:287][  0]LogMaterial: Missing cached shader map for material DebugMeshMaterial, compiling. 
[2015.07.31-19.58.13:295][  0]LogMaterial: Missing cached shader map for material M_InvalidLightmapSettings, compiling. 
[2015.07.31-19.58.13:307][  0]LogMaterial: Missing cached shader map for material GizmoMaterial, compiling. 
[2015.07.31-19.58.14:114][  0]LogInit: XAudio2 using 'Speakers / Headphones (IDT High Definition Audio CODEC)' : 2 channels at 48 kHz using 16 bits per sample (channel mask 0x3)
[2015.07.31-19.58.14:282][  0]LogInit: FAudioDevice initialized.
[2015.07.31-19.58.14:289][  0]LogInit: Texture streaming: Disabled
[2015.07.31-19.58.14:291][  0]LogMaterial: Missing cached shader map for material BaseColor, compiling. 
[2015.07.31-19.58.14:296][  0]LogMaterial: Missing cached shader map for material CustomDepth, compiling. 
[2015.07.31-19.58.14:301][  0]LogMaterial: Missing cached shader map for material DecalMask, compiling. 
[2015.07.31-19.58.14:305][  0]LogMaterial: Missing cached shader map for material FinalImage, compiling. 
[2015.07.31-19.58.14:310][  0]LogMaterial: Missing cached shader map for material LightingModel, compiling. 
[2015.07.31-19.58.14:315][  0]LogMaterial: Missing cached shader map for material MaterialAO, compiling. 
[2015.07.31-19.58.14:319][  0]LogMaterial: Missing cached shader map for material Metallic, compiling. 
[2015.07.31-19.58.14:324][  0]LogMaterial: Missing cached shader map for material Opacity, compiling. 
[2015.07.31-19.58.14:329][  0]LogMaterial: Missing cached shader map for material Roughness, compiling. 
[2015.07.31-19.58.14:333][  0]LogMaterial: Missing cached shader map for material SceneColor, compiling. 
[2015.07.31-19.58.14:338][  0]LogMaterial: Missing cached shader map for material SceneDepth, compiling. 
[2015.07.31-19.58.14:343][  0]LogMaterial: Missing cached shader map for material SeparateTranslucencyRGB, compiling. 
[2015.07.31-19.58.14:347][  0]LogMaterial: Missing cached shader map for material SeparateTranslucencyA, compiling. 
[2015.07.31-19.58.14:352][  0]LogMaterial: Missing cached shader map for material Specular, compiling. 
[2015.07.31-19.58.14:357][  0]LogMaterial: Missing cached shader map for material SubsurfaceColor, compiling. 
[2015.07.31-19.58.14:361][  0]LogMaterial: Missing cached shader map for material WorldNormal, compiling. 
[2015.07.31-19.58.14:366][  0]LogMaterial: Missing cached shader map for material AmbientOcclusion, compiling. 
[2015.07.31-19.58.14:373][  0]LogMaterial: Missing cached shader map for material CustomDepthWorldUnits, compiling. 
[2015.07.31-19.58.14:378][  0]LogMaterial: Missing cached shader map for material SceneDepthWorldUnits, compiling. 
[2015.07.31-19.58.14:451][  0]LogMaterial: Missing cached shader map for material MAT_LevelColorationLitLightmapUV, compiling. Is special engine material.
[2015.07.31-19.58.14:451][  0]LogMaterial:Warning: Failed to compile Material /Engine/EngineDebugMaterials/MAT_LevelColorationLitLightmapUV.MAT_LevelColorationLitLightmapUV for platform PCD3D_ES2, Default Material will be used in game.
[2015.07.31-19.58.14:451][  0]LogMaterial:Warning: 	(Node LightmapUVs) Node not supported in feature level ES2
[2015.07.31-19.58.14:469][  0]LogNet: Browse: /Temp/Autosaves/Game/Maps/UEDPCLevel1?Name=Player
[2015.07.31-19.58.14:470][  0]LogLoad: LoadMap: /Temp/Autosaves/Game/Maps/UEDPCLevel1?Name=Player
[2015.07.31-19.58.14:523][  0]LogParticles: Destroying 0 GPU particle simulations for FXSystem 0x00000000215E8220
[2015.07.31-19.58.14:554][  0]LogMemory: Platform Memory Stats for Windows
[2015.07.31-19.58.14:554][  0]LogMemory: Process Physical Memory: 415.31 MB used, 415.32 MB peak
[2015.07.31-19.58.14:554][  0]LogMemory: Process Virtual Memory: 381.05 MB used, 383.86 MB peak
[2015.07.31-19.58.14:554][  0]LogMemory: Physical Memory: 4959.67 MB used, 8148.89 MB total
[2015.07.31-19.58.14:554][  0]LogMemory: Virtual Memory: 860.98 MB used, 8388608.00 MB total
[2015.07.31-19.58.14:554][  0]LogMemory: 
[2015.07.31-19.58.14:554][  0]Allocator Stats for TBB: (not implemented)
[2015.07.31-19.58.14:727][  0]LogMaterial: Missing cached shader map for material DefaultSpriteMaterial, compiling. 
[2015.07.31-19.58.15:301][  0]LogAIModule: Creating AISystem for world Level1
[2015.07.31-19.58.15:804][  0]LogWorld: Game class is 'MainGameMode_C'
[2015.07.31-19.58.15:809][  0]LogWorld: Bringing World /Temp/Autosaves/Game/Maps/UEDPCLevel1.Level1 up for play (max tick rate 0) at 2015.07.31-21.58.15
[2015.07.31-19.58.15:810][  0]LogWorld: Bringing up level for play took: 0.003632
[2015.07.31-19.58.15:827][  0]LogInit:Display: Game Engine Initialized.
[2015.07.31-19.58.16:097][  0]LogAssetRegistry: FAssetRegistry took 0.0003 seconds to start up
[2015.07.31-19.58.16:097][  0]LogLoad: Full Startup: 41.50 seconds (BP compile: 0.34 seconds)
[2015.07.31-19.58.16:117][  0]LogContentStreaming: Texture pool size is 400.000000MB
[2015.07.31-19.58.16:206][  1]LogRenderer: Reallocating scene render targets to support 1280x720 (Frame:2).
[2015.07.31-19.59.03:057][444]LogEngine: All Windows Closed
[2015.07.31-19.59.03:058][444]LogWindows: FPlatformMisc::RequestExit(0)
[2015.07.31-19.59.04:366][445]LogExit: Preparing to exit.
[2015.07.31-19.59.05:656][445]LogExit: Game engine shut down
[2015.07.31-19.59.05:658][445]LogParticles: Destroying 0 GPU particle simulations for FXSystem 0x0000000021513880
[2015.07.31-19.59.07:122][445]LogExit: Object subsystem successfully closed.
[2015.07.31-19.59.07:259][445]LogD3D11RHI: Shutdown
[2015.07.31-19.59.07:259][445]LogD3D11RHI: CleanupD3DDevice
[2015.07.31-19.59.07:459][445]LogD3D11RHI: ~FD3D11DynamicRHI
[2015.07.31-19.59.07:476][445]LogModuleManager: Shutting down and abandoning module AndroidDeviceDetection (108)
[2015.07.31-19.59.07:659][445]LogModuleManager: Shutting down and abandoning module AssetRegistry (107)
[2015.07.31-19.59.07:661][445]LogModuleManager: Shutting down and abandoning module AutomationWorker (106)
[2015.07.31-19.59.07:661][445]LogModuleManager: Shutting down and abandoning module CharacterAI (105)
[2015.07.31-19.59.07:661][445]LogModuleManager: Shutting down and abandoning module AITestSuite (104)
[2015.07.31-19.59.07:662][445]LogModuleManager: Shutting down and abandoning module GameplayDebugger (103)
[2015.07.31-19.59.07:662][445]LogModuleManager: Shutting down and abandoning module AIModule (102)
[2015.07.31-19.59.07:662][445]LogModuleManager: Shutting down and abandoning module GameLiveStreaming (101)
[2015.07.31-19.59.07:662][445]LogModuleManager: Shutting down and abandoning module StreamingPauseRendering (100)
[2015.07.31-19.59.07:662][445]LogModuleManager: Shutting down and abandoning module ProfilerService (99)
[2015.07.31-19.59.07:889][445]LogModuleManager: Shutting down and abandoning module TaskGraph (98)
[2015.07.31-19.59.07:892][445]LogModuleManager: Shutting down and abandoning module SlateRemote (97)
[2015.07.31-19.59.07:892][445]LogModuleManager: Shutting down and abandoning module SteamVRController (96)
[2015.07.31-19.59.07:892][445]LogModuleManager: Shutting down and abandoning module SteamVR (95)
[2015.07.31-19.59.07:892][445]LogModuleManager: Shutting down and abandoning module ProceduralMeshComponent (94)
[2015.07.31-19.59.07:892][445]LogModuleManager: Shutting down and abandoning module OculusRift (93)
[2015.07.31-19.59.07:892][445]LogModuleManager: Shutting down and abandoning module LeapMotionController (92)
[2015.07.31-19.59.07:900][445]LogModuleManager: Shutting down and abandoning module CustomMeshComponent (91)
[2015.07.31-19.59.07:900][445]LogModuleManager: Shutting down and abandoning module CableComponent (90)
[2015.07.31-19.59.07:901][445]LogModuleManager: Shutting down and abandoning module DesktopPlatform (89)
[2015.07.31-19.59.07:903][445]LogModuleManager: Shutting down and abandoning module DirectoryWatcher (88)
[2015.07.31-19.59.07:903][445]LogModuleManager: Shutting down and abandoning module HotReload (87)
[2015.07.31-19.59.07:903][445]LogModuleManager: Shutting down and abandoning module VisualStudioSourceCodeAccess (86)
[2015.07.31-19.59.07:903][445]LogModuleManager: Shutting down and abandoning module UObjectPlugin (85)
[2015.07.31-19.59.07:903][445]LogModuleManager: Shutting down and abandoning module SubversionSourceControl (84)
[2015.07.31-19.59.07:905][445]LogModuleManager: Shutting down and abandoning module SourceControl (83)
[2015.07.31-19.59.07:905][445]LogModuleManager: Shutting down and abandoning module PerforceSourceControl (82)
[2015.07.31-19.59.07:907][445]LogModuleManager: Shutting down and abandoning module BlankPlugin (81)
[2015.07.31-19.59.07:907][445]LogModuleManager: Shutting down and abandoning module UdpMessaging (80)
[2015.07.31-19.59.07:907][445]LogModuleManager: Shutting down and abandoning module Paper2D (79)
[2015.07.31-19.59.07:908][445]LogModuleManager: Shutting down and abandoning module WindowsMoviePlayer (78)
[2015.07.31-19.59.07:909][445]LogModuleManager: Shutting down and abandoning module Media (77)
[2015.07.31-19.59.07:909][445]LogModuleManager: Shutting down and abandoning module WmfMedia (76)
[2015.07.31-19.59.07:909][445]LogModuleManager: Shutting down and abandoning module OnlineBlueprintSupport (75)
[2015.07.31-19.59.07:909][445]LogModuleManager: Shutting down and abandoning module PropertyEditor (74)
[2015.07.31-19.59.07:909][445]LogModuleManager: Shutting down and abandoning module BehaviorTreeEditor (73)
[2015.07.31-19.59.07:911][445]LogModuleManager: Shutting down and abandoning module FunctionalTesting (72)
[2015.07.31-19.59.07:912][445]LogModuleManager: Shutting down and abandoning module CollisionAnalyzer (71)
[2015.07.31-19.59.07:913][445]LogModuleManager: Shutting down and abandoning module WorkspaceMenuStructure (70)
[2015.07.31-19.59.07:913][445]LogModuleManager: Shutting down and abandoning module MessageLog (69)
[2015.07.31-19.59.07:913][445]LogModuleManager: Shutting down and abandoning module Sequencer (68)
[2015.07.31-19.59.07:915][445]LogModuleManager: Shutting down and abandoning module AssetTools (67)
[2015.07.31-19.59.07:919][445]LogModuleManager: Shutting down and abandoning module UMGEditor (66)
[2015.07.31-19.59.07:921][445]LogModuleManager: Shutting down and abandoning module UMG (65)
[2015.07.31-19.59.07:922][445]LogModuleManager: Shutting down and abandoning module Slate (64)
[2015.07.31-19.59.07:922][445]LogModuleManager: Shutting down and abandoning module EditorStyle (63)
[2015.07.31-19.59.07:924][445]LogModuleManager: Shutting down and abandoning module SessionServices (62)
[2015.07.31-19.59.07:924][445]LogModuleManager: Shutting down and abandoning module SourceCodeAccess (61)
[2015.07.31-19.59.07:924][445]LogModuleManager: Shutting down and abandoning module HeadMountedDisplay (60)
[2015.07.31-19.59.07:924][445]LogModuleManager: Shutting down and abandoning module XAudio2 (59)
[2015.07.31-19.59.07:924][445]LogModuleManager: Shutting down and abandoning module Networking (57)
[2015.07.31-19.59.07:924][445]LogModuleManager: Shutting down and abandoning module Core (56)
[2015.07.31-19.59.07:924][445]LogModuleManager: Shutting down and abandoning module KismetCompiler (55)
[2015.07.31-19.59.07:924][445]LogModuleManager: Shutting down and abandoning module PhysXFormats (54)
[2015.07.31-19.59.07:924][445]LogModuleManager: Shutting down and abandoning module MeshUtilities (53)
[2015.07.31-19.59.07:926][445]LogModuleManager: Shutting down and abandoning module DerivedDataCache (52)
[2015.07.31-19.59.08:338][445]LogDerivedDataCache: Shutdown
[2015.07.31-19.59.08:338][445]LogModuleManager: Shutting down and abandoning module ShaderFormatOpenGL (51)
[2015.07.31-19.59.08:339][445]LogModuleManager: Shutting down and abandoning module ShaderFormatD3D (50)
[2015.07.31-19.59.08:339][445]LogModuleManager: Shutting down and abandoning module MetalShaderFormat (49)
[2015.07.31-19.59.08:340][445]LogModuleManager: Shutting down and abandoning module TextureFormatUncompressed (48)
[2015.07.31-19.59.08:340][445]LogModuleManager: Shutting down and abandoning module TextureFormatPVR (47)
[2015.07.31-19.59.08:340][445]LogModuleManager: Shutting down and abandoning module TextureFormatIntelISPCTexComp (46)
[2015.07.31-19.59.08:340][445]LogModuleManager: Shutting down and abandoning module TextureFormatDXT (45)
[2015.07.31-19.59.08:340][445]LogModuleManager: Shutting down and abandoning module ImageWrapper (44)
[2015.07.31-19.59.08:340][445]LogModuleManager: Shutting down and abandoning module TextureFormatASTC (43)
[2015.07.31-19.59.08:340][445]LogModuleManager: Shutting down and abandoning module TextureFormatAndroid (42)
[2015.07.31-19.59.08:340][445]LogModuleManager: Shutting down and abandoning module AudioFormatOpus (41)
[2015.07.31-19.59.08:340][445]LogModuleManager: Shutting down and abandoning module AudioFormatOgg (40)
[2015.07.31-19.59.08:340][445]LogModuleManager: Shutting down and abandoning module AudioFormatADPCM (39)
[2015.07.31-19.59.08:340][445]LogModuleManager: Shutting down and abandoning module LinuxTargetPlatform (38)
[2015.07.31-19.59.08:341][445]LogModuleManager: Shutting down and abandoning module LinuxServerTargetPlatform (37)
[2015.07.31-19.59.08:341][445]LogModuleManager: Shutting down and abandoning module LinuxNoEditorTargetPlatform (36)
[2015.07.31-19.59.08:341][445]LogModuleManager: Shutting down and abandoning module Messaging (35)
[2015.07.31-19.59.08:341][445]LogModuleManager: Shutting down and abandoning module IOSTargetPlatform (34)
[2015.07.31-19.59.08:341][445]LogModuleManager: Shutting down and abandoning module HTML5TargetPlatform (33)
[2015.07.31-19.59.08:341][445]LogModuleManager: Shutting down and abandoning module Android_PVRTCTargetPlatform (32)
[2015.07.31-19.59.08:341][445]LogModuleManager: Shutting down and abandoning module Android_ETC2TargetPlatform (31)
[2015.07.31-19.59.08:341][445]LogModuleManager: Shutting down and abandoning module Android_ETC1TargetPlatform (30)
[2015.07.31-19.59.08:341][445]LogModuleManager: Shutting down and abandoning module Android_DXTTargetPlatform (29)
[2015.07.31-19.59.08:341][445]LogModuleManager: Shutting down and abandoning module Android_ATCTargetPlatform (28)
[2015.07.31-19.59.08:341][445]LogModuleManager: Shutting down and abandoning module Android_ASTCTargetPlatform (27)
[2015.07.31-19.59.08:341][445]LogModuleManager: Shutting down and abandoning module AndroidTargetPlatform (26)
[2015.07.31-19.59.08:341][445]LogModuleManager: Shutting down and abandoning module WindowsTargetPlatform (25)
[2015.07.31-19.59.08:341][445]LogModuleManager: Shutting down and abandoning module WindowsServerTargetPlatform (24)
[2015.07.31-19.59.08:341][445]LogModuleManager: Shutting down and abandoning module WindowsNoEditorTargetPlatform (23)
[2015.07.31-19.59.08:341][445]LogModuleManager: Shutting down and abandoning module WindowsClientTargetPlatform (22)
[2015.07.31-19.59.08:341][445]LogModuleManager: Shutting down and abandoning module DesktopTargetPlatform (21)
[2015.07.31-19.59.08:341][445]LogModuleManager: Shutting down and abandoning module TargetPlatform (20)
[2015.07.31-19.59.08:341][445]LogModuleManager: Shutting down and abandoning module InputCore (19)
[2015.07.31-19.59.08:341][445]LogModuleManager: Shutting down and abandoning module Settings (18)
[2015.07.31-19.59.08:341][445]LogModuleManager: Shutting down and abandoning module OnlineSubsystem (16)
[2015.07.31-19.59.08:341][445]LogModuleManager: Shutting down and abandoning module HTTP (15)
[2015.07.31-19.59.08:341][445]LogModuleManager: Shutting down and abandoning module ExampleDeviceProfileSelector (14)
[2015.07.31-19.59.08:341][445]LogModuleManager: Shutting down and abandoning module TextureCompressor (13)
[2015.07.31-19.59.08:341][445]LogModuleManager: Shutting down and abandoning module ShaderCore (12)
[2015.07.31-19.59.08:341][445]LogModuleManager: Shutting down and abandoning module Landscape (11)
[2015.07.31-19.59.08:341][445]LogModuleManager: Shutting down and abandoning module SlateRHIRenderer (10)
[2015.07.31-19.59.08:342][445]LogModuleManager: Shutting down and abandoning module OpenGLDrv (9)
[2015.07.31-19.59.08:343][445]LogModuleManager: Shutting down and abandoning module D3D11RHI (8)
[2015.07.31-19.59.08:343][445]LogModuleManager: Shutting down and abandoning module Renderer (7)
[2015.07.31-19.59.08:343][445]LogModuleManager: Shutting down and abandoning module Engine (6)
[2015.07.31-19.59.08:343][445]LogModuleManager: Shutting down and abandoning module CoreUObject (5)
[2015.07.31-19.59.08:343][445]LogModuleManager: Shutting down and abandoning module NetworkFile (4)
[2015.07.31-19.59.08:344][445]LogModuleManager: Shutting down and abandoning module StreamingFile (3)
[2015.07.31-19.59.08:344][445]LogModuleManager: Shutting down and abandoning module SandboxFile (2)
[2015.07.31-19.59.08:344][445]LogModuleManager: Shutting down and abandoning module PakFile (1)
[2015.07.31-19.59.08:346][445]LogExit: Exiting.
[2015.07.31-19.59.08:347][445]Log file closed, 07/31/15 21:59:08
