[2015.08.01-08.21.17:619][  0]Log file open, 08/01/15 10:21:17
[2015.08.01-08.21.17:619][  0]LogInit:Display: Running engine for game: SaveMe
[2015.08.01-08.21.17:619][  0]LogInit:Display: RandInit(276245757) SRandInit(276245757).
[2015.08.01-08.21.17:619][  0]LogTaskGraph: Started task graph with 4 named threads and 5 total threads.
[2015.08.01-08.21.17:619][  0]LogStats: Stats thread started
[2015.08.01-08.21.17:619][  0]LogInit: Version: 4.8.3-2634408+++depot+UE4-Releases+4.8
[2015.08.01-08.21.17:619][  0]LogInit: API Version: 2579680
[2015.08.01-08.21.17:619][  0]LogInit: Compiled (64-bit): Jul 27 2015 16:24:33
[2015.08.01-08.21.17:619][  0]LogInit: Compiled with Visual C++: 18.00.21005.01
[2015.08.01-08.21.17:619][  0]LogInit: Build Configuration: Development
[2015.08.01-08.21.17:619][  0]LogInit: Branch Name: ++depot+UE4-Releases+4.8
[2015.08.01-08.21.17:619][  0]LogInit: Command line: 
[2015.08.01-08.21.17:619][  0]LogInit: Base directory: C:/Program Files/Epic Games/4.8/Engine/Binaries/Win64/
[2015.08.01-08.21.17:619][  0]LogInit: Rocket: 1
[2015.08.01-08.21.17:637][  0]LogInit: Using libcurl 7.41.0
[2015.08.01-08.21.17:637][  0]LogInit:  - built for x86_64-pc-win32
[2015.08.01-08.21.17:637][  0]LogInit:  - supports SSL with WinSSL
[2015.08.01-08.21.17:637][  0]LogInit:  - other features:
[2015.08.01-08.21.17:637][  0]LogInit:      CURL_VERSION_SSL
[2015.08.01-08.21.17:637][  0]LogInit:      CURL_VERSION_IPV6
[2015.08.01-08.21.17:637][  0]LogInit:      CURL_VERSION_ASYNCHDNS
[2015.08.01-08.21.17:637][  0]LogInit:      CURL_VERSION_LARGEFILE
[2015.08.01-08.21.17:637][  0]LogInit:      CURL_VERSION_IDN
[2015.08.01-08.21.17:637][  0]LogInit:  CurlRequestOptions (configurable via config and command line):
[2015.08.01-08.21.17:637][  0]LogInit:  - bVerifyPeer = true  - Libcurl will verify peer certificate
[2015.08.01-08.21.17:637][  0]LogInit:  - bUseHttpProxy = false  - Libcurl will NOT use HTTP proxy
[2015.08.01-08.21.17:637][  0]LogInit:  - bDontReuseConnections = false  - Libcurl will reuse connections
[2015.08.01-08.21.17:637][  0]LogInit:  - CertBundlePath = nullptr  - Libcurl will use whatever was configured at build time.
[2015.08.01-08.21.17:649][  0]LogOnline:Warning: No default platform service specified for OnlineSubsystem
[2015.08.01-08.21.17:664][  0]LogInit: Presizing for 0 objects not considered by GC, pre-allocating 0 bytes.
[2015.08.01-08.21.17:672][  0]LogInit: Object subsystem initialized
[2015.08.01-08.21.17:673][  0]LogConsoleResponse:Warning: Skipping Unknown console variable: 'TranslucentSortAxis = (X=0.000000,Y=-1.000000,Z=0.000000)'
[2015.08.01-08.21.17:673][  0]LogConsoleResponse:Warning:   Found in ini file 'D:/Workspace/Code/BitBucket/SaveMe/Saved/Config/Windows/Engine.ini', in section '[/Script/Engine.RendererSettings]'
[2015.08.01-08.21.17:673][  0]LogConsoleResponse:Warning: Skipping Unknown console variable: 'UIScaleRule = ShortestSide'
[2015.08.01-08.21.17:673][  0]LogConsoleResponse:Warning:   Found in ini file 'D:/Workspace/Code/BitBucket/SaveMe/Saved/Config/Windows/Engine.ini', in section '[/Script/Engine.RendererSettings]'
[2015.08.01-08.21.17:673][  0]LogConsoleResponse:Warning: Skipping Unknown console variable: 'UIScaleCurve = (EditorCurveData=(Keys=),ExternalCurve=None)'
[2015.08.01-08.21.17:673][  0]LogConsoleResponse:Warning:   Found in ini file 'D:/Workspace/Code/BitBucket/SaveMe/Saved/Config/Windows/Engine.ini', in section '[/Script/Engine.RendererSettings]'
[2015.08.01-08.21.17:674][  0]LogInit: Selected Device Profile: [Windows]
[2015.08.01-08.21.17:674][  0]LogInit: Applying CVar settings loaded from the selected device profile: [Windows]
[2015.08.01-08.21.17:684][  0]LogInit: Computer: SLB-H7VRKQ1
[2015.08.01-08.21.17:684][  0]LogInit: User: ALorente
[2015.08.01-08.21.17:684][  0]LogInit: CPU Page size=4096, Cores=2
[2015.08.01-08.21.17:684][  0]LogInit: High frequency timer resolution =2.630771 MHz
[2015.08.01-08.21.17:684][  0]LogMemory: Memory total: Physical=8.0GB (8GB approx)
[2015.08.01-08.21.17:684][  0]LogMemory: Platform Memory Stats for Windows
[2015.08.01-08.21.17:684][  0]LogMemory: Process Physical Memory: 49.05 MB used, 49.05 MB peak
[2015.08.01-08.21.17:684][  0]LogMemory: Process Virtual Memory: 25.25 MB used, 25.25 MB peak
[2015.08.01-08.21.17:684][  0]LogMemory: Physical Memory: 2254.42 MB used, 8148.89 MB total
[2015.08.01-08.21.17:684][  0]LogMemory: Virtual Memory: 285.29 MB used, 8388608.00 MB total
[2015.08.01-08.21.17:716][  0]LogTextLocalizationManager: The requested culture ('en_US') has no localization data; parent culture's ('en') localization data will be used.
[2015.08.01-08.21.17:926][  0]LogTextLocalizationManager:Warning: Loaded localization resources contain conflicting entries for (Namespace:ContentBrowser, Key:ImportAssetToolTip):
Localization Resource: (C:/Program Files/Epic Games/4.8/Engine/Content/Localization/Editor/en/Editor.locres) Source String Hash: (-630476809) Localized String: (Import to {0}...)
Localization Resource: (C:/Program Files/Epic Games/4.8/Engine/Content/Localization/Editor/en/Editor.locres) Source String Hash: (1271782899) Localized String: (Imports an asset from file to this folder.)
[2015.08.01-08.21.18:453][  0]LogD3D11RHI: Found D3D11 adapter 0: NVIDIA Quadro 2000M (Feature Level 11_0)
[2015.08.01-08.21.18:453][  0]LogD3D11RHI: Adapter has 1999MB of dedicated video memory, 0MB of dedicated system memory, and 3818MB of shared system memory, 1 output[s]
[2015.08.01-08.21.18:453][  0]LogD3D11RHI: Chosen D3D11 Adapter Id = 0
[2015.08.01-08.21.18:457][  0]LogD3D11RHI: InitD3DDevice
[2015.08.01-08.21.18:457][  0]LogD3D11RHI: !Direct3DDevice
[2015.08.01-08.21.18:457][  0]LogRHI: Texture pool is 1361 MB (70% of 1945 MB)
[2015.08.01-08.21.18:467][  0]LogD3D11RHI: Async texture creation enabled
[2015.08.01-08.21.18:476][  0]LogShaderCompilers:Display: Using Local Shader Compiler.
[2015.08.01-08.21.19:303][  0]LogTemp:Display: Loaded TP DesktopTargetPlatform
[2015.08.01-08.21.19:318][  0]LogTemp:Display: Loaded TP WindowsClientTargetPlatform
[2015.08.01-08.21.19:333][  0]LogTemp:Display: Loaded TP WindowsNoEditorTargetPlatform
[2015.08.01-08.21.19:348][  0]LogTemp:Display: Loaded TP WindowsServerTargetPlatform
[2015.08.01-08.21.19:365][  0]LogTemp:Display: Loaded TP WindowsTargetPlatform
[2015.08.01-08.21.19:378][  0]LogTemp:Display: Loaded TP AndroidTargetPlatform
[2015.08.01-08.21.19:392][  0]LogTemp:Display: Loaded TP Android_ASTCTargetPlatform
[2015.08.01-08.21.19:405][  0]LogTemp:Display: Loaded TP Android_ATCTargetPlatform
[2015.08.01-08.21.19:419][  0]LogTemp:Display: Loaded TP Android_DXTTargetPlatform
[2015.08.01-08.21.19:432][  0]LogTemp:Display: Loaded TP Android_ETC1TargetPlatform
[2015.08.01-08.21.19:445][  0]LogTemp:Display: Loaded TP Android_ETC2TargetPlatform
[2015.08.01-08.21.19:458][  0]LogTemp:Display: Loaded TP Android_PVRTCTargetPlatform
[2015.08.01-08.21.19:507][  0]LogTemp:Display: Loaded TP IOSTargetPlatform
[2015.08.01-08.21.19:520][  0]LogTemp:Display: Loaded TP LinuxNoEditorTargetPlatform
[2015.08.01-08.21.19:533][  0]LogTemp:Display: Loaded TP LinuxServerTargetPlatform
[2015.08.01-08.21.19:548][  0]LogTemp:Display: Loaded TP LinuxTargetPlatform
[2015.08.01-08.21.19:548][  0]LogTargetPlatformManager:Display: Building Assets For Windows
[2015.08.01-08.21.19:765][  0]LogDerivedDataCache:Display: Max Cache Size: 512 MB
[2015.08.01-08.21.19:815][  0]LogDerivedDataCache: Loaded boot cache 0.05s 53MB C:/Users/ALorente/AppData/Local/UnrealEngine/4.8/DerivedDataCache/Boot.ddc.
[2015.08.01-08.21.19:815][  0]LogDerivedDataCache:Display: Loaded Boot cache: C:/Users/ALorente/AppData/Local/UnrealEngine/4.8/DerivedDataCache/Boot.ddc
[2015.08.01-08.21.19:815][  0]LogDerivedDataCache: FDerivedDataBackendGraph:  Pak pak cache file D:/Workspace/Code/BitBucket/SaveMe/DerivedDataCache/DDC.ddp not found, will not use a pak cache.
[2015.08.01-08.21.19:815][  0]LogDerivedDataCache: Unable to find inner node Pak for hierarchical cache Hierarchy.
[2015.08.01-08.21.19:815][  0]LogDerivedDataCache: FDerivedDataBackendGraph:  CompressedPak pak cache file D:/Workspace/Code/BitBucket/SaveMe/DerivedDataCache/Compressed.ddp not found, will not use a pak cache.
[2015.08.01-08.21.19:815][  0]LogDerivedDataCache: Unable to find inner node CompressedPak for hierarchical cache Hierarchy.
[2015.08.01-08.21.19:987][  0]LogDerivedDataCache:Display: Pak cache opened for reading ../../../Engine/DerivedDataCache/Compressed.ddp.
[2015.08.01-08.21.19:998][  0]LogDerivedDataCache: Using Local data cache path C:/Users/ALorente/AppData/Local/UnrealEngine/Common/DerivedDataCache: Writable
[2015.08.01-08.21.20:236][  0]LogInit: Selected Device Profile: [Windows]
[2015.08.01-08.21.20:244][  0]ImportText (ComponentSweepMultiTests): Missing closing parenthesis: (RootShapeAsset="/Engine/BasicShapes/Cube.Cube",ShapeType="TriggerCapsule",HitResult=(Time=0.50,Location=(X=-100.000015,Y=0.0,Z=100.000015),ImpactPoint=(X=-50.0,Y=0.0,Z=50.0),Normal=(X=-1.0,Y=-0.0,Z=0.0),ImpactNormal=(X=0.0,Y=0.0,Z=1.0),TraceStart=(X=-200.0,Y=0.0,Z=200.0),TraceEnd=(X=0.0,Y=0.0,Z=0.0))
[2015.08.01-08.21.20:244][  0]ImportText (LineTraceSingleByChannelTests): Missing closing parenthesis: (RootShapeAsset="/Engine/BasicShapes/Cube.Cube",HitResult=(Time=0.50,Location=(X=-100.000015,Y=0.0,Z=100.000015),ImpactPoint=(X=-50.0,Y=0.0,Z=50.0),Normal=(X=-1.0,Y=-0.0,Z=0.0),ImpactNormal=(X=0.0,Y=0.0,Z=1.0),TraceStart=(X=-200.0,Y=0.0,Z=200.0),TraceEnd=(X=0.0,Y=0.0,Z=0.0))
[2015.08.01-08.21.20:272][  0]LogMeshUtilities: No automatic mesh reduction module available
[2015.08.01-08.21.20:272][  0]LogMeshUtilities: No automatic mesh merging module available
[2015.08.01-08.21.20:718][  0]LogInit: WinSock: version 1.1 (2.2), MaxSocks=32767, MaxUdp=65467
[2015.08.01-08.21.21:768][  0]UdpMessaging: Initializing bridge on interface 0.0.0.0:0 to multicast group 230.0.0.1:6666.
[2015.08.01-08.21.22:166][  0]SourceControl: Info Source control is disabled
[2015.08.01-08.21.22:195][  0]SourceControl: Info Source control is disabled
[2015.08.01-08.21.22:205][  0]SourceControl: Info Source control is disabled
[2015.08.01-08.21.22:215][  0]SourceControl: Info Source control is disabled
[2015.08.01-08.21.22:459][  0]LogObj: 26273 objects as part of root set at end of initial load.
[2015.08.01-08.21.22:459][  0]LogUObjectAllocator: 5409248 out of 0 bytes used by permanent object pool.
[2015.08.01-08.21.22:532][  0]LogEngine: Initializing Engine...
[2015.08.01-08.21.22:534][  0]LogHMD: Can't find Oculus library dev build: is proper Runtime installed? Version: 0.6.0.0
[2015.08.01-08.21.22:535][  0]LogHMD:Warning: SteamVR failed to initialize.  Error: 110
[2015.08.01-08.21.22:706][  0]LogAIModule: Creating AISystem for world NewWorld
[2015.08.01-08.21.22:711][  0]LogInit: XAudio2 using 'Speakers / Headphones (IDT High Definition Audio CODEC)' : 2 channels at 48 kHz using 16 bits per sample (channel mask 0x3)
[2015.08.01-08.21.22:732][  0]LogInit: FAudioDevice initialized.
[2015.08.01-08.21.22:758][  0]LogDerivedDataCache: Saved boot cache 0.03s 53MB C:/Users/ALorente/AppData/Local/UnrealEngine/4.8/DerivedDataCache/Boot.ddc.
[2015.08.01-08.21.22:765][  0]LogInit: Texture streaming: Disabled
[2015.08.01-08.21.22:790][  0]LogAnalytics: Creating configured Analytics provider AnalyticsET
[2015.08.01-08.21.22:790][  0]LogAnalytics: [UEEditor.Rocket.Release] APIServer = http://et2.epicgames.com/ET2/. AppVersion = 4.8.3-2634408+++depot+UE4-Releases+4.8
[2015.08.01-08.21.22:791][  0]LogAnalytics: [UEEditor.Rocket.Release] SetUserId d64b808f4af5ec925fa497bbc1d7337b|81643a0ffa4546099291d92070e6ccbc|952f4c26-71e8-47b2-8a9a-557a0707c735
[2015.08.01-08.21.22:791][  0]LogAnalytics: [UEEditor.Rocket.Release] AnalyticsET::StartSession
[2015.08.01-08.21.22:837][  0]LogInit: Transaction tracking system initialized
[2015.08.01-08.21.22:980][  0]BlueprintLog: New page: Editor Load
[2015.08.01-08.21.23:017][  0]LogAssetRegistry: FAssetRegistry took 0.0098 seconds to start up
[2015.08.01-08.21.23:017][  0]LogDirectoryWatcher:Warning: Failed to begin reading directory changes for ../../../Engine/Plugins/Experimental/CharacterAI/Content/. Error: 0
[2015.08.01-08.21.23:850][  0]LogLinker:Warning: Asset '../../../Engine/Content/Tutorial/Mobile/SettingUpAndroidTutorial.uasset' has been saved with empty engine version. The asset will be loaded but may be incompatible.
[2015.08.01-08.21.24:000][  0]LogConsoleManager:Warning: Console variable 'r.VSync' wasn't set ('GameSetting' has a lower priority than 'SystemSettingsIni')
[2015.08.01-08.21.24:000][  0]LogConsoleResponse:Display: 
[2015.08.01-08.21.24:171][  0]LogCook:Display: Done creating registry. It took  0.00s.
[2015.08.01-08.21.24:417][  0]SourceControl: Info Source control is disabled
[2015.08.01-08.21.24:417][  0]Cmd: MAP LOAD FILE="D:/Workspace/Code/BitBucket/SaveMe/Content/Maps/Menu.umap" TEMPLATE=0 SHOWPROGRESS=1 FEATURELEVEL=3
[2015.08.01-08.21.24:423][  0]LightingResults: New page: Lighting Build
[2015.08.01-08.21.24:441][  0]MapCheck: New page: Map Check
[2015.08.01-08.21.24:441][  0]LightingResults: New page: Lighting Build
[2015.08.01-08.21.24:460][  0]LogParticles: Destroying 0 GPU particle simulations for FXSystem 0x0000000013AD2200
[2015.08.01-08.21.24:754][  0]LogAIModule: Creating AISystem for world Menu
[2015.08.01-08.21.24:757][  0]LogEditorServer: Finished looking for orphan Actors (0.000 secs)
[2015.08.01-08.21.24:758][  0]Cmd: MAP CHECKDEP NOCLEARLOG
[2015.08.01-08.21.24:806][  0]MapCheck: Info Map check complete: 0 Error(s), 0 Warning(s), took 47.561ms to complete.
[2015.08.01-08.21.24:806][  0]LogFileHelpers: Loading map 'Menu' took 0.389
[2015.08.01-08.21.24:997][  0]LogCollectionManager: Loaded 0 collections in 0.003151 seconds
[2015.08.01-08.21.25:012][  0]LogContentBrowser: Native class hierarchy populated in 0.0145 seconds. Added 1792 classes and 301 folders.
[2015.08.01-08.21.25:107][  0]LogContentBrowser: Native class hierarchy updated for 'WidgetCarousel' in 0.0005 seconds. Added 0 classes and 0 folders.
[2015.08.01-08.21.25:280][  0]LogContentBrowser: Native class hierarchy updated for 'AddContentDialog' in 0.0004 seconds. Added 0 classes and 0 folders.
[2015.08.01-08.21.25:310][  0]LogContentBrowser: Native class hierarchy updated for 'SceneOutliner' in 0.0005 seconds. Added 1 classes and 2 folders.
[2015.08.01-08.21.25:433][  0]LogCrashTracker: Crashtracker disabled due to settings.
[2015.08.01-08.21.25:442][  0]LogD3D11RHI: InitD3DDevice
[2015.08.01-08.21.25:447][  0]LogUObjectGlobals:Warning: Failed to find object 'Class None.'
[2015.08.01-08.21.25:471][  0]LogLoad: Full Startup: 9.75 seconds (BP compile: 0.24 seconds)
[2015.08.01-08.21.25:611][  0]LogContentStreaming: Texture pool size is 0.000000MB
[2015.08.01-08.21.25:641][  0]LogContentStreaming: Texture pool size now 400 MB
[2015.08.01-08.21.25:781][  0]LogRenderer: Reallocating scene render targets to support 1208x600 (Frame:2).
[2015.08.01-08.21.26:080][  7]LogAssetRegistry: Asset discovery search completed in 3.0734 seconds
[2015.08.01-08.21.31:211][519]LogD3D11RHI: InitD3DDevice
[2015.08.01-08.21.33:156][713]LogD3D11RHI: InitD3DDevice
[2015.08.01-08.22.27:538][171]BlueprintLog: New page: Pre-PIE auto-recompile
[2015.08.01-08.22.27:539][171]LogPlayLevel: [PIE] Compiling Menu before PIE...
[2015.08.01-08.22.27:644][171]LogPlayLevel: PIE:  Blueprint regeneration took 105 ms (1 blueprints)
[2015.08.01-08.22.27:675][171]PIE: New page: PIE session: Menu (Aug 1, 2015, 12:22:27 PM)
[2015.08.01-08.22.27:675][171]LogPlayLevel: Creating play world package: /Game/Maps/UEDPIE_0_Menu
[2015.08.01-08.22.27:679][171]LogPlayLevel: PIE: StaticDuplicateObject took: (0.003331s)
[2015.08.01-08.22.27:680][171]LogAIModule: Creating AISystem for world Menu
[2015.08.01-08.22.27:680][171]LogPlayLevel: PIE: World Init took: (0.001117s)
[2015.08.01-08.22.27:681][171]LogPlayLevel: PIE: Created PIE world by copying editor world from /Game/Maps/Menu.Menu to /Game/Maps/UEDPIE_0_Menu.Menu (0.005386s)
[2015.08.01-08.22.27:708][171]LogInit: XAudio2 using 'Speakers / Headphones (IDT High Definition Audio CODEC)' : 2 channels at 48 kHz using 16 bits per sample (channel mask 0x3)
[2015.08.01-08.22.27:713][171]LogInit: FAudioDevice initialized.
[2015.08.01-08.22.28:095][171]LogWorld: Game class is 'MainGameMode_C'
[2015.08.01-08.22.28:108][171]LogWorld: Bringing World /Game/Maps/UEDPIE_0_Menu.Menu up for play (max tick rate 0) at 2015.08.01-10.22.28
[2015.08.01-08.22.28:108][171]LogActor:Warning: GameSession /Game/Maps/UEDPIE_0_Menu.Menu:PersistentLevel.GameSession_0 has natively added scene component(s), but none of them were set as the actor's RootComponent - picking one arbitrarily
[2015.08.01-08.22.28:109][171]LogActor:Warning: GameNetworkManager /Game/Maps/UEDPIE_0_Menu.Menu:PersistentLevel.GameNetworkManager_0 has natively added scene component(s), but none of them were set as the actor's RootComponent - picking one arbitrarily
[2015.08.01-08.22.28:111][171]LogWorld: Bringing up level for play took: 0.005271
[2015.08.01-08.22.28:143][171]PIE: Info Play in editor start time for /Game/Maps/UEDPIE_0_Menu 1.375
[2015.08.01-08.22.31:474][543]LogParticles: Destroying 0 GPU particle simulations for FXSystem 0x000000000BE5F6A0
[2015.08.01-08.22.36:179][  6]LogD3D11RHI: InitD3DDevice
[2015.08.01-08.22.36:273][  6]LogAIModule: Creating AISystem for world Level1
[2015.08.01-08.22.36:321][  6]Cmd: MAP LOAD FILE="D:/Workspace/Code/BitBucket/SaveMe/Content/Maps/Level1.umap" TEMPLATE=0 SHOWPROGRESS=1 FEATURELEVEL=3
[2015.08.01-08.22.36:321][  6]LightingResults: New page: Lighting Build
[2015.08.01-08.22.36:340][  6]LoadErrors: New page: Loading map: Level1.umap
[2015.08.01-08.22.36:340][  6]MapCheck: New page: Map Check
[2015.08.01-08.22.36:340][  6]LightingResults: New page: Lighting Build
[2015.08.01-08.22.36:357][  6]LogParticles: Destroying 0 GPU particle simulations for FXSystem 0x000000000BE5ECA0
[2015.08.01-08.22.36:488][  6]LogAIModule: Creating AISystem for world Level1
[2015.08.01-08.22.36:497][  6]LogEditorServer: Finished looking for orphan Actors (0.000 secs)
[2015.08.01-08.22.36:526][  6]Cmd: MAP CHECKDEP NOCLEARLOG
[2015.08.01-08.22.36:565][  6]MapCheck: Info Map check complete: 0 Error(s), 0 Warning(s), took 38.6ms to complete.
[2015.08.01-08.22.36:565][  6]LogFileHelpers: Loading map 'Level1' took 0.245
[2015.08.01-08.22.40:253][358]BlueprintLog: New page: Pre-PIE auto-recompile
[2015.08.01-08.22.40:253][358]LogPlayLevel: [PIE] Compiling Level1 before PIE...
[2015.08.01-08.22.40:342][358]LogPlayLevel: PIE:  Blueprint regeneration took 88 ms (1 blueprints)
[2015.08.01-08.22.40:342][358]PIE: New page: PIE session: Level1 (Aug 1, 2015, 12:22:40 PM)
[2015.08.01-08.22.40:342][358]LogPlayLevel: Creating play world package: /Game/Maps/UEDPIE_0_Level1
[2015.08.01-08.22.40:345][358]LogPlayLevel: PIE: StaticDuplicateObject took: (0.003233s)
[2015.08.01-08.22.40:346][358]LogAIModule: Creating AISystem for world Level1
[2015.08.01-08.22.40:347][358]LogPlayLevel: PIE: World Init took: (0.001046s)
[2015.08.01-08.22.40:347][358]LogPlayLevel: PIE: Created PIE world by copying editor world from /Game/Maps/Level1.Level1 to /Game/Maps/UEDPIE_0_Level1.Level1 (0.004455s)
[2015.08.01-08.22.40:376][358]LogInit: XAudio2 using 'Speakers / Headphones (IDT High Definition Audio CODEC)' : 2 channels at 48 kHz using 16 bits per sample (channel mask 0x3)
[2015.08.01-08.22.40:381][358]LogInit: FAudioDevice initialized.
[2015.08.01-08.22.40:418][358]LogWorld: Game class is 'MainGameMode_C'
[2015.08.01-08.22.40:424][358]LogWorld: Bringing World /Game/Maps/UEDPIE_0_Level1.Level1 up for play (max tick rate 0) at 2015.08.01-10.22.40
[2015.08.01-08.22.40:425][358]LogActor:Warning: GameSession /Game/Maps/UEDPIE_0_Level1.Level1:PersistentLevel.GameSession_1 has natively added scene component(s), but none of them were set as the actor's RootComponent - picking one arbitrarily
[2015.08.01-08.22.40:425][358]LogActor:Warning: GameNetworkManager /Game/Maps/UEDPIE_0_Level1.Level1:PersistentLevel.GameNetworkManager_1 has natively added scene component(s), but none of them were set as the actor's RootComponent - picking one arbitrarily
[2015.08.01-08.22.40:426][358]LogWorld: Bringing up level for play took: 0.005117
[2015.08.01-08.22.40:429][358]PIE: Info Play in editor start time for /Game/Maps/UEDPIE_0_Level1 -0.338
[2015.08.01-08.23.04:256][178]LogParticles: Destroying 0 GPU particle simulations for FXSystem 0x00000000133C8D60
[2015.08.01-08.23.05:030][250]BlueprintLog: New page: Pre-PIE auto-recompile
[2015.08.01-08.23.05:030][250]LogPlayLevel: [PIE] Compiling Level1 before PIE...
[2015.08.01-08.23.05:101][250]LogPlayLevel: PIE:  Blueprint regeneration took 70 ms (1 blueprints)
[2015.08.01-08.23.05:101][250]PIE: New page: PIE session: Level1 (Aug 1, 2015, 12:23:05 PM)
[2015.08.01-08.23.05:101][250]LogPlayLevel: Creating play world package: /Game/Maps/UEDPIE_0_Level1
[2015.08.01-08.23.05:104][250]LogPlayLevel: PIE: StaticDuplicateObject took: (0.003141s)
[2015.08.01-08.23.05:105][250]LogAIModule: Creating AISystem for world Level1
[2015.08.01-08.23.05:106][250]LogPlayLevel: PIE: World Init took: (0.001584s)
[2015.08.01-08.23.05:106][250]LogPlayLevel: PIE: Created PIE world by copying editor world from /Game/Maps/Level1.Level1 to /Game/Maps/UEDPIE_0_Level1.Level1 (0.004904s)
[2015.08.01-08.23.05:135][250]LogInit: XAudio2 using 'Speakers / Headphones (IDT High Definition Audio CODEC)' : 2 channels at 48 kHz using 16 bits per sample (channel mask 0x3)
[2015.08.01-08.23.05:140][250]LogInit: FAudioDevice initialized.
[2015.08.01-08.23.05:172][250]LogWorld: Game class is 'MainGameMode_C'
[2015.08.01-08.23.05:176][250]LogWorld: Bringing World /Game/Maps/UEDPIE_0_Level1.Level1 up for play (max tick rate 0) at 2015.08.01-10.23.05
[2015.08.01-08.23.05:177][250]LogActor:Warning: GameSession /Game/Maps/UEDPIE_0_Level1.Level1:PersistentLevel.GameSession_2 has natively added scene component(s), but none of them were set as the actor's RootComponent - picking one arbitrarily
[2015.08.01-08.23.05:177][250]LogActor:Warning: GameNetworkManager /Game/Maps/UEDPIE_0_Level1.Level1:PersistentLevel.GameNetworkManager_2 has natively added scene component(s), but none of them were set as the actor's RootComponent - picking one arbitrarily
[2015.08.01-08.23.05:177][250]LogWorld: Bringing up level for play took: 0.003607
[2015.08.01-08.23.05:180][250]PIE: Info Play in editor start time for /Game/Maps/UEDPIE_0_Level1 0.411
[2015.08.01-08.23.22:416][252]LogParticles: Destroying 0 GPU particle simulations for FXSystem 0x000000000DF8E200
[2015.08.01-08.23.43:246][254]LogD3D11RHI: InitD3DDevice
[2015.08.01-08.23.43:288][254]LogD3D11RHI: InitD3DDevice
[2015.08.01-08.23.43:439][254]LogRenderer: Reallocating scene render targets to support 1528x832 (Frame:8724).
[2015.08.01-08.24.05:539][218]BlueprintLog: New page: Pre-PIE auto-recompile
[2015.08.01-08.24.05:539][218]LogPlayLevel: [PIE] Compiling Level1 before PIE...
[2015.08.01-08.24.05:597][218]LogParticles: Destroying 0 GPU particle simulations for FXSystem 0x00000000133C9760
[2015.08.01-08.24.05:609][218]LogPlayLevel: PIE:  Blueprint regeneration took 69 ms (1 blueprints)
[2015.08.01-08.24.05:609][218]PIE: New page: PIE session: Level1 (Aug 1, 2015, 12:24:05 PM)
[2015.08.01-08.24.05:609][218]LogPlayLevel: Creating play world package: /Game/Maps/UEDPIE_0_Level1
[2015.08.01-08.24.05:612][218]LogPlayLevel: PIE: StaticDuplicateObject took: (0.003237s)
[2015.08.01-08.24.05:613][218]LogAIModule: Creating AISystem for world Level1
[2015.08.01-08.24.05:614][218]LogPlayLevel: PIE: World Init took: (0.001075s)
[2015.08.01-08.24.05:614][218]LogPlayLevel: PIE: Created PIE world by copying editor world from /Game/Maps/Level1.Level1 to /Game/Maps/UEDPIE_0_Level1.Level1 (0.004485s)
[2015.08.01-08.24.05:641][218]LogInit: XAudio2 using 'Speakers / Headphones (IDT High Definition Audio CODEC)' : 2 channels at 48 kHz using 16 bits per sample (channel mask 0x3)
[2015.08.01-08.24.05:646][218]LogInit: FAudioDevice initialized.
[2015.08.01-08.24.05:678][218]LogWorld: Game class is 'MainGameMode_C'
[2015.08.01-08.24.05:683][218]LogWorld: Bringing World /Game/Maps/UEDPIE_0_Level1.Level1 up for play (max tick rate 0) at 2015.08.01-10.24.05
[2015.08.01-08.24.05:683][218]LogActor:Warning: GameSession /Game/Maps/UEDPIE_0_Level1.Level1:PersistentLevel.GameSession_3 has natively added scene component(s), but none of them were set as the actor's RootComponent - picking one arbitrarily
[2015.08.01-08.24.05:683][218]LogActor:Warning: GameNetworkManager /Game/Maps/UEDPIE_0_Level1.Level1:PersistentLevel.GameNetworkManager_3 has natively added scene component(s), but none of them were set as the actor's RootComponent - picking one arbitrarily
[2015.08.01-08.24.05:683][218]LogWorld: Bringing up level for play took: 0.003733
[2015.08.01-08.24.05:686][218]PIE: Info Play in editor start time for /Game/Maps/UEDPIE_0_Level1 0.917
[2015.08.01-08.24.19:737][859]LogParticles: Destroying 0 GPU particle simulations for FXSystem 0x000000000F3505E0
[2015.08.01-08.24.25:641][380]Cmd: QUIT_EDITOR
[2015.08.01-08.24.25:935][380]LogExit: Preparing to exit.
[2015.08.01-08.24.26:928][380]LogExit: Editor shut down
[2015.08.01-08.24.26:928][380]LogExit: Transaction tracking system shut down
[2015.08.01-08.24.26:930][380]LogParticles: Destroying 0 GPU particle simulations for FXSystem 0x000000000E12E160
[2015.08.01-08.24.26:930][380]LogParticles: Destroying 0 GPU particle simulations for FXSystem 0x000000000BDE5120
[2015.08.01-08.24.26:930][380]LogParticles: Destroying 0 GPU particle simulations for FXSystem 0x000000000E40A660
[2015.08.01-08.24.27:057][380]LogExit: Object subsystem successfully closed.
[2015.08.01-08.24.27:075][380]LogD3D11RHI: Shutdown
[2015.08.01-08.24.27:075][380]LogD3D11RHI: CleanupD3DDevice
[2015.08.01-08.24.27:121][380]LogD3D11RHI: ~FD3D11DynamicRHI
[2015.08.01-08.24.27:137][380]LogModuleManager: Shutting down and abandoning module CrashTracker (188)
[2015.08.01-08.24.27:137][380]LogModuleManager: Shutting down and abandoning module SceneOutliner (187)
[2015.08.01-08.24.27:137][380]LogModuleManager: Shutting down and abandoning module SuperSearch (186)
[2015.08.01-08.24.27:137][380]LogModuleManager: Shutting down and abandoning module WidgetCarousel (185)
[2015.08.01-08.24.27:137][380]LogModuleManager: Shutting down and abandoning module AddContentDialog (184)
[2015.08.01-08.24.27:140][380]LogModuleManager: Shutting down and abandoning module EditorWidgets (183)
[2015.08.01-08.24.27:140][380]LogModuleManager: Shutting down and abandoning module CollectionManager (182)
[2015.08.01-08.24.27:141][380]LogModuleManager: Shutting down and abandoning module StatsViewer (181)
[2015.08.01-08.24.27:141][380]LogModuleManager: Shutting down and abandoning module FoliageEdit (180)
[2015.08.01-08.24.27:141][380]LogModuleManager: Shutting down and abandoning module LandscapeEditor (179)
[2015.08.01-08.24.27:141][380]LogModuleManager: Shutting down and abandoning module ActorPickerMode (178)
[2015.08.01-08.24.27:141][380]LogModuleManager: Shutting down and abandoning module GeometryMode (177)
[2015.08.01-08.24.27:141][380]LogModuleManager: Shutting down and abandoning module TextureAlignMode (176)
[2015.08.01-08.24.27:141][380]LogModuleManager: Shutting down and abandoning module BspMode (175)
[2015.08.01-08.24.27:141][380]LogModuleManager: Shutting down and abandoning module PlacementMode (174)
[2015.08.01-08.24.27:141][380]LogModuleManager: Shutting down and abandoning module AutomationWorker (173)
[2015.08.01-08.24.27:141][380]LogModuleManager: Shutting down and abandoning module CharacterAI (172)
[2015.08.01-08.24.27:141][380]LogModuleManager: Shutting down and abandoning module SmartSnapping (171)
[2015.08.01-08.24.27:141][380]LogModuleManager: Shutting down and abandoning module ViewportSnapping (170)
[2015.08.01-08.24.27:141][380]LogModuleManager: Shutting down and abandoning module LogVisualizer (169)
[2015.08.01-08.24.27:141][380]LogModuleManager: Shutting down and abandoning module GameProjectGeneration (168)
[2015.08.01-08.24.27:141][380]LogModuleManager: Shutting down and abandoning module IntroTutorials (167)
[2015.08.01-08.24.27:141][380]LogModuleManager: Shutting down and abandoning module EditorLiveStreaming (166)
[2015.08.01-08.24.27:141][380]LogModuleManager: Shutting down and abandoning module IOSPlatformEditor (165)
[2015.08.01-08.24.27:141][380]LogModuleManager: Shutting down and abandoning module HTML5PlatformEditor (164)
[2015.08.01-08.24.27:141][380]LogModuleManager: Shutting down and abandoning module AndroidDeviceDetection (163)
[2015.08.01-08.24.27:349][380]LogModuleManager: Shutting down and abandoning module AndroidPlatformEditor (162)
[2015.08.01-08.24.27:349][380]LogModuleManager: Shutting down and abandoning module IOSRuntimeSettings (161)
[2015.08.01-08.24.27:349][380]LogModuleManager: Shutting down and abandoning module AndroidRuntimeSettings (160)
[2015.08.01-08.24.27:349][380]LogModuleManager: Shutting down and abandoning module MergeActors (159)
[2015.08.01-08.24.27:349][380]LogModuleManager: Shutting down and abandoning module SizeMap (158)
[2015.08.01-08.24.27:349][380]LogModuleManager: Shutting down and abandoning module TreeMap (157)
[2015.08.01-08.24.27:349][380]LogModuleManager: Shutting down and abandoning module ReferenceViewer (156)
[2015.08.01-08.24.27:349][380]LogModuleManager: Shutting down and abandoning module LocalizationDashboard (155)
[2015.08.01-08.24.27:349][380]LogModuleManager: Shutting down and abandoning module HardwareTargeting (154)
[2015.08.01-08.24.27:350][380]LogModuleManager: Shutting down and abandoning module DeviceProfileEditor (153)
[2015.08.01-08.24.27:350][380]LogModuleManager: Shutting down and abandoning module UndoHistory (152)
[2015.08.01-08.24.27:350][380]LogModuleManager: Shutting down and abandoning module GameplayTagsEditor (151)
[2015.08.01-08.24.27:350][380]LogModuleManager: Shutting down and abandoning module UserFeedback (150)
[2015.08.01-08.24.27:350][380]LogModuleManager: Shutting down and abandoning module XmlParser (149)
[2015.08.01-08.24.27:350][380]LogModuleManager: Shutting down and abandoning module Blutility (148)
[2015.08.01-08.24.27:350][380]LogModuleManager: Shutting down and abandoning module ProjectTargetPlatformEditor (147)
[2015.08.01-08.24.27:350][380]LogModuleManager: Shutting down and abandoning module ProjectSettingsViewer (146)
[2015.08.01-08.24.27:350][380]LogModuleManager: Shutting down and abandoning module InputBindingEditor (145)
[2015.08.01-08.24.27:351][380]LogModuleManager: Shutting down and abandoning module EditorSettingsViewer (144)
[2015.08.01-08.24.27:351][380]LogModuleManager: Shutting down and abandoning module SettingsEditor (143)
[2015.08.01-08.24.27:351][380]LogModuleManager: Shutting down and abandoning module ProjectLauncher (142)
[2015.08.01-08.24.27:351][380]LogModuleManager: Shutting down and abandoning module SessionFrontend (141)
[2015.08.01-08.24.27:351][380]LogModuleManager: Shutting down and abandoning module ProfilerClient (140)
[2015.08.01-08.24.27:351][380]LogModuleManager: Shutting down and abandoning module TargetDeviceServices (139)
[2015.08.01-08.24.27:351][380]LogModuleManager: Shutting down and abandoning module DeviceManager (138)
[2015.08.01-08.24.27:352][380]LogModuleManager: Shutting down and abandoning module AutomationController (137)
[2015.08.01-08.24.27:352][380]LogModuleManager: Shutting down and abandoning module AutomationWindow (136)
[2015.08.01-08.24.27:352][380]LogModuleManager: Shutting down and abandoning module Layers (135)
[2015.08.01-08.24.27:352][380]LogModuleManager: Shutting down and abandoning module ComponentVisualizers (134)
[2015.08.01-08.24.27:352][380]LogModuleManager: Shutting down and abandoning module DetailCustomizations (133)
[2015.08.01-08.24.27:352][380]LogModuleManager: Shutting down and abandoning module PackagesDialog (132)
[2015.08.01-08.24.27:352][380]LogModuleManager: Shutting down and abandoning module AssetRegistry (131)
[2015.08.01-08.24.27:423][380]LogModuleManager: Shutting down and abandoning module Persona (130)
[2015.08.01-08.24.27:423][380]LogModuleManager: Shutting down and abandoning module Kismet (129)
[2015.08.01-08.24.27:423][380]LogModuleManager: Shutting down and abandoning module GraphEditor (128)
[2015.08.01-08.24.27:423][380]LogModuleManager: Shutting down and abandoning module ClassViewer (127)
[2015.08.01-08.24.27:423][380]LogModuleManager: Shutting down and abandoning module Toolbox (126)
[2015.08.01-08.24.27:423][380]LogModuleManager: Shutting down and abandoning module ModuleUI (125)
[2015.08.01-08.24.27:423][380]LogModuleManager: Shutting down and abandoning module MovieSceneTools (124)
[2015.08.01-08.24.27:423][380]LogModuleManager: Shutting down and abandoning module OutputLog (123)
[2015.08.01-08.24.27:423][380]LogModuleManager: Shutting down and abandoning module GammaUI (122)
[2015.08.01-08.24.27:423][380]LogModuleManager: Shutting down and abandoning module Documentation (121)
[2015.08.01-08.24.27:424][380]LogModuleManager: Shutting down and abandoning module GameLiveStreaming (120)
[2015.08.01-08.24.27:424][380]LogModuleManager: Shutting down and abandoning module StreamingPauseRendering (119)
[2015.08.01-08.24.27:424][380]LogModuleManager: Shutting down and abandoning module AnalyticsET (118)
[2015.08.01-08.24.27:424][380]LogModuleManager: Shutting down and abandoning module Analytics (117)
[2015.08.01-08.24.27:424][380]LogModuleManager: Shutting down and abandoning module AITestSuite (116)
[2015.08.01-08.24.27:424][380]LogModuleManager: Shutting down and abandoning module GameplayDebugger (115)
[2015.08.01-08.24.27:424][380]LogModuleManager: Shutting down and abandoning module AIModule (114)
[2015.08.01-08.24.27:424][380]LogModuleManager: Shutting down and abandoning module ProfilerService (113)
[2015.08.01-08.24.27:520][380]LogModuleManager: Shutting down and abandoning module TaskGraph (112)
[2015.08.01-08.24.27:520][380]LogModuleManager: Shutting down and abandoning module SlateRemote (111)
[2015.08.01-08.24.27:520][380]LogModuleManager: Shutting down and abandoning module SteamVRController (110)
[2015.08.01-08.24.27:520][380]LogModuleManager: Shutting down and abandoning module SteamVR (109)
[2015.08.01-08.24.27:520][380]LogModuleManager: Shutting down and abandoning module ProceduralMeshComponent (108)
[2015.08.01-08.24.27:520][380]LogModuleManager: Shutting down and abandoning module OculusRift (107)
[2015.08.01-08.24.27:520][380]LogModuleManager: Shutting down and abandoning module LeapMotionController (106)
[2015.08.01-08.24.27:541][380]LogModuleManager: Shutting down and abandoning module CustomMeshComponent (105)
[2015.08.01-08.24.27:542][380]LogModuleManager: Shutting down and abandoning module CableComponent (104)
[2015.08.01-08.24.27:542][380]LogModuleManager: Shutting down and abandoning module MessagingDebugger (103)
[2015.08.01-08.24.27:542][380]LogModuleManager: Shutting down and abandoning module MediaPlayerEditor (102)
[2015.08.01-08.24.27:542][380]LogModuleManager: Shutting down and abandoning module SpeedTreeImporter (101)
[2015.08.01-08.24.27:542][380]LogModuleManager: Shutting down and abandoning module PluginBrowser (100)
[2015.08.01-08.24.27:542][380]LogModuleManager: Shutting down and abandoning module EpicSurvey (99)
[2015.08.01-08.24.27:542][380]LogModuleManager: Shutting down and abandoning module DesktopPlatform (98)
[2015.08.01-08.24.27:542][380]LogModuleManager: Shutting down and abandoning module VisualStudioSourceCodeAccess (97)
[2015.08.01-08.24.27:542][380]LogModuleManager: Shutting down and abandoning module UObjectPlugin (96)
[2015.08.01-08.24.27:542][380]LogModuleManager: Shutting down and abandoning module SubversionSourceControl (95)
[2015.08.01-08.24.27:542][380]LogModuleManager: Shutting down and abandoning module PerforceSourceControl (94)
[2015.08.01-08.24.27:542][380]LogModuleManager: Shutting down and abandoning module SourceControl (93)
[2015.08.01-08.24.27:542][380]LogModuleManager: Shutting down and abandoning module GitSourceControl (92)
[2015.08.01-08.24.27:542][380]LogModuleManager: Shutting down and abandoning module BlankPlugin (91)
[2015.08.01-08.24.27:542][380]LogModuleManager: Shutting down and abandoning module PaperTiledImporter (90)
[2015.08.01-08.24.27:542][380]LogModuleManager: Shutting down and abandoning module PaperSpriteSheetImporter (89)
[2015.08.01-08.24.27:542][380]LogModuleManager: Shutting down and abandoning module MeshPaint (88)
[2015.08.01-08.24.27:542][380]LogModuleManager: Shutting down and abandoning module SlateReflector (87)
[2015.08.01-08.24.27:542][380]LogModuleManager: Shutting down and abandoning module DirectoryWatcher (86)
[2015.08.01-08.24.27:543][380]LogModuleManager: Shutting down and abandoning module HotReload (85)
[2015.08.01-08.24.27:543][380]LogModuleManager: Shutting down and abandoning module MainFrame (84)
[2015.08.01-08.24.27:543][380]LogModuleManager: Shutting down and abandoning module LevelEditor (83)
[2015.08.01-08.24.27:544][380]LogModuleManager: Shutting down and abandoning module ContentBrowser (82)
[2015.08.01-08.24.27:545][380]LogModuleManager: Shutting down and abandoning module Paper2DEditor (81)
[2015.08.01-08.24.27:545][380]LogModuleManager: Shutting down and abandoning module UdpMessaging (80)
[2015.08.01-08.24.27:645][380]LogModuleManager: Shutting down and abandoning module Paper2D (79)
[2015.08.01-08.24.27:645][380]LogModuleManager: Shutting down and abandoning module WindowsMoviePlayer (78)
[2015.08.01-08.24.27:655][380]LogModuleManager: Shutting down and abandoning module Media (77)
[2015.08.01-08.24.27:655][380]LogModuleManager: Shutting down and abandoning module WmfMedia (76)
[2015.08.01-08.24.27:655][380]LogModuleManager: Shutting down and abandoning module OnlineBlueprintSupport (75)
[2015.08.01-08.24.27:655][380]LogModuleManager: Shutting down and abandoning module PropertyEditor (74)
[2015.08.01-08.24.27:655][380]LogModuleManager: Shutting down and abandoning module BehaviorTreeEditor (73)
[2015.08.01-08.24.27:655][380]LogModuleManager: Shutting down and abandoning module FunctionalTesting (72)
[2015.08.01-08.24.27:656][380]LogModuleManager: Shutting down and abandoning module CollisionAnalyzer (71)
[2015.08.01-08.24.27:656][380]LogModuleManager: Shutting down and abandoning module WorkspaceMenuStructure (70)
[2015.08.01-08.24.27:656][380]LogModuleManager: Shutting down and abandoning module MessageLog (69)
[2015.08.01-08.24.27:656][380]LogModuleManager: Shutting down and abandoning module Sequencer (68)
[2015.08.01-08.24.27:656][380]LogModuleManager: Shutting down and abandoning module AssetTools (67)
[2015.08.01-08.24.27:656][380]LogModuleManager: Shutting down and abandoning module UMGEditor (66)
[2015.08.01-08.24.27:656][380]LogModuleManager: Shutting down and abandoning module UMG (65)
[2015.08.01-08.24.27:656][380]LogModuleManager: Shutting down and abandoning module Slate (64)
[2015.08.01-08.24.27:656][380]LogModuleManager: Shutting down and abandoning module EditorStyle (63)
[2015.08.01-08.24.27:666][380]LogModuleManager: Shutting down and abandoning module SessionServices (62)
[2015.08.01-08.24.27:666][380]LogModuleManager: Shutting down and abandoning module SourceCodeAccess (61)
[2015.08.01-08.24.27:666][380]LogModuleManager: Shutting down and abandoning module HeadMountedDisplay (60)
[2015.08.01-08.24.27:666][380]LogModuleManager: Shutting down and abandoning module XAudio2 (59)
[2015.08.01-08.24.27:666][380]LogModuleManager: Shutting down and abandoning module Networking (57)
[2015.08.01-08.24.27:666][380]LogModuleManager: Shutting down and abandoning module Core (56)
[2015.08.01-08.24.27:666][380]LogModuleManager: Shutting down and abandoning module KismetCompiler (55)
[2015.08.01-08.24.27:666][380]LogModuleManager: Shutting down and abandoning module PhysXFormats (54)
[2015.08.01-08.24.27:666][380]LogModuleManager: Shutting down and abandoning module MeshUtilities (53)
[2015.08.01-08.24.27:666][380]LogModuleManager: Shutting down and abandoning module DerivedDataCache (52)
[2015.08.01-08.24.27:713][380]LogDerivedDataCache: Shutdown
[2015.08.01-08.24.27:713][380]LogModuleManager: Shutting down and abandoning module ShaderFormatOpenGL (51)
[2015.08.01-08.24.27:713][380]LogModuleManager: Shutting down and abandoning module ShaderFormatD3D (50)
[2015.08.01-08.24.27:713][380]LogModuleManager: Shutting down and abandoning module MetalShaderFormat (49)
[2015.08.01-08.24.27:713][380]LogModuleManager: Shutting down and abandoning module TextureFormatUncompressed (48)
[2015.08.01-08.24.27:713][380]LogModuleManager: Shutting down and abandoning module TextureFormatPVR (47)
[2015.08.01-08.24.27:713][380]LogModuleManager: Shutting down and abandoning module TextureFormatIntelISPCTexComp (46)
[2015.08.01-08.24.27:713][380]LogModuleManager: Shutting down and abandoning module TextureFormatDXT (45)
[2015.08.01-08.24.27:713][380]LogModuleManager: Shutting down and abandoning module ImageWrapper (44)
[2015.08.01-08.24.27:713][380]LogModuleManager: Shutting down and abandoning module TextureFormatASTC (43)
[2015.08.01-08.24.27:713][380]LogModuleManager: Shutting down and abandoning module TextureFormatAndroid (42)
[2015.08.01-08.24.27:713][380]LogModuleManager: Shutting down and abandoning module AudioFormatOpus (41)
[2015.08.01-08.24.27:713][380]LogModuleManager: Shutting down and abandoning module AudioFormatOgg (40)
[2015.08.01-08.24.27:714][380]LogModuleManager: Shutting down and abandoning module AudioFormatADPCM (39)
[2015.08.01-08.24.27:714][380]LogModuleManager: Shutting down and abandoning module LinuxTargetPlatform (38)
[2015.08.01-08.24.27:714][380]LogModuleManager: Shutting down and abandoning module LinuxServerTargetPlatform (37)
[2015.08.01-08.24.27:714][380]LogModuleManager: Shutting down and abandoning module LinuxNoEditorTargetPlatform (36)
[2015.08.01-08.24.27:714][380]LogModuleManager: Shutting down and abandoning module Messaging (35)
[2015.08.01-08.24.27:714][380]LogModuleManager: Shutting down and abandoning module IOSTargetPlatform (34)
[2015.08.01-08.24.27:714][380]LogModuleManager: Shutting down and abandoning module HTML5TargetPlatform (33)
[2015.08.01-08.24.27:714][380]LogModuleManager: Shutting down and abandoning module Android_PVRTCTargetPlatform (32)
[2015.08.01-08.24.27:714][380]LogModuleManager: Shutting down and abandoning module Android_ETC2TargetPlatform (31)
[2015.08.01-08.24.27:714][380]LogModuleManager: Shutting down and abandoning module Android_ETC1TargetPlatform (30)
[2015.08.01-08.24.27:714][380]LogModuleManager: Shutting down and abandoning module Android_DXTTargetPlatform (29)
[2015.08.01-08.24.27:714][380]LogModuleManager: Shutting down and abandoning module Android_ATCTargetPlatform (28)
[2015.08.01-08.24.27:714][380]LogModuleManager: Shutting down and abandoning module Android_ASTCTargetPlatform (27)
[2015.08.01-08.24.27:714][380]LogModuleManager: Shutting down and abandoning module AndroidTargetPlatform (26)
[2015.08.01-08.24.27:714][380]LogModuleManager: Shutting down and abandoning module WindowsTargetPlatform (25)
[2015.08.01-08.24.27:714][380]LogModuleManager: Shutting down and abandoning module WindowsServerTargetPlatform (24)
[2015.08.01-08.24.27:714][380]LogModuleManager: Shutting down and abandoning module WindowsNoEditorTargetPlatform (23)
[2015.08.01-08.24.27:714][380]LogModuleManager: Shutting down and abandoning module WindowsClientTargetPlatform (22)
[2015.08.01-08.24.27:714][380]LogModuleManager: Shutting down and abandoning module DesktopTargetPlatform (21)
[2015.08.01-08.24.27:714][380]LogModuleManager: Shutting down and abandoning module TargetPlatform (20)
[2015.08.01-08.24.27:714][380]LogModuleManager: Shutting down and abandoning module InputCore (19)
[2015.08.01-08.24.27:714][380]LogModuleManager: Shutting down and abandoning module Settings (18)
[2015.08.01-08.24.27:715][380]LogModuleManager: Shutting down and abandoning module OnlineSubsystem (16)
[2015.08.01-08.24.27:715][380]LogModuleManager: Shutting down and abandoning module HTTP (15)
[2015.08.01-08.24.27:715][380]LogModuleManager: Shutting down and abandoning module ExampleDeviceProfileSelector (14)
[2015.08.01-08.24.27:715][380]LogModuleManager: Shutting down and abandoning module TextureCompressor (13)
[2015.08.01-08.24.27:715][380]LogModuleManager: Shutting down and abandoning module ShaderCore (12)
[2015.08.01-08.24.27:715][380]LogModuleManager: Shutting down and abandoning module Landscape (11)
[2015.08.01-08.24.27:715][380]LogModuleManager: Shutting down and abandoning module SlateRHIRenderer (10)
[2015.08.01-08.24.27:720][380]LogModuleManager: Shutting down and abandoning module OpenGLDrv (9)
[2015.08.01-08.24.27:720][380]LogModuleManager: Shutting down and abandoning module D3D11RHI (8)
[2015.08.01-08.24.27:720][380]LogModuleManager: Shutting down and abandoning module Renderer (7)
[2015.08.01-08.24.27:720][380]LogModuleManager: Shutting down and abandoning module Engine (6)
[2015.08.01-08.24.27:720][380]LogModuleManager: Shutting down and abandoning module CoreUObject (5)
[2015.08.01-08.24.27:720][380]LogModuleManager: Shutting down and abandoning module NetworkFile (4)
[2015.08.01-08.24.27:720][380]LogModuleManager: Shutting down and abandoning module StreamingFile (3)
[2015.08.01-08.24.27:720][380]LogModuleManager: Shutting down and abandoning module SandboxFile (2)
[2015.08.01-08.24.27:720][380]LogModuleManager: Shutting down and abandoning module PakFile (1)
[2015.08.01-08.24.27:721][380]LogExit: Exiting.
[2015.08.01-08.24.27:724][380]Log file closed, 08/01/15 10:24:27
