[2015.07.31-20.03.42:619][  0]Log file open, 07/31/15 22:03:42
[2015.07.31-20.03.42:619][  0]LogInit:Display: Running engine for game: SaveMe
[2015.07.31-20.03.42:619][  0]LogInit:Display: RandInit(1289870880) SRandInit(1289870881).
[2015.07.31-20.03.42:619][  0]LogTaskGraph: Started task graph with 4 named threads and 5 total threads.
[2015.07.31-20.03.42:619][  0]LogStats: Stats thread started
[2015.07.31-20.03.42:619][  0]LogInit: Version: 4.8.3-2634408+++depot+UE4-Releases+4.8
[2015.07.31-20.03.42:619][  0]LogInit: API Version: 2579680
[2015.07.31-20.03.42:619][  0]LogInit: Compiled (64-bit): Jul 27 2015 16:24:33
[2015.07.31-20.03.42:619][  0]LogInit: Compiled with Visual C++: 18.00.21005.01
[2015.07.31-20.03.42:619][  0]LogInit: Build Configuration: Development
[2015.07.31-20.03.42:619][  0]LogInit: Branch Name: ++depot+UE4-Releases+4.8
[2015.07.31-20.03.42:619][  0]LogInit: Command line:  /Temp/Autosaves/Game/Maps/UEDPCLevel1 -game -PIEVIACONSOLE -ResX=1280 -ResY=720  -Multiprocess -featureleveles2 -faketouches 
[2015.07.31-20.03.42:619][  0]LogInit: Base directory: C:/Program Files/Epic Games/4.8/Engine/Binaries/Win64/
[2015.07.31-20.03.42:619][  0]LogInit: Rocket: 1
[2015.07.31-20.03.42:640][  0]LogInit: Using libcurl 7.41.0
[2015.07.31-20.03.42:640][  0]LogInit:  - built for x86_64-pc-win32
[2015.07.31-20.03.42:640][  0]LogInit:  - supports SSL with WinSSL
[2015.07.31-20.03.42:640][  0]LogInit:  - other features:
[2015.07.31-20.03.42:640][  0]LogInit:      CURL_VERSION_SSL
[2015.07.31-20.03.42:640][  0]LogInit:      CURL_VERSION_IPV6
[2015.07.31-20.03.42:640][  0]LogInit:      CURL_VERSION_ASYNCHDNS
[2015.07.31-20.03.42:640][  0]LogInit:      CURL_VERSION_LARGEFILE
[2015.07.31-20.03.42:640][  0]LogInit:      CURL_VERSION_IDN
[2015.07.31-20.03.42:640][  0]LogInit:  CurlRequestOptions (configurable via config and command line):
[2015.07.31-20.03.42:640][  0]LogInit:  - bVerifyPeer = true  - Libcurl will verify peer certificate
[2015.07.31-20.03.42:640][  0]LogInit:  - bUseHttpProxy = false  - Libcurl will NOT use HTTP proxy
[2015.07.31-20.03.42:640][  0]LogInit:  - bDontReuseConnections = false  - Libcurl will reuse connections
[2015.07.31-20.03.42:640][  0]LogInit:  - CertBundlePath = nullptr  - Libcurl will use whatever was configured at build time.
[2015.07.31-20.03.42:656][  0]LogOnline:Warning: No default platform service specified for OnlineSubsystem
[2015.07.31-20.03.42:677][  0]LogInit: Presizing for 0 objects not considered by GC, pre-allocating 0 bytes.
[2015.07.31-20.03.42:690][  0]LogInit: Object subsystem initialized
[2015.07.31-20.03.42:692][  0]LogConsoleResponse:Warning: Skipping Unknown console variable: 'TranslucentSortAxis = (X=0.000000,Y=-1.000000,Z=0.000000)'
[2015.07.31-20.03.42:692][  0]LogConsoleResponse:Warning:   Found in ini file 'D:/Workspace/Code/BitBucket/SaveMe/Saved/Config/Windows/Engine.ini', in section '[/Script/Engine.RendererSettings]'
[2015.07.31-20.03.42:692][  0]LogConsoleResponse:Warning: Skipping Unknown console variable: 'UIScaleRule = ShortestSide'
[2015.07.31-20.03.42:692][  0]LogConsoleResponse:Warning:   Found in ini file 'D:/Workspace/Code/BitBucket/SaveMe/Saved/Config/Windows/Engine.ini', in section '[/Script/Engine.RendererSettings]'
[2015.07.31-20.03.42:692][  0]LogConsoleResponse:Warning: Skipping Unknown console variable: 'UIScaleCurve = (EditorCurveData=(Keys=),ExternalCurve=None)'
[2015.07.31-20.03.42:692][  0]LogConsoleResponse:Warning:   Found in ini file 'D:/Workspace/Code/BitBucket/SaveMe/Saved/Config/Windows/Engine.ini', in section '[/Script/Engine.RendererSettings]'
[2015.07.31-20.03.42:693][  0]LogInit: Selected Device Profile: [Windows]
[2015.07.31-20.03.42:693][  0]LogInit: Applying CVar settings loaded from the selected device profile: [Windows]
[2015.07.31-20.03.42:695][  0]LogInit: Computer: SLB-H7VRKQ1
[2015.07.31-20.03.42:695][  0]LogInit: User: ALorente
[2015.07.31-20.03.42:695][  0]LogInit: CPU Page size=4096, Cores=2
[2015.07.31-20.03.42:695][  0]LogInit: High frequency timer resolution =2.630800 MHz
[2015.07.31-20.03.42:696][  0]LogMemory: Memory total: Physical=8.0GB (8GB approx)
[2015.07.31-20.03.42:696][  0]LogMemory: Platform Memory Stats for Windows
[2015.07.31-20.03.42:696][  0]LogMemory: Process Physical Memory: 49.41 MB used, 49.41 MB peak
[2015.07.31-20.03.42:696][  0]LogMemory: Process Virtual Memory: 23.23 MB used, 23.23 MB peak
[2015.07.31-20.03.42:696][  0]LogMemory: Physical Memory: 4613.28 MB used, 8148.89 MB total
[2015.07.31-20.03.42:696][  0]LogMemory: Virtual Memory: 283.23 MB used, 8388608.00 MB total
[2015.07.31-20.03.42:734][  0]LogTextLocalizationManager: The requested culture ('en_US') has no localization data; parent culture's ('en') localization data will be used.
[2015.07.31-20.03.43:024][  0]LogTextLocalizationManager:Warning: Loaded localization resources contain conflicting entries for (Namespace:ContentBrowser, Key:ImportAssetToolTip):
Localization Resource: (C:/Program Files/Epic Games/4.8/Engine/Content/Localization/Editor/en/Editor.locres) Source String Hash: (-630476809) Localized String: (Import to {0}...)
Localization Resource: (C:/Program Files/Epic Games/4.8/Engine/Content/Localization/Editor/en/Editor.locres) Source String Hash: (1271782899) Localized String: (Imports an asset from file to this folder.)
[2015.07.31-20.03.43:473][  0]LogD3D11RHI: Found D3D11 adapter 0: NVIDIA Quadro 2000M (Feature Level 11_0)
[2015.07.31-20.03.43:473][  0]LogD3D11RHI: Adapter has 1999MB of dedicated video memory, 0MB of dedicated system memory, and 3818MB of shared system memory, 1 output[s]
[2015.07.31-20.03.43:473][  0]LogD3D11RHI: Chosen D3D11 Adapter Id = 0
[2015.07.31-20.03.43:478][  0]LogD3D11RHI: InitD3DDevice
[2015.07.31-20.03.43:478][  0]LogD3D11RHI: !Direct3DDevice
[2015.07.31-20.03.43:478][  0]LogRHI: Texture pool is 1361 MB (70% of 1945 MB)
[2015.07.31-20.03.43:490][  0]LogD3D11RHI: Async texture creation enabled
[2015.07.31-20.03.43:505][  0]LogShaderCompilers:Display: Using Local Shader Compiler.
[2015.07.31-20.03.44:426][  0]LogTemp:Display: Loaded TP DesktopTargetPlatform
[2015.07.31-20.03.44:445][  0]LogTemp:Display: Loaded TP WindowsClientTargetPlatform
[2015.07.31-20.03.44:462][  0]LogTemp:Display: Loaded TP WindowsNoEditorTargetPlatform
[2015.07.31-20.03.44:481][  0]LogTemp:Display: Loaded TP WindowsServerTargetPlatform
[2015.07.31-20.03.44:502][  0]LogTemp:Display: Loaded TP WindowsTargetPlatform
[2015.07.31-20.03.44:518][  0]LogTemp:Display: Loaded TP AndroidTargetPlatform
[2015.07.31-20.03.44:533][  0]LogTemp:Display: Loaded TP Android_ASTCTargetPlatform
[2015.07.31-20.03.44:549][  0]LogTemp:Display: Loaded TP Android_ATCTargetPlatform
[2015.07.31-20.03.44:569][  0]LogTemp:Display: Loaded TP Android_DXTTargetPlatform
[2015.07.31-20.03.44:584][  0]LogTemp:Display: Loaded TP Android_ETC1TargetPlatform
[2015.07.31-20.03.44:600][  0]LogTemp:Display: Loaded TP Android_ETC2TargetPlatform
[2015.07.31-20.03.44:616][  0]LogTemp:Display: Loaded TP Android_PVRTCTargetPlatform
[2015.07.31-20.03.44:673][  0]LogTemp:Display: Loaded TP IOSTargetPlatform
[2015.07.31-20.03.44:688][  0]LogTemp:Display: Loaded TP LinuxNoEditorTargetPlatform
[2015.07.31-20.03.44:705][  0]LogTemp:Display: Loaded TP LinuxServerTargetPlatform
[2015.07.31-20.03.44:723][  0]LogTemp:Display: Loaded TP LinuxTargetPlatform
[2015.07.31-20.03.44:723][  0]LogTargetPlatformManager:Display: Building Assets For Windows
[2015.07.31-20.03.44:983][  0]LogDerivedDataCache:Display: Max Cache Size: 512 MB
[2015.07.31-20.03.45:043][  0]LogDerivedDataCache: Loaded boot cache 0.06s 53MB C:/Users/ALorente/AppData/Local/UnrealEngine/4.8/DerivedDataCache/Boot.ddc.
[2015.07.31-20.03.45:043][  0]LogDerivedDataCache:Display: Loaded Boot cache: C:/Users/ALorente/AppData/Local/UnrealEngine/4.8/DerivedDataCache/Boot.ddc
[2015.07.31-20.03.45:043][  0]LogDerivedDataCache: FDerivedDataBackendGraph:  Pak pak cache file D:/Workspace/Code/BitBucket/SaveMe/DerivedDataCache/DDC.ddp not found, will not use a pak cache.
[2015.07.31-20.03.45:043][  0]LogDerivedDataCache: Unable to find inner node Pak for hierarchical cache Hierarchy.
[2015.07.31-20.03.45:043][  0]LogDerivedDataCache: FDerivedDataBackendGraph:  CompressedPak pak cache file D:/Workspace/Code/BitBucket/SaveMe/DerivedDataCache/Compressed.ddp not found, will not use a pak cache.
[2015.07.31-20.03.45:043][  0]LogDerivedDataCache: Unable to find inner node CompressedPak for hierarchical cache Hierarchy.
[2015.07.31-20.03.45:245][  0]LogDerivedDataCache:Display: Pak cache opened for reading ../../../Engine/DerivedDataCache/Compressed.ddp.
[2015.07.31-20.03.45:257][  0]LogDerivedDataCache: Using Local data cache path C:/Users/ALorente/AppData/Local/UnrealEngine/Common/DerivedDataCache: Writable
[2015.07.31-20.03.45:542][  0]ImportText (ComponentSweepMultiTests): Missing closing parenthesis: (RootShapeAsset="/Engine/BasicShapes/Cube.Cube",ShapeType="TriggerCapsule",HitResult=(Time=0.50,Location=(X=-100.000015,Y=0.0,Z=100.000015),ImpactPoint=(X=-50.0,Y=0.0,Z=50.0),Normal=(X=-1.0,Y=-0.0,Z=0.0),ImpactNormal=(X=0.0,Y=0.0,Z=1.0),TraceStart=(X=-200.0,Y=0.0,Z=200.0),TraceEnd=(X=0.0,Y=0.0,Z=0.0))
[2015.07.31-20.03.45:542][  0]ImportText (LineTraceSingleByChannelTests): Missing closing parenthesis: (RootShapeAsset="/Engine/BasicShapes/Cube.Cube",HitResult=(Time=0.50,Location=(X=-100.000015,Y=0.0,Z=100.000015),ImpactPoint=(X=-50.0,Y=0.0,Z=50.0),Normal=(X=-1.0,Y=-0.0,Z=0.0),ImpactNormal=(X=0.0,Y=0.0,Z=1.0),TraceStart=(X=-200.0,Y=0.0,Z=200.0),TraceEnd=(X=0.0,Y=0.0,Z=0.0))
[2015.07.31-20.03.45:552][  0]LogInit: Selected Device Profile: [Windows]
[2015.07.31-20.03.45:584][  0]LogMeshUtilities: No automatic mesh reduction module available
[2015.07.31-20.03.45:584][  0]LogMeshUtilities: No automatic mesh merging module available
[2015.07.31-20.03.46:042][  0]LogInit: WinSock: version 1.1 (2.2), MaxSocks=32767, MaxUdp=65467
[2015.07.31-20.03.46:652][  0]LogD3D11RHI: InitD3DDevice
[2015.07.31-20.03.46:657][  0]LogWindowsMoviePlayer: Unable to load movie: D:/Workspace/Code/BitBucket/SaveMe/Content/Movies/Default_Startup.mp4
[2015.07.31-20.03.46:863][  0]SourceControl: Info Source control is disabled
[2015.07.31-20.03.46:864][  0]SourceControl: Info Source control is disabled
[2015.07.31-20.03.46:877][  0]SourceControl: Info Source control is disabled
[2015.07.31-20.03.47:098][  0]LogObj: 25781 objects as part of root set at end of initial load.
[2015.07.31-20.03.47:098][  0]LogUObjectAllocator: 5195976 out of 0 bytes used by permanent object pool.
[2015.07.31-20.03.47:165][  0]LogAutomationTest:Warning: ERR: Transient text cannot be serialized "Testing Transient serialization detection".
[2015.07.31-20.03.47:166][  0]LogEngine: Initializing Engine...
[2015.07.31-20.03.47:167][  0]LogHMD: Can't find Oculus library dev build: is proper Runtime installed? Version: 0.6.0.0
[2015.07.31-20.03.47:169][  0]LogHMD:Warning: SteamVR failed to initialize.  Error: 110
[2015.07.31-20.03.47:194][  0]LogMaterial: Missing cached shader map for material MAT_LevelColorationLitLightmapUV, compiling. Is special engine material.
[2015.07.31-20.03.47:194][  0]LogMaterial:Warning: Failed to compile Material /Engine/EngineDebugMaterials/MAT_LevelColorationLitLightmapUV.MAT_LevelColorationLitLightmapUV for platform PCD3D_ES2, Default Material will be used in game.
[2015.07.31-20.03.47:195][  0]LogMaterial:Warning: 	(Node LightmapUVs) Node not supported in feature level ES2
[2015.07.31-20.03.47:197][  0]LogMaterial: Missing cached shader map for material ShadedLevelColorationLitMaterial, compiling. Is special engine material.
[2015.07.31-20.03.47:306][  0]LogMaterial: Missing cached shader map for material ShadedLevelColorationUnlitMateri, compiling. Is special engine material.
[2015.07.31-20.03.47:319][  0]LogMaterial: Missing cached shader map for material VertexColorMaterial, compiling. 
[2015.07.31-20.03.47:333][  0]LogMaterial: Missing cached shader map for material VertexColorViewMode_ColorOnly, compiling. 
[2015.07.31-20.03.47:338][  0]LogMaterial: Missing cached shader map for material VertexColorViewMode_AlphaAsColor, compiling. 
[2015.07.31-20.03.47:344][  0]LogMaterial: Missing cached shader map for material VertexColorViewMode_RedOnly, compiling. 
[2015.07.31-20.03.47:351][  0]LogMaterial: Missing cached shader map for material VertexColorViewMode_GreenOnly, compiling. 
[2015.07.31-20.03.47:357][  0]LogMaterial: Missing cached shader map for material VertexColorViewMode_BlueOnly, compiling. 
[2015.07.31-20.03.47:364][  0]LogMaterial: Missing cached shader map for material RemoveSurfaceMaterial, compiling. 
[2015.07.31-20.03.47:368][  0]LogMaterial: Missing cached shader map for material DebugMeshMaterial, compiling. 
[2015.07.31-20.03.47:376][  0]LogMaterial: Missing cached shader map for material M_InvalidLightmapSettings, compiling. 
[2015.07.31-20.03.47:389][  0]LogMaterial: Missing cached shader map for material GizmoMaterial, compiling. 
[2015.07.31-20.03.47:410][  0]LogInit: XAudio2 using 'Speakers / Headphones (IDT High Definition Audio CODEC)' : 2 channels at 48 kHz using 16 bits per sample (channel mask 0x3)
[2015.07.31-20.03.47:419][  0]LogInit: FAudioDevice initialized.
[2015.07.31-20.03.47:426][  0]LogInit: Texture streaming: Disabled
[2015.07.31-20.03.47:428][  0]LogMaterial: Missing cached shader map for material BaseColor, compiling. 
[2015.07.31-20.03.47:433][  0]LogMaterial: Missing cached shader map for material CustomDepth, compiling. 
[2015.07.31-20.03.47:437][  0]LogMaterial: Missing cached shader map for material DecalMask, compiling. 
[2015.07.31-20.03.47:441][  0]LogMaterial: Missing cached shader map for material FinalImage, compiling. 
[2015.07.31-20.03.47:446][  0]LogMaterial: Missing cached shader map for material LightingModel, compiling. 
[2015.07.31-20.03.47:450][  0]LogMaterial: Missing cached shader map for material MaterialAO, compiling. 
[2015.07.31-20.03.47:455][  0]LogMaterial: Missing cached shader map for material Metallic, compiling. 
[2015.07.31-20.03.47:459][  0]LogMaterial: Missing cached shader map for material Opacity, compiling. 
[2015.07.31-20.03.47:464][  0]LogMaterial: Missing cached shader map for material Roughness, compiling. 
[2015.07.31-20.03.47:468][  0]LogMaterial: Missing cached shader map for material SceneColor, compiling. 
[2015.07.31-20.03.47:473][  0]LogMaterial: Missing cached shader map for material SceneDepth, compiling. 
[2015.07.31-20.03.47:477][  0]LogMaterial: Missing cached shader map for material SeparateTranslucencyRGB, compiling. 
[2015.07.31-20.03.47:481][  0]LogMaterial: Missing cached shader map for material SeparateTranslucencyA, compiling. 
[2015.07.31-20.03.47:485][  0]LogMaterial: Missing cached shader map for material Specular, compiling. 
[2015.07.31-20.03.47:489][  0]LogMaterial: Missing cached shader map for material SubsurfaceColor, compiling. 
[2015.07.31-20.03.47:494][  0]LogMaterial: Missing cached shader map for material WorldNormal, compiling. 
[2015.07.31-20.03.47:498][  0]LogMaterial: Missing cached shader map for material AmbientOcclusion, compiling. 
[2015.07.31-20.03.47:504][  0]LogMaterial: Missing cached shader map for material CustomDepthWorldUnits, compiling. 
[2015.07.31-20.03.47:509][  0]LogMaterial: Missing cached shader map for material SceneDepthWorldUnits, compiling. 
[2015.07.31-20.03.47:589][  0]LogMaterial: Missing cached shader map for material MAT_LevelColorationLitLightmapUV, compiling. Is special engine material.
[2015.07.31-20.03.47:589][  0]LogMaterial:Warning: Failed to compile Material /Engine/EngineDebugMaterials/MAT_LevelColorationLitLightmapUV.MAT_LevelColorationLitLightmapUV for platform PCD3D_ES2, Default Material will be used in game.
[2015.07.31-20.03.47:589][  0]LogMaterial:Warning: 	(Node LightmapUVs) Node not supported in feature level ES2
[2015.07.31-20.03.47:610][  0]LogNet: Browse: /Temp/Autosaves/Game/Maps/UEDPCLevel1?Name=Player
[2015.07.31-20.03.47:610][  0]LogLoad: LoadMap: /Temp/Autosaves/Game/Maps/UEDPCLevel1?Name=Player
[2015.07.31-20.03.47:636][  0]LogParticles: Destroying 0 GPU particle simulations for FXSystem 0x00000000130E6AC0
[2015.07.31-20.03.47:660][  0]LogMemory: Platform Memory Stats for Windows
[2015.07.31-20.03.47:660][  0]LogMemory: Process Physical Memory: 368.59 MB used, 368.60 MB peak
[2015.07.31-20.03.47:660][  0]LogMemory: Process Virtual Memory: 328.93 MB used, 331.95 MB peak
[2015.07.31-20.03.47:660][  0]LogMemory: Physical Memory: 4907.55 MB used, 8148.89 MB total
[2015.07.31-20.03.47:660][  0]LogMemory: Virtual Memory: 804.45 MB used, 8388608.00 MB total
[2015.07.31-20.03.47:660][  0]LogMemory: 
[2015.07.31-20.03.47:660][  0]Allocator Stats for TBB: (not implemented)
[2015.07.31-20.03.47:770][  0]LogMaterial: Missing cached shader map for material DefaultSpriteMaterial, compiling. 
[2015.07.31-20.03.47:885][  0]LogAIModule: Creating AISystem for world Level1
[2015.07.31-20.03.48:241][  0]LogWorld: Game class is 'MainGameMode_C'
[2015.07.31-20.03.48:247][  0]LogWorld: Bringing World /Temp/Autosaves/Game/Maps/UEDPCLevel1.Level1 up for play (max tick rate 0) at 2015.07.31-22.03.48
[2015.07.31-20.03.48:247][  0]LogWorld: Bringing up level for play took: 0.004535
[2015.07.31-20.03.48:253][  0]LogInit:Display: Game Engine Initialized.
[2015.07.31-20.03.48:514][  0]LogAssetRegistry: FAssetRegistry took 0.0002 seconds to start up
[2015.07.31-20.03.48:514][  0]LogLoad: Full Startup: 7.81 seconds (BP compile: 0.22 seconds)
[2015.07.31-20.03.48:774][  0]LogContentStreaming: Texture pool size is 400.000000MB
[2015.07.31-20.03.49:041][  1]LogRenderer: Reallocating scene render targets to support 1280x720 (Frame:2).
[2015.07.31-20.04.10:719][129]LogEngine: All Windows Closed
[2015.07.31-20.04.10:719][129]LogWindows: FPlatformMisc::RequestExit(0)
[2015.07.31-20.04.11:298][130]LogExit: Preparing to exit.
[2015.07.31-20.04.11:355][130]LogExit: Game engine shut down
[2015.07.31-20.04.11:357][130]LogParticles: Destroying 0 GPU particle simulations for FXSystem 0x00000000131062A0
[2015.07.31-20.04.11:549][130]LogExit: Object subsystem successfully closed.
[2015.07.31-20.04.11:560][130]LogD3D11RHI: Shutdown
[2015.07.31-20.04.11:560][130]LogD3D11RHI: CleanupD3DDevice
[2015.07.31-20.04.11:646][130]LogD3D11RHI: ~FD3D11DynamicRHI
[2015.07.31-20.04.11:656][130]LogModuleManager: Shutting down and abandoning module AndroidDeviceDetection (108)
[2015.07.31-20.04.12:280][130]LogModuleManager: Shutting down and abandoning module AssetRegistry (107)
[2015.07.31-20.04.12:280][130]LogModuleManager: Shutting down and abandoning module AutomationWorker (106)
[2015.07.31-20.04.12:280][130]LogModuleManager: Shutting down and abandoning module CharacterAI (105)
[2015.07.31-20.04.12:280][130]LogModuleManager: Shutting down and abandoning module AITestSuite (104)
[2015.07.31-20.04.12:280][130]LogModuleManager: Shutting down and abandoning module GameplayDebugger (103)
[2015.07.31-20.04.12:280][130]LogModuleManager: Shutting down and abandoning module AIModule (102)
[2015.07.31-20.04.12:280][130]LogModuleManager: Shutting down and abandoning module GameLiveStreaming (101)
[2015.07.31-20.04.12:280][130]LogModuleManager: Shutting down and abandoning module StreamingPauseRendering (100)
[2015.07.31-20.04.12:280][130]LogModuleManager: Shutting down and abandoning module ProfilerService (99)
[2015.07.31-20.04.12:309][130]LogModuleManager: Shutting down and abandoning module TaskGraph (98)
[2015.07.31-20.04.12:309][130]LogModuleManager: Shutting down and abandoning module SlateRemote (97)
[2015.07.31-20.04.12:309][130]LogModuleManager: Shutting down and abandoning module SteamVRController (96)
[2015.07.31-20.04.12:309][130]LogModuleManager: Shutting down and abandoning module SteamVR (95)
[2015.07.31-20.04.12:309][130]LogModuleManager: Shutting down and abandoning module ProceduralMeshComponent (94)
[2015.07.31-20.04.12:309][130]LogModuleManager: Shutting down and abandoning module OculusRift (93)
[2015.07.31-20.04.12:309][130]LogModuleManager: Shutting down and abandoning module LeapMotionController (92)
[2015.07.31-20.04.12:314][130]LogModuleManager: Shutting down and abandoning module CustomMeshComponent (91)
[2015.07.31-20.04.12:314][130]LogModuleManager: Shutting down and abandoning module CableComponent (90)
[2015.07.31-20.04.12:315][130]LogModuleManager: Shutting down and abandoning module DesktopPlatform (89)
[2015.07.31-20.04.12:315][130]LogModuleManager: Shutting down and abandoning module DirectoryWatcher (88)
[2015.07.31-20.04.12:315][130]LogModuleManager: Shutting down and abandoning module HotReload (87)
[2015.07.31-20.04.12:315][130]LogModuleManager: Shutting down and abandoning module VisualStudioSourceCodeAccess (86)
[2015.07.31-20.04.12:315][130]LogModuleManager: Shutting down and abandoning module UObjectPlugin (85)
[2015.07.31-20.04.12:315][130]LogModuleManager: Shutting down and abandoning module SubversionSourceControl (84)
[2015.07.31-20.04.12:315][130]LogModuleManager: Shutting down and abandoning module SourceControl (83)
[2015.07.31-20.04.12:315][130]LogModuleManager: Shutting down and abandoning module PerforceSourceControl (82)
[2015.07.31-20.04.12:315][130]LogModuleManager: Shutting down and abandoning module BlankPlugin (81)
[2015.07.31-20.04.12:315][130]LogModuleManager: Shutting down and abandoning module UdpMessaging (80)
[2015.07.31-20.04.12:315][130]LogModuleManager: Shutting down and abandoning module Paper2D (79)
[2015.07.31-20.04.12:315][130]LogModuleManager: Shutting down and abandoning module WindowsMoviePlayer (78)
[2015.07.31-20.04.12:316][130]LogModuleManager: Shutting down and abandoning module Media (77)
[2015.07.31-20.04.12:316][130]LogModuleManager: Shutting down and abandoning module WmfMedia (76)
[2015.07.31-20.04.12:316][130]LogModuleManager: Shutting down and abandoning module OnlineBlueprintSupport (75)
[2015.07.31-20.04.12:316][130]LogModuleManager: Shutting down and abandoning module PropertyEditor (74)
[2015.07.31-20.04.12:316][130]LogModuleManager: Shutting down and abandoning module BehaviorTreeEditor (73)
[2015.07.31-20.04.12:316][130]LogModuleManager: Shutting down and abandoning module FunctionalTesting (72)
[2015.07.31-20.04.12:316][130]LogModuleManager: Shutting down and abandoning module CollisionAnalyzer (71)
[2015.07.31-20.04.12:316][130]LogModuleManager: Shutting down and abandoning module WorkspaceMenuStructure (70)
[2015.07.31-20.04.12:316][130]LogModuleManager: Shutting down and abandoning module MessageLog (69)
[2015.07.31-20.04.12:316][130]LogModuleManager: Shutting down and abandoning module Sequencer (68)
[2015.07.31-20.04.12:316][130]LogModuleManager: Shutting down and abandoning module AssetTools (67)
[2015.07.31-20.04.12:316][130]LogModuleManager: Shutting down and abandoning module UMGEditor (66)
[2015.07.31-20.04.12:316][130]LogModuleManager: Shutting down and abandoning module UMG (65)
[2015.07.31-20.04.12:316][130]LogModuleManager: Shutting down and abandoning module Slate (64)
[2015.07.31-20.04.12:316][130]LogModuleManager: Shutting down and abandoning module EditorStyle (63)
[2015.07.31-20.04.12:319][130]LogModuleManager: Shutting down and abandoning module SessionServices (62)
[2015.07.31-20.04.12:319][130]LogModuleManager: Shutting down and abandoning module SourceCodeAccess (61)
[2015.07.31-20.04.12:319][130]LogModuleManager: Shutting down and abandoning module HeadMountedDisplay (60)
[2015.07.31-20.04.12:319][130]LogModuleManager: Shutting down and abandoning module XAudio2 (59)
[2015.07.31-20.04.12:319][130]LogModuleManager: Shutting down and abandoning module Networking (57)
[2015.07.31-20.04.12:319][130]LogModuleManager: Shutting down and abandoning module Core (56)
[2015.07.31-20.04.12:319][130]LogModuleManager: Shutting down and abandoning module KismetCompiler (55)
[2015.07.31-20.04.12:319][130]LogModuleManager: Shutting down and abandoning module PhysXFormats (54)
[2015.07.31-20.04.12:319][130]LogModuleManager: Shutting down and abandoning module MeshUtilities (53)
[2015.07.31-20.04.12:319][130]LogModuleManager: Shutting down and abandoning module DerivedDataCache (52)
[2015.07.31-20.04.12:329][130]LogDerivedDataCache: Shutdown
[2015.07.31-20.04.12:329][130]LogModuleManager: Shutting down and abandoning module ShaderFormatOpenGL (51)
[2015.07.31-20.04.12:329][130]LogModuleManager: Shutting down and abandoning module ShaderFormatD3D (50)
[2015.07.31-20.04.12:329][130]LogModuleManager: Shutting down and abandoning module MetalShaderFormat (49)
[2015.07.31-20.04.12:329][130]LogModuleManager: Shutting down and abandoning module TextureFormatUncompressed (48)
[2015.07.31-20.04.12:329][130]LogModuleManager: Shutting down and abandoning module TextureFormatPVR (47)
[2015.07.31-20.04.12:329][130]LogModuleManager: Shutting down and abandoning module TextureFormatIntelISPCTexComp (46)
[2015.07.31-20.04.12:329][130]LogModuleManager: Shutting down and abandoning module TextureFormatDXT (45)
[2015.07.31-20.04.12:329][130]LogModuleManager: Shutting down and abandoning module ImageWrapper (44)
[2015.07.31-20.04.12:329][130]LogModuleManager: Shutting down and abandoning module TextureFormatASTC (43)
[2015.07.31-20.04.12:329][130]LogModuleManager: Shutting down and abandoning module TextureFormatAndroid (42)
[2015.07.31-20.04.12:329][130]LogModuleManager: Shutting down and abandoning module AudioFormatOpus (41)
[2015.07.31-20.04.12:329][130]LogModuleManager: Shutting down and abandoning module AudioFormatOgg (40)
[2015.07.31-20.04.12:329][130]LogModuleManager: Shutting down and abandoning module AudioFormatADPCM (39)
[2015.07.31-20.04.12:329][130]LogModuleManager: Shutting down and abandoning module LinuxTargetPlatform (38)
[2015.07.31-20.04.12:329][130]LogModuleManager: Shutting down and abandoning module LinuxServerTargetPlatform (37)
[2015.07.31-20.04.12:329][130]LogModuleManager: Shutting down and abandoning module LinuxNoEditorTargetPlatform (36)
[2015.07.31-20.04.12:329][130]LogModuleManager: Shutting down and abandoning module Messaging (35)
[2015.07.31-20.04.12:329][130]LogModuleManager: Shutting down and abandoning module IOSTargetPlatform (34)
[2015.07.31-20.04.12:329][130]LogModuleManager: Shutting down and abandoning module HTML5TargetPlatform (33)
[2015.07.31-20.04.12:329][130]LogModuleManager: Shutting down and abandoning module Android_PVRTCTargetPlatform (32)
[2015.07.31-20.04.12:329][130]LogModuleManager: Shutting down and abandoning module Android_ETC2TargetPlatform (31)
[2015.07.31-20.04.12:329][130]LogModuleManager: Shutting down and abandoning module Android_ETC1TargetPlatform (30)
[2015.07.31-20.04.12:329][130]LogModuleManager: Shutting down and abandoning module Android_DXTTargetPlatform (29)
[2015.07.31-20.04.12:329][130]LogModuleManager: Shutting down and abandoning module Android_ATCTargetPlatform (28)
[2015.07.31-20.04.12:329][130]LogModuleManager: Shutting down and abandoning module Android_ASTCTargetPlatform (27)
[2015.07.31-20.04.12:329][130]LogModuleManager: Shutting down and abandoning module AndroidTargetPlatform (26)
[2015.07.31-20.04.12:329][130]LogModuleManager: Shutting down and abandoning module WindowsTargetPlatform (25)
[2015.07.31-20.04.12:329][130]LogModuleManager: Shutting down and abandoning module WindowsServerTargetPlatform (24)
[2015.07.31-20.04.12:329][130]LogModuleManager: Shutting down and abandoning module WindowsNoEditorTargetPlatform (23)
[2015.07.31-20.04.12:329][130]LogModuleManager: Shutting down and abandoning module WindowsClientTargetPlatform (22)
[2015.07.31-20.04.12:329][130]LogModuleManager: Shutting down and abandoning module DesktopTargetPlatform (21)
[2015.07.31-20.04.12:329][130]LogModuleManager: Shutting down and abandoning module TargetPlatform (20)
[2015.07.31-20.04.12:329][130]LogModuleManager: Shutting down and abandoning module InputCore (19)
[2015.07.31-20.04.12:329][130]LogModuleManager: Shutting down and abandoning module Settings (18)
[2015.07.31-20.04.12:329][130]LogModuleManager: Shutting down and abandoning module OnlineSubsystem (16)
[2015.07.31-20.04.12:329][130]LogModuleManager: Shutting down and abandoning module HTTP (15)
[2015.07.31-20.04.12:329][130]LogModuleManager: Shutting down and abandoning module ExampleDeviceProfileSelector (14)
[2015.07.31-20.04.12:329][130]LogModuleManager: Shutting down and abandoning module TextureCompressor (13)
[2015.07.31-20.04.12:329][130]LogModuleManager: Shutting down and abandoning module ShaderCore (12)
[2015.07.31-20.04.12:329][130]LogModuleManager: Shutting down and abandoning module Landscape (11)
[2015.07.31-20.04.12:329][130]LogModuleManager: Shutting down and abandoning module SlateRHIRenderer (10)
[2015.07.31-20.04.12:330][130]LogModuleManager: Shutting down and abandoning module OpenGLDrv (9)
[2015.07.31-20.04.12:330][130]LogModuleManager: Shutting down and abandoning module D3D11RHI (8)
[2015.07.31-20.04.12:330][130]LogModuleManager: Shutting down and abandoning module Renderer (7)
[2015.07.31-20.04.12:330][130]LogModuleManager: Shutting down and abandoning module Engine (6)
[2015.07.31-20.04.12:330][130]LogModuleManager: Shutting down and abandoning module CoreUObject (5)
[2015.07.31-20.04.12:330][130]LogModuleManager: Shutting down and abandoning module NetworkFile (4)
[2015.07.31-20.04.12:330][130]LogModuleManager: Shutting down and abandoning module StreamingFile (3)
[2015.07.31-20.04.12:330][130]LogModuleManager: Shutting down and abandoning module SandboxFile (2)
[2015.07.31-20.04.12:330][130]LogModuleManager: Shutting down and abandoning module PakFile (1)
[2015.07.31-20.04.12:330][130]LogExit: Exiting.
[2015.07.31-20.04.12:332][130]Log file closed, 07/31/15 22:04:12
