[2015.07.31-19.57.27:108][  0]Log file open, 07/31/15 21:57:27
[2015.07.31-19.57.27:108][  0]LogInit:Display: Running engine for game: SaveMe
[2015.07.31-19.57.27:108][  0]LogInit:Display: RandInit(302116180) SRandInit(302116180).
[2015.07.31-19.57.27:108][  0]LogTaskGraph: Started task graph with 4 named threads and 5 total threads.
[2015.07.31-19.57.27:108][  0]LogStats: Stats thread started
[2015.07.31-19.57.27:108][  0]LogInit: Version: 4.8.3-2634408+++depot+UE4-Releases+4.8
[2015.07.31-19.57.27:108][  0]LogInit: API Version: 2579680
[2015.07.31-19.57.27:108][  0]LogInit: Compiled (64-bit): Jul 27 2015 16:24:33
[2015.07.31-19.57.27:108][  0]LogInit: Compiled with Visual C++: 18.00.21005.01
[2015.07.31-19.57.27:108][  0]LogInit: Build Configuration: Development
[2015.07.31-19.57.27:108][  0]LogInit: Branch Name: ++depot+UE4-Releases+4.8
[2015.07.31-19.57.27:108][  0]LogInit: Command line:  /Temp/Autosaves/Game/Maps/UEDPCLevel1 -game -PIEVIACONSOLE -ResX=1280 -ResY=720  -Multiprocess -featureleveles2 -faketouches 
[2015.07.31-19.57.27:108][  0]LogInit: Base directory: C:/Program Files/Epic Games/4.8/Engine/Binaries/Win64/
[2015.07.31-19.57.27:108][  0]LogInit: Rocket: 1
[2015.07.31-19.57.27:129][  0]LogInit: Using libcurl 7.41.0
[2015.07.31-19.57.27:129][  0]LogInit:  - built for x86_64-pc-win32
[2015.07.31-19.57.27:129][  0]LogInit:  - supports SSL with WinSSL
[2015.07.31-19.57.27:129][  0]LogInit:  - other features:
[2015.07.31-19.57.27:129][  0]LogInit:      CURL_VERSION_SSL
[2015.07.31-19.57.27:129][  0]LogInit:      CURL_VERSION_IPV6
[2015.07.31-19.57.27:129][  0]LogInit:      CURL_VERSION_ASYNCHDNS
[2015.07.31-19.57.27:129][  0]LogInit:      CURL_VERSION_LARGEFILE
[2015.07.31-19.57.27:129][  0]LogInit:      CURL_VERSION_IDN
[2015.07.31-19.57.27:129][  0]LogInit:  CurlRequestOptions (configurable via config and command line):
[2015.07.31-19.57.27:129][  0]LogInit:  - bVerifyPeer = true  - Libcurl will verify peer certificate
[2015.07.31-19.57.27:129][  0]LogInit:  - bUseHttpProxy = false  - Libcurl will NOT use HTTP proxy
[2015.07.31-19.57.27:129][  0]LogInit:  - bDontReuseConnections = false  - Libcurl will reuse connections
[2015.07.31-19.57.27:129][  0]LogInit:  - CertBundlePath = nullptr  - Libcurl will use whatever was configured at build time.
[2015.07.31-19.57.27:146][  0]LogOnline:Warning: No default platform service specified for OnlineSubsystem
[2015.07.31-19.57.27:167][  0]LogInit: Presizing for 0 objects not considered by GC, pre-allocating 0 bytes.
[2015.07.31-19.57.27:179][  0]LogInit: Object subsystem initialized
[2015.07.31-19.57.27:180][  0]LogConsoleResponse:Warning: Skipping Unknown console variable: 'TranslucentSortAxis = (X=0.000000,Y=-1.000000,Z=0.000000)'
[2015.07.31-19.57.27:180][  0]LogConsoleResponse:Warning:   Found in ini file 'D:/Workspace/Code/BitBucket/SaveMe/Saved/Config/Windows/Engine.ini', in section '[/Script/Engine.RendererSettings]'
[2015.07.31-19.57.27:180][  0]LogConsoleResponse:Warning: Skipping Unknown console variable: 'UIScaleRule = ShortestSide'
[2015.07.31-19.57.27:180][  0]LogConsoleResponse:Warning:   Found in ini file 'D:/Workspace/Code/BitBucket/SaveMe/Saved/Config/Windows/Engine.ini', in section '[/Script/Engine.RendererSettings]'
[2015.07.31-19.57.27:180][  0]LogConsoleResponse:Warning: Skipping Unknown console variable: 'UIScaleCurve = (EditorCurveData=(Keys=),ExternalCurve=None)'
[2015.07.31-19.57.27:180][  0]LogConsoleResponse:Warning:   Found in ini file 'D:/Workspace/Code/BitBucket/SaveMe/Saved/Config/Windows/Engine.ini', in section '[/Script/Engine.RendererSettings]'
[2015.07.31-19.57.27:181][  0]LogInit: Selected Device Profile: [Windows]
[2015.07.31-19.57.27:181][  0]LogInit: Applying CVar settings loaded from the selected device profile: [Windows]
[2015.07.31-19.57.27:185][  0]LogInit: Computer: SLB-H7VRKQ1
[2015.07.31-19.57.27:185][  0]LogInit: User: ALorente
[2015.07.31-19.57.27:185][  0]LogInit: CPU Page size=4096, Cores=2
[2015.07.31-19.57.27:185][  0]LogInit: High frequency timer resolution =2.630800 MHz
[2015.07.31-19.57.27:185][  0]LogMemory: Memory total: Physical=8.0GB (8GB approx)
[2015.07.31-19.57.27:185][  0]LogMemory: Platform Memory Stats for Windows
[2015.07.31-19.57.27:185][  0]LogMemory: Process Physical Memory: 48.78 MB used, 48.78 MB peak
[2015.07.31-19.57.27:185][  0]LogMemory: Process Virtual Memory: 23.23 MB used, 23.23 MB peak
[2015.07.31-19.57.27:185][  0]LogMemory: Physical Memory: 4576.07 MB used, 8148.89 MB total
[2015.07.31-19.57.27:185][  0]LogMemory: Virtual Memory: 283.23 MB used, 8388608.00 MB total
[2015.07.31-19.57.27:227][  0]LogTextLocalizationManager: The requested culture ('en_US') has no localization data; parent culture's ('en') localization data will be used.
[2015.07.31-19.57.27:514][  0]LogTextLocalizationManager:Warning: Loaded localization resources contain conflicting entries for (Namespace:ContentBrowser, Key:ImportAssetToolTip):
Localization Resource: (C:/Program Files/Epic Games/4.8/Engine/Content/Localization/Editor/en/Editor.locres) Source String Hash: (-630476809) Localized String: (Import to {0}...)
Localization Resource: (C:/Program Files/Epic Games/4.8/Engine/Content/Localization/Editor/en/Editor.locres) Source String Hash: (1271782899) Localized String: (Imports an asset from file to this folder.)
[2015.07.31-19.57.27:959][  0]LogD3D11RHI: Found D3D11 adapter 0: NVIDIA Quadro 2000M (Feature Level 11_0)
[2015.07.31-19.57.27:959][  0]LogD3D11RHI: Adapter has 1999MB of dedicated video memory, 0MB of dedicated system memory, and 3818MB of shared system memory, 1 output[s]
[2015.07.31-19.57.27:959][  0]LogD3D11RHI: Chosen D3D11 Adapter Id = 0
[2015.07.31-19.57.27:963][  0]LogD3D11RHI: InitD3DDevice
[2015.07.31-19.57.27:963][  0]LogD3D11RHI: !Direct3DDevice
[2015.07.31-19.57.27:964][  0]LogRHI: Texture pool is 1361 MB (70% of 1945 MB)
[2015.07.31-19.57.27:975][  0]LogD3D11RHI: Async texture creation enabled
[2015.07.31-19.57.27:985][  0]LogShaderCompilers:Display: Using Local Shader Compiler.
[2015.07.31-19.57.29:151][  0]LogTemp:Display: Loaded TP DesktopTargetPlatform
[2015.07.31-19.57.29:169][  0]LogTemp:Display: Loaded TP WindowsClientTargetPlatform
[2015.07.31-19.57.29:190][  0]LogTemp:Display: Loaded TP WindowsNoEditorTargetPlatform
[2015.07.31-19.57.29:210][  0]LogTemp:Display: Loaded TP WindowsServerTargetPlatform
[2015.07.31-19.57.29:231][  0]LogTemp:Display: Loaded TP WindowsTargetPlatform
[2015.07.31-19.57.29:246][  0]LogTemp:Display: Loaded TP AndroidTargetPlatform
[2015.07.31-19.57.29:265][  0]LogTemp:Display: Loaded TP Android_ASTCTargetPlatform
[2015.07.31-19.57.29:281][  0]LogTemp:Display: Loaded TP Android_ATCTargetPlatform
[2015.07.31-19.57.29:297][  0]LogTemp:Display: Loaded TP Android_DXTTargetPlatform
[2015.07.31-19.57.29:314][  0]LogTemp:Display: Loaded TP Android_ETC1TargetPlatform
[2015.07.31-19.57.29:334][  0]LogTemp:Display: Loaded TP Android_ETC2TargetPlatform
[2015.07.31-19.57.29:352][  0]LogTemp:Display: Loaded TP Android_PVRTCTargetPlatform
[2015.07.31-19.57.29:418][  0]LogTemp:Display: Loaded TP IOSTargetPlatform
[2015.07.31-19.57.29:437][  0]LogTemp:Display: Loaded TP LinuxNoEditorTargetPlatform
[2015.07.31-19.57.29:454][  0]LogTemp:Display: Loaded TP LinuxServerTargetPlatform
[2015.07.31-19.57.29:477][  0]LogTemp:Display: Loaded TP LinuxTargetPlatform
[2015.07.31-19.57.29:477][  0]LogTargetPlatformManager:Display: Building Assets For Windows
[2015.07.31-19.57.29:790][  0]LogDerivedDataCache:Display: Max Cache Size: 512 MB
[2015.07.31-19.57.29:870][  0]LogDerivedDataCache: Loaded boot cache 0.08s 53MB C:/Users/ALorente/AppData/Local/UnrealEngine/4.8/DerivedDataCache/Boot.ddc.
[2015.07.31-19.57.29:870][  0]LogDerivedDataCache:Display: Loaded Boot cache: C:/Users/ALorente/AppData/Local/UnrealEngine/4.8/DerivedDataCache/Boot.ddc
[2015.07.31-19.57.29:870][  0]LogDerivedDataCache: FDerivedDataBackendGraph:  Pak pak cache file D:/Workspace/Code/BitBucket/SaveMe/DerivedDataCache/DDC.ddp not found, will not use a pak cache.
[2015.07.31-19.57.29:870][  0]LogDerivedDataCache: Unable to find inner node Pak for hierarchi