[2015.07.30-07.09.31:946][  0]Log file open, 07/30/15 09:09:31
[2015.07.30-07.09.31:946][  0]LogInit:Display: Running engine for game: SaveMe
[2015.07.30-07.09.31:946][  0]LogInit:Display: RandInit(1516235779) SRandInit(1516235779).
[2015.07.30-07.09.31:946][  0]LogTaskGraph: Started task graph with 4 named threads and 5 total threads.
[2015.07.30-07.09.31:946][  0]LogStats: Stats thread started
[2015.07.30-07.09.31:946][  0]LogInit: Version: 4.8.3-2634408+++depot+UE4-Releases+4.8
[2015.07.30-07.09.31:946][  0]LogInit: API Version: 2579680
[2015.07.30-07.09.31:946][  0]LogInit: Compiled (64-bit): Jul 27 2015 16:24:33
[2015.07.30-07.09.31:946][  0]LogInit: Compiled with Visual C++: 18.00.21005.01
[2015.07.30-07.09.31:946][  0]LogInit: Build Configuration: Development
[2015.07.30-07.09.31:946][  0]LogInit: Branch Name: ++depot+UE4-Releases+4.8
[2015.07.30-07.09.31:946][  0]LogInit: Command line: 
[2015.07.30-07.09.31:946][  0]LogInit: Base directory: C:/Program Files/Epic Games/4.8/Engine/Binaries/Win64/
[2015.07.30-07.09.31:946][  0]LogInit: Rocket: 1
[2015.07.30-07.09.31:959][  0]LogInit: Using libcurl 7.41.0
[2015.07.30-07.09.31:959][  0]LogInit:  - built for x86_64-pc-win32
[2015.07.30-07.09.31:959][  0]LogInit:  - supports SSL with WinSSL
[2015.07.30-07.09.31:959][  0]LogInit:  - other features:
[2015.07.30-07.09.31:959][  0]LogInit:      CURL_VERSION_SSL
[2015.07.30-07.09.31:959][  0]LogInit:      CURL_VERSION_IPV6
[2015.07.30-07.09.31:959][  0]LogInit:      CURL_VERSION_ASYNCHDNS
[2015.07.30-07.09.31:959][  0]LogInit:      CURL_VERSION_LARGEFILE
[2015.07.30-07.09.31:959][  0]LogInit:      CURL_VERSION_IDN
[2015.07.30-07.09.31:959][  0]LogInit:  CurlRequestOptions (configurable via config and command line):
[2015.07.30-07.09.31:959][  0]LogInit:  - bVerifyPeer = true  - Libcurl will verify peer certificate
[2015.07.30-07.09.31:959][  0]LogInit:  - bUseHttpProxy = false  - Libcurl will NOT use HTTP proxy
[2015.07.30-07.09.31:959][  0]LogInit:  - bDontReuseConnections = false  - Libcurl will reuse connections
[2015.07.30-07.09.31:959][  0]LogInit:  - CertBundlePath = nullptr  - Libcurl will use whatever was configured at build time.
[2015.07.30-07.09.31:971][  0]LogOnline:Warning: No default platform service specified for OnlineSubsystem
[2015.07.30-07.09.31:986][  0]LogInit: Presizing for 0 objects not considered by GC, pre-allocating 0 bytes.
[2015.07.30-07.09.31:993][  0]LogInit: Object subsystem initialized
[2015.07.30-07.09.31:994][  0]LogConsoleResponse:Warning: Skipping Unknown console variable: 'TranslucentSortAxis = (X=0.000000,Y=-1.000000,Z=0.000000)'
[2015.07.30-07.09.31:994][  0]LogConsoleResponse:Warning:   Found in ini file 'D:/Workspace/Code/BitBucket/SaveMe/Saved/Config/Windows/Engine.ini', in section '[/Script/Engine.RendererSettings]'
[2015.07.30-07.09.31:994][  0]LogConsoleResponse:Warning: Skipping Unknown console variable: 'UIScaleRule = ShortestSide'
[2015.07.30-07.09.31:994][  0]LogConsoleResponse:Warning:   Found in ini file 'D:/Workspace/Code/BitBucket/SaveMe/Saved/Config/Windows/Engine.ini', in section '[/Script/Engine.RendererSettings]'
[2015.07.30-07.09.31:994][  0]LogConsoleResponse:Warning: Skipping Unknown console variable: 'UIScaleCurve = (EditorCurveData=(Keys=),ExternalCurve=None)'
[2015.07.30-07.09.31:994][  0]LogConsoleResponse:Warning:   Found in ini file 'D:/Workspace/Code/BitBucket/SaveMe/Saved/Config/Windows/Engine.ini', in section '[/Script/Engine.RendererSettings]'
[2015.07.30-07.09.31:995][  0]LogInit: Selected Device Profile: [Windows]
[2015.07.30-07.09.31:995][  0]LogInit: Applying CVar settings loaded from the selected device profile: [Windows]
[2015.07.30-07.09.32:003][  0]LogInit: Computer: SLB-H7VRKQ1
[2015.07.30-07.09.32:003][  0]LogInit: User: ALorente
[2015.07.30-07.09.32:003][  0]LogInit: CPU Page size=4096, Cores=2
[2015.07.30-07.09.32:003][  0]LogInit: High frequency timer resolution =2.630791 MHz
[2015.07.30-07.09.32:003][  0]LogMemory: Memory total: Physical=8.0GB (8GB approx)
[2015.07.30-07.09.32:003][  0]LogMemory: Platform Memory Stats for Windows
[2015.07.30-07.09.32:003][  0]LogMemory: Process Physical Memory: 49.06 MB used, 49.06 MB peak
[2015.07.30-07.09.32:003][  0]LogMemory: Process Virtual Memory: 23.23 MB used, 23.23 MB peak
[2015.07.30-07.09.32:003][  0]LogMemory: Physical Memory: 3622.60 MB used, 8148.89 MB total
[2015.07.30-07.09.32:003][  0]LogMemory: Virtual Memory: 283.23 MB used, 8388608.00 MB total
[2015.07.30-07.09.32:035][  0]LogTextLocalizationManager: The requested culture ('en_US') has no localization data; parent culture's ('en') localization data will be used.
[2015.07.30-07.09.32:251][  0]LogTextLocalizationManager:Warning: Loaded localization resources contain conflicting entries for (Namespace:ContentBrowser, Key:ImportAssetToolTip):
Localization Resource: (C:/Program Files/Epic Games/4.8/Engine/Content/Localization/Editor/en/Editor.locres) Source String Hash: (-630476809) Localized String: (Import to {0}...)
Localization Resource: (C:/Program Files/Epic Games/4.8/Engine/Content/Localization/Editor/en/Editor.locres) Source String Hash: (1271782899) Localized String: (Imports an asset from file to this folder.)
[2015.07.30-07.09.32:749][  0]LogD3D11RHI: Found D3D11 adapter 0: NVIDIA Quadro 2000M (Feature Level 11_0)
[2015.07.30-07.09.32:749][  0]LogD3D11RHI: Adapter has 1999MB of dedicated video memory, 0MB of dedicated system memory, and 3818MB of shared system memory, 2 output[s]
[2015.07.30-07.09.32:749][  0]LogD3D11RHI: Chosen D3D11 Adapter Id = 0
[2015.07.30-07.09.32:754][  0]LogD3D11RHI: InitD3DDevice
[2015.07.30-07.09.32:755][  0]LogD3D11RHI: !Direct3DDevice
[2015.07.30-07.09.32:755][  0]LogRHI: Texture pool is 1361 MB (70% of 1945 MB)
[2015.07.30-07.09.32:765][  0]LogD3D11RHI: Async texture creation enabled
[2015.07.30-07.09.32:773][  0]LogShaderCompilers:Display: Using Local Shader Compiler.
[2015.07.30-07.09.33:652][  0]LogTemp:Display: Loaded TP DesktopTargetPlatform
[2015.07.30-07.09.33:668][  0]LogTemp:Display: Loaded TP WindowsClientTargetPlatform
[2015.07.30-07.09.33:683][  0]LogTemp:Display: Loaded TP WindowsNoEditorTargetPlatform
[2015.07.30-07.09.33:698][  0]LogTemp:Display: Loaded TP WindowsServerTargetPlatform
[2015.07.30-07.09.33:716][  0]LogTemp:Display: Loaded TP WindowsTargetPlatform
[2015.07.30-07.09.33:730][  0]LogTemp:Display: Loaded TP AndroidTargetPlatform
[2015.07.30-07.09.33:742][  0]LogTemp:Display: Loaded TP Android_ASTCTargetPlatform
[2015.07.30-07.09.33:756][  0]LogTemp:Display: Loaded TP Android_ATCTargetPlatform
[2015.07.30-07.09.33:769][  0]LogTemp:Display: Loaded TP Android_DXTTargetPlatform
[2015.07.30-07.09.33:782][  0]LogTemp:Display: Loaded TP Android_ETC1TargetPlatform
[2015.07.30-07.09.33:795][  0]LogTemp:Display: Loaded TP Android_ETC2TargetPlatform
[2015.07.30-07.09.33:808][  0]LogTemp:Display: Loaded TP Android_PVRTCTargetPlatform
[2015.07.30-07.09.33:859][  0]LogTemp:Display: Loaded TP IOSTargetPlatform
[2015.07.30-07.09.33:872][  0]LogTemp:Display: Loaded TP LinuxNoEditorTargetPlatform
[2015.07.30-07.09.33:885][  0]LogTemp:Display: Loaded TP LinuxServerTargetPlatform
[2015.07.30-07.09.33:900][  0]LogTemp:Display: Loaded TP LinuxTargetPlatform
[2015.07.30-07.09.33:900][  0]LogTargetPlatformManager:Display: Building Assets For Windows
[2015.07.30-07.09.34:115][  0]LogDerivedDataCache:Display: Max Cache Size: 512 MB
[2015.07.30-07.09.34:166][  0]LogDerivedDataCache: Loaded boot cache 0.05s 53MB C:/Users/ALorente/AppData/Local/UnrealEngine/4.8/DerivedDataCache/Boot.ddc.
[2015.07.30-07.09.34:166][  0]LogDerivedDataCache:Display: Loaded Boot cache: C:/Users/ALorente/AppData/Local/UnrealEngine/4.8/DerivedDataCache/Boot.ddc
[2015.07.30-07.09.34:166][  0]LogDerivedDataCache: FDerivedDataBackendGraph:  Pak pak cache file D:/Workspace/Code/BitBucket/SaveMe/DerivedDataCache/DDC.ddp not found, will not use a pak cache.
[2015.07.30-07.09.34:166][  0]LogDerivedDataCache: Unable to find inner node Pak for hierarchical cache Hierarchy.
[2015.07.30-07.09.34:166][  0]LogDerivedDataCache: FDerivedDataBackendGraph:  CompressedPak pak cache file D:/Workspace/Code/BitBucket/SaveMe/DerivedDataCache/Compressed.ddp not found, will not use a pak cache.
[2015.07.30-07.09.34:166][  0]LogDerivedDataCache: Unable to find inner node CompressedPak for hierarchical cache Hierarchy.
[2015.07.30-07.09.34:339][  0]LogDerivedDataCache:Display: Pak cache opened for reading ../../../Engine/DerivedDataCache/Compressed.ddp.
[2015.07.30-07.09.34:350][  0]LogDerivedDataCache: Using Local data cache path C:/Users/ALorente/AppData/Local/UnrealEngine/Common/DerivedDataCache: Writable
[2015.07.30-07.09.34:598][  0]LogInit: Selected Device Profile: [Windows]
[2015.07.30-07.09.34:606][  0]ImportText (ComponentSweepMultiTests): Missing closing parenthesis: (RootShapeAsset="/Engine/BasicShapes/Cube.Cube",ShapeType="TriggerCapsule",HitResult=(Time=0.50,Location=(X=-100.000015,Y=0.0,Z=100.000015),ImpactPoint=(X=-50.0,Y=0.0,Z=50.0),Normal=(X=-1.0,Y=-0.0,Z=0.0),ImpactNormal=(X=0.0,Y=0.0,Z=1.0),TraceStart=(X=-200.0,Y=0.0,Z=200.0),TraceEnd=(X=0.0,Y=0.0,Z=0.0))
[2015.07.30-07.09.34:606][  0]ImportText (LineTraceSingleByChannelTests): Missing closing parenthesis: (RootShapeAsset="/Engine/BasicShapes/Cube.Cube",HitResult=(Time=0.50,Location=(X=-100.000015,Y=0.0,Z=100.000015),ImpactPoint=(X=-50.0,Y=0.0,Z=50.0),Normal=(X=-1.0,Y=-0.0,Z=0.0),ImpactNormal=(X=0.0,Y=0.0,Z=1.0),TraceStart=(X=-200.0,Y=0.0,Z=200.0),TraceEnd=(X=0.0,Y=0.0,Z=0.0))
[2015.07.30-07.09.34:635][  0]LogMeshUtilities: No automatic mesh reduction module available
[2015.07.30-07.09.34:635][  0]LogMeshUtilities: No automatic mesh merging module available
[2015.07.30-07.09.35:118][  0]LogInit: WinSock: version 1.1 (2.2), MaxSocks=32767, MaxUdp=65467
[2015.07.30-07.09.36:171][  0]UdpMessaging: Initializing bridge on interface 0.0.0.0:0 to multicast group 230.0.0.1:6666.
[2015.07.30-07.09.36:545][  0]SourceControl: Info Source control is disabled
[2015.07.30-07.09.36:571][  0]SourceControl: Info Source control is disabled
[2015.07.30-07.09.36:582][  0]SourceControl: Info Source control is disabled
[2015.07.30-07.09.36:592][  0]SourceControl: Info Source control is disabled
[2015.07.30-07.09.36:839][  0]LogObj: 26273 objects as part of root set at end of initial load.
[2015.07.30-07.09.36:839][  0]LogUObjectAllocator: 5409248 out of 0 bytes used by permanent object pool.
[2015.07.30-07.09.36:915][  0]LogEngine: Initializing Engine...
[2015.07.30-07.09.36:917][  0]LogHMD: Can't find Oculus library dev build: is proper Runtime installed? Version: 0.6.0.0
[2015.07.30-07.09.36:918][  0]LogHMD:Warning: SteamVR failed to initialize.  Error: 110
[2015.07.30-07.09.37:088][  0]LogAIModule: Creating AISystem for world NewWorld
[2015.07.30-07.09.37:092][  0]LogInit: XAudio2 using 'Speakers / Headphones (IDT High Definition Audio CODEC)' : 2 channels at 48 kHz using 16 bits per sample (channel mask 0x3)
[2015.07.30-07.09.37:099][  0]LogInit: FAudioDevice initialized.
[2015.07.30-07.09.37:125][  0]LogDerivedDataCache: Saved boot cache 0.03s 53MB C:/Users/ALorente/AppData/Local/UnrealEngine/4.8/DerivedDataCache/Boot.ddc.
[2015.07.30-07.09.37:133][  0]LogInit: Texture streaming: Disabled
[2015.07.30-07.09.37:158][  0]LogAnalytics: Creating configured Analytics provider AnalyticsET
[2015.07.30-07.09.37:158][  0]LogAnalytics: [UEEditor.Rocket.Release] APIServer = http://et2.epicgames.com/ET2/. AppVersion = 4.8.3-2634408+++depot+UE4-Releases+4.8
[2015.07.30-07.09.37:158][  0]LogAnalytics: [UEEditor.Rocket.Release] SetUserId d64b808f4af5ec925fa497bbc1d7337b|81643a0ffa4546099291d92070e6ccbc|952f4c26-71e8-47b2-8a9a-557a0707c735
[2015.07.30-07.09.37:158][  0]LogAnalytics: [UEEditor.Rocket.Release] AnalyticsET::StartSession
[2015.07.30-07.09.37:204][  0]LogInit: Transaction tracking system initialized
[2015.07.30-07.09.37:361][  0]BlueprintLog: New page: Editor Load
[2015.07.30-07.09.37:407][  0]LogAssetRegistry: FAssetRegistry took 0.0101 seconds to start up
[2015.07.30-07.09.37:408][  0]LogDirectoryWatcher:Warning: Failed to begin reading directory changes for ../../../Engine/Plugins/Experimental/CharacterAI/Content/. Error: 0
[2015.07.30-07.09.38:400][  0]LogConsoleManager:Warning: Console variable 'r.VSync' wasn't set ('GameSetting' has a lower priority than 'SystemSettingsIni')
[2015.07.30-07.09.38:401][  0]LogConsoleResponse:Display: 
[2015.07.30-07.09.38:554][  0]LogCook:Display: Done creating registry. It took  0.00s.
[2015.07.30-07.09.38:830][  0]SourceControl: Info Source control is disabled
[2015.07.30-07.09.38:830][  0]Cmd: MAP LOAD FILE="D:/Workspace/Code/BitBucket/SaveMe/Content/Maps/Menu.umap" TEMPLATE=0 SHOWPROGRESS=1 FEATURELEVEL=3
[2015.07.30-07.09.38:831][  0]LightingResults: New page: Lighting Build
[2015.07.30-07.09.38:849][  0]MapCheck: New page: Map Check
[2015.07.30-07.09.38:849][  0]LightingResults: New page: Lighting Build
[2015.07.30-07.09.38:871][  0]LogParticles: Destroying 0 GPU particle simulations for FXSystem 0x000000001C9DC9A0
[2015.07.30-07.09.39:081][  0]LogAIModule: Creating AISystem for world Menu
[2015.07.30-07.09.39:084][  0]LogEditorServer: Finished looking for orphan Actors (0.000 secs)
[2015.07.30-07.09.39:085][  0]Cmd: MAP CHECKDEP NOCLEARLOG
[2015.07.30-07.09.39:132][  0]MapCheck: Info Map check complete: 0 Error(s), 0 Warning(s), took 46.318ms to complete.
[2015.07.30-07.09.39:132][  0]LogFileHelpers: Loading map 'Menu' took 0.301
[2015.07.30-07.09.39:266][  0]LogCollectionManager: Loaded 0 collections in 0.003081 seconds
[2015.07.30-07.09.39:279][  0]LogContentBrowser: Native class hierarchy populated in 0.0127 seconds. Added 1792 classes and 301 folders.
[2015.07.30-07.09.39:343][  0]LogContentBrowser: Native class hierarchy updated for 'WidgetCarousel' in 0.0005 seconds. Added 0 classes and 0 folders.
[2015.07.30-07.09.39:374][  0]LogContentBrowser: Native class hierarchy updated for 'AddContentDialog' in 0.0003 seconds. Added 0 classes and 0 folders.
[2015.07.30-07.09.39:395][  0]LogContentBrowser: Native class hierarchy updated for 'SceneOutliner' in 0.0005 seconds. Added 1 classes and 2 folders.
[2015.07.30-07.09.39:433][  0]LogCrashTracker: Crashtracker disabled due to settings.
[2015.07.30-07.09.39:434][  0]LogD3D11RHI: InitD3DDevice
[2015.07.30-07.09.39:438][  0]LogUObjectGlobals:Warning: Failed to find object 'Class None.'
[2015.07.30-07.09.39:459][  0]LogLoad: Full Startup: 9.39 seconds (BP compile: 0.21 seconds)
[2015.07.30-07.09.39:543][  0]LogContentStreaming: Texture pool size is 0.000000MB
[2015.07.30-07.09.39:577][  0]LogContentStreaming: Texture pool size now 400 MB
[2015.07.30-07.09.39:707][  0]LogRenderer: Reallocating scene render targets to support 1056x584 (Frame:2).
[2015.07.30-07.09.39:987][  6]LogAssetRegistry: Asset discovery search completed in 2.5895 seconds
[2015.07.30-07.15.09:422][754]LogD3D11RHI: InitD3DDevice
[2015.07.30-07.15.09:826][758]LogD3D11RHI: InitD3DDevice
[2015.07.30-07.15.09:915][758]LogAIModule: Creating AISystem for world Level1
[2015.07.30-07.15.09:986][758]Cmd: MAP LOAD FILE="D:/Workspace/Code/BitBucket/SaveMe/Content/Maps/Level1.umap" TEMPLATE=0 SHOWPROGRESS=1 FEATURELEVEL=3
[2015.07.30-07.15.09:986][758]LightingResults: New page: Lighting Build
[2015.07.30-07.15.10:004][758]LoadErrors: New page: Loading map: Level1.umap
[2015.07.30-07.15.10:005][758]MapCheck: New page: Map Check
[2015.07.30-07.15.10:005][758]LightingResults: New page: Lighting Build
[2015.07.30-07.15.10:022][758]LogParticles: Destroying 0 GPU particle simulations for FXSystem 0x000000000C068EA0
[2015.07.30-07.15.10:152][758]LogAIModule: Creating AISystem for world Level1
[2015.07.30-07.15.10:153][758]LogEditorServer: Finished looking for orphan Actors (0.000 secs)
[2015.07.30-07.15.10:179][758]Cmd: MAP CHECKDEP NOCLEARLOG
[2015.07.30-07.15.10:215][758]MapCheck: Info Map check complete: 0 Error(s), 0 Warning(s), took 35.829ms to complete.
[2015.07.30-07.15.10:215][758]LogFileHelpers: Loading map 'Level1' took 0.230
[2015.07.30-07.15.11:741][849]LogD3D11RHI: InitD3DDevice
[2015.07.30-07.15.13:201][936]BlueprintLog: New page: Pre-PIE auto-recompile
[2015.07.30-07.15.13:201][936]LogPlayLevel: [PIE] Compiling Level1 before PIE...
[2015.07.30-07.15.13:282][936]LogPlayLevel: PIE:  Blueprint regeneration took 81 ms (1 blueprints)
[2015.07.30-07.15.13:285][936]PIE: New page: SIE session: Level1 (Jul 30, 2015, 11:15:13 AM)
[2015.07.30-07.15.13:285][936]LogPlayLevel: Creating play world package: /Game/Maps/UEDPIE_0_Level1
[2015.07.30-07.15.13:288][936]LogPlayLevel: PIE: StaticDuplicateObject took: (0.002976s)
[2015.07.30-07.15.13:288][936]LogAIModule: Creating AISystem for world Level1
[2015.07.30-07.15.13:289][936]LogPlayLevel: PIE: World Init took: (0.001060s)
[2015.07.30-07.15.13:289][936]LogPlayLevel: PIE: Created PIE world by copying editor world from /Game/Maps/Level1.Level1 to /Game/Maps/UEDPIE_0_Level1.Level1 (0.004213s)
[2015.07.30-07.15.13:316][936]LogInit: XAudio2 using 'Speakers / Headphones (IDT High Definition Audio CODEC)' : 2 channels at 48 kHz using 16 bits per sample (channel mask 0x3)
[2015.07.30-07.15.13:321][936]LogInit: FAudioDevice initialized.
[2015.07.30-07.15.13:365][936]LogWorld: Game class is 'GameMode'
[2015.07.30-07.15.13:369][936]LogWorld: Bringing World /Game/Maps/UEDPIE_0_Level1.Level1 up for play (max tick rate 60) at 2015.07.30-09.15.13
[2015.07.30-07.15.13:369][936]LogActor:Warning: GameSession /Game/Maps/UEDPIE_0_Level1.Level1:PersistentLevel.GameSession_0 has natively added scene component(s), but none of them were set as the actor's RootComponent - picking one arbitrarily
[2015.07.30-07.15.13:369][936]LogActor:Warning: GameNetworkManager /Game/Maps/UEDPIE_0_Level1.Level1:PersistentLevel.GameNetworkManager_0 has natively added scene component(s), but none of them were set as the actor's RootComponent - picking one arbitrarily
[2015.07.30-07.15.13:370][936]LogWorld: Bringing up level for play took: 0.003230
[2015.07.30-07.15.13:372][936]PIE: Info Play in editor start time for /Game/Maps/UEDPIE_0_Level1 -0.742
[2015.07.30-07.15.14:886][ 23]LogParticles: Destroying 0 GPU particle simulations for FXSystem 0x000000000E0F7240
[2015.07.30-07.15.23:007][509]LogD3D11RHI: InitD3DDevice
[2015.07.30-07.15.23:703][549]LogD3D11RHI: InitD3DDevice
[2015.07.30-07.15.25:760][670]LogD3D11RHI: InitD3DDevice
[2015.07.30-07.16.27:897][334]LogD3D11RHI: InitD3DDevice
[2015.07.30-07.16.28:029][341]LogD3D11RHI: InitD3DDevice
[2015.07.30-07.16.34:940][753]LogD3D11RHI: InitD3DDevice
[2015.07.30-07.16.35:003][753]Cmd: OBJ SAVEPACKAGE PACKAGE="/Game/Maps/Level2" FILE="D:/Workspace/Code/BitBucket/SaveMe/Content/Maps/Level2.umap" SILENT=true AUTOSAVING=false KEEPDIRTY=false
[2015.07.30-07.16.35:035][753]LogSavePackage: Save=7.832245ms
[2015.07.30-07.16.35:035][753]LogSavePackage: Moving 'D:/Workspace/Code/BitBucket/SaveMe/Saved/Level23A9BB0D44360D4E960B53BA5C3521C60.tmp' to 'D:/Workspace/Code/BitBucket/SaveMe/Content/Maps/Level2.umap'
[2015.07.30-07.16.35:037][753]LogFileHelpers: Saving map 'Level2' took 0.075
[2015.07.30-07.16.35:773][797]LogD3D11RHI: InitD3DDevice
[2015.07.30-07.16.35:817][797]Cmd: MAP LOAD FILE="D:/Workspace/Code/BitBucket/SaveMe/Content/Maps/Level2.umap" TEMPLATE=0 SHOWPROGRESS=1 FEATURELEVEL=3
[2015.07.30-07.16.35:817][797]LightingResults: New page: Lighting Build
[2015.07.30-07.16.35:837][797]LoadErrors: New page: Loading map: Level2.umap
[2015.07.30-07.16.35:837][797]MapCheck: New page: Map Check
[2015.07.30-07.16.35:837][797]LightingResults: New page: Lighting Build
[2015.07.30-07.16.35:863][797]LogParticles: Destroying 0 GPU particle simulations for FXSystem 0x000000000E4D25C0
[2015.07.30-07.16.35:904][797]LogParticles: Destroying 0 GPU particle simulations for FXSystem 0x000000000E35CC20
[2015.07.30-07.16.35:914][797]LogAIModule: Creating AISystem for world Level2
[2015.07.30-07.16.35:915][797]LogEditorServer: Finished looking for orphan Actors (0.000 secs)
[2015.07.30-07.16.35:942][797]Cmd: MAP CHECKDEP NOCLEARLOG
[2015.07.30-07.16.35:979][797]MapCheck: Info Map check complete: 0 Error(s), 0 Warning(s), took 36.345ms to complete.
[2015.07.30-07.16.35:979][797]LogFileHelpers: Loading map 'Level2' took 0.164
[2015.07.30-07.16.36:694][840]LogD3D11RHI: InitD3DDevice
[2015.07.30-07.16.36:790][840]LogAIModule: Creating AISystem for world Level1
[2015.07.30-07.16.36:831][840]Cmd: MAP LOAD FILE="D:/Workspace/Code/BitBucket/SaveMe/Content/Maps/Level1.umap" TEMPLATE=0 SHOWPROGRESS=1 FEATURELEVEL=3
[2015.07.30-07.16.36:831][840]LightingResults: New page: Lighting Build
[2015.07.30-07.16.36:850][840]LoadErrors: New page: Loading map: Level1.umap
[2015.07.30-07.16.36:850][840]MapCheck: New page: Map Check
[2015.07.30-07.16.36:850][840]LightingResults: New page: Lighting Build
[2015.07.30-07.16.36:866][840]LogParticles: Destroying 0 GPU particle simulations for FXSystem 0x000000000E4D1C60
[2015.07.30-07.16.36:994][840]LogAIModule: Creating AISystem for world Level1
[2015.07.30-07.16.36:998][840]LogEditorServer: Finished looking for orphan Actors (0.000 secs)
[2015.07.30-07.16.37:025][840]Cmd: MAP CHECKDEP NOCLEARLOG
[2015.07.30-07.16.37:062][840]MapCheck: Info Map check complete: 0 Error(s), 0 Warning(s), took 37.383ms to complete.
[2015.07.30-07.16.37:062][840]LogFileHelpers: Loading map 'Level1' took 0.232
[2015.07.30-07.16.40:690][ 54]Cmd: EDIT COPY
[2015.07.30-07.16.41:494][102]LogD3D11RHI: InitD3DDevice
[2015.07.30-07.16.41:504][102]LogAIModule: Creating AISystem for world Level2
[2015.07.30-07.16.41:544][102]Cmd: MAP LOAD FILE="D:/Workspace/Code/BitBucket/SaveMe/Content/Maps/Level2.umap" TEMPLATE=0 SHOWPROGRESS=1 FEATURELEVEL=3
[2015.07.30-07.16.41:544][102]LightingResults: New page: Lighting Build
[2015.07.30-07.16.41:562][102]LoadErrors: New page: Loading map: Level2.umap
[2015.07.30-07.16.41:563][102]MapCheck: New page: Map Check
[2015.07.30-07.16.41:563][102]LightingResults: New page: Lighting Build
[2015.07.30-07.16.41:589][102]LogParticles: Destroying 0 GPU particle simulations for FXSystem 0x000000000E288B80
[2015.07.30-07.16.41:639][102]LogAIModule: Creating AISystem for world Level2
[2015.07.30-07.16.41:639][102]LogEditorServer: Finished looking for orphan Actors (0.000 secs)
[2015.07.30-07.16.41:665][102]Cmd: MAP CHECKDEP NOCLEARLOG
[2015.07.30-07.16.41:701][102]MapCheck: Info Map check complete: 0 Error(s), 0 Warning(s), took 36.632ms to complete.
[2015.07.30-07.16.41:701][102]LogFileHelpers: Loading map 'Level2' took 0.158
[2015.07.30-07.16.42:702][162]Cmd: EDIT PASTE
[2015.07.30-07.16.42:743][162]LogNavigationPoint: PostEditMove Clear paths rebuilt
[2015.07.30-07.16.45:235][302]LogAIModule: Creating AISystem for world Level1
[2015.07.30-07.16.45:275][302]LogD3D11RHI: InitD3DDevice
[2015.07.30-07.16.47:838][302]LogD3D11RHI: InitD3DDevice
[2015.07.30-07.16.47:865][302]LogD3D11RHI: InitD3DDevice
[2015.07.30-07.16.47:894][302]LogD3D11RHI: InitD3DDevice
[2015.07.30-07.16.48:738][347]LogD3D11RHI: InitD3DDevice
[2015.07.30-07.16.49:351][382]LogD3D11RHI: InitD3DDevice
[2015.07.30-07.16.51:996][539]LogD3D11RHI: InitD3DDevice
[2015.07.30-07.16.52:017][539]LogD3D11RHI: InitD3DDevice
[2015.07.30-07.16.52:051][539]LogD3D11RHI: InitD3DDevice
[2015.07.30-07.16.52:112][539]Cmd: OBJ SAVEPACKAGE PACKAGE="/Game/Maps/Level1" FILE="D:/Workspace/Code/BitBucket/SaveMe/Content/Maps/Level1.umap" SILENT=true AUTOSAVING=false KEEPDIRTY=false
[2015.07.30-07.16.52:149][539]LogSavePackage: Save=11.923410ms
[2015.07.30-07.16.52:149][539]LogSavePackage: Moving 'D:/Workspace/Code/BitBucket/SaveMe/Saved/Level185816D7B43CBF83F92FE9F92C7AB950B.tmp' to 'D:/Workspace/Code/BitBucket/SaveMe/Content/Maps/Level1.umap'
[2015.07.30-07.16.52:174][539]LogFileHelpers: Saving map 'Level1' took 0.100
[2015.07.30-07.16.52:181][539]LogD3D11RHI: InitD3DDevice
[2015.07.30-07.16.52:215][539]LogD3D11RHI: InitD3DDevice
[2015.07.30-07.16.55:557][730]LogPlayLevel: PIE:  No blueprints needed recompiling
[2015.07.30-07.16.55:557][730]PIE: New page: SIE session: Level1 (Jul 30, 2015, 11:16:55 AM)
[2015.07.30-07.16.55:558][730]LogPlayLevel: Creating play world package: /Game/Maps/UEDPIE_0_Level1
[2015.07.30-07.16.55:559][730]LogPlayLevel: PIE: StaticDuplicateObject took: (0.001307s)
[2015.07.30-07.16.55:561][730]LogAIModule: Creating AISystem for world Level1
[2015.07.30-07.16.55:561][730]LogPlayLevel: PIE: World Init took: (0.002267s)
[2015.07.30-07.16.55:561][730]LogPlayLevel: PIE: Created PIE world by copying editor world from /Game/Maps/Level1.Level1 to /Game/Maps/UEDPIE_0_Level1.Level1 (0.003757s)
[2015.07.30-07.16.55:585][730]LogSelection:Warning: PIE object was selected: "PlayerStart /Game/Maps/UEDPIE_0_Level1.Level1:PersistentLevel.PlayerStart_1"
[2015.07.30-07.16.55:585][730]LogSelection:Warning: PIE object was selected: "PaperSpriteActor /Game/Maps/UEDPIE_0_Level1.Level1:PersistentLevel.boxEmpty_Sprite15"
[2015.07.30-07.16.55:585][730]LogSelection:Warning: PIE object was selected: "PaperSpriteActor /Game/Maps/UEDPIE_0_Level1.Level1:PersistentLevel.boxEmpty_Sprite14"
[2015.07.30-07.16.55:585][730]LogSelection:Warning: PIE object was selected: "PaperSpriteActor /Game/Maps/UEDPIE_0_Level1.Level1:PersistentLevel.boxEmpty_Sprite13"
[2015.07.30-07.16.55:585][730]LogSelection:Warning: PIE object was selected: "PaperSpriteActor /Game/Maps/UEDPIE_0_Level1.Level1:PersistentLevel.boxEmpty_Sprite12"
[2015.07.30-07.16.55:585][730]LogSelection:Warning: PIE object was selected: "PaperSpriteActor /Game/Maps/UEDPIE_0_Level1.Level1:PersistentLevel.boxEmpty_Sprite11"
[2015.07.30-07.16.55:585][730]LogSelection:Warning: PIE object was selected: "PaperSpriteActor /Game/Maps/UEDPIE_0_Level1.Level1:PersistentLevel.boxEmpty_Sprite10"
[2015.07.30-07.16.55:585][730]LogSelection:Warning: PIE object was selected: "PaperSpriteActor /Game/Maps/UEDPIE_0_Level1.Level1:PersistentLevel.boxEmpty_Sprite9"
[2015.07.30-07.16.55:586][730]LogSelection:Warning: PIE object was selected: "PaperSpriteActor /Game/Maps/UEDPIE_0_Level1.Level1:PersistentLevel.boxEmpty_Sprite8"
[2015.07.30-07.16.55:586][730]LogSelection:Warning: PIE object was selected: "PaperSpriteActor /Game/Maps/UEDPIE_0_Level1.Level1:PersistentLevel.boxEmpty_Sprite7"
[2015.07.30-07.16.55:586][730]LogSelection:Warning: PIE object was selected: "PaperSpriteActor /Game/Maps/UEDPIE_0_Level1.Level1:PersistentLevel.boxEmpty_Sprite6"
[2015.07.30-07.16.55:586][730]LogSelection:Warning: PIE object was selected: "PaperSpriteActor /Game/Maps/UEDPIE_0_Level1.Level1:PersistentLevel.boxEmpty_Sprite5"
[2015.07.30-07.16.55:586][730]LogSelection:Warning: PIE object was selected: "PaperSpriteActor /Game/Maps/UEDPIE_0_Level1.Level1:PersistentLevel.boxEmpty_Sprite4"
[2015.07.30-07.16.55:586][730]LogSelection:Warning: PIE object was selected: "PaperSpriteActor /Game/Maps/UEDPIE_0_Level1.Level1:PersistentLevel.boxEmpty_Sprite3"
[2015.07.30-07.16.55:586][730]LogSelection:Warning: PIE object was selected: "PaperSpriteActor /Game/Maps/UEDPIE_0_Level1.Level1:PersistentLevel.boxEmpty_Sprite2"
[2015.07.30-07.16.55:586][730]LogSelection:Warning: PIE object was selected: "PaperSpriteActor /Game/Maps/UEDPIE_0_Level1.Level1:PersistentLevel.boxEmpty_Sprite_2"
[2015.07.30-07.16.55:586][730]LogSelection:Warning: PIE object was selected: "PaperSpriteActor /Game/Maps/UEDPIE_0_Level1.Level1:PersistentLevel.bg_castle_Sprite_2"
[2015.07.30-07.16.55:589][730]LogInit: XAudio2 using 'Speakers / Headphones (IDT High Definition Audio CODEC)' : 2 channels at 48 kHz using 16 bits per sample (channel mask 0x3)
[2015.07.30-07.16.55:594][730]LogInit: FAudioDevice initialized.
[2015.07.30-07.16.55:626][730]LogWorld: Game class is 'GameMode'
[2015.07.30-07.16.55:630][730]LogWorld: Bringing World /Game/Maps/UEDPIE_0_Level1.Level1 up for play (max tick rate 60) at 2015.07.30-09.16.55
[2015.07.30-07.16.55:630][730]LogActor:Warning: GameSession /Game/Maps/UEDPIE_0_Level1.Level1:PersistentLevel.GameSession_1 has natively added scene component(s), but none of them were set as the actor's RootComponent - picking one arbitrarily
[2015.07.30-07.16.55:630][730]LogActor:Warning: GameNetworkManager /Game/Maps/UEDPIE_0_Level1.Level1:PersistentLevel.GameNetworkManager_1 has natively added scene component(s), but none of them were set as the actor's RootComponent - picking one arbitrarily
[2015.07.30-07.16.55:630][730]LogWorld: Bringing up level for play took: 0.003079
[2015.07.30-07.16.55:632][730]PIE: Info Play in editor start time for /Game/Maps/UEDPIE_0_Level1 -0.49
[2015.07.30-07.16.55:638][730]LogSelection:Warning: PIE object was selected: "PlayerStart /Game/Maps/UEDPIE_0_Level1.Level1:PersistentLevel.PlayerStart_1"
[2015.07.30-07.16.55:638][730]LogSelection:Warning: PIE object was selected: "PaperSpriteActor /Game/Maps/UEDPIE_0_Level1.Level1:PersistentLevel.boxEmpty_Sprite15"
[2015.07.30-07.16.55:638][730]LogSelection:Warning: PIE object was selected: "PaperSpriteActor /Game/Maps/UEDPIE_0_Level1.Level1:PersistentLevel.boxEmpty_Sprite14"
[2015.07.30-07.16.55:638][730]LogSelection:Warning: PIE object was selected: "PaperSpriteActor /Game/Maps/UEDPIE_0_Level1.Level1:PersistentLevel.boxEmpty_Sprite13"
[2015.07.30-07.16.55:638][730]LogSelection:Warning: PIE object was selected: "PaperSpriteActor /Game/Maps/UEDPIE_0_Level1.Level1:PersistentLevel.boxEmpty_Sprite12"
[2015.07.30-07.16.55:638][730]LogSelection:Warning: PIE object was selected: "PaperSpriteActor /Game/Maps/UEDPIE_0_Level1.Level1:PersistentLevel.boxEmpty_Sprite11"
[2015.07.30-07.16.55:638][730]LogSelection:Warning: PIE object was selected: "PaperSpriteActor /Game/Maps/UEDPIE_0_Level1.Level1:PersistentLevel.boxEmpty_Sprite10"
[2015.07.30-07.16.55:638][730]LogSelection:Warning: PIE object was selected: "PaperSpriteActor /Game/Maps/UEDPIE_0_Level1.Level1:PersistentLevel.boxEmpty_Sprite9"
[2015.07.30-07.16.55:638][730]LogSelection:Warning: PIE object was selected: "PaperSpriteActor /Game/Maps/UEDPIE_0_Level1.Level1:PersistentLevel.boxEmpty_Sprite8"
[2015.07.30-07.16.55:638][730]LogSelection:Warning: PIE object was selected: "PaperSpriteActor /Game/Maps/UEDPIE_0_Level1.Level1:PersistentLevel.boxEmpty_Sprite7"
[2015.07.30-07.16.55:638][730]LogSelection:Warning: PIE object was selected: "PaperSpriteActor /Game/Maps/UEDPIE_0_Level1.Level1:PersistentLevel.boxEmpty_Sprite6"
[2015.07.30-07.16.55:638][730]LogSelection:Warning: PIE object was selected: "PaperSpriteActor /Game/Maps/UEDPIE_0_Level1.Level1:PersistentLevel.boxEmpty_Sprite5"
[2015.07.30-07.16.55:638][730]LogSelection:Warning: PIE object was selected: "PaperSpriteActor /Game/Maps/UEDPIE_0_Level1.Level1:PersistentLevel.boxEmpty_Sprite4"
[2015.07.30-07.16.55:638][730]LogSelection:Warning: PIE object was selected: "PaperSpriteActor /Game/Maps/UEDPIE_0_Level1.Level1:PersistentLevel.boxEmpty_Sprite3"
[2015.07.30-07.16.55:638][730]LogSelection:Warning: PIE object was selected: "PaperSpriteActor /Game/Maps/UEDPIE_0_Level1.Level1:PersistentLevel.boxEmpty_Sprite2"
[2015.07.30-07.16.55:638][730]LogSelection:Warning: PIE object was selected: "PaperSpriteActor /Game/Maps/UEDPIE_0_Level1.Level1:PersistentLevel.boxEmpty_Sprite_2"
[2015.07.30-07.16.55:638][730]LogSelection:Warning: PIE object was selected: "PaperSpriteActor /Game/Maps/UEDPIE_0_Level1.Level1:PersistentLevel.bg_castle_Sprite_2"
[2015.07.30-07.17.01:005][ 48]LogAIModule: Creating AISystem for world Menu
[2015.07.30-07.17.01:046][ 48]LogD3D11RHI: InitD3DDevice
[2015.07.30-07.17.03:408][ 48]LogParticles: Destroying 0 GPU particle simulations for FXSystem 0x0000000014E20D60
[2015.07.30-07.17.03:408][ 48]Cmd: MAP LOAD FILE="D:/Workspace/Code/BitBucket/SaveMe/Content/Maps/Menu.umap" TEMPLATE=0 SHOWPROGRESS=1 FEATURELEVEL=3
[2015.07.30-07.17.03:411][ 48]LogD3D11RHI: InitD3DDevice
[2015.07.30-07.17.03:439][ 48]LightingResults: New page: Lighting Build
[2015.07.30-07.17.03:465][ 48]LoadErrors: New page: Loading map: Menu.umap
[2015.07.30-07.17.03:466][ 48]MapCheck: New page: Map Check
[2015.07.30-07.17.03:466][ 48]LightingResults: New page: Lighting Build
[2015.07.30-07.17.03:483][ 48]LogParticles: Destroying 0 GPU particle simulations for FXSystem 0x000000000E474180
[2015.07.30-07.17.03:616][ 48]LogAIModule: Creating AISystem for world Menu
[2015.07.30-07.17.03:637][ 48]LogEditorServer: Finished looking for orphan Actors (0.000 secs)
[2015.07.30-07.17.03:666][ 48]Cmd: MAP CHECKDEP NOCLEARLOG
[2015.07.30-07.17.03:703][ 48]MapCheck: Info Map check complete: 0 Error(s), 0 Warning(s), took 37.26ms to complete.
[2015.07.30-07.17.03:703][ 48]LogFileHelpers: Loading map 'Menu' took 2.662
[2015.07.30-07.17.08:716][347]LogD3D11RHI: InitD3DDevice
[2015.07.30-07.17.09:525][394]BlueprintLog: New page: Pre-PIE auto-recompile
[2015.07.30-07.17.09:525][394]LogPlayLevel: [PIE] Compiling Menu before PIE...
[2015.07.30-07.17.09:604][394]LogPlayLevel: PIE:  Blueprint regeneration took 79 ms (1 blueprints)
[2015.07.30-07.17.09:604][394]PIE: New page: SIE session: Menu (Jul 30, 2015, 11:17:09 AM)
[2015.07.30-07.17.09:604][394]LogPlayLevel: Creating play world package: /Game/Maps/UEDPIE_0_Menu
[2015.07.30-07.17.09:607][394]LogPlayLevel: PIE: StaticDuplicateObject took: (0.002952s)
[2015.07.30-07.17.09:608][394]LogAIModule: Creating AISystem for world Menu
[2015.07.30-07.17.09:608][394]LogPlayLevel: PIE: World Init took: (0.001055s)
[2015.07.30-07.17.09:609][394]LogPlayLevel: PIE: Created PIE world by copying editor world from /Game/Maps/Menu.Menu to /Game/Maps/UEDPIE_0_Menu.Menu (0.004185s)
[2015.07.30-07.17.09:635][394]LogInit: XAudio2 using 'Speakers / Headphones (IDT High Definition Audio CODEC)' : 2 channels at 48 kHz using 16 bits per sample (channel mask 0x3)
[2015.07.30-07.17.09:640][394]LogInit: FAudioDevice initialized.
[2015.07.30-07.17.09:671][394]LogWorld: Game class is 'GameMode'
[2015.07.30-07.17.09:675][394]LogWorld: Bringing World /Game/Maps/UEDPIE_0_Menu.Menu up for play (max tick rate 60) at 2015.07.30-09.17.09
[2015.07.30-07.17.09:675][394]LogActor:Warning: GameSession /Game/Maps/UEDPIE_0_Menu.Menu:PersistentLevel.GameSession_2 has natively added scene component(s), but none of them were set as the actor's RootComponent - picking one arbitrarily
[2015.07.30-07.17.09:675][394]LogActor:Warning: GameNetworkManager /Game/Maps/UEDPIE_0_Menu.Menu:PersistentLevel.GameNetworkManager_2 has natively added scene component(s), but none of them were set as the actor's RootComponent - picking one arbitrarily
[2015.07.30-07.17.09:676][394]LogWorld: Bringing up level for play took: 0.002900
[2015.07.30-07.17.09:677][394]PIE: Info Play in editor start time for /Game/Maps/UEDPIE_0_Menu -0.445
[2015.07.30-07.17.11:523][501]LogPackageName: SearchForPackageOnDisk took   0.060s to resolve Level1.umap
[2015.07.30-07.17.11:579][501]LogPackageName: SearchForPackageOnDisk took   0.056s to resolve Level1.umap
[2015.07.30-07.17.11:579][501]LogNet: Browse: /Game/Maps/Level1
[2015.07.30-07.17.11:580][501]LogLoad: LoadMap: /Game/Maps/Level1
[2015.07.30-07.17.11:607][501]LogParticles: Destroying 0 GPU particle simulations for FXSystem 0x000000000C069080
[2015.07.30-07.17.11:607][501]Cmd: MEM
[2015.07.30-07.17.11:631][501]LogMemory: Platform Memory Stats for Windows
[2015.07.30-07.17.11:631][501]LogMemory: Process Physical Memory: 496.70 MB used, 499.07 MB peak
[2015.07.30-07.17.11:631][501]LogMemory: Process Virtual Memory: 398.18 MB used, 419.12 MB peak
[2015.07.30-07.17.11:631][501]LogMemory: Physical Memory: 3579.96 MB used, 8148.89 MB total
[2015.07.30-07.17.11:631][501]LogMemory: Virtual Memory: 953.04 MB used, 8388608.00 MB total
[2015.07.30-07.17.11:631][501]LogMemory: 
[2015.07.30-07.17.11:631][501]Allocator Stats for TBB: (not implemented)
[2015.07.30-07.17.11:685][501]LogAIModule: Creating AISystem for world Level1
[2015.07.30-07.17.11:686][501]LogWorld: Game class is 'GameMode'
[2015.07.30-07.17.11:690][501]LogWorld: Bringing World /Game/Maps/UEDPIE_0_Level1.Level1 up for play (max tick rate 60) at 2015.07.30-09.17.11
[2015.07.30-07.17.11:690][501]LogActor:Warning: GameSession /Game/Maps/UEDPIE_0_Level1.Level1:PersistentLevel.GameSession_3 has natively added scene component(s), but none of them were set as the actor's RootComponent - picking one arbitrarily
[2015.07.30-07.17.11:690][501]LogActor:Warning: GameNetworkManager /Game/Maps/UEDPIE_0_Level1.Level1:PersistentLevel.GameNetworkManager_3 has natively added scene component(s), but none of them were set as the actor's RootComponent - picking one arbitrarily
[2015.07.30-07.17.11:690][501]LogWorld: Bringing up level for play took: 0.002890
[2015.07.30-07.17.13:187][591]Cmd: SELECT NONE
[2015.07.30-07.17.15:089][702]LogParticles: Destroying 0 GPU particle simulations for FXSystem 0x0000000013242660
[2015.07.30-07.17.16:561][790]LogD3D11RHI: InitD3DDevice
[2015.07.30-07.17.17:461][843]LogD3D11RHI: InitD3DDevice
[2015.07.30-07.17.18:343][894]LogD3D11RHI: InitD3DDevice
[2015.07.30-07.17.18:696][915]LogD3D11RHI: InitD3DDevice
[2015.07.30-07.17.19:305][950]LogD3D11RHI: InitD3DDevice
[2015.07.30-07.17.20:409][ 13]LogD3D11RHI: InitD3DDevice
[2015.07.30-07.17.29:608][549]LogD3D11RHI: InitD3DDevice
[2015.07.30-07.17.29:632][549]LogD3D11RHI: InitD3DDevice
[2015.07.30-07.17.29:653][549]LogLinker:Warning: Asset '../../../Engine/Content/ArtTools/RenderToTexture/Macros/RenderToTextureMacros.uasset' has been saved with empty engine version. The asset will be loaded but may be incompatible.
[2015.07.30-07.17.29:884][549]LogLinker:Warning: Asset '../../../Engine/Content/ArtTools/RenderToTexture/Enums/RenderToTexture_Enum.uasset' has been saved with empty engine version. The asset will be loaded but may be incompatible.
[2015.07.30-07.17.46:868][444]LogEditorViewport: Clicking Background
[2015.07.30-07.17.49:454][594]BlueprintLog: New page: Pre-PIE auto-recompile
[2015.07.30-07.17.49:462][594]LogPlayLevel: [PIE] Compiling Menu before PIE...
[2015.07.30-07.17.49:572][594]LogPlayLevel: PIE:  Blueprint regeneration took 118 ms (1 blueprints)
[2015.07.30-07.17.49:573][594]PIE: New page: SIE session: Menu (Jul 30, 2015, 11:17:49 AM)
[2015.07.30-07.17.49:573][594]LogPlayLevel: Creating play world package: /Game/Maps/UEDPIE_0_Menu
[2015.07.30-07.17.49:576][594]LogPlayLevel: PIE: StaticDuplicateObject took: (0.002979s)
[2015.07.30-07.17.49:576][594]LogAIModule: Creating AISystem for world Menu
[2015.07.30-07.17.49:577][594]LogPlayLevel: PIE: World Init took: (0.001066s)
[2015.07.30-07.17.49:577][594]LogPlayLevel: PIE: Created PIE world by copying editor world from /Game/Maps/Menu.Menu to /Game/Maps/UEDPIE_0_Menu.Menu (0.004214s)
[2015.07.30-07.17.49:618][594]LogInit: XAudio2 using 'Speakers / Headphones (IDT High Definition Audio CODEC)' : 2 channels at 48 kHz using 16 bits per sample (channel mask 0x3)
[2015.07.30-07.17.49:622][594]LogInit: FAudioDevice initialized.
[2015.07.30-07.17.49:651][594]LogWorld: Game class is 'GameMode'
[2015.07.30-07.17.49:655][594]LogWorld: Bringing World /Game/Maps/UEDPIE_0_Menu.Menu up for play (max tick rate 60) at 2015.07.30-09.17.49
[2015.07.30-07.17.49:655][594]LogActor:Warning: GameSession /Game/Maps/UEDPIE_0_Menu.Menu:PersistentLevel.GameSession_4 has natively added scene component(s), but none of them were set as the actor's RootComponent - picking one arbitrarily
[2015.07.30-07.17.49:655][594]LogActor:Warning: GameNetworkManager /Game/Maps/UEDPIE_0_Menu.Menu:PersistentLevel.GameNetworkManager_4 has natively added scene component(s), but none of them were set as the actor's RootComponent - picking one arbitrarily
[2015.07.30-07.17.49:655][594]LogWorld: Bringing up level for play took: 0.002909
[2015.07.30-07.17.49:657][594]PIE: Info Play in editor start time for /Game/Maps/UEDPIE_0_Menu -0.467
[2015.07.30-07.17.50:834][660]LogPackageName: SearchForPackageOnDisk took   0.056s to resolve Level1.umap
[2015.07.30-07.17.50:891][660]LogPackageName: SearchForPackageOnDisk took   0.056s to resolve Level1.umap
[2015.07.30-07.17.50:891][660]LogNet: Browse: /Game/Maps/Level1
[2015.07.30-07.17.50:891][660]LogLoad: LoadMap: /Game/Maps/Level1
[2015.07.30-07.17.50:935][660]LogParticles: Destroying 0 GPU particle simulations for FXSystem 0x000000000C069080
[2015.07.30-07.17.50:935][660]Cmd: MEM
[2015.07.30-07.17.50:973][660]LogMemory: Platform Memory Stats for Windows
[2015.07.30-07.17.50:973][660]LogMemory: Process Physical Memory: 552.11 MB used, 555.20 MB peak
[2015.07.30-07.17.50:973][660]LogMemory: Process Virtual Memory: 446.67 MB used, 451.08 MB peak
[2015.07.30-07.17.50:973][660]LogMemory: Physical Memory: 3621.32 MB used, 8148.89 MB total
[2015.07.30-07.17.50:973][660]LogMemory: Virtual Memory: 999.68 MB used, 8388608.00 MB total
[2015.07.30-07.17.50:973][660]LogMemory: 
[2015.07.30-07.17.50:973][660]Allocator Stats for TBB: (not implemented)
[2015.07.30-07.17.50:993][660]LogAIModule: Creating AISystem for world Level1
[2015.07.30-07.17.50:994][660]LogWorld: Game class is 'GameMode'
[2015.07.30-07.17.50:998][660]LogWorld: Bringing World /Game/Maps/UEDPIE_0_Level1.Level1 up for play (max tick rate 60) at 2015.07.30-09.17.50
[2015.07.30-07.17.50:998][660]LogActor:Warning: GameSession /Game/Maps/UEDPIE_0_Level1.Level1:PersistentLevel.GameSession_5 has natively added scene component(s), but none of them were set as the actor's RootComponent - picking one arbitrarily
[2015.07.30-07.17.50:998][660]LogActor:Warning: GameNetworkManager /Game/Maps/UEDPIE_0_Level1.Level1:PersistentLevel.GameNetworkManager_5 has natively added scene component(s), but none of them were set as the actor's RootComponent - picking one arbitrarily
[2015.07.30-07.17.50:998][660]LogWorld: Bringing up level for play took: 0.003123
[2015.07.30-07.17.52:495][745]LogParticles: Destroying 0 GPU particle simulations for FXSystem 0x00000000252B5760
[2015.07.30-07.17.53:509][805]LogD3D11RHI: InitD3DDevice
[2015.07.30-07.17.53:542][805]LogAIModule: Creating AISystem for world Level1
[2015.07.30-07.17.53:593][805]Cmd: MAP LOAD FILE="D:/Workspace/Code/BitBucket/SaveMe/Content/Maps/Level1.umap" TEMPLATE=0 SHOWPROGRESS=1 FEATURELEVEL=3
[2015.07.30-07.17.53:594][805]LightingResults: New page: Lighting Build
[2015.07.30-07.17.53:620][805]LoadErrors: New page: Loading map: Level1.umap
[2015.07.30-07.17.53:620][805]MapCheck: New page: Map Check
[2015.07.30-07.17.53:620][805]LightingResults: New page: Lighting Build
[2015.07.30-07.17.53:650][805]LogParticles: Destroying 0 GPU particle simulations for FXSystem 0x000000000C06BEC0
[2015.07.30-07.17.53:750][805]LogAIModule: Creating AISystem for world Level1
[2015.07.30-07.17.53:762][805]LogEditorServer: Finished looking for orphan Actors (0.000 secs)
[2015.07.30-07.17.53:795][805]Cmd: MAP CHECKDEP NOCLEARLOG
[2015.07.30-07.17.53:836][805]MapCheck: Info Map check complete: 0 Error(s), 0 Warning(s), took 40.535ms to complete.
[2015.07.30-07.17.53:836][805]LogFileHelpers: Loading map 'Level1' took 0.244
[2015.07.30-07.17.58:460][ 74]LogD3D11RHI: InitD3DDevice
[2015.07.30-07.18.00:712][207]LogEditorViewport: Clicking on Actor (LMB): PlayerStart (PlayerStart)
[2015.07.30-07.18.01:852][271]Cmd: DELETE
[2015.07.30-07.18.01:852][271]Cmd: ACTOR DELETE
[2015.07.30-07.18.01:854][271]LogEditorActor: Deleted Actor: PlayerStart
[2015.07.30-07.18.01:942][271]LogEditorActor: Deleted 1 Actors (0.089 secs)
[2015.07.30-07.18.04:982][450]LogD3D11RHI: InitD3DDevice
[2015.07.30-07.18.05:090][450]LogAIModule: Creating AISystem for world Menu
[2015.07.30-07.18.05:158][450]LogD3D11RHI: InitD3DDevice
[2015.07.30-07.18.07:509][450]Cmd: OBJ SAVEPACKAGE PACKAGE="/Game/Maps/Level1" FILE="D:/Workspace/Code/BitBucket/SaveMe/Content/Maps/Level1.umap" SILENT=true AUTOSAVING=false KEEPDIRTY=false
[2015.07.30-07.18.07:567][450]LogSavePackage: Save=10.786110ms
[2015.07.30-07.18.07:567][450]LogSavePackage: Moving 'D:/Workspace/Code/BitBucket/SaveMe/Saved/Level1B142320D48C662BA5DD0BF8D01BF2AFA.tmp' to 'D:/Workspace/Code/BitBucket/SaveMe/Content/Maps/Level1.umap'
[2015.07.30-07.18.07:590][450]LogFileHelpers: Saving map 'Level1' took 0.128
[2015.07.30-07.18.07:592][450]Cmd: MAP LOAD FILE="D:/Workspace/Code/BitBucket/SaveMe/Content/Maps/Menu.umap" TEMPLATE=0 SHOWPROGRESS=1 FEATURELEVEL=3
[2015.07.30-07.18.07:592][450]LightingResults: New page: Lighting Build
[2015.07.30-07.18.07:610][450]LoadErrors: New page: Loading map: Menu.umap
[2015.07.30-07.18.07:611][450]MapCheck: New page: Map Check
[2015.07.30-07.18.07:611][450]LightingResults: New page: Lighting Build
[2015.07.30-07.18.07:641][450]LogParticles: Destroying 0 GPU particle simulations for FXSystem 0x000000002547CD60
[2015.07.30-07.18.07:808][450]LogAIModule: Creating AISystem for world Menu
[2015.07.30-07.18.07:818][450]LogEditorServer: Finished looking for orphan Actors (0.000 secs)
[2015.07.30-07.18.07:851][450]Cmd: MAP CHECKDEP NOCLEARLOG
[2015.07.30-07.18.07:892][450]MapCheck: Info Map check complete: 0 Error(s), 0 Warning(s), took 40.098ms to complete.
[2015.07.30-07.18.07:897][450]LogFileHelpers: Loading map 'Menu' took 0.307
[2015.07.30-07.18.09:614][549]BlueprintLog: New page: Pre-PIE auto-recompile
[2015.07.30-07.18.09:622][549]LogPlayLevel: [PIE] Compiling Menu before PIE...
[2015.07.30-07.18.09:734][549]LogPlayLevel: PIE:  Blueprint regeneration took 119 ms (1 blueprints)
[2015.07.30-07.18.09:734][549]PIE: New page: SIE session: Menu (Jul 30, 2015, 11:18:09 AM)
[2015.07.30-07.18.09:734][549]LogPlayLevel: Creating play world package: /Game/Maps/UEDPIE_0_Menu
[2015.07.30-07.18.09:737][549]LogPlayLevel: PIE: StaticDuplicateObject took: (0.002953s)
[2015.07.30-07.18.09:738][549]LogAIModule: Creating AISystem for world Menu
[2015.07.30-07.18.09:738][549]LogPlayLevel: PIE: World Init took: (0.001070s)
[2015.07.30-07.18.09:738][549]LogPlayLevel: PIE: Created PIE world by copying editor world from /Game/Maps/Menu.Menu to /Game/Maps/UEDPIE_0_Menu.Menu (0.004193s)
[2015.07.30-07.18.09:779][549]LogInit: XAudio2 using 'Speakers / Headphones (IDT High Definition Audio CODEC)' : 2 channels at 48 kHz using 16 bits per sample (channel mask 0x3)
[2015.07.30-07.18.09:784][549]LogInit: FAudioDevice initialized.
[2015.07.30-07.18.09:821][549]LogWorld: Game class is 'GameMode'
[2015.07.30-07.18.09:825][549]LogWorld: Bringing World /Game/Maps/UEDPIE_0_Menu.Menu up for play (max tick rate 60) at 2015.07.30-09.18.09
[2015.07.30-07.18.09:825][549]LogActor:Warning: GameSession /Game/Maps/UEDPIE_0_Menu.Menu:PersistentLevel.GameSession_6 has natively added scene component(s), but none of them were set as the actor's RootComponent - picking one arbitrarily
[2015.07.30-07.18.09:825][549]LogActor:Warning: GameNetworkManager /Game/Maps/UEDPIE_0_Menu.Menu:PersistentLevel.GameNetworkManager_6 has natively added scene component(s), but none of them were set as the actor's RootComponent - picking one arbitrarily
[2015.07.30-07.18.09:825][549]LogWorld: Bringing up level for play took: 0.003057
[2015.07.30-07.18.09:827][549]PIE: Info Play in editor start time for /Game/Maps/UEDPIE_0_Menu -0.299
[2015.07.30-07.18.10:589][590]LogPackageName: SearchForPackageOnDisk took   0.061s to resolve Level1.umap
[2015.07.30-07.18.10:648][590]LogPackageName: SearchForPackageOnDisk took   0.058s to resolve Level1.umap
[2015.07.30-07.18.10:648][590]LogNet: Browse: /Game/Maps/Level1
[2015.07.30-07.18.10:648][590]LogLoad: LoadMap: /Game/Maps/Level1
[2015.07.30-07.18.10:692][590]LogParticles: Destroying 0 GPU particle simulations for FXSystem 0x000000000E2889A0
[2015.07.30-07.18.10:692][590]Cmd: MEM
[2015.07.30-07.18.10:731][590]LogMemory: Platform Memory Stats for Windows
[2015.07.30-07.18.10:731][590]LogMemory: Process Physical Memory: 558.66 MB used, 561.88 MB peak
[2015.07.30-07.18.10:731][590]LogMemory: Process Virtual Memory: 451.30 MB used, 454.62 MB peak
[2015.07.30-07.18.10:731][590]LogMemory: Physical Memory: 3632.38 MB used, 8148.89 MB total
[2015.07.30-07.18.10:731][590]LogMemory: Virtual Memory: 1018.12 MB used, 8388608.00 MB total
[2015.07.30-07.18.10:731][590]LogMemory: 
[2015.07.30-07.18.10:731][590]Allocator Stats for TBB: (not implemented)
[2015.07.30-07.18.10:737][590]LogAIModule: Creating AISystem for world Level1
[2015.07.30-07.18.10:738][590]LogWorld: Game class is 'GameMode'
[2015.07.30-07.18.10:742][590]LogWorld: Bringing World /Game/Maps/UEDPIE_0_Level1.Level1 up for play (max tick rate 60) at 2015.07.30-09.18.10
[2015.07.30-07.18.10:742][590]LogActor:Warning: GameSession /Game/Maps/UEDPIE_0_Level1.Level1:PersistentLevel.GameSession_7 has natively added scene component(s), but none of them were set as the actor's RootComponent - picking one arbitrarily
[2015.07.30-07.18.10:742][590]LogActor:Warning: GameNetworkManager /Game/Maps/UEDPIE_0_Level1.Level1:PersistentLevel.GameNetworkManager_7 has natively added scene component(s), but none of them were set as the actor's RootComponent - picking one arbitrarily
[2015.07.30-07.18.10:742][590]LogWorld: Bringing up level for play took: 0.002687
[2015.07.30-07.18.10:743][590]LogGameMode: Warning - PATHS NOT DEFINED or NO PLAYERSTART with positive rating
[2015.07.30-07.18.18:333][ 40]LogParticles: Destroying 0 GPU particle simulations for FXSystem 0x000000000F2CB7E0
[2015.07.30-07.18.19:250][ 94]LogD3D11RHI: InitD3DDevice
[2015.07.30-07.18.19:285][ 94]LogAIModule: Creating AISystem for world Level1
[2015.07.30-07.18.19:337][ 94]Cmd: MAP LOAD FILE="D:/Workspace/Code/BitBucket/SaveMe/Content/Maps/Level1.umap" TEMPLATE=0 SHOWPROGRESS=1 FEATURELEVEL=3
[2015.07.30-07.18.19:337][ 94]LightingResults: New page: Lighting Build
[2015.07.30-07.18.19:363][ 94]LoadErrors: New page: Loading map: Level1.umap
[2015.07.30-07.18.19:364][ 94]MapCheck: New page: Map Check
[2015.07.30-07.18.19:364][ 94]LightingResults: New page: Lighting Build
[2015.07.30-07.18.19:404][ 94]LogParticles: Destroying 0 GPU particle simulations for FXSystem 0x000000000F496980
[2015.07.30-07.18.19:494][ 94]LogAIModule: Creating AISystem for world Level1
[2015.07.30-07.18.19:504][ 94]LogEditorServer: Finished looking for orphan Actors (0.000 secs)
[2015.07.30-07.18.19:538][ 94]Cmd: MAP CHECKDEP NOCLEARLOG
[2015.07.30-07.18.19:579][ 94]MapCheck: Info Map check complete: 0 Error(s), 0 Warning(s), took 40.555ms to complete.
[2015.07.30-07.18.19:579][ 94]LogFileHelpers: Loading map 'Level1' took 0.243
[2015.07.30-07.18.22:490][266]LogD3D11RHI: InitD3DDevice
[2015.07.30-07.19.19:947][617]LogD3D11RHI: InitD3DDevice
[2015.07.30-07.19.20:926][674]LogPlayLevel: PIE:  No blueprints needed recompiling
[2015.07.30-07.19.20:926][674]PIE: New page: PIE session: Level1 (Jul 30, 2015, 11:19:20 AM)
[2015.07.30-07.19.20:926][674]LogPlayLevel: Creating play world package: /Game/Maps/UEDPIE_0_Level1
[2015.07.30-07.19.20:927][674]LogPlayLevel: PIE: StaticDuplicateObject took: (0.001040s)
[2015.07.30-07.19.20:928][674]LogAIModule: Creating AISystem for world Level1
[2015.07.30-07.19.20:929][674]LogPlayLevel: PIE: World Init took: (0.001051s)
[2015.07.30-07.19.20:929][674]LogPlayLevel: PIE: Created PIE world by copying editor world from /Game/Maps/Level1.Level1 to /Game/Maps/UEDPIE_0_Level1.Level1 (0.002276s)
[2015.07.30-07.19.20:970][674]LogInit: XAudio2 using 'Speakers / Headphones (IDT High Definition Audio CODEC)' : 2 channels at 48 kHz using 16 bits per sample (channel mask 0x3)
[2015.07.30-07.19.20:975][674]LogInit: FAudioDevice initialized.
[2015.07.30-07.19.21:009][674]LogWorld: Game class is 'GameMode'
[2015.07.30-07.19.21:013][674]LogWorld: Bringing World /Game/Maps/UEDPIE_0_Level1.Level1 up for play (max tick rate 60) at 2015.07.30-09.19.21
[2015.07.30-07.19.21:013][674]LogActor:Warning: GameSession /Game/Maps/UEDPIE_0_Level1.Level1:PersistentLevel.GameSession_8 has natively added scene component(s), but none of them were set as the actor's RootComponent - picking one arbitrarily
[2015.07.30-07.19.21:013][674]LogActor:Warning: GameNetworkManager /Game/Maps/UEDPIE_0_Level1.Level1:PersistentLevel.GameNetworkManager_8 has natively added scene component(s), but none of them were set as the actor's RootComponent - picking one arbitrarily
[2015.07.30-07.19.21:013][674]LogWorld: Bringing up level for play took: 0.002763
[2015.07.30-07.19.21:042][674]PIE: Info Play in editor start time for /Game/Maps/UEDPIE_0_Level1 0.912
[2015.07.30-07.19.23:857][838]LogParticles: Destroying 0 GPU particle simulations for FXSystem 0x000000002533C860
[2015.07.30-07.19.25:352][926]LogD3D11RHI: InitD3DDevice
[2015.07.30-07.19.25:458][926]LogAIModule: Creating AISystem for world Menu
[2015.07.30-07.19.25:521][926]Cmd: MAP LOAD FILE="D:/Workspace/Code/BitBucket/SaveMe/Content/Maps/Menu.umap" TEMPLATE=0 SHOWPROGRESS=1 FEATURELEVEL=3
[2015.07.30-07.19.25:521][926]LightingResults: New page: Lighting Build
[2015.07.30-07.19.25:539][926]LoadErrors: New page: Loading map: Menu.umap
[2015.07.30-07.19.25:539][926]MapCheck: New page: Map Check
[2015.07.30-07.19.25:539][926]LightingResults: New page: Lighting Build
[2015.07.30-07.19.25:569][926]LogParticles: Destroying 0 GPU particle simulations for FXSystem 0x000000000F4953A0
[2015.07.30-07.19.25:736][926]LogAIModule: Creating AISystem for world Menu
[2015.07.30-07.19.25:746][926]LogEditorServer: Finished looking for orphan Actors (0.000 secs)
[2015.07.30-07.19.25:780][926]Cmd: MAP CHECKDEP NOCLEARLOG
[2015.07.30-07.19.25:821][926]MapCheck: Info Map check complete: 0 Error(s), 0 Warning(s), took 41.219ms to complete.
[2015.07.30-07.19.25:821][926]LogFileHelpers: Loading map 'Menu' took 0.301
[2015.07.30-07.19.31:147][239]LogD3D11RHI: InitD3DDevice
[2015.07.30-07.19.31:178][239]LogAIModule: Creating AISystem for world Level1
[2015.07.30-07.19.31:242][239]Cmd: MAP LOAD FILE="D:/Workspace/Code/BitBucket/SaveMe/Content/Maps/Level1.umap" TEMPLATE=0 SHOWPROGRESS=1 FEATURELEVEL=3
[2015.07.30-07.19.31:242][239]LightingResults: New page: Lighting Build
[2015.07.30-07.19.31:259][239]LoadErrors: New page: Loading map: Level1.umap
[2015.07.30-07.19.31:259][239]MapCheck: New page: Map Check
[2015.07.30-07.19.31:259][239]LightingResults: New page: Lighting Build
[2015.07.30-07.19.31:300][239]LogParticles: Destroying 0 GPU particle simulations for FXSystem 0x000000000E8E8860
[2015.07.30-07.19.31:391][239]LogAIModule: Creating AISystem for world Level1
[2015.07.30-07.19.31:401][239]LogEditorServer: Finished looking for orphan Actors (0.000 secs)
[2015.07.30-07.19.31:435][239]Cmd: MAP CHECKDEP NOCLEARLOG
[2015.07.30-07.19.31:476][239]MapCheck: Info Map check complete: 0 Error(s), 0 Warning(s), took 41.476ms to complete.
[2015.07.30-07.19.31:476][239]LogFileHelpers: Loading map 'Level1' took 0.236
[2015.07.30-07.19.32:990][328]LogPlayLevel: PIE:  No blueprints needed recompiling
[2015.07.30-07.19.32:990][328]PIE: New page: PIE session: Level1 (Jul 30, 2015, 11:19:32 AM)
[2015.07.30-07.19.32:990][328]LogPlayLevel: Creating play world package: /Game/Maps/UEDPIE_0_Level1
[2015.07.30-07.19.32:991][328]LogPlayLevel: PIE: StaticDuplicateObject took: (0.001056s)
[2015.07.30-07.19.32:992][328]LogAIModule: Creating AISystem for world Level1
[2015.07.30-07.19.32:993][328]LogPlayLevel: PIE: World Init took: (0.001876s)
[2015.07.30-07.19.32:994][328]LogPlayLevel: PIE: Created PIE world by copying editor world from /Game/Maps/Level1.Level1 to /Game/Maps/UEDPIE_0_Level1.Level1 (0.003391s)
[2015.07.30-07.19.33:037][328]LogInit: XAudio2 using 'Speakers / Headphones (IDT High Definition Audio CODEC)' : 2 channels at 48 kHz using 16 bits per sample (channel mask 0x3)
[2015.07.30-07.19.33:042][328]LogInit: FAudioDevice initialized.
[2015.07.30-07.19.33:075][328]LogWorld: Game class is 'GameMode'
[2015.07.30-07.19.33:078][328]LogWorld: Bringing World /Game/Maps/UEDPIE_0_Level1.Level1 up for play (max tick rate 60) at 2015.07.30-09.19.33
[2015.07.30-07.19.33:079][328]LogActor:Warning: GameSession /Game/Maps/UEDPIE_0_Level1.Level1:PersistentLevel.GameSession_9 has natively added scene component(s), but none of them were set as the actor's RootComponent - picking one arbitrarily
[2015.07.30-07.19.33:079][328]LogActor:Warning: GameNetworkManager /Game/Maps/UEDPIE_0_Level1.Level1:PersistentLevel.GameNetworkManager_9 has natively added scene component(s), but none of them were set as the actor's RootComponent - picking one arbitrarily
[2015.07.30-07.19.33:079][328]LogWorld: Bringing up level for play took: 0.002973
[2015.07.30-07.19.33:082][328]PIE: Info Play in editor start time for /Game/Maps/UEDPIE_0_Level1 0.951
[2015.07.30-07.19.35:468][467]LogParticles: Destroying 0 GPU particle simulations for FXSystem 0x0000000025071080
[2015.07.30-07.19.36:403][521]LogD3D11RHI: InitD3DDevice
[2015.07.30-07.19.37:541][588]LogPlayLevel: PIE:  No blueprints needed recompiling
[2015.07.30-07.19.37:541][588]PIE: New page: SIE session: Level1 (Jul 30, 2015, 11:19:37 AM)
[2015.07.30-07.19.37:542][588]LogPlayLevel: Creating play world package: /Game/Maps/UEDPIE_0_Level1
[2015.07.30-07.19.37:543][588]LogPlayLevel: PIE: StaticDuplicateObject took: (0.001054s)
[2015.07.30-07.19.37:543][588]LogAIModule: Creating AISystem for world Level1
[2015.07.30-07.19.37:544][588]LogPlayLevel: PIE: World Init took: (0.001058s)
[2015.07.30-07.19.37:544][588]LogPlayLevel: PIE: Created PIE world by copying editor world from /Game/Maps/Level1.Level1 to /Game/Maps/UEDPIE_0_Level1.Level1 (0.002300s)
[2015.07.30-07.19.37:586][588]LogInit: XAudio2 using 'Speakers / Headphones (IDT High Definition Audio CODEC)' : 2 channels at 48 kHz using 16 bits per sample (channel mask 0x3)
[2015.07.30-07.19.37:590][588]LogInit: FAudioDevice initialized.
[2015.07.30-07.19.37:621][588]LogWorld: Game class is 'GameMode'
[2015.07.30-07.19.37:625][588]LogWorld: Bringing World /Game/Maps/UEDPIE_0_Level1.Level1 up for play (max tick rate 60) at 2015.07.30-09.19.37
[2015.07.30-07.19.37:625][588]LogActor:Warning: GameSession /Game/Maps/UEDPIE_0_Level1.Level1:PersistentLevel.GameSession_10 has natively added scene component(s), but none of them were set as the actor's RootComponent - picking one arbitrarily
[2015.07.30-07.19.37:625][588]LogActor:Warning: GameNetworkManager /Game/Maps/UEDPIE_0_Level1.Level1:PersistentLevel.GameNetworkManager_10 has natively added scene component(s), but none of them were set as the actor's RootComponent - picking one arbitrarily
[2015.07.30-07.19.37:625][588]LogWorld: Bringing up level for play took: 0.002914
[2015.07.30-07.19.37:626][588]LogGameMode: Warning - PATHS NOT DEFINED or NO PLAYERSTART with positive rating
[2015.07.30-07.19.37:627][588]PIE: Info Play in editor start time for /Game/Maps/UEDPIE_0_Level1 -0.504
[2015.07.30-07.19.40:999][783]LogD3D11RHI: InitD3DDevice
[2015.07.30-07.19.47:861][189]LogParticles: Destroying 0 GPU particle simulations for FXSystem 0x000000002533E200
[2015.07.30-07.19.48:916][251]LogD3D11RHI: InitD3DDevice
[2015.07.30-07.19.49:010][251]LogAIModule: Creating AISystem for world Menu
[2015.07.30-07.19.49:074][251]Cmd: MAP LOAD FILE="D:/Workspace/Code/BitBucket/SaveMe/Content/Maps/Menu.umap" TEMPLATE=0 SHOWPROGRESS=1 FEATURELEVEL=3
[2015.07.30-07.19.49:074][251]LightingResults: New page: Lighting Build
[2015.07.30-07.19.49:091][251]LoadErrors: New page: Loading map: Menu.umap
[2015.07.30-07.19.49:092][251]MapCheck: New page: Map Check
[2015.07.30-07.19.49:092][251]LightingResults: New page: Lighting Build
[2015.07.30-07.19.49:120][251]LogParticles: Destroying 0 GPU particle simulations for FXSystem 0x000000000F497920
[2015.07.30-07.19.49:286][251]LogAIModule: Creating AISystem for world Menu
[2015.07.30-07.19.49:296][251]LogEditorServer: Finished looking for orphan Actors (0.000 secs)
[2015.07.30-07.19.49:330][251]Cmd: MAP CHECKDEP NOCLEARLOG
[2015.07.30-07.19.49:372][251]MapCheck: Info Map check complete: 0 Error(s), 0 Warning(s), took 42.039ms to complete.
[2015.07.30-07.19.49:372][251]LogFileHelpers: Loading map 'Menu' took 0.299
[2015.07.30-07.19.51:083][351]LogD3D11RHI: InitD3DDevice
[2015.07.30-07.19.53:245][474]BlueprintLog: New page: Pre-PIE auto-recompile
[2015.07.30-07.19.53:257][474]LogPlayLevel: [PIE] Compiling Menu before PIE...
[2015.07.30-07.19.53:371][474]LogPlayLevel: PIE:  Blueprint regeneration took 125 ms (1 blueprints)
[2015.07.30-07.19.53:371][474]PIE: New page: SIE session: Menu (Jul 30, 2015, 11:19:53 AM)
[2015.07.30-07.19.53:371][474]LogPlayLevel: Creating play world package: /Game/Maps/UEDPIE_0_Menu
[2015.07.30-07.19.53:374][474]LogPlayLevel: PIE: StaticDuplicateObject took: (0.002881s)
[2015.07.30-07.19.53:375][474]LogAIModule: Creating AISystem for world Menu
[2015.07.30-07.19.53:375][474]LogPlayLevel: PIE: World Init took: (0.001084s)
[2015.07.30-07.19.53:376][474]LogPlayLevel: PIE: Created PIE world by copying editor world from /Game/Maps/Menu.Menu to /Game/Maps/UEDPIE_0_Menu.Menu (0.004139s)
[2015.07.30-07.19.53:416][474]LogInit: XAudio2 using 'Speakers / Headphones (IDT High Definition Audio CODEC)' : 2 channels at 48 kHz using 16 bits per sample (channel mask 0x3)
[2015.07.30-07.19.53:421][474]LogInit: FAudioDevice initialized.
[2015.07.30-07.19.53:454][474]LogWorld: Game class is 'GameMode'
[2015.07.30-07.19.53:457][474]LogWorld: Bringing World /Game/Maps/UEDPIE_0_Menu.Menu up for play (max tick rate 60) at 2015.07.30-09.19.53
[2015.07.30-07.19.53:457][474]LogActor:Warning: GameSession /Game/Maps/UEDPIE_0_Menu.Menu:PersistentLevel.GameSession_11 has natively added scene component(s), but none of them were set as the actor's RootComponent - picking one arbitrarily
[2015.07.30-07.19.53:458][474]LogActor:Warning: GameNetworkManager /Game/Maps/UEDPIE_0_Menu.Menu:PersistentLevel.GameNetworkManager_11 has natively added scene component(s), but none of them were set as the actor's RootComponent - picking one arbitrarily
[2015.07.30-07.19.53:458][474]LogWorld: Bringing up level for play took: 0.003033
[2015.07.30-07.19.53:460][474]PIE: Info Play in editor start time for /Game/Maps/UEDPIE_0_Menu -0.672
[2015.07.30-07.19.55:466][590]LogPackageName: SearchForPackageOnDisk took   0.058s to resolve Level1.umap
[2015.07.30-07.19.55:523][590]LogPackageName: SearchForPackageOnDisk took   0.056s to resolve Level1.umap
[2015.07.30-07.19.55:523][590]LogNet: Browse: /Game/Maps/Level1
[2015.07.30-07.19.55:523][590]LogLoad: LoadMap: /Game/Maps/Level1
[2015.07.30-07.19.55:566][590]LogParticles: Destroying 0 GPU particle simulations for FXSystem 0x000000002533D440
[2015.07.30-07.19.55:567][590]Cmd: MEM
[2015.07.30-07.19.55:605][590]LogMemory: Platform Memory Stats for Windows
[2015.07.30-07.19.55:605][590]LogMemory: Process Physical Memory: 564.44 MB used, 571.07 MB peak
[2015.07.30-07.19.55:605][590]LogMemory: Process Virtual Memory: 458.44 MB used, 466.79 MB peak
[2015.07.30-07.19.55:605][590]LogMemory: Physical Memory: 3634.58 MB used, 8148.89 MB total
[2015.07.30-07.19.55:605][590]LogMemory: Virtual Memory: 1037.24 MB used, 8388608.00 MB total
[2015.07.30-07.19.55:606][590]LogMemory: 
[2015.07.30-07.19.55:606][590]Allocator Stats for TBB: (not implemented)
[2015.07.30-07.19.55:613][590]LogAIModule: Creating AISystem for world Level1
[2015.07.30-07.19.55:614][590]LogWorld: Game class is 'GameMode'
[2015.07.30-07.19.55:618][590]LogWorld: Bringing World /Game/Maps/UEDPIE_0_Level1.Level1 up for play (max tick rate 60) at 2015.07.30-09.19.55
[2015.07.30-07.19.55:618][590]LogActor:Warning: GameSession /Game/Maps/UEDPIE_0_Level1.Level1:PersistentLevel.GameSession_12 has natively added scene component(s), but none of them were set as the actor's RootComponent - picking one arbitrarily
[2015.07.30-07.19.55:618][590]LogActor:Warning: GameNetworkManager /Game/Maps/UEDPIE_0_Level1.Level1:PersistentLevel.GameNetworkManager_12 has natively added scene component(s), but none of them were set as the actor's RootComponent - picking one arbitrarily
[2015.07.30-07.19.55:618][590]LogWorld: Bringing up level for play took: 0.002722
[2015.07.30-07.19.55:619][590]LogGameMode: Warning - PATHS NOT DEFINED or NO PLAYERSTART with positive rating
[2015.07.30-07.19.58:065][716]LogParticles: Destroying 0 GPU particle simulations for FXSystem 0x00000000253BEFC0
[2015.07.30-07.19.58:065][716]LogParticles: Destroying 0 GPU particle simulations for FXSystem 0x000000002533CFE0
[2015.07.30-07.19.58:079][716]LogParticles: Destroying 0 GPU particle simulations for FXSystem 0x000000000F4951C0
[2015.07.30-07.19.58:186][717]Cmd: QUIT_EDITOR
[2015.07.30-07.19.58:612][717]LogExit: Preparing to exit.
[2015.07.30-07.19.59:413][717]LogExit: Editor shut down
[2015.07.30-07.19.59:414][717]LogExit: Transaction tracking system shut down
[2015.07.30-07.19.59:414][717]LogParticles: Destroying 0 GPU particle simulations for FXSystem 0x000000000E28A3E0
[2015.07.30-07.19.59:415][717]LogParticles: Destroying 0 GPU particle simulations for FXSystem 0x000000002533D620
[2015.07.30-07.19.59:567][717]LogParticles: Destroying 0 GPU particle simulations for FXSystem 0x000000000E8E8F40
[2015.07.30-07.19.59:567][717]LogExit: Object subsystem successfully closed.
[2015.07.30-07.19.59:584][717]LogD3D11RHI: Shutdown
[2015.07.30-07.19.59:584][717]LogD3D11RHI: CleanupD3DDevice
[2015.07.30-07.19.59:621][717]LogD3D11RHI: ~FD3D11DynamicRHI
[2015.07.30-07.19.59:637][717]LogModuleManager: Shutting down and abandoning module SequencerWidgets (190)
[2015.07.30-07.19.59:637][717]LogModuleManager: Shutting down and abandoning module ExternalImagePicker (189)
[2015.07.30-07.19.59:637][717]LogModuleManager: Shutting down and abandoning module CrashTracker (188)
[2015.07.30-07.19.59:637][717]LogModuleManager: Shutting down and abandoning module SceneOutliner (187)
[2015.07.30-07.19.59:637][717]LogModuleManager: Shutting down and abandoning module SuperSearch (186)
[2015.07.30-07.19.59:637][717]LogModuleManager: Shutting down and abandoning module WidgetCarousel (185)
[2015.07.30-07.19.59:637][717]LogModuleManager: Shutting down and abandoning module AddContentDialog (184)
[2015.07.30-07.19.59:637][717]LogModuleManager: Shutting down and abandoning module EditorWidgets (183)
[2015.07.30-07.19.59:638][717]LogModuleManager: Shutting down and abandoning module CollectionManager (182)
[2015.07.30-07.19.59:638][717]LogModuleManager: Shutting down and abandoning module StatsViewer (181)
[2015.07.30-07.19.59:638][717]LogModuleManager: Shutting down and abandoning module FoliageEdit (180)
[2015.07.30-07.19.59:638][717]LogModuleManager: Shutting down and abandoning module LandscapeEditor (179)
[2015.07.30-07.19.59:638][717]LogModuleManager: Shutting down and abandoning module ActorPickerMode (178)
[2015.07.30-07.19.59:638][717]LogModuleManager: Shutting down and abandoning module GeometryMode (177)
[2015.07.30-07.19.59:638][717]LogModuleManager: Shutting down and abandoning module TextureAlignMode (176)
[2015.07.30-07.19.59:638][717]LogModuleManager: Shutting down and abandoning module BspMode (175)
[2015.07.30-07.19.59:638][717]LogModuleManager: Shutting down and abandoning module PlacementMode (174)
[2015.07.30-07.19.59:638][717]LogModuleManager: Shutting down and abandoning module AutomationWorker (173)
[2015.07.30-07.19.59:638][717]LogModuleManager: Shutting down and abandoning module CharacterAI (172)
[2015.07.30-07.19.59:638][717]LogModuleManager: Shutting down and abandoning module SmartSnapping (171)
[2015.07.30-07.19.59:638][717]LogModuleManager: Shutting down and abandoning module ViewportSnapping (170)
[2015.07.30-07.19.59:638][717]LogModuleManager: Shutting down and abandoning module LogVisualizer (169)
[2015.07.30-07.19.59:638][717]LogModuleManager: Shutting down and abandoning module GameProjectGeneration (168)
[2015.07.30-07.19.59:638][717]LogModuleManager: Shutting down and abandoning module IntroTutorials (167)
[2015.07.30-07.19.59:638][717]LogModuleManager: Shutting down and abandoning module EditorLiveStreaming (166)
[2015.07.30-07.19.59:638][717]LogModuleManager: Shutting down and abandoning module IOSPlatformEditor (165)
[2015.07.30-07.19.59:638][717]LogModuleManager: Shutting down and abandoning module HTML5PlatformEditor (164)
[2015.07.30-07.19.59:638][717]LogModuleManager: Shutting down and abandoning module AndroidDeviceDetection (163)
[2015.07.30-07.20.00:113][717]LogModuleManager: Shutting down and abandoning module AndroidPlatformEditor (162)
[2015.07.30-07.20.00:113][717]LogModuleManager: Shutting down and abandoning module IOSRuntimeSettings (161)
[2015.07.30-07.20.00:113][717]LogModuleManager: Shutting down and abandoning module AndroidRuntimeSettings (160)
[2015.07.30-07.20.00:113][717]LogModuleManager: Shutting down and abandoning module MergeActors (159)
[2015.07.30-07.20.00:113][717]LogModuleManager: Shutting down and abandoning module SizeMap (158)
[2015.07.30-07.20.00:113][717]LogModuleManager: Shutting down and abandoning module TreeMap (157)
[2015.07.30-07.20.00:113][717]LogModuleManager: Shutting down and abandoning module ReferenceViewer (156)
[2015.07.30-07.20.00:113][717]LogModuleManager: Shutting down and abandoning module LocalizationDashboard (155)
[2015.07.30-07.20.00:113][717]LogModuleManager: Shutting down and abandoning module HardwareTargeting (154)
[2015.07.30-07.20.00:113][717]LogModuleManager: Shutting down and abandoning module DeviceProfileEditor (153)
[2015.07.30-07.20.00:113][717]LogModuleManager: Shutting down and abandoning module UndoHistory (152)
[2015.07.30-07.20.00:114][717]LogModuleManager: Shutting down and abandoning module GameplayTagsEditor (151)
[2015.07.30-07.20.00:114][717]LogModuleManager: Shutting down and abandoning module UserFeedback (150)
[2015.07.30-07.20.00:114][717]LogModuleManager: Shutting down and abandoning module XmlParser (149)
[2015.07.30-07.20.00:114][717]LogModuleManager: Shutting down and abandoning module Blutility (148)
[2015.07.30-07.20.00:114][717]LogModuleManager: Shutting down and abandoning module ProjectTargetPlatformEditor (147)
[2015.07.30-07.20.00:114][717]LogModuleManager: Shutting down and abandoning module ProjectSettingsViewer (146)
[2015.07.30-07.20.00:114][717]LogModuleManager: Shutting down and abandoning module InputBindingEditor (145)
[2015.07.30-07.20.00:115][717]LogModuleManager: Shutting down and abandoning module EditorSettingsViewer (144)
[2015.07.30-07.20.00:115][717]LogModuleManager: Shutting down and abandoning module SettingsEditor (143)
[2015.07.30-07.20.00:115][717]LogModuleManager: Shutting down and abandoning module ProjectLauncher (142)
[2015.07.30-07.20.00:115][717]LogModuleManager: Shutting down and abandoning module SessionFrontend (141)
[2015.07.30-07.20.00:115][717]LogModuleManager: Shutting down and abandoning module ProfilerClient (140)
[2015.07.30-07.20.00:115][717]LogModuleManager: Shutting down and abandoning module TargetDeviceServices (139)
[2015.07.30-07.20.00:115][717]LogModuleManager: Shutting down and abandoning module DeviceManager (138)
[2015.07.30-07.20.00:115][717]LogModuleManager: Shutting down and abandoning module AutomationController (137)
[2015.07.30-07.20.00:115][717]LogModuleManager: Shutting down and abandoning module AutomationWindow (136)
[2015.07.30-07.20.00:116][717]LogModuleManager: Shutting down and abandoning module Layers (135)
[2015.07.30-07.20.00:116][717]LogModuleManager: Shutting down and abandoning module ComponentVisualizers (134)
[2015.07.30-07.20.00:116][717]LogModuleManager: Shutting down and abandoning module DetailCustomizations (133)
[2015.07.30-07.20.00:116][717]LogModuleManager: Shutting down and abandoning module PackagesDialog (132)
[2015.07.30-07.20.00:116][717]LogModuleManager: Shutting down and abandoning module AssetRegistry (131)
[2015.07.30-07.20.00:181][717]LogModuleManager: Shutting down and abandoning module Persona (130)
[2015.07.30-07.20.00:181][717]LogModuleManager: Shutting down and abandoning module Kismet (129)
[2015.07.30-07.20.00:181][717]LogModuleManager: Shutting down and abandoning module GraphEditor (128)
[2015.07.30-07.20.00:181][717]LogModuleManager: Shutting down and abandoning module ClassViewer (127)
[2015.07.30-07.20.00:181][717]LogModuleManager: Shutting down and abandoning module Toolbox (126)
[2015.07.30-07.20.00:181][717]LogModuleManager: Shutting down and abandoning module ModuleUI (125)
[2015.07.30-07.20.00:181][717]LogModuleManager: Shutting down and abandoning module MovieSceneTools (124)
[2015.07.30-07.20.00:181][717]LogModuleManager: Shutting down and abandoning module OutputLog (123)
[2015.07.30-07.20.00:181][717]LogModuleManager: Shutting down and abandoning module GammaUI (122)
[2015.07.30-07.20.00:181][717]LogModuleManager: Shutting down and abandoning module Documentation (121)
[2015.07.30-07.20.00:181][717]LogModuleManager: Shutting down and abandoning module GameLiveStreaming (120)
[2015.07.30-07.20.00:181][717]LogModuleManager: Shutting down and abandoning module StreamingPauseRendering (119)
[2015.07.30-07.20.00:181][717]LogModuleManager: Shutting down and abandoning module AnalyticsET (118)
[2015.07.30-07.20.00:181][717]LogModuleManager: Shutting down and abandoning module Analytics (117)
[2015.07.30-07.20.00:181][717]LogModuleManager: Shutting down and abandoning module AITestSuite (116)
[2015.07.30-07.20.00:181][717]LogModuleManager: Shutting down and abandoning module GameplayDebugger (115)
[2015.07.30-07.20.00:181][717]LogModuleManager: Shutting down and abandoning module AIModule (114)
[2015.07.30-07.20.00:181][717]LogModuleManager: Shutting down and abandoning module ProfilerService (113)
[2015.07.30-07.20.00:274][717]LogModuleManager: Shutting down and abandoning module TaskGraph (112)
[2015.07.30-07.20.00:274][717]LogModuleManager: Shutting down and abandoning module SlateRemote (111)
[2015.07.30-07.20.00:274][717]LogModuleManager: Shutting down and abandoning module SteamVRController (110)
[2015.07.30-07.20.00:274][717]LogModuleManager: Shutting down and abandoning module SteamVR (109)
[2015.07.30-07.20.00:274][717]LogModuleManager: Shutting down and abandoning module ProceduralMeshComponent (108)
[2015.07.30-07.20.00:274][717]LogModuleManager: Shutting down and abandoning module OculusRift (107)
[2015.07.30-07.20.00:274][717]LogModuleManager: Shutting down and abandoning module LeapMotionController (106)
[2015.07.30-07.20.00:299][717]LogModuleManager: Shutting down and abandoning module CustomMeshComponent (105)
[2015.07.30-07.20.00:300][717]LogModuleManager: Shutting down and abandoning module CableComponent (104)
[2015.07.30-07.20.00:300][717]LogModuleManager: Shutting down and abandoning module MessagingDebugger (103)
[2015.07.30-07.20.00:300][717]LogModuleManager: Shutting down and abandoning module MediaPlayerEditor (102)
[2015.07.30-07.20.00:300][717]LogModuleManager: Shutting down and abandoning module SpeedTreeImporter (101)
[2015.07.30-07.20.00:300][717]LogModuleManager: Shutting down and abandoning module PluginBrowser (100)
[2015.07.30-07.20.00:300][717]LogModuleManager: Shutting down and abandoning module EpicSurvey (99)
[2015.07.30-07.20.00:300][717]LogModuleManager: Shutting down and abandoning module DesktopPlatform (98)
[2015.07.30-07.20.00:300][717]LogModuleManager: Shutting down and abandoning module VisualStudioSourceCodeAccess (97)
[2015.07.30-07.20.00:300][717]LogModuleManager: Shutting down and abandoning module UObjectPlugin (96)
[2015.07.30-07.20.00:300][717]LogModuleManager: Shutting down and abandoning module SubversionSourceControl (95)
[2015.07.30-07.20.00:300][717]LogModuleManager: Shutting down and abandoning module PerforceSourceControl (94)
[2015.07.30-07.20.00:300][717]LogModuleManager: Shutting down and abandoning module SourceControl (93)
[2015.07.30-07.20.00:300][717]LogModuleManager: Shutting down and abandoning module GitSourceControl (92)
[2015.07.30-07.20.00:300][717]LogModuleManager: Shutting down and abandoning module BlankPlugin (91)
[2015.07.30-07.20.00:301][717]LogModuleManager: Shutting down and abandoning module PaperTiledImporter (90)
[2015.07.30-07.20.00:301][717]LogModuleManager: Shutting down and abandoning module PaperSpriteSheetImporter (89)
[2015.07.30-07.20.00:301][717]LogModuleManager: Shutting down and abandoning module MeshPaint (88)
[2015.07.30-07.20.00:301][717]LogModuleManager: Shutting down and abandoning module SlateReflector (87)
[2015.07.30-07.20.00:301][717]LogModuleManager: Shutting down and abandoning module DirectoryWatcher (86)
[2015.07.30-07.20.00:301][717]LogModuleManager: Shutting down and abandoning module HotReload (85)
[2015.07.30-07.20.00:302][717]LogModuleManager: Shutting down and abandoning module MainFrame (84)
[2015.07.30-07.20.00:302][717]LogModuleManager: Shutting down and abandoning module LevelEditor (83)
[2015.07.30-07.20.00:305][717]LogModuleManager: Shutting down and abandoning module ContentBrowser (82)
[2015.07.30-07.20.00:307][717]LogModuleManager: Shutting down and abandoning module Paper2DEditor (81)
[2015.07.30-07.20.00:307][717]LogModuleManager: Shutting down and abandoning module UdpMessaging (80)
[2015.07.30-07.20.00:411][717]LogModuleManager: Shutting down and abandoning module Paper2D (79)
[2015.07.30-07.20.00:411][717]LogModuleManager: Shutting down and abandoning module WindowsMoviePlayer (78)
[2015.07.30-07.20.00:422][717]LogModuleManager: Shutting down and abandoning module Media (77)
[2015.07.30-07.20.00:422][717]LogModuleManager: Shutting down and abandoning module WmfMedia (76)
[2015.07.30-07.20.00:424][717]LogModuleManager: Shutting down and abandoning module OnlineBlueprintSupport (75)
[2015.07.30-07.20.00:424][717]LogModuleManager: Shutting down and abandoning module PropertyEditor (74)
[2015.07.30-07.20.00:424][717]LogModuleManager: Shutting down and abandoning module BehaviorTreeEditor (73)
[2015.07.30-07.20.00:424][717]LogModuleManager: Shutting down and abandoning module FunctionalTesting (72)
[2015.07.30-07.20.00:424][717]LogModuleManager: Shutting down and abandoning module CollisionAnalyzer (71)
[2015.07.30-07.20.00:424][717]LogModuleManager: Shutting down and abandoning module WorkspaceMenuStructure (70)
[2015.07.30-07.20.00:425][717]LogModuleManager: Shutting down and abandoning module MessageLog (69)
[2015.07.30-07.20.00:425][717]LogModuleManager: Shutting down and abandoning module Sequencer (68)
[2015.07.30-07.20.00:425][717]LogModuleManager: Shutting down and abandoning module AssetTools (67)
[2015.07.30-07.20.00:425][717]LogModuleManager: Shutting down and abandoning module UMGEditor (66)
[2015.07.30-07.20.00:425][717]LogModuleManager: Shutting down and abandoning module UMG (65)
[2015.07.30-07.20.00:425][717]LogModuleManager: Shutting down and abandoning module Slate (64)
[2015.07.30-07.20.00:425][717]LogModuleManager: Shutting down and abandoning module EditorStyle (63)
[2015.07.30-07.20.00:433][717]LogModuleManager: Shutting down and abandoning module SessionServices (62)
[2015.07.30-07.20.00:433][717]LogModuleManager: Shutting down and abandoning module SourceCodeAccess (61)
[2015.07.30-07.20.00:434][717]LogModuleManager: Shutting down and abandoning module HeadMountedDisplay (60)
[2015.07.30-07.20.00:434][717]LogModuleManager: Shutting down and abandoning module XAudio2 (59)
[2015.07.30-07.20.00:434][717]LogModuleManager: Shutting down and abandoning module Networking (57)
[2015.07.30-07.20.00:434][717]LogModuleManager: Shutting down and abandoning module Core (56)
[2015.07.30-07.20.00:434][717]LogModuleManager: Shutting down and abandoning module KismetCompiler (55)
[2015.07.30-07.20.00:434][717]LogModuleManager: Shutting down and abandoning module PhysXFormats (54)
[2015.07.30-07.20.00:434][717]LogModuleManager: Shutting down and abandoning module MeshUtilities (53)
[2015.07.30-07.20.00:434][717]LogModuleManager: Shutting down and abandoning module DerivedDataCache (52)
[2015.07.30-07.20.00:475][717]LogDerivedDataCache: Shutdown
[2015.07.30-07.20.00:475][717]LogModuleManager: Shutting down and abandoning module ShaderFormatOpenGL (51)
[2015.07.30-07.20.00:475][717]LogModuleManager: Shutting down and abandoning module ShaderFormatD3D (50)
[2015.07.30-07.20.00:475][717]LogModuleManager: Shutting down and abandoning module MetalShaderFormat (49)
[2015.07.30-07.20.00:475][717]LogModuleManager: Shutting down and abandoning module TextureFormatUncompressed (48)
[2015.07.30-07.20.00:475][717]LogModuleManager: Shutting down and abandoning module TextureFormatPVR (47)
[2015.07.30-07.20.00:475][717]LogModuleManager: Shutting down and abandoning module TextureFormatIntelISPCTexComp (46)
[2015.07.30-07.20.00:475][717]LogModuleManager: Shutting down and abandoning module TextureFormatDXT (45)
[2015.07.30-07.20.00:475][717]LogModuleManager: Shutting down and abandoning module ImageWrapper (44)
[2015.07.30-07.20.00:475][717]LogModuleManager: Shutting down and abandoning module TextureFormatASTC (43)
[2015.07.30-07.20.00:475][717]LogModuleManager: Shutting down and abandoning module TextureFormatAndroid (42)
[2015.07.30-07.20.00:475][717]LogModuleManager: Shutting down and abandoning module AudioFormatOpus (41)
[2015.07.30-07.20.00:475][717]LogModuleManager: Shutting down and abandoning module AudioFormatOgg (40)
[2015.07.30-07.20.00:475][717]LogModuleManager: Shutting down and abandoning module AudioFormatADPCM (39)
[2015.07.30-07.20.00:476][717]LogModuleManager: Shutting down and abandoning module LinuxTargetPlatform (38)
[2015.07.30-07.20.00:476][717]LogModuleManager: Shutting down and abandoning module LinuxServerTargetPlatform (37)
[2015.07.30-07.20.00:476][717]LogModuleManager: Shutting down and abandoning module LinuxNoEditorTargetPlatform (36)
[2015.07.30-07.20.00:476][717]LogModuleManager: Shutting down and abandoning module Messaging (35)
[2015.07.30-07.20.00:476][717]LogModuleManager: Shutting down and abandoning module IOSTargetPlatform (34)
[2015.07.30-07.20.00:476][717]LogModuleManager: Shutting down and abandoning module HTML5TargetPlatform (33)
[2015.07.30-07.20.00:476][717]LogModuleManager: Shutting down and abandoning module Android_PVRTCTargetPlatform (32)
[2015.07.30-07.20.00:476][717]LogModuleManager: Shutting down and abandoning module Android_ETC2TargetPlatform (31)
[2015.07.30-07.20.00:476][717]LogModuleManager: Shutting down and abandoning module Android_ETC1TargetPlatform (30)
[2015.07.30-07.20.00:476][717]LogModuleManager: Shutting down and abandoning module Android_DXTTargetPlatform (29)
[2015.07.30-07.20.00:476][717]LogModuleManager: Shutting down and abandoning module Android_ATCTargetPlatform (28)
[2015.07.30-07.20.00:476][717]LogModuleManager: Shutting down and abandoning module Android_ASTCTargetPlatform (27)
[2015.07.30-07.20.00:476][717]LogModuleManager: Shutting down and abandoning module AndroidTargetPlatform (26)
[2015.07.30-07.20.00:476][717]LogModuleManager: Shutting down and abandoning module WindowsTargetPlatform (25)
[2015.07.30-07.20.00:476][717]LogModuleManager: Shutting down and abandoning module WindowsServerTargetPlatform (24)
[2015.07.30-07.20.00:476][717]LogModuleManager: Shutting down and abandoning module WindowsNoEditorTargetPlatform (23)
[2015.07.30-07.20.00:476][717]LogModuleManager: Shutting down and abandoning module WindowsClientTargetPlatform (22)
[2015.07.30-07.20.00:476][717]LogModuleManager: Shutting down and abandoning module DesktopTargetPlatform (21)
[2015.07.30-07.20.00:476][717]LogModuleManager: Shutting down and abandoning module TargetPlatform (20)
[2015.07.30-07.20.00:476][717]LogModuleManager: Shutting down and abandoning module InputCore (19)
[2015.07.30-07.20.00:476][717]LogModuleManager: Shutting down and abandoning module Settings (18)
[2015.07.30-07.20.00:477][717]LogModuleManager: Shutting down and abandoning module OnlineSubsystem (16)
[2015.07.30-07.20.00:477][717]LogModuleManager: Shutting down and abandoning module HTTP (15)
[2015.07.30-07.20.00:477][717]LogModuleManager: Shutting down and abandoning module ExampleDeviceProfileSelector (14)
[2015.07.30-07.20.00:477][717]LogModuleManager: Shutting down and abandoning module TextureCompressor (13)
[2015.07.30-07.20.00:477][717]LogModuleManager: Shutting down and abandoning module ShaderCore (12)
[2015.07.30-07.20.00:477][717]LogModuleManager: Shutting down and abandoning module Landscape (11)
[2015.07.30-07.20.00:478][717]LogModuleManager: Shutting down and abandoning module SlateRHIRenderer (10)
[2015.07.30-07.20.00:483][717]LogModuleManager: Shutting down and abandoning module OpenGLDrv (9)
[2015.07.30-07.20.00:483][717]LogModuleManager: Shutting down and abandoning module D3D11RHI (8)
[2015.07.30-07.20.00:483][717]LogModuleManager: Shutting down and abandoning module Renderer (7)
[2015.07.30-07.20.00:483][717]LogModuleManager: Shutting down and abandoning module Engine (6)
[2015.07.30-07.20.00:483][717]LogModuleManager: Shutting down and abandoning module CoreUObject (5)
[2015.07.30-07.20.00:483][717]LogModuleManager: Shutting down and abandoning module NetworkFile (4)
[2015.07.30-07.20.00:483][717]LogModuleManager: Shutting down and abandoning module StreamingFile (3)
[2015.07.30-07.20.00:483][717]LogModuleManager: Shutting down and abandoning module SandboxFile (2)
[2015.07.30-07.20.00:483][717]LogModuleManager: Shutting down and abandoning module PakFile (1)
[2015.07.30-07.20.00:485][717]LogExit: Exiting.
[2015.07.30-07.20.00:488][717]Log file closed, 07/30/15 09:20:00
