[2015.08.03-07.39.46:766][  0]Log file open, 08/03/15 09:39:46
[2015.08.03-07.39.46:766][  0]LogInit:Display: Running engine for game: SaveMe
[2015.08.03-07.39.46:766][  0]LogInit:Display: RandInit(-895946021) SRandInit(-895946021).
[2015.08.03-07.39.46:766][  0]LogTaskGraph: Started task graph with 4 named threads and 5 total threads.
[2015.08.03-07.39.46:766][  0]LogStats: Stats thread started
[2015.08.03-07.39.46:766][  0]LogInit: Version: 4.8.3-2634408+++depot+UE4-Releases+4.8
[2015.08.03-07.39.46:766][  0]LogInit: API Version: 2579680
[2015.08.03-07.39.46:766][  0]LogInit: Compiled (64-bit): Jul 27 2015 16:24:33
[2015.08.03-07.39.46:766][  0]LogInit: Compiled with Visual C++: 18.00.21005.01
[2015.08.03-07.39.46:766][  0]LogInit: Build Configuration: Development
[2015.08.03-07.39.46:766][  0]LogInit: Branch Name: ++depot+UE4-Releases+4.8
[2015.08.03-07.39.46:766][  0]LogInit: Command line: 
[2015.08.03-07.39.46:766][  0]LogInit: Base directory: C:/Program Files/Epic Games/4.8/Engine/Binaries/Win64/
[2015.08.03-07.39.46:766][  0]LogInit: Rocket: 1
[2015.08.03-07.39.46:781][  0]LogInit: Using libcurl 7.41.0
[2015.08.03-07.39.46:781][  0]LogInit:  - built for x86_64-pc-win32
[2015.08.03-07.39.46:781][  0]LogInit:  - supports SSL with WinSSL
[2015.08.03-07.39.46:781][  0]LogInit:  - other features:
[2015.08.03-07.39.46:781][  0]LogInit:      CURL_VERSION_SSL
[2015.08.03-07.39.46:781][  0]LogInit:      CURL_VERSION_IPV6
[2015.08.03-07.39.46:781][  0]LogInit:      CURL_VERSION_ASYNCHDNS
[2015.08.03-07.39.46:781][  0]LogInit:      CURL_VERSION_LARGEFILE
[2015.08.03-07.39.46:781][  0]LogInit:      CURL_VERSION_IDN
[2015.08.03-07.39.46:781][  0]LogInit:  CurlRequestOptions (configurable via config and command line):
[2015.08.03-07.39.46:781][  0]LogInit:  - bVerifyPeer = true  - Libcurl will verify peer certificate
[2015.08.03-07.39.46:781][  0]LogInit:  - bUseHttpProxy = false  - Libcurl will NOT use HTTP proxy
[2015.08.03-07.39.46:781][  0]LogInit:  - bDontReuseConnections = false  - Libcurl will reuse connections
[2015.08.03-07.39.46:781][  0]LogInit:  - CertBundlePath = nullptr  - Libcurl will use whatever was configured at build time.
[2015.08.03-07.39.46:793][  0]LogOnline:Warning: No default platform service specified for OnlineSubsystem
[2015.08.03-07.39.46:809][  0]LogInit: Presizing for 0 objects not considered by GC, pre-allocating 0 bytes.
[2015.08.03-07.39.46:817][  0]LogInit: Object subsystem initialized
[2015.08.03-07.39.46:818][  0]LogConsoleResponse:Warning: Skipping Unknown console variable: 'TranslucentSortAxis = (X=0.000000,Y=-1.000000,Z=0.000000)'
[2015.08.03-07.39.46:818][  0]LogConsoleResponse:Warning:   Found in ini file 'D:/Workspace/Code/BitBucket/SaveMe/Saved/Config/Windows/Engine.ini', in section '[/Script/Engine.RendererSettings]'
[2015.08.03-07.39.46:818][  0]LogConsoleResponse:Warning: Skipping Unknown console variable: 'UIScaleRule = ShortestSide'
[2015.08.03-07.39.46:818][  0]LogConsoleResponse:Warning:   Found in ini file 'D:/Workspace/Code/BitBucket/SaveMe/Saved/Config/Windows/Engine.ini', in section '[/Script/Engine.RendererSettings]'
[2015.08.03-07.39.46:818][  0]LogConsoleResponse:Warning: Skipping Unknown console variable: 'UIScaleCurve = (EditorCurveData=(Keys=),ExternalCurve=None)'
[2015.08.03-07.39.46:818][  0]LogConsoleResponse:Warning:   Found in ini file 'D:/Workspace/Code/BitBucket/SaveMe/Saved/Config/Windows/Engine.ini', in section '[/Script/Engine.RendererSettings]'
[2015.08.03-07.39.46:819][  0]LogInit: Selected Device Profile: [Windows]
[2015.08.03-07.39.46:819][  0]LogInit: Applying CVar settings loaded from the selected device profile: [Windows]
[2015.08.03-07.39.46:827][  0]LogInit: Computer: SLB-H7VRKQ1
[2015.08.03-07.39.46:827][  0]LogInit: User: ALorente
[2015.08.03-07.39.46:827][  0]LogInit: CPU Page size=4096, Cores=2
[2015.08.03-07.39.46:827][  0]LogInit: High frequency timer resolution =2.630791 MHz
[2015.08.03-07.39.46:827][  0]LogMemory: Memory total: Physical=8.0GB (8GB approx)
[2015.08.03-07.39.46:827][  0]LogMemory: Platform Memory Stats for Windows
[2015.08.03-07.39.46:827][  0]LogMemory: Process Physical Memory: 49.31 MB used, 49.31 MB peak
[2015.08.03-07.39.46:827][  0]LogMemory: Process Virtual Memory: 23.38 MB used, 23.38 MB peak
[2015.08.03-07.39.46:827][  0]LogMemory: Physical Memory: 3836.25 MB used, 8148.89 MB total
[2015.08.03-07.39.46:827][  0]LogMemory: Virtual Memory: 283.35 MB used, 8388608.00 MB total
[2015.08.03-07.39.46:858][  0]LogTextLocalizationManager: The requested culture ('en_US') has no localization data; parent culture's ('en') localization data will be used.
[2015.08.03-07.39.47:094][  0]LogTextLocalizationManager:Warning: Loaded localization resources contain conflicting entries for (Namespace:ContentBrowser, Key:ImportAssetToolTip):
Localization Resource: (C:/Program Files/Epic Games/4.8/Engine/Content/Localization/Editor/en/Editor.locres) Source String Hash: (-630476809) Localized String: (Import to {0}...)
Localization Resource: (C:/Program Files/Epic Games/4.8/Engine/Content/Localization/Editor/en/Editor.locres) Source String Hash: (1271782899) Localized String: (Imports an asset from file to this folder.)
[2015.08.03-07.39.47:631][  0]LogD3D11RHI: Found D3D11 adapter 0: NVIDIA Quadro 2000M (Feature Level 11_0)
[2015.08.03-07.39.47:632][  0]LogD3D11RHI: Adapter has 1999MB of dedicated video memory, 0MB of dedicated system memory, and 3818MB of shared system memory, 2 output[s]
[2015.08.03-07.39.47:632][  0]LogD3D11RHI: Chosen D3D11 Adapter Id = 0
[2015.08.03-07.39.47:636][  0]LogD3D11RHI: InitD3DDevice
[2015.08.03-07.39.47:636][  0]LogD3D11RHI: !Direct3DDevice
[2015.08.03-07.39.47:636][  0]LogRHI: Texture pool is 1361 MB (70% of 1945 MB)
[2015.08.03-07.39.47:650][  0]LogD3D11RHI: Async texture creation enabled
[2015.08.03-07.39.47:658][  0]LogShaderCompilers:Display: Using Local Shader Compiler.
[2015.08.03-07.39.48:559][  0]LogTemp:Display: Loaded TP DesktopTargetPlatform
[2015.08.03-07.39.48:575][  0]LogTemp:Display: Loaded TP WindowsClientTargetPlatform
[2015.08.03-07.39.48:596][  0]LogTemp:Display: Loaded TP WindowsNoEditorTargetPlatform
[2015.08.03-07.39.48:611][  0]LogTemp:Display: Loaded TP WindowsServerTargetPlatform
[2015.08.03-07.39.48:629][  0]LogTemp:Display: Loaded TP WindowsTargetPlatform
[2015.08.03-07.39.48:646][  0]LogTemp:Display: Loaded TP AndroidTargetPlatform
[2015.08.03-07.39.48:662][  0]LogTemp:Display: Loaded TP Android_ASTCTargetPlatform
[2015.08.03-07.39.48:682][  0]LogTemp:Display: Loaded TP Android_ATCTargetPlatform
[2015.08.03-07.39.48:699][  0]LogTemp:Display: Loaded TP Android_DXTTargetPlatform
[2015.08.03-07.39.48:718][  0]LogTemp:Display: Loaded TP Android_ETC1TargetPlatform
[2015.08.03-07.39.48:736][  0]LogTemp:Display: Loaded TP Android_ETC2TargetPlatform
[2015.08.03-07.39.48:756][  0]LogTemp:Display: Loaded TP Android_PVRTCTargetPlatform
[2015.08.03-07.39.48:820][  0]LogTemp:Display: Loaded TP IOSTargetPlatform
[2015.08.03-07.39.48:836][  0]LogTemp:Display: Loaded TP LinuxNoEditorTargetPlatform
[2015.08.03-07.39.48:855][  0]LogTemp:Display: Loaded TP LinuxServerTargetPlatform
[2015.08.03-07.39.48:873][  0]LogTemp:Display: Loaded TP LinuxTargetPlatform
[2015.08.03-07.39.48:873][  0]LogTargetPlatformManager:Display: Building Assets For Windows
[2015.08.03-07.39.49:136][  0]LogDerivedDataCache:Display: Max Cache Size: 512 MB
[2015.08.03-07.39.49:189][  0]LogDerivedDataCache: Loaded boot cache 0.05s 53MB C:/Users/ALorente/AppData/Local/UnrealEngine/4.8/DerivedDataCache/Boot.ddc.
[2015.08.03-07.39.49:189][  0]LogDerivedDataCache:Display: Loaded Boot cache: C:/Users/ALorente/AppData/Local/UnrealEngine/4.8/DerivedDataCache/Boot.ddc
[2015.08.03-07.39.49:189][  0]LogDerivedDataCache: FDerivedDataBackendGraph:  Pak pak cache file D:/Workspace/Code/BitBucket/SaveMe/DerivedDataCache/DDC.ddp not found, will not use a pak cache.
[2015.08.03-07.39.49:189][  0]LogDerivedDataCache: Unable to find inner node Pak for hierarchical cache Hierarchy.
[2015.08.03-07.39.49:189][  0]LogDerivedDataCache: FDerivedDataBackendGraph:  CompressedPak pak cache file D:/Workspace/Code/BitBucket/SaveMe/DerivedDataCache/Compressed.ddp not found, will not use a pak cache.
[2015.08.03-07.39.49:189][  0]LogDerivedDataCache: Unable to find inner node CompressedPak for hierarchical cache Hierarchy.
[2015.08.03-07.39.49:400][  0]LogDerivedDataCache:Display: Pak cache opened for reading ../../../Engine/DerivedDataCache/Compressed.ddp.
[2015.08.03-07.39.49:412][  0]LogDerivedDataCache: Using Local data cache path C:/Users/ALorente/AppData/Local/UnrealEngine/Common/DerivedDataCache: Writable
[2015.08.03-07.39.49:801][  0]LogInit: Selected Device Profile: [Windows]
[2015.08.03-07.39.49:809][  0]ImportText (ComponentSweepMultiTests): Missing closing parenthesis: (RootShapeAsset="/Engine/BasicShapes/Cube.Cube",ShapeType="TriggerCapsule",HitResult=(Time=0.50,Location=(X=-100.000015,Y=0.0,Z=100.000015),ImpactPoint=(X=-50.0,Y=0.0,Z=50.0),Normal=(X=-1.0,Y=-0.0,Z=0.0),ImpactNormal=(X=0.0,Y=0.0,Z=1.0),TraceStart=(X=-200.0,Y=0.0,Z=200.0),TraceEnd=(X=0.0,Y=0.0,Z=0.0))
[2015.08.03-07.39.49:810][  0]ImportText (LineTraceSingleByChannelTests): Missing closing parenthesis: (RootShapeAsset="/Engine/BasicShapes/Cube.Cube",HitResult=(Time=0.50,Location=(X=-100.000015,Y=0.0,Z=100.000015),ImpactPoint=(X=-50.0,Y=0.0,Z=50.0),Normal=(X=-1.0,Y=-0.0,Z=0.0),ImpactNormal=(X=0.0,Y=0.0,Z=1.0),TraceStart=(X=-200.0,Y=0.0,Z=200.0),TraceEnd=(X=0.0,Y=0.0,Z=0.0))
[2015.08.03-07.39.49:840][  0]LogMeshUtilities: No automatic mesh reduction module available
[2015.08.03-07.39.49:840][  0]LogMeshUtilities: No automatic mesh merging module available
[2015.08.03-07.39.50:358][  0]LogInit: WinSock: version 1.1 (2.2), MaxSocks=32767, MaxUdp=65467
[2015.08.03-07.39.51:560][  0]UdpMessaging: Initializing bridge on interface 0.0.0.0:0 to multicast group 230.0.0.1:6666.
[2015.08.03-07.39.51:958][  0]SourceControl: Info Source control is disabled
[2015.08.03-07.39.51:984][  0]SourceControl: Info Source control is disabled
[2015.08.03-07.39.51:995][  0]SourceControl: Info Source control is disabled
[2015.08.03-07.39.52:005][  0]SourceControl: Info Source control is disabled
[2015.08.03-07.39.52:259][  0]LogObj: 26273 objects as part of root set at end of initial load.
[2015.08.03-07.39.52:259][  0]LogUObjectAllocator: 5409248 out of 0 bytes used by permanent object pool.
[2015.08.03-07.39.52:337][  0]LogEngine: Initializing Engine...
[2015.08.03-07.39.52:339][  0]LogHMD: Can't find Oculus library dev build: is proper Runtime installed? Version: 0.6.0.0
[2015.08.03-07.39.52:340][  0]LogHMD:Warning: SteamVR failed to initialize.  Error: 110
[2015.08.03-07.39.52:521][  0]LogAIModule: Creating AISystem for world NewWorld
[2015.08.03-07.39.52:526][  0]LogInit: XAudio2 using 'Speakers / Headphones (IDT High Definition Audio CODEC)' : 2 channels at 48 kHz using 16 bits per sample (channel mask 0x3)
[2015.08.03-07.39.52:547][  0]LogInit: FAudioDevice initialized.
[2015.08.03-07.39.52:577][  0]LogDerivedDataCache: Saved boot cache 0.03s 53MB C:/Users/ALorente/AppData/Local/UnrealEngine/4.8/DerivedDataCache/Boot.ddc.
[2015.08.03-07.39.52:585][  0]LogInit: Texture streaming: Disabled
[2015.08.03-07.39.52:614][  0]LogAnalytics: Creating configured Analytics provider AnalyticsET
[2015.08.03-07.39.52:614][  0]LogAnalytics: [UEEditor.Rocket.Release] APIServer = http://et2.epicgames.com/ET2/. AppVersion = 4.8.3-2634408+++depot+UE4-Releases+4.8
[2015.08.03-07.39.52:614][  0]LogAnalytics: [UEEditor.Rocket.Release] SetUserId d64b808f4af5ec925fa497bbc1d7337b|81643a0ffa4546099291d92070e6ccbc|952f4c26-71e8-47b2-8a9a-557a0707c735
[2015.08.03-07.39.52:614][  0]LogAnalytics: [UEEditor.Rocket.Release] AnalyticsET::StartSession
[2015.08.03-07.39.52:663][  0]LogInit: Transaction tracking system initialized
[2015.08.03-07.39.52:837][  0]BlueprintLog: New page: Editor Load
[2015.08.03-07.39.52:881][  0]LogAssetRegistry: FAssetRegistry took 0.0110 seconds to start up
[2015.08.03-07.39.52:881][  0]LogDirectoryWatcher:Warning: Failed to begin reading directory changes for ../../../Engine/Plugins/Experimental/CharacterAI/Content/. Error: 0
[2015.08.03-07.39.53:854][  0]LogLinker:Warning: Asset '../../../Engine/Content/Tutorial/Mobile/SettingUpAndroidTutorial.uasset' has been saved with empty engine version. The asset will be loaded but may be incompatible.
[2015.08.03-07.39.54:019][  0]LogConsoleManager:Warning: Console variable 'r.VSync' wasn't set ('GameSetting' has a lower priority than 'SystemSettingsIni')
[2015.08.03-07.39.54:019][  0]LogConsoleResponse:Display: 
[2015.08.03-07.39.54:194][  0]LogCook:Display: Done creating registry. It took  0.00s.
[2015.08.03-07.39.54:464][  0]SourceControl: Info Source control is disabled
[2015.08.03-07.39.54:464][  0]Cmd: MAP LOAD FILE="D:/Workspace/Code/BitBucket/SaveMe/Content/Maps/Level1.umap" TEMPLATE=0 SHOWPROGRESS=1 FEATURELEVEL=3
[2015.08.03-07.39.54:464][  0]LightingResults: New page: Lighting Build
[2015.08.03-07.39.54:484][  0]MapCheck: New page: Map Check
[2015.08.03-07.39.54:486][  0]LightingResults: New page: Lighting Build
[2015.08.03-07.39.54:509][  0]LogParticles: Destroying 0 GPU particle simulations for FXSystem 0x000000001C066200
[2015.08.03-07.39.54:544][  0]LogLinker:Warning: SphereComponent_2 has an inappropriate outermost, it was probably saved with a deprecated outer (file: D:/Workspace/Code/BitBucket/SaveMe/Content/Blueprints/coin.uasset)
[2015.08.03-07.39.54:551][  0]LogLinker:Warning: SphereComponent_2 has an inappropriate outermost, it was probably saved with a deprecated outer (file: D:/Workspace/Code/BitBucket/SaveMe/Content/Blueprints/coin.uasset)
[2015.08.03-07.39.54:553][  0]LogLinker:Warning: SphereComponent_2 has an inappropriate outermost, it was probably saved with a deprecated outer (file: D:/Workspace/Code/BitBucket/SaveMe/Content/Blueprints/coin.uasset)
[2015.08.03-07.39.54:639][  0]LogLinker:Warning: SphereComponent_1 has an inappropriate outermost, it was probably saved with a deprecated outer (file: D:/Workspace/Code/BitBucket/SaveMe/Content/Blueprints/Enemy.uasset)
[2015.08.03-07.39.54:645][  0]LogLinker:Warning: SphereComponent_1 has an inappropriate outermost, it was probably saved with a deprecated outer (file: D:/Workspace/Code/BitBucket/SaveMe/Content/Blueprints/Enemy.uasset)
[2015.08.03-07.39.54:647][  0]LogLinker:Warning: SphereComponent_1 has an inappropriate outermost, it was probably saved with a deprecated outer (file: D:/Workspace/Code/BitBucket/SaveMe/Content/Blueprints/Enemy.uasset)
[2015.08.03-07.39.55:029][  0]LogAIModule: Creating AISystem for world Level1
[2015.08.03-07.39.55:039][  0]LogEditorServer: Finished looking for orphan Actors (0.000 secs)
[2015.08.03-07.39.55:041][  0]Cmd: MAP CHECKDEP NOCLEARLOG
[2015.08.03-07.39.55:089][  0]MapCheck: Info Map check complete: 0 Error(s), 0 Warning(s), took 48.321ms to complete.
[2015.08.03-07.39.55:089][  0]LogFileHelpers: Loading map 'Level1' took 0.625
[2015.08.03-07.39.55:352][  0]LogCollectionManager: Loaded 0 collections in 0.002434 seconds
[2015.08.03-07.39.55:365][  0]LogContentBrowser: Native class hierarchy populated in 0.0112 seconds. Added 1792 classes and 301 folders.
[2015.08.03-07.39.55:517][  0]LogContentBrowser: Native class hierarchy updated for 'WidgetCarousel' in 0.0005 seconds. Added 0 classes and 0 folders.
[2015.08.03-07.39.55:809][  0]LogContentBrowser: Native class hierarchy updated for 'AddContentDialog' in 0.0005 seconds. Added 0 classes and 0 folders.
[2015.08.03-07.39.55:859][  0]LogContentBrowser: Native class hierarchy updated for 'SceneOutliner' in 0.0004 seconds. Added 1 classes and 2 folders.
[2015.08.03-07.39.56:295][  0]LogCrashTracker: Crashtracker disabled due to settings.
[2015.08.03-07.39.56:309][  0]LogD3D11RHI: InitD3DDevice
[2015.08.03-07.39.56:315][  0]LogUObjectGlobals:Warning: Failed to find object 'Class None.'
[2015.08.03-07.39.56:343][  0]LogLoad: Full Startup: 11.53 seconds (BP compile: 0.32 seconds)
[2015.08.03-07.39.56:496][  0]LogContentStreaming: Texture pool size is 0.000000MB
[2015.08.03-07.39.56:528][  0]LogContentStreaming: Texture pool size now 400 MB
[2015.08.03-07.39.56:677][  0]LogRenderer: Reallocating scene render targets to support 1056x584 (Frame:2).
[2015.08.03-07.39.57:168][  8]LogAssetRegistry: Asset discovery search completed in 4.2984 seconds
[2015.08.03-07.39.57:381][ 19]LogD3D11RHI: InitD3DDevice
[2015.08.03-07.39.58:814][ 73]LogD3D11RHI: InitD3DDevice
[2015.08.03-07.40.00:547][176]BlueprintLog: New page: Pre-PIE auto-recompile
[2015.08.03-07.40.00:548][176]LogPlayLevel: [PIE] Compiling Level1 before PIE...
[2015.08.03-07.40.00:684][176]LogPlayLevel: PIE:  Blueprint regeneration took 136 ms (1 blueprints)
[2015.08.03-07.40.00:716][176]PIE: New page: PIE session: Level1 (Aug 3, 2015, 11:40:00 AM)
[2015.08.03-07.40.00:717][176]LogPlayLevel: Creating play world package: /Game/Maps/UEDPIE_0_Level1
[2015.08.03-07.40.00:728][176]LogPlayLevel: PIE: StaticDuplicateObject took: (0.011821s)
[2015.08.03-07.40.00:729][176]LogAIModule: Creating AISystem for world Level1
[2015.08.03-07.40.00:730][176]LogPlayLevel: PIE: World Init took: (0.001102s)
[2015.08.03-07.40.00:731][176]LogPlayLevel: PIE: Created PIE world by copying editor world from /Game/Maps/Level1.Level1 to /Game/Maps/UEDPIE_0_Level1.Level1 (0.014026s)
[2015.08.03-07.40.00:759][176]LogInit: XAudio2 using 'Speakers / Headphones (IDT High Definition Audio CODEC)' : 2 channels at 48 kHz using 16 bits per sample (channel mask 0x3)
[2015.08.03-07.40.00:763][176]LogInit: FAudioDevice initialized.
[2015.08.03-07.40.01:168][176]LogWorld: Game class is 'MainGameMode_C'
[2015.08.03-07.40.01:183][176]LogWorld: Bringing World /Game/Maps/UEDPIE_0_Level1.Level1 up for play (max tick rate 60) at 2015.08.03-09.40.01
[2015.08.03-07.40.01:183][176]LogActor:Warning: GameSession /Game/Maps/UEDPIE_0_Level1.Level1:PersistentLevel.GameSession_0 has natively added scene component(s), but none of them were set as the actor's RootComponent - picking one arbitrarily
[2015.08.03-07.40.01:184][176]LogActor:Warning: GameNetworkManager /Game/Maps/UEDPIE_0_Level1.Level1:PersistentLevel.GameNetworkManager_0 has natively added scene component(s), but none of them were set as the actor's RootComponent - picking one arbitrarily
[2015.08.03-07.40.01:185][176]LogWorld: Bringing up level for play took: 0.007761
[2015.08.03-07.40.01:211][176]PIE: Info Play in editor start time for /Game/Maps/UEDPIE_0_Level1 0.35
[2015.08.03-07.40.01:303][177]LogCharacterMovement:Warning: GetSimulationTimeStep() - Max iterations 8 hit while remaining time 0.059688 > MaxSimulationTimeStep (0.050) for 'MainCharacter_C_0'
[2015.08.03-07.40.01:303][177]LogBlueprintUserMessages: Got a Coin!!!
[2015.08.03-07.40.02:896][271]PIE:Warning: Warning Mobility of Enemy_C_0 : RenderComponent has to be 'Movable' if you'd like to move. 
[2015.08.03-07.40.02:902][271]PIE:Warning: Warning Mobility of Coin_C_0 : RenderComponent has to be 'Movable' if you'd like to move. 
[2015.08.03-07.40.03:528][309]LogBlueprintUserMessages: Got a Coin!!!
[2015.08.03-07.40.04:895][391]PIE:Warning: Warning Mobility of Enemy_C_1 : RenderComponent has to be 'Movable' if you'd like to move. 
[2015.08.03-07.40.04:896][391]PIE:Warning: Warning Mobility of Coin_C_1 : RenderComponent has to be 'Movable' if you'd like to move. 
[2015.08.03-07.40.06:896][511]PIE:Warning: Warning Mobility of Enemy_C_2 : RenderComponent has to be 'Movable' if you'd like to move. 
[2015.08.03-07.40.06:897][511]PIE:Warning: Warning Mobility of Coin_C_2 : RenderComponent has to be 'Movable' if you'd like to move. 
[2015.08.03-07.40.08:896][631]PIE:Warning: Warning Mobility of Coin_C_3 : RenderComponent has to be 'Movable' if you'd like to move. 
[2015.08.03-07.40.08:897][631]PIE:Warning: Warning Mobility of Enemy_C_3 : RenderComponent has to be 'Movable' if you'd like to move. 
[2015.08.03-07.40.10:977][755]PIE:Warning: Warning Mobility of Enemy_C_4 : RenderComponent has to be 'Movable' if you'd like to move. 
[2015.08.03-07.40.10:978][755]PIE:Warning: Warning Mobility of Coin_C_4 : RenderComponent has to be 'Movable' if you'd like to move. 
[2015.08.03-07.40.12:977][875]PIE:Warning: Warning Mobility of Enemy_C_5 : RenderComponent has to be 'Movable' if you'd like to move. 
[2015.08.03-07.40.12:978][875]PIE:Warning: Warning Mobility of Coin_C_5 : RenderComponent has to be 'Movable' if you'd like to move. 
[2015.08.03-07.40.14:924][987]LogParticles: Destroying 0 GPU particle simulations for FXSystem 0x000000000BAB53A0
[2015.08.03-07.40.16:683][ 90]BlueprintLog: New page: Pre-PIE auto-recompile
[2015.08.03-07.40.16:683][ 90]LogPlayLevel: [PIE] Compiling Level1 before PIE...
[2015.08.03-07.40.16:771][ 90]LogPlayLevel: PIE:  Blueprint regeneration took 88 ms (1 blueprints)
[2015.08.03-07.40.16:772][ 90]PIE: New page: PIE session: Level1 (Aug 3, 2015, 11:40:16 AM)
[2015.08.03-07.40.16:772][ 90]LogPlayLevel: Creating play world package: /Game/Maps/UEDPIE_0_Level1
[2015.08.03-07.40.16:783][ 90]LogPlayLevel: PIE: StaticDuplicateObject took: (0.011097s)
[2015.08.03-07.40.16:784][ 90]LogAIModule: Creating AISystem for world Level1
[2015.08.03-07.40.16:784][ 90]LogPlayLevel: PIE: World Init took: (0.001067s)
[2015.08.03-07.40.16:784][ 90]LogPlayLevel: PIE: Created PIE world by copying editor world from /Game/Maps/Level1.Level1 to /Game/Maps/UEDPIE_0_Level1.Level1 (0.012351s)
[2015.08.03-07.40.16:812][ 90]LogInit: XAudio2 using 'Speakers / Headphones (IDT High Definition Audio CODEC)' : 2 channels at 48 kHz using 16 bits per sample (channel mask 0x3)
[2015.08.03-07.40.16:817][ 90]LogInit: FAudioDevice initialized.
[2015.08.03-07.40.16:848][ 90]LogWorld: Game class is 'MainGameMode_C'
[2015.08.03-07.40.16:855][ 90]LogWorld: Bringing World /Game/Maps/UEDPIE_0_Level1.Level1 up for play (max tick rate 60) at 2015.08.03-09.40.16
[2015.08.03-07.40.16:855][ 90]LogActor:Warning: GameSession /Game/Maps/UEDPIE_0_Level1.Level1:PersistentLevel.GameSession_1 has natively added scene component(s), but none of them were set as the actor's RootComponent - picking one arbitrarily
[2015.08.03-07.40.16:856][ 90]LogActor:Warning: GameNetworkManager /Game/Maps/UEDPIE_0_Level1.Level1:PersistentLevel.GameNetworkManager_1 has natively added scene component(s), but none of them were set as the actor's RootComponent - picking one arbitrarily
[2015.08.03-07.40.16:856][ 90]LogWorld: Bringing up level for play took: 0.006460
[2015.08.03-07.40.16:859][ 90]PIE: Info Play in editor start time for /Game/Maps/UEDPIE_0_Level1 -0.003
[2015.08.03-07.40.17:022][100]LogBlueprintUserMessages: Got a Coin!!!
[2015.08.03-07.40.18:455][186]LogBlueprintUserMessages: Got a Coin!!!
[2015.08.03-07.40.18:672][199]PIE:Warning: Warning Mobility of Enemy_C_6 : RenderComponent has to be 'Movable' if you'd like to move. 
[2015.08.03-07.40.18:673][199]PIE:Warning: Warning Mobility of Coin_C_6 : RenderComponent has to be 'Movable' if you'd like to move. 
[2015.08.03-07.40.20:677][319]PIE:Warning: Warning Mobility of Enemy_C_7 : RenderComponent has to be 'Movable' if you'd like to move. 
[2015.08.03-07.40.20:677][319]PIE:Warning: Warning Mobility of Coin_C_7 : RenderComponent has to be 'Movable' if you'd like to move. 
[2015.08.03-07.40.22:677][439]PIE:Warning: Warning Mobility of Enemy_C_8 : RenderComponent has to be 'Movable' if you'd like to move. 
[2015.08.03-07.40.22:677][439]PIE:Warning: Warning Mobility of Coin_C_8 : RenderComponent has to be 'Movable' if you'd like to move. 
[2015.08.03-07.40.24:677][559]PIE:Warning: Warning Mobility of Enemy_C_9 : RenderComponent has to be 'Movable' if you'd like to move. 
[2015.08.03-07.40.24:677][559]PIE:Warning: Warning Mobility of Coin_C_9 : RenderComponent has to be 'Movable' if you'd like to move. 
[2015.08.03-07.40.25:251][590]LogParticles: Destroying 0 GPU particle simulations for FXSystem 0x000000000F4305E0
[2015.08.03-07.40.29:082][797]Cmd: QUIT_EDITOR
[2015.08.03-07.40.30:421][797]LogExit: Preparing to exit.
[2015.08.03-07.40.30:668][797]LogExit: Editor shut down
[2015.08.03-07.40.30:669][797]LogExit: Transaction tracking system shut down
[2015.08.03-07.40.30:671][797]LogParticles: Destroying 0 GPU particle simulations for FXSystem 0x000000000C1A58A0
[2015.08.03-07.40.30:671][797]LogParticles: Destroying 0 GPU particle simulations for FXSystem 0x00000000196A6FC0
[2015.08.03-07.40.30:671][797]LogParticles: Destroying 0 GPU particle simulations for FXSystem 0x00000000196985E0
[2015.08.03-07.40.30:807][797]LogExit: Object subsystem successfully closed.
[2015.08.03-07.40.30:871][797]LogD3D11RHI: Shutdown
[2015.08.03-07.40.30:871][797]LogD3D11RHI: CleanupD3DDevice
[2015.08.03-07.40.30:923][797]LogD3D11RHI: ~FD3D11DynamicRHI
[2015.08.03-07.40.30:943][797]LogModuleManager: Shutting down and abandoning module CrashTracker (188)
[2015.08.03-07.40.30:943][797]LogModuleManager: Shutting down and abandoning module SceneOutliner (187)
[2015.08.03-07.40.30:943][797]LogModuleManager: Shutting down and abandoning module SuperSearch (186)
[2015.08.03-07.40.30:943][797]LogModuleManager: Shutting down and abandoning module WidgetCarousel (185)
[2015.08.03-07.40.30:943][797]LogModuleManager: Shutting down and abandoning module AddContentDialog (184)
[2015.08.03-07.40.30:944][797]LogModuleManager: Shutting down and abandoning module EditorWidgets (183)
[2015.08.03-07.40.30:944][797]LogModuleManager: Shutting down and abandoning module CollectionManager (182)
[2015.08.03-07.40.30:944][797]LogModuleManager: Shutting down and abandoning module StatsViewer (181)
[2015.08.03-07.40.30:944][797]LogModuleManager: Shutting down and abandoning module FoliageEdit (180)
[2015.08.03-07.40.30:944][797]LogModuleManager: Shutting down and abandoning module LandscapeEditor (179)
[2015.08.03-07.40.30:944][797]LogModuleManager: Shutting down and abandoning module ActorPickerMode (178)
[2015.08.03-07.40.30:944][797]LogModuleManager: Shutting down and abandoning module GeometryMode (177)
[2015.08.03-07.40.30:944][797]LogModuleManager: Shutting down and abandoning module TextureAlignMode (176)
[2015.08.03-07.40.30:944][797]LogModuleManager: Shutting down and abandoning module BspMode (175)
[2015.08.03-07.40.30:944][797]LogModuleManager: Shutting down and abandoning module PlacementMode (174)
[2015.08.03-07.40.30:944][797]LogModuleManager: Shutting down and abandoning module AutomationWorker (173)
[2015.08.03-07.40.30:944][797]LogModuleManager: Shutting down and abandoning module CharacterAI (172)
[2015.08.03-07.40.30:944][797]LogModuleManager: Shutting down and abandoning module SmartSnapping (171)
[2015.08.03-07.40.30:944][797]LogModuleManager: Shutting down and abandoning module ViewportSnapping (170)
[2015.08.03-07.40.30:944][797]LogModuleManager: Shutting down and abandoning module LogVisualizer (169)
[2015.08.03-07.40.30:944][797]LogModuleManager: Shutting down and abandoning module GameProjectGeneration (168)
[2015.08.03-07.40.30:944][797]LogModuleManager: Shutting down and abandoning module IntroTutorials (167)
[2015.08.03-07.40.30:945][797]LogModuleManager: Shutting down and abandoning module EditorLiveStreaming (166)
[2015.08.03-07.40.30:945][797]LogModuleManager: Shutting down and abandoning module IOSPlatformEditor (165)
[2015.08.03-07.40.30:945][797]LogModuleManager: Shutting down and abandoning module HTML5PlatformEditor (164)
[2015.08.03-07.40.30:945][797]LogModuleManager: Shutting down and abandoning module AndroidDeviceDetection (163)
[2015.08.03-07.40.31:753][797]LogModuleManager: Shutting down and abandoning module AndroidPlatformEditor (162)
[2015.08.03-07.40.31:753][797]LogModuleManager: Shutting down and abandoning module IOSRuntimeSettings (161)
[2015.08.03-07.40.31:753][797]LogModuleManager: Shutting down and abandoning module AndroidRuntimeSettings (160)
[2015.08.03-07.40.31:753][797]LogModuleManager: Shutting down and abandoning module MergeActors (159)
[2015.08.03-07.40.31:753][797]LogModuleManager: Shutting down and abandoning module SizeMap (158)
[2015.08.03-07.40.31:753][797]LogModuleManager: Shutting down and abandoning module TreeMap (157)
[2015.08.03-07.40.31:753][797]LogModuleManager: Shutting down and abandoning module ReferenceViewer (156)
[2015.08.03-07.40.31:753][797]LogModuleManager: Shutting down and abandoning module LocalizationDashboard (155)
[2015.08.03-07.40.31:754][797]LogModuleManager: Shutting down and abandoning module HardwareTargeting (154)
[2015.08.03-07.40.31:754][797]LogModuleManager: Shutting down and abandoning module DeviceProfileEditor (153)
[2015.08.03-07.40.31:754][797]LogModuleManager: Shutting down and abandoning module UndoHistory (152)
[2015.08.03-07.40.31:754][797]LogModuleManager: Shutting down and abandoning module GameplayTagsEditor (151)
[2015.08.03-07.40.31:754][797]LogModuleManager: Shutting down and abandoning module UserFeedback (150)
[2015.08.03-07.40.31:754][797]LogModuleManager: Shutting down and abandoning module XmlParser (149)
[2015.08.03-07.40.31:754][797]LogModuleManager: Shutting down and abandoning module Blutility (148)
[2015.08.03-07.40.31:754][797]LogModuleManager: Shutting down and abandoning module ProjectTargetPlatformEditor (147)
[2015.08.03-07.40.31:754][797]LogModuleManager: Shutting down and abandoning module ProjectSettingsViewer (146)
[2015.08.03-07.40.31:754][797]LogModuleManager: Shutting down and abandoning module InputBindingEditor (145)
[2015.08.03-07.40.31:757][797]LogModuleManager: Shutting down and abandoning module EditorSettingsViewer (144)
[2015.08.03-07.40.31:757][797]LogModuleManager: Shutting down and abandoning module SettingsEditor (143)
[2015.08.03-07.40.31:757][797]LogModuleManager: Shutting down and abandoning module ProjectLauncher (142)
[2015.08.03-07.40.31:757][797]LogModuleManager: Shutting down and abandoning module SessionFrontend (141)
[2015.08.03-07.40.31:757][797]LogModuleManager: Shutting down and abandoning module ProfilerClient (140)
[2015.08.03-07.40.31:758][797]LogModuleManager: Shutting down and abandoning module TargetDeviceServices (139)
[2015.08.03-07.40.31:758][797]LogModuleManager: Shutting down and abandoning module DeviceManager (138)
[2015.08.03-07.40.31:758][797]LogModuleManager: Shutting down and abandoning module AutomationController (137)
[2015.08.03-07.40.31:758][797]LogModuleManager: Shutting down and abandoning module AutomationWindow (136)
[2015.08.03-07.40.31:758][797]LogModuleManager: Shutting down and abandoning module Layers (135)
[2015.08.03-07.40.31:758][797]LogModuleManager: Shutting down and abandoning module ComponentVisualizers (134)
[2015.08.03-07.40.31:758][797]LogModuleManager: Shutting down and abandoning module DetailCustomizations (133)
[2015.08.03-07.40.31:758][797]LogModuleManager: Shutting down and abandoning module PackagesDialog (132)
[2015.08.03-07.40.31:758][797]LogModuleManager: Shutting down and abandoning module AssetRegistry (131)
[2015.08.03-07.40.31:888][797]LogModuleManager: Shutting down and abandoning module Persona (130)
[2015.08.03-07.40.31:888][797]LogModuleManager: Shutting down and abandoning module Kismet (129)
[2015.08.03-07.40.31:888][797]LogModuleManager: Shutting down and abandoning module GraphEditor (128)
[2015.08.03-07.40.31:889][797]LogModuleManager: Shutting down and abandoning module ClassViewer (127)
[2015.08.03-07.40.31:889][797]LogModuleManager: Shutting down and abandoning module Toolbox (126)
[2015.08.03-07.40.31:889][797]LogModuleManager: Shutting down and abandoning module ModuleUI (125)
[2015.08.03-07.40.31:889][797]LogModuleManager: Shutting down and abandoning module MovieSceneTools (124)
[2015.08.03-07.40.31:889][797]LogModuleManager: Shutting down and abandoning module OutputLog (123)
[2015.08.03-07.40.31:889][797]LogModuleManager: Shutting down and abandoning module GammaUI (122)
[2015.08.03-07.40.31:889][797]LogModuleManager: Shutting down and abandoning module Documentation (121)
[2015.08.03-07.40.31:889][797]LogModuleManager: Shutting down and abandoning module GameLiveStreaming (120)
[2015.08.03-07.40.31:889][797]LogModuleManager: Shutting down and abandoning module StreamingPauseRendering (119)
[2015.08.03-07.40.31:889][797]LogModuleManager: Shutting down and abandoning module AnalyticsET (118)
[2015.08.03-07.40.31:889][797]LogModuleManager: Shutting down and abandoning module Analytics (117)
[2015.08.03-07.40.31:889][797]LogModuleManager: Shutting down and abandoning module AITestSuite (116)
[2015.08.03-07.40.31:889][797]LogModuleManager: Shutting down and abandoning module GameplayDebugger (115)
[2015.08.03-07.40.31:889][797]LogModuleManager: Shutting down and abandoning module AIModule (114)
[2015.08.03-07.40.31:889][797]LogModuleManager: Shutting down and abandoning module ProfilerService (113)
[2015.08.03-07.40.31:947][797]LogModuleManager: Shutting down and abandoning module TaskGraph (112)
[2015.08.03-07.40.31:947][797]LogModuleManager: Shutting down and abandoning module SlateRemote (111)
[2015.08.03-07.40.31:947][797]LogModuleManager: Shutting down and abandoning module SteamVRController (110)
[2015.08.03-07.40.31:947][797]LogModuleManager: Shutting down and abandoning module SteamVR (109)
[2015.08.03-07.40.31:947][797]LogModuleManager: Shutting down and abandoning module ProceduralMeshComponent (108)
[2015.08.03-07.40.31:947][797]LogModuleManager: Shutting down and abandoning module OculusRift (107)
[2015.08.03-07.40.31:947][797]LogModuleManager: Shutting down and abandoning module LeapMotionController (106)
[2015.08.03-07.40.31:976][797]LogModuleManager: Shutting down and abandoning module CustomMeshComponent (105)
[2015.08.03-07.40.31:976][797]LogModuleManager: Shutting down and abandoning module CableComponent (104)
[2015.08.03-07.40.31:976][797]LogModuleManager: Shutting down and abandoning module MessagingDebugger (103)
[2015.08.03-07.40.31:976][797]LogModuleManager: Shutting down and abandoning module MediaPlayerEditor (102)
[2015.08.03-07.40.31:976][797]LogModuleManager: Shutting down and abandoning module SpeedTreeImporter (101)
[2015.08.03-07.40.31:976][797]LogModuleManager: Shutting down and abandoning module PluginBrowser (100)
[2015.08.03-07.40.31:976][797]LogModuleManager: Shutting down and abandoning module EpicSurvey (99)
[2015.08.03-07.40.31:976][797]LogModuleManager: Shutting down and abandoning module DesktopPlatform (98)
[2015.08.03-07.40.31:976][797]LogModuleManager: Shutting down and abandoning module VisualStudioSourceCodeAccess (97)
[2015.08.03-07.40.31:976][797]LogModuleManager: Shutting down and abandoning module UObjectPlugin (96)
[2015.08.03-07.40.31:976][797]LogModuleManager: Shutting down and abandoning module SubversionSourceControl (95)
[2015.08.03-07.40.31:977][797]LogModuleManager: Shutting down and abandoning module PerforceSourceControl (94)
[2015.08.03-07.40.31:977][797]LogModuleManager: Shutting down and abandoning module SourceControl (93)
[2015.08.03-07.40.31:977][797]LogModuleManager: Shutting down and abandoning module GitSourceControl (92)
[2015.08.03-07.40.31:977][797]LogModuleManager: Shutting down and abandoning module BlankPlugin (91)
[2015.08.03-07.40.31:977][797]LogModuleManager: Shutting down and abandoning module PaperTiledImporter (90)
[2015.08.03-07.40.31:977][797]LogModuleManager: Shutting down and abandoning module PaperSpriteSheetImporter (89)
[2015.08.03-07.40.31:977][797]LogModuleManager: Shutting down and abandoning module MeshPaint (88)
[2015.08.03-07.40.31:977][797]LogModuleManager: Shutting down and abandoning module SlateReflector (87)
[2015.08.03-07.40.31:977][797]LogModuleManager: Shutting down and abandoning module DirectoryWatcher (86)
[2015.08.03-07.40.31:978][797]LogModuleManager: Shutting down and abandoning module HotReload (85)
[2015.08.03-07.40.31:978][797]LogModuleManager: Shutting down and abandoning module MainFrame (84)
[2015.08.03-07.40.31:978][797]LogModuleManager: Shutting down and abandoning module LevelEditor (83)
[2015.08.03-07.40.31:981][797]LogModuleManager: Shutting down and abandoning module ContentBrowser (82)
[2015.08.03-07.40.31:983][797]LogModuleManager: Shutting down and abandoning module Paper2DEditor (81)
[2015.08.03-07.40.31:983][797]LogModuleManager: Shutting down and abandoning module UdpMessaging (80)
[2015.08.03-07.40.32:083][797]LogModuleManager: Shutting down and abandoning module Paper2D (79)
[2015.08.03-07.40.32:083][797]LogModuleManager: Shutting down and abandoning module WindowsMoviePlayer (78)
[2015.08.03-07.40.32:090][797]LogModuleManager: Shutting down and abandoning module Media (77)
[2015.08.03-07.40.32:090][797]LogModuleManager: Shutting down and abandoning module WmfMedia (76)
[2015.08.03-07.40.32:091][797]LogModuleManager: Shutting down and abandoning module OnlineBlueprintSupport (75)
[2015.08.03-07.40.32:091][797]LogModuleManager: Shutting down and abandoning module PropertyEditor (74)
[2015.08.03-07.40.32:091][797]LogModuleManager: Shutting down and abandoning module BehaviorTreeEditor (73)
[2015.08.03-07.40.32:091][797]LogModuleManager: Shutting down and abandoning module FunctionalTesting (72)
[2015.08.03-07.40.32:091][797]LogModuleManager: Shutting down and abandoning module CollisionAnalyzer (71)
[2015.08.03-07.40.32:091][797]LogModuleManager: Shutting down and abandoning module WorkspaceMenuStructure (70)
[2015.08.03-07.40.32:091][797]LogModuleManager: Shutting down and abandoning module MessageLog (69)
[2015.08.03-07.40.32:091][797]LogModuleManager: Shutting down and abandoning module Sequencer (68)
[2015.08.03-07.40.32:091][797]LogModuleManager: Shutting down and abandoning module AssetTools (67)
[2015.08.03-07.40.32:091][797]LogModuleManager: Shutting down and abandoning module UMGEditor (66)
[2015.08.03-07.40.32:091][797]LogModuleManager: Shutting down and abandoning module UMG (65)
[2015.08.03-07.40.32:092][797]LogModuleManager: Shutting down and abandoning module Slate (64)
[2015.08.03-07.40.32:092][797]LogModuleManager: Shutting down and abandoning module EditorStyle (63)
[2015.08.03-07.40.32:099][797]LogModuleManager: Shutting down and abandoning module SessionServices (62)
[2015.08.03-07.40.32:099][797]LogModuleManager: Shutting down and abandoning module SourceCodeAccess (61)
[2015.08.03-07.40.32:099][797]LogModuleManager: Shutting down and abandoning module HeadMountedDisplay (60)
[2015.08.03-07.40.32:099][797]LogModuleManager: Shutting down and abandoning module XAudio2 (59)
[2015.08.03-07.40.32:099][797]LogModuleManager: Shutting down and abandoning module Networking (57)
[2015.08.03-07.40.32:099][797]LogModuleManager: Shutting down and abandoning module Core (56)
[2015.08.03-07.40.32:099][797]LogModuleManager: Shutting down and abandoning module KismetCompiler (55)
[2015.08.03-07.40.32:099][797]LogModuleManager: Shutting down and abandoning module PhysXFormats (54)
[2015.08.03-07.40.32:099][797]LogModuleManager: Shutting down and abandoning module MeshUtilities (53)
[2015.08.03-07.40.32:099][797]LogModuleManager: Shutting down and abandoning module DerivedDataCache (52)
[2015.08.03-07.40.32:415][797]LogDerivedDataCache: Shutdown
[2015.08.03-07.40.32:415][797]LogModuleManager: Shutting down and abandoning module ShaderFormatOpenGL (51)
[2015.08.03-07.40.32:415][797]LogModuleManager: Shutting down and abandoning module ShaderFormatD3D (50)
[2015.08.03-07.40.32:415][797]LogModuleManager: Shutting down and abandoning module MetalShaderFormat (49)
[2015.08.03-07.40.32:415][797]LogModuleManager: Shutting down and abandoning module TextureFormatUncompressed (48)
[2015.08.03-07.40.32:415][797]LogModuleManager: Shutting down and abandoning module TextureFormatPVR (47)
[2015.08.03-07.40.32:415][797]LogModuleManager: Shutting down and abandoning module TextureFormatIntelISPCTexComp (46)
[2015.08.03-07.40.32:415][797]LogModuleManager: Shutting down and abandoning module TextureFormatDXT (45)
[2015.08.03-07.40.32:415][797]LogModuleManager: Shutting down and abandoning module ImageWrapper (44)
[2015.08.03-07.40.32:415][797]LogModuleManager: Shutting down and abandoning module TextureFormatASTC (43)
[2015.08.03-07.40.32:415][797]LogModuleManager: Shutting down and abandoning module TextureFormatAndroid (42)
[2015.08.03-07.40.32:415][797]LogModuleManager: Shutting down and abandoning module AudioFormatOpus (41)
[2015.08.03-07.40.32:415][797]LogModuleManager: Shutting down and abandoning module AudioFormatOgg (40)
[2015.08.03-07.40.32:415][797]LogModuleManager: Shutting down and abandoning module AudioFormatADPCM (39)
[2015.08.03-07.40.32:415][797]LogModuleManager: Shutting down and abandoning module LinuxTargetPlatform (38)
[2015.08.03-07.40.32:415][797]LogModuleManager: Shutting down and abandoning module LinuxServerTargetPlatform (37)
[2015.08.03-07.40.32:415][797]LogModuleManager: Shutting down and abandoning module LinuxNoEditorTargetPlatform (36)
[2015.08.03-07.40.32:415][797]LogModuleManager: Shutting down and abandoning module Messaging (35)
[2015.08.03-07.40.32:415][797]LogModuleManager: Shutting down and abandoning module IOSTargetPlatform (34)
[2015.08.03-07.40.32:415][797]LogModuleManager: Shutting down and abandoning module HTML5TargetPlatform (33)
[2015.08.03-07.40.32:415][797]LogModuleManager: Shutting down and abandoning module Android_PVRTCTargetPlatform (32)
[2015.08.03-07.40.32:415][797]LogModuleManager: Shutting down and abandoning module Android_ETC2TargetPlatform (31)
[2015.08.03-07.40.32:416][797]LogModuleManager: Shutting down and abandoning module Android_ETC1TargetPlatform (30)
[2015.08.03-07.40.32:416][797]LogModuleManager: Shutting down and abandoning module Android_DXTTargetPlatform (29)
[2015.08.03-07.40.32:416][797]LogModuleManager: Shutting down and abandoning module Android_ATCTargetPlatform (28)
[2015.08.03-07.40.32:416][797]LogModuleManager: Shutting down and abandoning module Android_ASTCTargetPlatform (27)
[2015.08.03-07.40.32:416][797]LogModuleManager: Shutting down and abandoning module AndroidTargetPlatform (26)
[2015.08.03-07.40.32:416][797]LogModuleManager: Shutting down and abandoning module WindowsTargetPlatform (25)
[2015.08.03-07.40.32:416][797]LogModuleManager: Shutting down and abandoning module WindowsServerTargetPlatform (24)
[2015.08.03-07.40.32:416][797]LogModuleManager: Shutting down and abandoning module WindowsNoEditorTargetPlatform (23)
[2015.08.03-07.40.32:416][797]LogModuleManager: Shutting down and abandoning module WindowsClientTargetPlatform (22)
[2015.08.03-07.40.32:416][797]LogModuleManager: Shutting down and abandoning module DesktopTargetPlatform (21)
[2015.08.03-07.40.32:416][797]LogModuleManager: Shutting down and abandoning module TargetPlatform (20)
[2015.08.03-07.40.32:416][797]LogModuleManager: Shutting down and abandoning module InputCore (19)
[2015.08.03-07.40.32:416][797]LogModuleManager: Shutting down and abandoning module Settings (18)
[2015.08.03-07.40.32:416][797]LogModuleManager: Shutting down and abandoning module OnlineSubsystem (16)
[2015.08.03-07.40.32:416][797]LogModuleManager: Shutting down and abandoning module HTTP (15)
[2015.08.03-07.40.32:417][797]LogModuleManager: Shutting down and abandoning module ExampleDeviceProfileSelector (14)
[2015.08.03-07.40.32:417][797]LogModuleManager: Shutting down and abandoning module TextureCompressor (13)
[2015.08.03-07.40.32:417][797]LogModuleManager: Shutting down and abandoning module ShaderCore (12)
[2015.08.03-07.40.32:417][797]LogModuleManager: Shutting down and abandoning module Landscape (11)
[2015.08.03-07.40.32:417][797]LogModuleManager: Shutting down and abandoning module SlateRHIRenderer (10)
[2015.08.03-07.40.32:421][797]LogModuleManager: Shutting down and abandoning module OpenGLDrv (9)
[2015.08.03-07.40.32:421][797]LogModuleManager: Shutting down and abandoning module D3D11RHI (8)
[2015.08.03-07.40.32:421][797]LogModuleManager: Shutting down and abandoning module Renderer (7)
[2015.08.03-07.40.32:421][797]LogModuleManager: Shutting down and abandoning module Engine (6)
[2015.08.03-07.40.32:421][797]LogModuleManager: Shutting down and abandoning module CoreUObject (5)
[2015.08.03-07.40.32:422][797]LogModuleManager: Shutting down and abandoning module NetworkFile (4)
[2015.08.03-07.40.32:422][797]LogModuleManager: Shutting down and abandoning module StreamingFile (3)
[2015.08.03-07.40.32:422][797]LogModuleManager: Shutting down and abandoning module SandboxFile (2)
[2015.08.03-07.40.32:422][797]LogModuleManager: Shutting down and abandoning module PakFile (1)
[2015.08.03-07.40.32:423][797]LogExit: Exiting.
[2015.08.03-07.40.32:426][797]Log file closed, 08/03/15 09:40:32
