[2015.07.29-19.23.11:314][  0]Log file open, 07/29/15 21:23:11
[2015.07.29-19.23.11:315][  0]LogInit:Display: Running engine for game: SaveMe
[2015.07.29-19.23.11:315][  0]LogInit:Display: RandInit(-1156042689) SRandInit(-1156042688).
[2015.07.29-19.23.11:315][  0]LogTaskGraph: Started task graph with 4 named threads and 5 total threads.
[2015.07.29-19.23.11:315][  0]LogStats: Stats thread started
[2015.07.29-19.23.11:315][  0]LogInit: Version: 4.8.3-2634408+++depot+UE4-Releases+4.8
[2015.07.29-19.23.11:315][  0]LogInit: API Version: 2579680
[2015.07.29-19.23.11:315][  0]LogInit: Compiled (64-bit): Jul 27 2015 16:24:33
[2015.07.29-19.23.11:315][  0]LogInit: Compiled with Visual C++: 18.00.21005.01
[2015.07.29-19.23.11:315][  0]LogInit: Build Configuration: Development
[2015.07.29-19.23.11:315][  0]LogInit: Branch Name: ++depot+UE4-Releases+4.8
[2015.07.29-19.23.11:315][  0]LogInit: Command line:  
[2015.07.29-19.23.11:315][  0]LogInit: Base directory: C:/Program Files/Epic Games/4.8/Engine/Binaries/Win64/
[2015.07.29-19.23.11:315][  0]LogInit: Rocket: 1
[2015.07.29-19.23.11:392][  0]LogInit: Using libcurl 7.41.0
[2015.07.29-19.23.11:392][  0]LogInit:  - built for x86_64-pc-win32
[2015.07.29-19.23.11:392][  0]LogInit:  - supports SSL with WinSSL
[2015.07.29-19.23.11:392][  0]LogInit:  - other features:
[2015.07.29-19.23.11:392][  0]LogInit:      CURL_VERSION_SSL
[2015.07.29-19.23.11:392][  0]LogInit:      CURL_VERSION_IPV6
[2015.07.29-19.23.11:392][  0]LogInit:      CURL_VERSION_ASYNCHDNS
[2015.07.29-19.23.11:392][  0]LogInit:      CURL_VERSION_LARGEFILE
[2015.07.29-19.23.11:392][  0]LogInit:      CURL_VERSION_IDN
[2015.07.29-19.23.11:393][  0]LogInit:  CurlRequestOptions (configurable via config and command line):
[2015.07.29-19.23.11:393][  0]LogInit:  - bVerifyPeer = true  - Libcurl will verify peer certificate
[2015.07.29-19.23.11:393][  0]LogInit:  - bUseHttpProxy = false  - Libcurl will NOT use HTTP proxy
[2015.07.29-19.23.11:393][  0]LogInit:  - bDontReuseConnections = false  - Libcurl will reuse connections
[2015.07.29-19.23.11:393][  0]LogInit:  - CertBundlePath = nullptr  - Libcurl will use whatever was configured at build time.
[2015.07.29-19.23.11:465][  0]LogOnline:Warning: No default platform service specified for OnlineSubsystem
[2015.07.29-19.23.11:552][  0]LogInit: Presizing for 0 objects not considered by GC, pre-allocating 0 bytes.
[2015.07.29-19.23.11:601][  0]LogInit: Object subsystem initialized
[2015.07.29-19.23.11:608][  0]LogConsoleResponse:Warning: Skipping Unknown console variable: 'TranslucentSortAxis = (X=0.000000,Y=-1.000000,Z=0.000000)'
[2015.07.29-19.23.11:608][  0]LogConsoleResponse:Warning:   Found in ini file 'D:/Workspace/Code/BitBucket/SaveMe/Saved/Config/Windows/Engine.ini', in section '[/Script/Engine.RendererSettings]'
[2015.07.29-19.23.11:608][  0]LogConsoleResponse:Warning: Skipping Unknown console variable: 'UIScaleRule = ShortestSide'
[2015.07.29-19.23.11:608][  0]LogConsoleResponse:Warning:   Found in ini file 'D:/Workspace/Code/BitBucket/SaveMe/Saved/Config/Windows/Engine.ini', in section '[/Script/Engine.RendererSettings]'
[2015.07.29-19.23.11:608][  0]LogConsoleResponse:Warning: Skipping Unknown console variable: 'UIScaleCurve = (EditorCurveData=(Keys=),ExternalCurve=None)'
[2015.07.29-19.23.11:608][  0]LogConsoleResponse:Warning:   Found in ini file 'D:/Workspace/Code/BitBucket/SaveMe/Saved/Config/Windows/Engine.ini', in section '[/Script/Engine.RendererSettings]'
[2015.07.29-19.23.11:611][  0]LogInit: Selected Device Profile: [Windows]
[2015.07.29-19.23.11:611][  0]LogInit: Applying CVar settings loaded from the selected device profile: [Windows]
[2015.07.29-19.23.11:656][  0]LogInit: Computer: SLB-H7VRKQ1
[2015.07.29-19.23.11:656][  0]LogInit: User: ALorente
[2015.07.29-19.23.11:656][  0]LogInit: CPU Page size=4096, Cores=2
[2015.07.29-19.23.11:656][  0]LogInit: High frequency timer resolution =2.630791 MHz
[2015.07.29-19.23.11:657][  0]LogMemory: Memory total: Physical=8.0GB (8GB approx)
[2015.07.29-19.23.11:657][  0]LogMemory: Platform Memory Stats for Windows
[2015.07.29-19.23.11:657][  0]LogMemory: Process Physical Memory: 48.95 MB used, 48.95 MB peak
[2015.07.29-19.23.11:657][  0]LogMemory: Process Virtual Memory: 23.20 MB used, 23.20 MB peak
[2015.07.29-19.23.11:657][  0]LogMemory: Physical Memory: 3383.12 MB used, 8148.89 MB total
[2015.07.29-19.23.11:657][  0]LogMemory: Virtual Memory: 283.23 MB used, 8388608.00 MB total
[2015.07.29-19.23.11:807][  0]LogTextLocalizationManager: The requested culture ('en_US') has no localization data; parent culture's ('en') localization data will be used.
[2015.07.29-19.23.13:099][  0]LogTextLocalizationManager:Warning: Loaded localization resources contain conflicting entries for (Namespace:ContentBrowser, Key:ImportAssetToolTip):
Localization Resource: (C:/Program Files/Epic Games/4.8/Engine/Content/Localization/Editor/en/Editor.locres) Source String Hash: (-630476809) Localized String: (Import to {0}...)
Localization Resource: (C:/Program Files/Epic Games/4.8/Engine/Content/Localization/Editor/en/Editor.locres) Source String Hash: (1271782899) Localized String: (Imports an asset from file to this folder.)
[2015.07.29-19.23.15:908][  0]LogD3D11RHI: Found D3D11 adapter 0: NVIDIA Quadro 2000M (Feature Level 11_0)
[2015.07.29-19.23.15:908][  0]LogD3D11RHI: Adapter has 1999MB of dedicated video memory, 0MB of dedicated system memory, and 3818MB of shared system memory, 1 output[s]
[2015.07.29-19.23.15:908][  0]LogD3D11RHI: Chosen D3D11 Adapter Id = 0
[2015.07.29-19.23.15:932][  0]LogD3D11RHI: InitD3DDevice
[2015.07.29-19.23.15:932][  0]LogD3D11RHI: !Direct3DDevice
[2015.07.29-19.23.15:932][  0]LogRHI: Texture pool is 1361 MB (70% of 1945 MB)
[2015.07.29-19.23.15:979][  0]LogD3D11RHI: Async texture creation enabled
[2015.07.29-19.23.16:020][  0]LogShaderCompilers:Display: Using Local Shader Compiler.
[2015.07.29-19.23.20:952][  0]LogTemp:Display: Loaded TP DesktopTargetPlatform
[2015.07.29-19.23.21:064][  0]LogTemp:Display: Loaded TP WindowsClientTargetPlatform
[2015.07.29-19.23.21:165][  0]LogTemp:Display: Loaded TP WindowsNoEditorTargetPlatform
[2015.07.29-19.23.21:259][  0]LogTemp:Display: Loaded TP WindowsServerTargetPlatform
[2015.07.29-19.23.21:356][  0]LogTemp:Display: Loaded TP WindowsTargetPlatform
[2015.07.29-19.23.21:439][  0]LogTemp:Display: Loaded TP AndroidTargetPlatform
[2015.07.29-19.23.21:522][  0]LogTemp:Display: Loaded TP Android_ASTCTargetPlatform
[2015.07.29-19.23.21:604][  0]LogTemp:Display: Loaded TP Android_ATCTargetPlatform
[2015.07.29-19.23.21:700][  0]LogTemp:Display: Loaded TP Android_DXTTargetPlatform
[2015.07.29-19.23.21:797][  0]LogTemp:Display: Loaded TP Android_ETC1TargetPlatform
[2015.07.29-19.23.21:885][  0]LogTemp:Display: Loaded TP Android_ETC2TargetPlatform
[2015.07.29-19.23.21:975][  0]LogTemp:Display: Loaded TP Android_PVRTCTargetPlatform
[2015.07.29-19.23.22:255][  0]LogTemp:Display: Loaded TP IOSTargetPlatform
[2015.07.29-19.23.22:343][  0]LogTemp:Display: Loaded TP LinuxNoEditorTargetPlatform
[2015.07.29-19.23.22:427][  0]LogTemp:Display: Loaded TP LinuxServerTargetPlatform
[2015.07.29-19.23.22:520][  0]LogTemp:Display: Loaded TP LinuxTargetPlatform
[2015.07.29-19.23.22:520][  0]LogTargetPlatformManager:Display: Building Assets For Windows
[2015.07.29-19.23.23:959][  0]LogDerivedDataCache:Display: Max Cache Size: 512 MB
[2015.07.29-19.23.24:204][  0]LogDerivedDataCache: Loaded boot cache 0.24s 53MB C:/Users/ALorente/AppData/Local/UnrealEngine/4.8/DerivedDataCache/Boot.ddc.
[2015.07.29-19.23.24:204][  0]LogDerivedDataCache:Display: Loaded Boot cache: C:/Users/ALorente/AppData/Local/UnrealEngine/4.8/DerivedDataCache/Boot.ddc
[2015.07.29-19.23.24:205][  0]LogDerivedDataCache: FDerivedDataBackendGraph:  Pak pak cache file D:/Workspace/Code/BitBucket/SaveMe/DerivedDataCache/DDC.ddp not found, will not use a pak cache.
[2015.07.29-19.23.24:205][  0]LogDerivedDataCache: Unable to find inner node Pak for hierarchical cache Hierarchy.
[2015.07.29-19.23.24:205][  0]LogDerivedDataCache: FDerivedDataBackendGraph:  CompressedPak pak cache file D:/Workspace/Code/BitBucket/SaveMe/DerivedDataCache/Compressed.ddp not found, will not use a pak cache.
[2015.07.29-19.23.24:205][  0]LogDerivedDataCache: Unable to find inner node CompressedPak for hierarchical cache Hierarchy.
[2015.07.29-19.23.25:259][  0]LogDerivedDataCache:Display: Pak cache opened for reading ../../../Engine/DerivedDataCache/Compressed.ddp.
[2015.07.29-19.23.25:276][  0]LogDerivedDataCache: Using Local data cache path C:/Users/ALorente/AppData/Local/UnrealEngine/Common/DerivedDataCache: Writable
[2015.07.29-19.23.26:707][  0]LogInit: Selected Device Profile: [Windows]
[2015.07.29-19.23.26:752][  0]ImportText (ComponentSweepMultiTests): Missing closing parenthesis: (RootShapeAsset="/Engine/BasicShapes/Cube.Cube",ShapeType="TriggerCapsule",HitResult=(Time=0.50,Location=(X=-100.000015,Y=0.0,Z=100.000015),ImpactPoint=(X=-50.0,Y=0.0,Z=50.0),Normal=(X=-1.0,Y=-0.0,Z=0.0),ImpactNormal=(X=0.0,Y=0.0,Z=1.0),TraceStart=(X=-200.0,Y=0.0,Z=200.0),TraceEnd=(X=0.0,Y=0.0,Z=0.0))
[2015.07.29-19.23.26:754][  0]ImportText (LineTraceSingleByChannelTests): Missing closing parenthesis: (RootShapeAsset="/Engine/BasicShapes/Cube.Cube",HitResult=(Time=0.50,Location=(X=-100.000015,Y=0.0,Z=100.000015),ImpactPoint=(X=-50.0,Y=0.0,Z=50.0),Normal=(X=-1.0,Y=-0.0,Z=0.0),ImpactNormal=(X=0.0,Y=0.0,Z=1.0),TraceStart=(X=-200.0,Y=0.0,Z=200.0),TraceEnd=(X=0.0,Y=0.0,Z=0.0))
[2015.07.29-19.23.26:923][  0]LogMeshUtilities: No automatic mesh reduction module available
[2015.07.29-19.23.26:923][  0]LogMeshUtilities: No automatic mesh merging module available
[2015.07.29-19.23.29:544][  0]LogInit: WinSock: version 1.1 (2.2), MaxSocks=32767, MaxUdp=65467
[2015.07.29-19.23.35:702][  0]UdpMessaging: Initializing bridge on interface 0.0.0.0:0 to multicast group 230.0.0.1:6666.
[2015.07.29-19.23.37:615][  0]SourceControl: Info Source control is disabled
[2015.07.29-19.23.37:761][  0]SourceControl: Info Source control is disabled
[2015.07.29-19.23.37:822][  0]SourceControl: Info Source control is disabled
[2015.07.29-19.23.37:881][  0]SourceControl: Info Source control is disabled
[2015.07.29-19.23.39:349][  0]LogObj: 26273 objects as part of root set at end of initial load.
[2015.07.29-19.23.39:349][  0]LogUObjectAllocator: 5409248 out of 0 bytes used by permanent object pool.
[2015.07.29-19.23.39:749][  0]LogEngine: Initializing Engine...
[2015.07.29-19.23.39:763][  0]LogHMD: Can't find Oculus library dev build: is proper Runtime installed? Version: 0.6.0.0
[2015.07.29-19.23.39:769][  0]LogHMD:Warning: SteamVR failed to initialize.  Error: 110
[2015.07.29-19.23.40:796][  0]LogAIModule: Creating AISystem for world NewWorld
[2015.07.29-19.23.40:828][  0]LogInit: XAudio2 using 'Speakers / Headphones (IDT High Definition Audio CODEC)' : 2 channels at 48 kHz using 16 bits per sample (channel mask 0x3)
[2015.07.29-19.23.41:096][  0]LogInit: FAudioDevice initialized.
[2015.07.29-19.23.41:247][  0]LogDerivedDataCache: Saved boot cache 0.15s 53MB C:/Users/ALorente/AppData/Local/UnrealEngine/4.8/DerivedDataCache/Boot.ddc.
[2015.07.29-19.23.41:280][  0]LogInit: Texture streaming: Disabled
[2015.07.29-19.23.41:453][  0]LogAnalytics: Creating configured Analytics provider AnalyticsET
[2015.07.29-19.23.41:454][  0]LogAnalytics: [UEEditor.Rocket.Release] APIServer = http://et2.epicgames.com/ET2/. AppVersion = 4.8.3-2634408+++depot+UE4-Releases+4.8
[2015.07.29-19.23.41:454][  0]LogAnalytics: [UEEditor.Rocket.Release] SetUserId d64b808f4af5ec925fa497bbc1d7337b|81643a0ffa4546099291d92070e6ccbc|952f4c26-71e8-47b2-8a9a-557a0707c735
[2015.07.29-19.23.41:455][  0]LogAnalytics: [UEEditor.Rocket.Release] AnalyticsET::StartSession
[2015.07.29-19.23.41:730][  0]LogInit: Transaction tracking system initialized
[2015.07.29-19.23.42:767][  0]BlueprintLog: New page: Editor Load
[2015.07.29-19.23.42:934][  0]LogAssetRegistry: FAssetRegistry took 0.0110 seconds to start up
[2015.07.29-19.23.42:937][  0]LogDirectoryWatcher:Warning: Failed to begin reading directory changes for ../../../Engine/Plugins/Experimental/CharacterAI/Content/. Error: 0
[2015.07.29-19.23.48:976][  0]LogConsoleManager:Warning: Console variable 'r.VSync' wasn't set ('GameSetting' has a lower priority than 'SystemSettingsIni')
[2015.07.29-19.23.48:977][  0]LogConsoleResponse:Display: 
[2015.07.29-19.23.49:919][  0]LogCook:Display: Done creating registry. It took  0.00s.
[2015.07.29-19.23.51:661][  0]SourceControl: Info Source control is disabled
[2015.07.29-19.23.51:661][  0]Cmd: MAP LOAD FILE="D:/Workspace/Code/BitBucket/SaveMe/Content/Maps/Menu.umap" TEMPLATE=0 SHOWPROGRESS=1 FEATURELEVEL=3
[2015.07.29-19.23.51:663][  0]LightingResults: New page: Lighting Build
[2015.07.29-19.23.51:771][  0]MapCheck: New page: Map Check
[2015.07.29-19.23.51:771][  0]LightingResults: New page: Lighting Build
[2015.07.29-19.23.51:902][  0]LogParticles: Destroying 0 GPU particle simulations for FXSystem 0x000000001349C9A0
[2015.07.29-19.23.53:172][  0]LogAIModule: Creating AISystem for world Menu
[2015.07.29-19.23.53:180][  0]LogEditorServer: Finished looking for orphan Actors (0.000 secs)
[2015.07.29-19.23.53:185][  0]Cmd: MAP CHECKDEP NOCLEARLOG
[2015.07.29-19.23.53:447][  0]MapCheck: Info Map check complete: 0 Error(s), 0 Warning(s), took 261.251ms to complete.
[2015.07.29-19.23.53:447][  0]LogFileHelpers: Loading map 'Menu' took 1.786
[2015.07.29-19.23.54:086][  0]LogCollectionManager: Loaded 0 collections in 0.045687 seconds
[2015.07.29-19.23.54:166][  0]LogContentBrowser: Native class hierarchy populated in 0.0789 seconds. Added 1792 classes and 301 folders.
[2015.07.29-19.23.54:684][  0]LogContentBrowser: Native class hierarchy updated for 'WidgetCarousel' in 0.0027 seconds. Added 0 classes and 0 folders.
[2015.07.29-19.23.54:971][  0]LogContentBrowser: Native class hierarchy updated for 'AddContentDialog' in 0.0018 seconds. Added 0 classes and 0 folders.
[2015.07.29-19.23.55:099][  0]LogContentBrowser: Native class hierarchy updated for 'SceneOutliner' in 0.0026 seconds. Added 1 classes and 2 folders.
[2015.07.29-19.23.55:349][  0]LogCrashTracker: Crashtracker disabled due to settings.
[2015.07.29-19.23.55:357][  0]LogD3D11RHI: InitD3DDevice
[2015.07.29-19.23.55:383][  0]LogUObjectGlobals:Warning: Failed to find object 'Class None.'
[2015.07.29-19.23.55:412][  0]LogLoad: Full Startup: 53.84 seconds (BP compile: 1.27 seconds)
[2015.07.29-19.23.55:658][  0]LogContentStreaming: Texture pool size is 0.000000MB
[2015.07.29-19.23.55:871][  0]LogContentStreaming: Texture pool size now 400 MB
[2015.07.29-19.23.56:486][  0]LogRenderer: Reallocating scene render targets to support 1208x600 (Frame:2).
[2015.07.29-19.23.56:962][  1]LogEditorViewport: Clicking Background
[2015.07.29-19.23.56:991][  1]LogEditorViewport: Clicking Background
[2015.07.29-19.23.59:436][ 35]LogAssetRegistry: Asset discovery search completed in 16.5124 seconds
[2015.07.29-19.24.04:090][174]LogD3D11RHI: InitD3DDevice
[2015.07.29-20.20.35:352][ 17]LogD3D11RHI: InitD3DDevice
[2015.07.29-20.20.37:311][ 72]LogD3D11RHI: InitD3DDevice
[2015.07.29-20.34.59:118][354]LogD3D11RHI: InitD3DDevice
[2015.07.29-20.35.00:480][392]LogD3D11RHI: InitD3DDevice
[2015.07.29-20.36.19:746][824]LogD3D11RHI: InitD3DDevice
[2015.07.29-20.36.28:931][930]LogD3D11RHI: InitD3DDevice
[2015.07.29-20.36.29:008][930]LogFactory: FactoryCreateBinary: Texture with TextureFactory (0 0 D:\Workspace\Code\BitBucket\SaveMe\Content\Materials\World\bg_castle.png)
[2015.07.29-20.36.29:099][930]LogTexture:Display: Building textures: bg_castle (AutoDXT)
[2015.07.29-20.36.32:244][981]LogD3D11RHI: InitD3DDevice
[2015.07.29-20.36.40:008][240]LogD3D11RHI: InitD3DDevice
[2015.07.29-20.36.40:129][240]Cmd: OBJ SAVEPACKAGE PACKAGE="/Game/Materials/World/bg_castle" FILE="D:/Workspace/Code/BitBucket/SaveMe/Content/Materials/World/bg_castle.uasset" SILENT=true
[2015.07.29-20.36.40:312][240]LogSavePackage: Save=174.981979ms
[2015.07.29-20.36.40:312][240]LogSavePackage: Moving 'D:/Workspace/Code/BitBucket/SaveMe/Saved/bg_castleE560F29C43D3EF0CCA6335B3DD609CE1.tmp' to 'D:/Workspace/Code/BitBucket/SaveMe/Content/Materials/World/bg_castle.uasset'
[2015.07.29-20.36.44:893][389]LogD3D11RHI: InitD3DDevice
[2015.07.29-20.37.02:043][645]LogD3D11RHI: InitD3DDevice
[2015.07.29-20.37.03:365][679]LogD3D11RHI: InitD3DDevice
[2015.07.29-20.37.04:409][708]LogD3D11RHI: InitD3DDevice
[2015.07.29-20.37.09:357][842]LogD3D11RHI: InitD3DDevice
[2015.07.29-20.37.29:910][524]LogD3D11RHI: InitD3DDevice
[2015.07.29-20.37.35:971][727]LogD3D11RHI: InitD3DDevice
[2015.07.29-20.37.37:739][766]LogD3D11RHI: InitD3DDevice
[2015.07.29-20.37.40:494][849]LogD3D11RHI: InitD3DDevice
[2015.07.29-20.37.41:290][870]LogD3D11RHI: InitD3DDevice
[2015.07.29-20.37.43:679][937]LogD3D11RHI: InitD3DDevice
[2015.07.29-20.37.44:407][937]LogD3D11RHI: InitD3DDevice
[2015.07.29-20.37.44:521][937]LogD3D11RHI: InitD3DDevice
[2015.07.29-20.37.44:803][937]LogD3D11RHI: InitD3DDevice
[2015.07.29-20.37.45:018][937]LogSavePackage: Save=45.520908ms
[2015.07.29-20.37.45:018][937]LogSavePackage: Moving 'D:/Workspace/Code/BitBucket/SaveMe/Saved/alienYellow_climb1_SpriteB9A47B50426195CB406D708EF9678585.tmp' to 'D:/Workspace/Code/BitBucket/SaveMe/Content/Sprites/Characters/Main/alienYellow_climb1_Sprite.uasset'
[2015.07.29-20.37.45:183][937]LogSavePackage: Save=48.436001ms
[2015.07.29-20.37.45:183][937]LogSavePackage: Moving 'D:/Workspace/Code/BitBucket/SaveMe/Saved/alienYellow_climb2_Sprite0FAA87A44C80ECB0858C3FAC0B5ABD68.tmp' to 'D:/Workspace/Code/BitBucket/SaveMe/Content/Sprites/Characters/Main/alienYellow_climb2_Sprite.uasset'
[2015.07.29-20.37.45:310][937]Cmd: OBJ SAVEPACKAGE PACKAGE="/Game/Sprites/Characters/Main/alienYellow_duck_Sprite" FILE="D:/Workspace/Code/BitBucket/SaveMe/Content/Sprites/Characters/Main/alienYellow_duck_Sprite.uasset" SILENT=true
[2015.07.29-20.37.45:369][937]LogSavePackage: Save=52.542374ms
[2015.07.29-20.37.45:369][937]LogSavePackage: Moving 'D:/Workspace/Code/BitBucket/SaveMe/Saved/alienYellow_duck_Sprite8613FF40485DDF86C8CEBAB876F8A3E9.tmp' to 'D:/Workspace/Code/BitBucket/SaveMe/Content/Sprites/Characters/Main/alienYellow_duck_Sprite.uasset'
[2015.07.29-20.37.45:464][937]Cmd: OBJ SAVEPACKAGE PACKAGE="/Game/Sprites/Characters/Main/alienYellow_front_Sprite" FILE="D:/Workspace/Code/BitBucket/SaveMe/Content/Sprites/Characters/Main/alienYellow_front_Sprite.uasset" SILENT=true
[2015.07.29-20.37.45:516][937]LogSavePackage: Save=45.653568ms
[2015.07.29-20.37.45:516][937]LogSavePackage: Moving 'D:/Workspace/Code/BitBucket/SaveMe/Saved/alienYellow_front_Sprite17112CDD4F121D89FCEC908F888E63AD.tmp' to 'D:/Workspace/Code/BitBucket/SaveMe/Content/Sprites/Characters/Main/alienYellow_front_Sprite.uasset'
[2015.07.29-20.37.45:619][937]Cmd: OBJ SAVEPACKAGE PACKAGE="/Game/Sprites/Characters/Main/alienYellow_hit_Sprite" FILE="D:/Workspace/Code/BitBucket/SaveMe/Content/Sprites/Characters/Main/alienYellow_hit_Sprite.uasset" SILENT=true
[2015.07.29-20.37.45:687][937]LogSavePackage: Save=58.282852ms
[2015.07.29-20.37.45:688][937]LogSavePackage: Moving 'D:/Workspace/Code/BitBucket/SaveMe/Saved/alienYellow_hit_SpriteD05C84634A151F65C57B09BC9880C784.tmp' to 'D:/Workspace/Code/BitBucket/SaveMe/Content/Sprites/Characters/Main/alienYellow_hit_Sprite.uasset'
[2015.07.29-20.37.45:788][937]Cmd: OBJ SAVEPACKAGE PACKAGE="/Game/Sprites/Characters/Main/alienYellow_jump_Sprite" FILE="D:/Workspace/Code/BitBucket/SaveMe/Content/Sprites/Characters/Main/alienYellow_jump_Sprite.uasset" SILENT=true
[2015.07.29-20.37.45:843][937]LogSavePackage: Save=49.623859ms
[2015.07.29-20.37.45:843][937]LogSavePackage: Moving 'D:/Workspace/Code/BitBucket/SaveMe/Saved/alienYellow_jump_Sprite528906804DA8050D0B91119A76F686E3.tmp' to 'D:/Workspace/Code/BitBucket/SaveMe/Content/Sprites/Characters/Main/alienYellow_jump_Sprite.uasset'
[2015.07.29-20.37.45:936][937]Cmd: OBJ SAVEPACKAGE PACKAGE="/Game/Sprites/Characters/Main/alienYellow_stand_Sprite" FILE="D:/Workspace/Code/BitBucket/SaveMe/Content/Sprites/Characters/Main/alienYellow_stand_Sprite.uasset" SILENT=true
[2015.07.29-20.37.45:988][937]LogSavePackage: Save=46.800755ms
[2015.07.29-20.37.45:989][937]LogSavePackage: Moving 'D:/Workspace/Code/BitBucket/SaveMe/Saved/alienYellow_stand_Sprite4116D9184304BF3D5AFBEB89955C659A.tmp' to 'D:/Workspace/Code/BitBucket/SaveMe/Content/Sprites/Characters/Main/alienYellow_stand_Sprite.uasset'
[2015.07.29-20.37.46:082][937]Cmd: OBJ SAVEPACKAGE PACKAGE="/Game/Sprites/Characters/Main/alienYellow_swim1_Sprite" FILE="D:/Workspace/Code/BitBucket/SaveMe/Content/Sprites/Characters/Main/alienYellow_swim1_Sprite.uasset" SILENT=true
[2015.07.29-20.37.46:138][937]LogSavePackage: Save=49.232342ms
[2015.07.29-20.37.46:138][937]LogSavePackage: Moving 'D:/Workspace/Code/BitBucket/SaveMe/Saved/alienYellow_swim1_Sprite4B0166B94ED6E861A14E1784C04436B9.tmp' to 'D:/Workspace/Code/BitBucket/SaveMe/Content/Sprites/Characters/Main/alienYellow_swim1_Sprite.uasset'
[2015.07.29-20.37.46:233][937]Cmd: OBJ SAVEPACKAGE PACKAGE="/Game/Sprites/Characters/Main/alienYellow_swim2_Sprite" FILE="D:/Workspace/Code/BitBucket/SaveMe/Content/Sprites/Characters/Main/alienYellow_swim2_Sprite.uasset" SILENT=true
[2015.07.29-20.37.46:324][937]LogSavePackage: Save=82.532593ms
[2015.07.29-20.37.46:324][937]LogSavePackage: Moving 'D:/Workspace/Code/BitBucket/SaveMe/Saved/alienYellow_swim2_Sprite4D2FF2AF403937823C481B80EDA1D06B.tmp' to 'D:/Workspace/Code/BitBucket/SaveMe/Content/Sprites/Characters/Main/alienYellow_swim2_Sprite.uasset'
[2015.07.29-20.37.46:423][937]Cmd: OBJ SAVEPACKAGE PACKAGE="/Game/Sprites/Characters/Main/alienYellow_walk1_Sprite" FILE="D:/Workspace/Code/BitBucket/SaveMe/Content/Sprites/Characters/Main/alienYellow_walk1_Sprite.uasset" SILENT=true
[2015.07.29-20.37.46:477][937]LogSavePackage: Save=48.762142ms
[2015.07.29-20.37.46:478][937]LogSavePackage: Moving 'D:/Workspace/Code/BitBucket/SaveMe/Saved/alienYellow_walk1_Sprite761F13EF4F07129D32EAED84F50FD0F3.tmp' to 'D:/Workspace/Code/BitBucket/SaveMe/Content/Sprites/Characters/Main/alienYellow_walk1_Sprite.uasset'
[2015.07.29-20.37.46:577][937]Cmd: OBJ SAVEPACKAGE PACKAGE="/Game/Sprites/Characters/Main/alienYellow_walk2_Sprite" FILE="D:/Workspace/Code/BitBucket/SaveMe/Content/Sprites/Characters/Main/alienYellow_walk2_Sprite.uasset" SILENT=true
[2015.07.29-20.37.46:633][937]LogSavePackage: Save=49.404533ms
[2015.07.29-20.37.46:633][937]LogSavePackage: Moving 'D:/Workspace/Code/BitBucket/SaveMe/Saved/alienYellow_walk2_Sprite1256EBF149961302FED3BEB613CB8FE3.tmp' to 'D:/Workspace/Code/BitBucket/SaveMe/Content/Sprites/Characters/Main/alienYellow_walk2_Sprite.uasset'
[2015.07.29-20.37.46:687][937]LogD3D11RHI: InitD3DDevice
[2015.07.29-20.37.47:974][937]LogD3D11RHI: InitD3DDevice
[2015.07.29-20.37.49:759][937]LogD3D11RHI: InitD3DDevice
[2015.07.29-20.37.49:886][937]Cmd: OBJ SAVEPACKAGE PACKAGE="/Game/Flipbook/Characters/Main/MainCharacterIdle" FILE="D:/Workspace/Code/BitBucket/SaveMe/Content/Flipbook/Characters/Main/MainCharacterIdle.uasset" SILENT=true
[2015.07.29-20.37.49:966][937]LogSavePackage: Save=43.431805ms
[2015.07.29-20.37.49:966][937]LogSavePackage: Moving 'D:/Workspace/Code/BitBucket/SaveMe/Saved/MainCharacterIdleEBAED20843F7EB17722E5EB06AA82A8A.tmp' to 'D:/Workspace/Code/BitBucket/SaveMe/Content/Flipbook/Characters/Main/MainCharacterIdle.uasset'
[2015.07.29-20.37.50:054][937]Cmd: OBJ SAVEPACKAGE PACKAGE="/Game/Flipbook/Characters/Main/MainCharacterMove" FILE="D:/Workspace/Code/BitBucket/SaveMe/Content/Flipbook/Characters/Main/MainCharacterMove.uasset" SILENT=true
[2015.07.29-20.37.50:129][937]LogSavePackage: Save=45.421322ms
[2015.07.29-20.37.50:129][937]LogSavePackage: Moving 'D:/Workspace/Code/BitBucket/SaveMe/Saved/MainCharacterMove9EF10F884371D49B94E493BB8C500F31.tmp' to 'D:/Workspace/Code/BitBucket/SaveMe/Content/Flipbook/Characters/Main/MainCharacterMove.uasset'
[2015.07.29-20.37.50:152][937]Cmd: OBJ SAVEPACKAGE PACKAGE="/Game/Flipbook/Characters/Main/MainCharacterMove" FILE="D:/Workspace/Code/BitBucket/SaveMe/Content/Flipbook/Characters/Main/MainCharacterMove.uasset" SILENT=true
[2015.07.29-20.37.50:186][937]LogSavePackage: Save=18.502800ms
[2015.07.29-20.37.50:186][937]LogSavePackage: Moving 'D:/Workspace/Code/BitBucket/SaveMe/Saved/MainCharacterMove54921E2C488A037E70FFAFA5592FEFA3.tmp' to 'D:/Workspace/Code/BitBucket/SaveMe/Content/Flipbook/Characters/Main/MainCharacterMove.uasset'
[2015.07.29-20.37.53:621][ 33]LogD3D11RHI: InitD3DDevice
[2015.07.29-20.38.06:034][186]LogD3D11RHI: InitD3DDevice
[2015.07.29-20.38.06:964][211]LogD3D11RHI: InitD3DDevice
[2015.07.29-20.38.08:290][248]LogD3D11RHI: InitD3DDevice
[2015.07.29-20.38.09:478][285]LogD3D11RHI: InitD3DDevice
[2015.07.29-20.38.18:866][602]LogD3D11RHI: InitD3DDevice
[2015.07.29-20.38.20:165][638]LogD3D11RHI: InitD3DDevice
[2015.07.29-20.38.31:291][971]LogD3D11RHI: InitD3DDevice
[2015.07.29-20.38.32:404][  5]LogD3D11RHI: InitD3DDevice
[2015.07.29-20.38.34:202][ 64]LogD3D11RHI: InitD3DDevice
[2015.07.29-20.38.34:300][ 64]LogD3D11RHI: InitD3DDevice
[2015.07.29-20.38.34:444][ 64]LogD3D11RHI: InitD3DDevice
[2015.07.29-20.38.34:579][ 64]Cmd: OBJ SAVEPACKAGE PACKAGE="/Game/Sprites/World/bg_castle_Sprite" FILE="D:/Workspace/Code/BitBucket/SaveMe/Content/Sprites/World/bg_castle_Sprite.uasset" SILENT=true
[2015.07.29-20.38.34:652][ 64]LogSavePackage: Save=65.998024ms
[2015.07.29-20.38.34:652][ 64]LogSavePackage: Moving 'D:/Workspace/Code/BitBucket/SaveMe/Saved/bg_castle_Sprite93CF49704C00D0A6556D6593756D8B3D.tmp' to 'D:/Workspace/Code/BitBucket/SaveMe/Content/Sprites/World/bg_castle_Sprite.uasset'
[2015.07.29-20.38.34:686][ 64]LogD3D11RHI: InitD3DDevice
[2015.07.29-20.38.38:136][162]LogD3D11RHI: InitD3DDevice
[2015.07.29-20.39.05:481][818]BlueprintLog: New page: Pre-PIE auto-recompile
[2015.07.29-20.39.05:481][818]LogPlayLevel: [PIE] Compiling Menu before PIE...
[2015.07.29-20.39.05:890][818]LogPlayLevel: PIE:  Blueprint regeneration took 408 ms (1 blueprints)
[2015.07.29-20.39.05:902][818]PIE: New page: PIE session: Menu (Jul 30, 2015, 12:39:05 AM)
[2015.07.29-20.39.05:904][818]LogPlayLevel: Creating play world package: /Game/Maps/UEDPIE_0_Menu
[2015.07.29-20.39.05:919][818]LogPlayLevel: PIE: StaticDuplicateObject took: (0.014946s)
[2015.07.29-20.39.05:921][818]LogAIModule: Creating AISystem for world Menu
[2015.07.29-20.39.05:924][818]LogPlayLevel: PIE: World Init took: (0.005388s)
[2015.07.29-20.39.05:925][818]LogPlayLevel: PIE: Created PIE world by copying editor world from /Game/Maps/Menu.Menu to /Game/Maps/UEDPIE_0_Menu.Menu (0.021246s)
[2015.07.29-20.39.06:078][818]LogInit: XAudio2 using 'Speakers / Headphones (IDT High Definition Audio CODEC)' : 2 channels at 48 kHz using 16 bits per sample (channel mask 0x3)
[2015.07.29-20.39.06:111][818]LogInit: FAudioDevice initialized.
[2015.07.29-20.39.06:231][818]LogWorld: Game class is 'GameMode'
[2015.07.29-20.39.06:245][818]LogWorld: Bringing World /Game/Maps/UEDPIE_0_Menu.Menu up for play (max tick rate 0) at 2015.07.29-22.39.06
[2015.07.29-20.39.06:246][818]LogActor:Warning: GameSession /Game/Maps/UEDPIE_0_Menu.Menu:PersistentLevel.GameSession_0 has natively added scene component(s), but none of them were set as the actor's RootComponent - picking one arbitrarily
[2015.07.29-20.39.06:248][818]LogActor:Warning: GameNetworkManager /Game/Maps/UEDPIE_0_Menu.Menu:PersistentLevel.GameNetworkManager_0 has natively added scene component(s), but none of them were set as the actor's RootComponent - picking one arbitrarily
[2015.07.29-20.39.06:249][818]LogWorld: Bringing up level for play took: 0.007230
[2015.07.29-20.39.06:285][818]PIE: Info Play in editor start time for /Game/Maps/UEDPIE_0_Menu 1.541
[2015.07.29-20.39.14:140][ 38]LogPackageName: SearchForPackageOnDisk took   0.447s to resolve Level1.umap
[2015.07.29-20.39.14:573][ 38]LogPackageName: SearchForPackageOnDisk took   0.431s to resolve Level1.umap
[2015.07.29-20.39.14:574][ 38]LogNet: Browse: /Game/Maps/Level1
[2015.07.29-20.39.14:574][ 38]LogLoad: LoadMap: /Game/Maps/Level1
[2015.07.29-20.39.14:687][ 38]LogParticles: Destroying 0 GPU particle simulations for FXSystem 0x000000000BAD9B20
[2015.07.29-20.39.14:727][ 38]Cmd: MEM
[2015.07.29-20.39.14:852][ 38]LogMemory: Platform Memory Stats for Windows
[2015.07.29-20.39.14:852][ 38]LogMemory: Process Physical Memory: 466.75 MB used, 499.66 MB peak
[2015.07.29-20.39.14:853][ 38]LogMemory: Process Virtual Memory: 364.57 MB used, 416.87 MB peak
[2015.07.29-20.39.14:853][ 38]LogMemory: Physical Memory: 4881.59 MB used, 8148.89 MB total
[2015.07.29-20.39.14:853][ 38]LogMemory: Virtual Memory: 935.89 MB used, 8388608.00 MB total
[2015.07.29-20.39.14:853][ 38]LogMemory: 
[2015.07.29-20.39.14:853][ 38]Allocator Stats for TBB: (not implemented)
[2015.07.29-20.39.15:223][ 38]LogAIModule: Creating AISystem for world Level1
[2015.07.29-20.39.15:232][ 38]LogWorld: Game class is 'GameMode'
[2015.07.29-20.39.15:247][ 38]LogWorld: Bringing World /Game/Maps/UEDPIE_0_Level1.Level1 up for play (max tick rate 0) at 2015.07.29-22.39.15
[2015.07.29-20.39.15:248][ 38]LogActor:Warning: GameSession /Game/Maps/UEDPIE_0_Level1.Level1:PersistentLevel.GameSession_1 has natively added scene component(s), but none of them were set as the actor's RootComponent - picking one arbitrarily
[2015.07.29-20.39.15:250][ 38]LogActor:Warning: GameNetworkManager /Game/Maps/UEDPIE_0_Level1.Level1:PersistentLevel.GameNetworkManager_1 has natively added scene component(s), but none of them were set as the actor's RootComponent - picking one arbitrarily
[2015.07.29-20.39.15:251][ 38]LogWorld: Bringing up level for play took: 0.008511
[2015.07.29-20.39.15:256][ 38]LogGameMode: Warning - PATHS NOT DEFINED or NO PLAYERSTART with positive rating
[2015.07.29-20.39.18:277][114]LogParticles: Destroying 0 GPU particle simulations for FXSystem 0x000000000DF2C0E0
[2015.07.29-20.39.32:789][458]LogD3D11RHI: InitD3DDevice
[2015.07.29-20.39.33:143][458]Cmd: OBJ SAVEPACKAGE PACKAGE="/Game/Maps/Menu" FILE="D:/Workspace/Code/BitBucket/SaveMe/Content/Maps/Menu.umap" SILENT=true AUTOSAVING=false KEEPDIRTY=false
[2015.07.29-20.39.33:693][458]LogSavePackage: Save=384.729156ms
[2015.07.29-20.39.33:694][458]LogSavePackage: Moving 'D:/Workspace/Code/BitBucket/SaveMe/Saved/MenuCD2FA4D242881E15920587A794223C16.tmp' to 'D:/Workspace/Code/BitBucket/SaveMe/Content/Maps/Menu.umap'
[2015.07.29-20.39.33:868][458]LogFileHelpers: Saving map 'Menu' took 1.034
[2015.07.29-20.39.33:898][458]Cmd: OBJ SAVEPACKAGE PACKAGE="/Game/Materials/World/bg_castle_Sprite" FILE="D:/Workspace/Code/BitBucket/SaveMe/Content/Materials/World/bg_castle_Sprite.uasset" SILENT=true
[2015.07.29-20.39.33:918][458]LogSavePackage: Save=14.667071ms
[2015.07.29-20.39.33:919][458]LogSavePackage: Moving 'D:/Workspace/Code/BitBucket/SaveMe/Saved/bg_castle_Sprite56EF458645FA27A064A1A8A23E940A8E.tmp' to 'D:/Workspace/Code/BitBucket/SaveMe/Content/Materials/World/bg_castle_Sprite.uasset'
[2015.07.29-20.39.36:915][522]LogD3D11RHI: InitD3DDevice
[2015.07.29-20.39.38:854][565]BlueprintLog: New page: Pre-PIE auto-recompile
[2015.07.29-20.39.38:854][565]LogPlayLevel: [PIE] Compiling Menu before PIE...
[2015.07.29-20.39.39:295][565]LogPlayLevel: PIE:  Blueprint regeneration took 441 ms (1 blueprints)
[2015.07.29-20.39.39:295][565]PIE: New page: PIE session: Menu (Jul 30, 2015, 12:39:39 AM)
[2015.07.29-20.39.39:297][565]LogPlayLevel: Creating play world package: /Game/Maps/UEDPIE_0_Menu
[2015.07.29-20.39.39:315][565]LogPlayLevel: PIE: StaticDuplicateObject took: (0.016926s)
[2015.07.29-20.39.39:318][565]LogAIModule: Creating AISystem for world Menu
[2015.07.29-20.39.39:321][565]LogPlayLevel: PIE: World Init took: (0.006242s)
[2015.07.29-20.39.39:322][565]LogPlayLevel: PIE: Created PIE world by copying editor world from /Game/Maps/Menu.Menu to /Game/Maps/UEDPIE_0_Menu.Menu (0.024172s)
[2015.07.29-20.39.39:470][565]LogInit: XAudio2 using 'Speakers / Headphones (IDT High Definition Audio CODEC)' : 2 channels at 48 kHz using 16 bits per sample (channel mask 0x3)
[2015.07.29-20.39.39:501][565]LogInit: FAudioDevice initialized.
[2015.07.29-20.39.39:583][565]LogWorld: Game class is 'GameMode'
[2015.07.29-20.39.39:594][565]LogWorld: Bringing World /Game/Maps/UEDPIE_0_Menu.Menu up for play (max tick rate 0) at 2015.07.29-22.39.39
[2015.07.29-20.39.39:594][565]LogActor:Warning: GameSession /Game/Maps/UEDPIE_0_Menu.Menu:PersistentLevel.GameSession_2 has natively added scene component(s), but none of them were set as the actor's RootComponent - picking one arbitrarily
[2015.07.29-20.39.39:600][565]LogActor:Warning: GameNetworkManager /Game/Maps/UEDPIE_0_Menu.Menu:PersistentLevel.GameNetworkManager_2 has natively added scene component(s), but none of them were set as the actor's RootComponent - picking one arbitrarily
[2015.07.29-20.39.39:601][565]LogWorld: Bringing up level for play took: 0.010297
[2015.07.29-20.39.39:643][565]PIE: Info Play in editor start time for /Game/Maps/UEDPIE_0_Menu 0.899
[2015.07.29-20.39.43:506][676]LogParticles: Destroying 0 GPU particle simulations for FXSystem 0x000000000DF2CA40
[2015.07.29-20.39.53:770][924]LogD3D11RHI: InitD3DDevice
[2015.07.29-20.39.57:041][  0]LogEditorViewport: Clicking Background
[2015.07.29-20.39.58:924][ 62]LogEditorViewport: Clicking Background
[2015.07.29-20.40.02:015][164]LogEditorViewport: Clicking on Actor (LMB): PaperSpriteActor (bg_castle_Sprite)
[2015.07.29-20.40.08:958][316]LogD3D11RHI: InitD3DDevice
[2015.07.29-20.40.12:057][385]LogD3D11RHI: InitD3DDevice
[2015.07.29-20.41.23:550][218]BlueprintLog: New page: Pre-PIE auto-recompile
[2015.07.29-20.41.23:550][218]LogPlayLevel: [PIE] Compiling Menu before PIE...
[2015.07.29-20.41.23:940][218]LogPlayLevel: PIE:  Blueprint regeneration took 389 ms (1 blueprints)
[2015.07.29-20.41.23:940][218]PIE: New page: PIE session: Menu (Jul 30, 2015, 12:41:23 AM)
[2015.07.29-20.41.23:942][218]LogPlayLevel: Creating play world package: /Game/Maps/UEDPIE_0_Menu
[2015.07.29-20.41.23:956][218]LogPlayLevel: PIE: StaticDuplicateObject took: (0.013351s)
[2015.07.29-20.41.23:958][218]LogAIModule: Creating AISystem for world Menu
[2015.07.29-20.41.23:961][218]LogPlayLevel: PIE: World Init took: (0.005229s)
[2015.07.29-20.41.23:961][218]LogPlayLevel: PIE: Created PIE world by copying editor world from /Game/Maps/Menu.Menu to /Game/Maps/UEDPIE_0_Menu.Menu (0.019316s)
[2015.07.29-20.41.24:108][218]LogInit: XAudio2 using 'Speakers / Headphones (IDT High Definition Audio CODEC)' : 2 channels at 48 kHz using 16 bits per sample (channel mask 0x3)
[2015.07.29-20.41.24:141][218]LogInit: FAudioDevice initialized.
[2015.07.29-20.41.24:218][218]LogWorld: Game class is 'GameMode'
[2015.07.29-20.41.24:228][218]LogWorld: Bringing World /Game/Maps/UEDPIE_0_Menu.Menu up for play (max tick rate 0) at 2015.07.29-22.41.24
[2015.07.29-20.41.24:228][218]LogActor:Warning: GameSession /Game/Maps/UEDPIE_0_Menu.Menu:PersistentLevel.GameSession_3 has natively added scene component(s), but none of them were set as the actor's RootComponent - picking one arbitrarily
[2015.07.29-20.41.24:230][218]LogActor:Warning: GameNetworkManager /Game/Maps/UEDPIE_0_Menu.Menu:PersistentLevel.GameNetworkManager_3 has natively added scene component(s), but none of them were set as the actor's RootComponent - picking one arbitrarily
[2015.07.29-20.41.24:231][218]LogWorld: Bringing up level for play took: 0.005950
[2015.07.29-20.41.24:247][218]PIE: Info Play in editor start time for /Game/Maps/UEDPIE_0_Menu 1.501
[2015.07.29-20.41.30:854][384]LogParticles: Destroying 0 GPU particle simulations for FXSystem 0x00000000137276A0
[2015.07.29-20.41.39:137][561]BlueprintLog: New page: Pre-PIE auto-recompile
[2015.07.29-20.41.39:137][561]LogPlayLevel: [PIE] Compiling Menu before PIE...
[2015.07.29-20.41.39:546][561]LogPlayLevel: PIE:  Blueprint regeneration took 409 ms (1 blueprints)
[2015.07.29-20.41.39:546][561]PIE: New page: PIE session: Menu (Jul 30, 2015, 12:41:39 AM)
[2015.07.29-20.41.39:548][561]LogPlayLevel: Creating play world package: /Game/Maps/UEDPIE_0_Menu
[2015.07.29-20.41.39:561][561]LogPlayLevel: PIE: StaticDuplicateObject took: (0.013255s)
[2015.07.29-20.41.39:564][561]LogAIModule: Creating AISystem for world Menu
[2015.07.29-20.41.39:567][561]LogPlayLevel: PIE: World Init took: (0.005225s)
[2015.07.29-20.41.39:567][561]LogPlayLevel: PIE: Created PIE world by copying editor world from /Game/Maps/Menu.Menu to /Game/Maps/UEDPIE_0_Menu.Menu (0.019236s)
[2015.07.29-20.41.39:705][561]LogInit: XAudio2 using 'Speakers / Headphones (IDT High Definition Audio CODEC)' : 2 channels at 48 kHz using 16 bits per sample (channel mask 0x3)
[2015.07.29-20.41.39:737][561]LogInit: FAudioDevice initialized.
[2015.07.29-20.41.39:824][561]LogWorld: Game class is 'GameMode'
[2015.07.29-20.41.39:841][561]LogWorld: Bringing World /Game/Maps/UEDPIE_0_Menu.Menu up for play (max tick rate 0) at 2015.07.29-22.41.39
[2015.07.29-20.41.39:841][561]LogActor:Warning: GameSession /Game/Maps/UEDPIE_0_Menu.Menu:PersistentLevel.GameSession_4 has natively added scene component(s), but none of them were set as the actor's RootComponent - picking one arbitrarily
[2015.07.29-20.41.39:844][561]LogActor:Warning: GameNetworkManager /Game/Maps/UEDPIE_0_Menu.Menu:PersistentLevel.GameNetworkManager_4 has natively added scene component(s), but none of them were set as the actor's RootComponent - picking one arbitrarily
[2015.07.29-20.41.39:845][561]LogWorld: Bringing up level for play took: 0.007332
[2015.07.29-20.41.39:862][561]PIE: Info Play in editor start time for /Game/Maps/UEDPIE_0_Menu 1.116
[2015.07.29-20.41.47:396][767]LogParticles: Destroying 0 GPU particle simulations for FXSystem 0x000000001910B4C0
[2015.07.29-20.41.53:963][910]LogD3D11RHI: InitD3DDevice
[2015.07.29-20.41.54:280][910]Cmd: OBJ SAVEPACKAGE PACKAGE="/Game/Maps/Menu" FILE="D:/Workspace/Code/BitBucket/SaveMe/Content/Maps/Menu.umap" SILENT=true AUTOSAVING=false KEEPDIRTY=false
[2015.07.29-20.41.54:794][910]LogSavePackage: Save=351.678253ms
[2015.07.29-20.41.54:794][910]LogSavePackage: Moving 'D:/Workspace/Code/BitBucket/SaveMe/Saved/MenuF00CAC56446EF908C316B2A95DC21C98.tmp' to 'D:/Workspace/Code/BitBucket/SaveMe/Content/Maps/Menu.umap'
[2015.07.29-20.41.54:952][910]LogFileHelpers: Saving map 'Menu' took 0.940
[2015.07.29-20.41.58:930][994]LogD3D11RHI: InitD3DDevice
[2015.07.29-20.42.00:826][ 36]LogD3D11RHI: InitD3DDevice
[2015.07.29-20.42.05:128][127]LogD3D11RHI: InitD3DDevice
[2015.07.29-20.42.12:901][228]LogD3D11RHI: InitD3DDevice
[2015.07.29-20.43.02:164][151]LogD3D11RHI: InitD3DDevice
[2015.07.29-20.43.12:999][424]LogD3D11RHI: InitD3DDevice
[2015.07.29-20.43.18:741][552]LogD3D11RHI: InitD3DDevice
[2015.07.29-20.43.24:103][679]LogD3D11RHI: InitD3DDevice
[2015.07.29-20.50.14:550][260]LogD3D11RHI: InitD3DDevice
[2015.07.29-20.50.46:817][410]BlueprintLog: New page: Pre-PIE auto-recompile
[2015.07.29-20.50.46:817][410]LogPlayLevel: [PIE] Compiling Menu before PIE...
[2015.07.29-20.50.47:267][410]LogPlayLevel: PIE:  Blueprint regeneration took 450 ms (1 blueprints)
[2015.07.29-20.50.47:268][410]PIE: New page: PIE session: Menu (Jul 30, 2015, 12:50:47 AM)
[2015.07.29-20.50.47:269][410]LogPlayLevel: Creating play world package: /Game/Maps/UEDPIE_0_Menu
[2015.07.29-20.50.47:282][410]LogPlayLevel: PIE: StaticDuplicateObject took: (0.012897s)
[2015.07.29-20.50.47:285][410]LogAIModule: Creating AISystem for world Menu
[2015.07.29-20.50.47:288][410]LogPlayLevel: PIE: World Init took: (0.005263s)
[2015.07.29-20.50.47:288][410]LogPlayLevel: PIE: Created PIE world by copying editor world from /Game/Maps/Menu.Menu to /Game/Maps/UEDPIE_0_Menu.Menu (0.018898s)
[2015.07.29-20.50.47:444][410]LogInit: XAudio2 using 'Speakers / Headphones (IDT High Definition Audio CODEC)' : 2 channels at 48 kHz using 16 bits per sample (channel mask 0x3)
[2015.07.29-20.50.47:486][410]LogInit: FAudioDevice initialized.
[2015.07.29-20.50.47:586][410]LogWorld: Game class is 'GameMode'
[2015.07.29-20.50.47:599][410]LogWorld: Bringing World /Game/Maps/UEDPIE_0_Menu.Menu up for play (max tick rate 0) at 2015.07.29-22.50.47
[2015.07.29-20.50.47:599][410]LogActor:Warning: GameSession /Game/Maps/UEDPIE_0_Menu.Menu:PersistentLevel.GameSession_5 has natively added scene component(s), but none of them were set as the actor's RootComponent - picking one arbitrarily
[2015.07.29-20.50.47:602][410]LogActor:Warning: GameNetworkManager /Game/Maps/UEDPIE_0_Menu.Menu:PersistentLevel.GameNetworkManager_5 has natively added scene component(s), but none of them were set as the actor's RootComponent - picking one arbitrarily
[2015.07.29-20.50.47:604][410]LogWorld: Bringing up level for play took: 0.007824
[2015.07.29-20.50.47:625][410]PIE: Info Play in editor start time for /Game/Maps/UEDPIE_0_Menu 0.869
[2015.07.29-20.51.04:608][789]LogParticles: Destroying 0 GPU particle simulations for FXSystem 0x000000000BAD8900
[2015.07.29-20.52.24:702][164]LogD3D11RHI: InitD3DDevice
[2015.07.29-20.52.24:943][164]Cmd: MAP LOAD FILE="D:/Workspace/Code/BitBucket/SaveMe/Content/Maps/Menu.umap" TEMPLATE=0 SHOWPROGRESS=1 FEATURELEVEL=3
[2015.07.29-20.52.24:948][164]LightingResults: New page: Lighting Build
[2015.07.29-20.52.25:138][164]LoadErrors: New page: Loading map: Menu.umap
[2015.07.29-20.52.25:139][164]MapCheck: New page: Map Check
[2015.07.29-20.52.25:140][164]LightingResults: New page: Lighting Build
[2015.07.29-20.52.25:240][164]LogParticles: Destroying 0 GPU particle simulations for FXSystem 0x000000000F11A840
[2015.07.29-20.52.25:793][164]LogAIModule: Creating AISystem for world Menu
[2015.07.29-20.52.25:972][164]LogEditorServer: Finished looking for orphan Actors (0.000 secs)
[2015.07.29-20.52.26:162][164]Cmd: MAP CHECKDEP NOCLEARLOG
[2015.07.29-20.52.26:437][164]MapCheck: Info Map check complete: 0 Error(s), 0 Warning(s), took 273.711ms to complete.
[2015.07.29-20.52.26:441][164]LogFileHelpers: Loading map 'Menu' took 1.505
[2015.07.29-20.52.27:838][196]LogD3D11RHI: InitD3DDevice
[2015.07.29-20.52.27:908][196]LogAIModule: Creating AISystem for world Level1
[2015.07.29-20.52.28:145][196]Cmd: MAP LOAD FILE="D:/Workspace/Code/BitBucket/SaveMe/Content/Maps/Level1.umap" TEMPLATE=0 SHOWPROGRESS=1 FEATURELEVEL=3
[2015.07.29-20.52.28:148][196]LightingResults: New page: Lighting Build
[2015.07.29-20.52.28:270][196]LoadErrors: New page: Loading map: Level1.umap
[2015.07.29-20.52.28:272][196]MapCheck: New page: Map Check
[2015.07.29-20.52.28:272][196]LightingResults: New page: Lighting Build
[2015.07.29-20.52.28:421][196]LogParticles: Destroying 0 GPU particle simulations for FXSystem 0x0000000026124F40
[2015.07.29-20.52.28:701][196]LogAIModule: Creating AISystem for world Level1
[2015.07.29-20.52.28:879][196]LogEditorServer: Finished looking for orphan Actors (0.000 secs)
[2015.07.29-20.52.29:048][196]Cmd: MAP CHECKDEP NOCLEARLOG
[2015.07.29-20.52.29:331][196]MapCheck: Info Map check complete: 0 Error(s), 0 Warning(s), took 281.971ms to complete.
[2015.07.29-20.52.29:337][196]LogFileHelpers: Loading map 'Level1' took 1.198
[2015.07.29-20.52.31:217][237]LogD3D11RHI: InitD3DDevice
[2015.07.29-20.52.31:721][237]LogAIModule: Creating AISystem for world Menu
[2015.07.29-20.52.31:940][237]Cmd: MAP LOAD FILE="D:/Workspace/Code/BitBucket/SaveMe/Content/Maps/Menu.umap" TEMPLATE=0 SHOWPROGRESS=1 FEATURELEVEL=3
[2015.07.29-20.52.31:943][237]LightingResults: New page: Lighting Build
[2015.07.29-20.52.32:064][237]LoadErrors: New page: Loading map: Menu.umap
[2015.07.29-20.52.32:065][237]MapCheck: New page: Map Check
[2015.07.29-20.52.32:066][237]LightingResults: New page: Lighting Build
[2015.07.29-20.52.32:166][237]LogParticles: Destroying 0 GPU particle simulations for FXSystem 0x000000000E073A60
[2015.07.29-20.52.32:932][237]LogAIModule: Creating AISystem for world Menu
[2015.07.29-20.52.33:103][237]LogEditorServer: Finished looking for orphan Actors (0.000 secs)
[2015.07.29-20.52.33:284][237]Cmd: MAP CHECKDEP NOCLEARLOG
[2015.07.29-20.52.33:576][237]MapCheck: Info Map check complete: 0 Error(s), 0 Warning(s), took 291.431ms to complete.
[2015.07.29-20.52.33:584][237]LogFileHelpers: Loading map 'Menu' took 1.650
[2015.07.29-20.52.35:903][289]LogD3D11RHI: InitD3DDevice
[2015.07.29-20.52.37:114][315]LogD3D11RHI: InitD3DDevice
[2015.07.29-20.52.44:274][468]LogD3D11RHI: InitD3DDevice
[2015.07.29-20.52.44:614][468]LogD3D11RHI: InitD3DDevice
[2015.07.29-20.58.55:111][983]BlueprintLog: New page: Pre-PIE auto-recompile
[2015.07.29-20.58.55:111][983]LogPlayLevel: [PIE] Compiling Menu before PIE...
[2015.07.29-20.58.55:635][983]LogPlayLevel: PIE:  Blueprint regeneration took 524 ms (1 blueprints)
[2015.07.29-20.58.55:636][983]PIE: New page: PIE session: Menu (Jul 30, 2015, 12:58:55 AM)
[2015.07.29-20.58.55:638][983]LogPlayLevel: Creating play world package: /Game/Maps/UEDPIE_0_Menu
[2015.07.29-20.58.55:652][983]LogPlayLevel: PIE: StaticDuplicateObject took: (0.014261s)
[2015.07.29-20.58.55:655][983]LogAIModule: Creating AISystem for world Menu
[2015.07.29-20.58.55:659][983]LogPlayLevel: PIE: World Init took: (0.006051s)
[2015.07.29-20.58.55:659][983]LogPlayLevel: PIE: Created PIE world by copying editor world from /Game/Maps/Menu.Menu to /Game/Maps/UEDPIE_0_Menu.Menu (0.021207s)
[2015.07.29-20.58.55:807][983]LogInit: XAudio2 using 'Speakers / Headphones (IDT High Definition Audio CODEC)' : 2 channels at 48 kHz using 16 bits per sample (channel mask 0x3)
[2015.07.29-20.58.55:842][983]LogInit: FAudioDevice initialized.
[2015.07.29-20.58.55:942][983]LogWorld: Game class is 'GameMode'
[2015.07.29-20.58.55:954][983]LogWorld: Bringing World /Game/Maps/UEDPIE_0_Menu.Menu up for play (max tick rate 0) at 2015.07.29-22.58.55
[2015.07.29-20.58.55:954][983]LogActor:Warning: GameSession /Game/Maps/UEDPIE_0_Menu.Menu:PersistentLevel.GameSession_6 has natively added scene component(s), but none of them were set as the actor's RootComponent - picking one arbitrarily
[2015.07.29-20.58.55:957][983]LogActor:Warning: GameNetworkManager /Game/Maps/UEDPIE_0_Menu.Menu:PersistentLevel.GameNetworkManager_6 has natively added scene component(s), but none of them were set as the actor's RootComponent - picking one arbitrarily
[2015.07.29-20.58.55:958][983]LogWorld: Bringing up level for play took: 0.006153
[2015.07.29-20.58.55:976][983]PIE: Info Play in editor start time for /Game/Maps/UEDPIE_0_Menu 1.211
[2015.07.29-20.59.55:763][315]LogPackageName: SearchForPackageOnDisk took   0.467s to resolve Level1.umap
[2015.07.29-20.59.56:186][315]LogPackageName: SearchForPackageOnDisk took   0.420s to resolve Level1.umap
[2015.07.29-20.59.56:186][315]LogNet: Browse: /Game/Maps/Level1
[2015.07.29-20.59.56:187][315]LogLoad: LoadMap: /Game/Maps/Level1
[2015.07.29-20.59.56:333][315]LogParticles: Destroying 0 GPU particle simulations for FXSystem 0x0000000025E7B380
[2015.07.29-20.59.56:333][315]Cmd: MEM
[2015.07.29-20.59.56:478][315]LogMemory: Platform Memory Stats for Windows
[2015.07.29-20.59.56:479][315]LogMemory: Process Physical Memory: 535.71 MB used, 540.51 MB peak
[2015.07.29-20.59.56:479][315]LogMemory: Process Virtual Memory: 431.68 MB used, 433.77 MB peak
[2015.07.29-20.59.56:479][315]LogMemory: Physical Memory: 5155.84 MB used, 8148.89 MB total
[2015.07.29-20.59.56:479][315]LogMemory: Virtual Memory: 994.98 MB used, 8388608.00 MB total
[2015.07.29-20.59.56:479][315]LogMemory: 
[2015.07.29-20.59.56:479][315]Allocator Stats for TBB: (not implemented)
[2015.07.29-20.59.56:502][315]LogAIModule: Creating AISystem for world Level1
[2015.07.29-20.59.56:509][315]LogWorld: Game class is 'GameMode'
[2015.07.29-20.59.56:521][315]LogWorld: Bringing World /Game/Maps/UEDPIE_0_Level1.Level1 up for play (max tick rate 0) at 2015.07.29-22.59.56
[2015.07.29-20.59.56:522][315]LogActor:Warning: GameSession /Game/Maps/UEDPIE_0_Level1.Level1:PersistentLevel.GameSession_7 has natively added scene component(s), but none of them were set as the actor's RootComponent - picking one arbitrarily
[2015.07.29-20.59.56:525][315]LogActor:Warning: GameNetworkManager /Game/Maps/UEDPIE_0_Level1.Level1:PersistentLevel.GameNetworkManager_7 has natively added scene component(s), but none of them were set as the actor's RootComponent - picking one arbitrarily
[2015.07.29-20.59.56:526][315]LogWorld: Bringing up level for play took: 0.006899
[2015.07.29-20.59.56:530][315]LogGameMode: Warning - PATHS NOT DEFINED or NO PLAYERSTART with positive rating
[2015.07.29-21.04.18:963][149]LogParticles: Destroying 0 GPU particle simulations for FXSystem 0x000000000F11BEC0
[2015.07.29-21.04.19:142][150]Cmd: QUIT_EDITOR
[2015.07.29-21.04.20:967][150]LogExit: Preparing to exit.
[2015.07.29-21.04.21:366][150]LogExit: Editor shut down
[2015.07.29-21.04.21:368][150]LogExit: Transaction tracking system shut down
[2015.07.29-21.04.21:371][150]LogParticles: Destroying 0 GPU particle simulations for FXSystem 0x000000000F11ACA0
[2015.07.29-21.04.21:372][150]LogParticles: Destroying 0 GPU particle simulations for FXSystem 0x000000000F11B240
[2015.07.29-21.04.21:372][150]LogParticles: Destroying 0 GPU particle simulations for FXSystem 0x0000000026127EC0
[2015.07.29-21.04.22:265][150]LogParticles: Destroying 0 GPU particle simulations for FXSystem 0x000000000DFBEE80
[2015.07.29-21.04.22:265][150]LogExit: Object subsystem successfully closed.
[2015.07.29-21.04.22:297][150]LogD3D11RHI: Shutdown
[2015.07.29-21.04.22:297][150]LogD3D11RHI: CleanupD3DDevice
[2015.07.29-21.04.22:587][150]LogD3D11RHI: ~FD3D11DynamicRHI
[2015.07.29-21.04.22:705][150]LogModuleManager: Shutting down and abandoning module ExternalImagePicker (189)
[2015.07.29-21.04.22:705][150]LogModuleManager: Shutting down and abandoning module CrashTracker (188)
[2015.07.29-21.04.22:705][150]LogModuleManager: Shutting down and abandoning module SceneOutliner (187)
[2015.07.29-21.04.22:705][150]LogModuleManager: Shutting down and abandoning module SuperSearch (186)
[2015.07.29-21.04.22:705][150]LogModuleManager: Shutting down and abandoning module WidgetCarousel (185)
[2015.07.29-21.04.22:705][150]LogModuleManager: Shutting down and abandoning module AddContentDialog (184)
[2015.07.29-21.04.22:708][150]LogModuleManager: Shutting down and abandoning module EditorWidgets (183)
[2015.07.29-21.04.22:708][150]LogModuleManager: Shutting down and abandoning module CollectionManager (182)
[2015.07.29-21.04.22:708][150]LogModuleManager: Shutting down and abandoning module StatsViewer (181)
[2015.07.29-21.04.22:708][150]LogModuleManager: Shutting down and abandoning module FoliageEdit (180)
[2015.07.29-21.04.22:708][150]LogModuleManager: Shutting down and abandoning module LandscapeEditor (179)
[2015.07.29-21.04.22:709][150]LogModuleManager: Shutting down and abandoning module ActorPickerMode (178)
[2015.07.29-21.04.22:709][150]LogModuleManager: Shutting down and abandoning module GeometryMode (177)
[2015.07.29-21.04.22:709][150]LogModuleManager: Shutting down and abandoning module TextureAlignMode (176)
[2015.07.29-21.04.22:709][150]LogModuleManager: Shutting down and abandoning module BspMode (175)
[2015.07.29-21.04.22:709][150]LogModuleManager: Shutting down and abandoning module PlacementMode (174)
[2015.07.29-21.04.22:709][150]LogModuleManager: Shutting down and abandoning module AutomationWorker (173)
[2015.07.29-21.04.22:709][150]LogModuleManager: Shutting down and abandoning module CharacterAI (172)
[2015.07.29-21.04.22:709][150]LogModuleManager: Shutting down and abandoning module SmartSnapping (171)
[2015.07.29-21.04.22:710][150]LogModuleManager: Shutting down and abandoning module ViewportSnapping (170)
[2015.07.29-21.04.22:710][150]LogModuleManager: Shutting down and abandoning module LogVisualizer (169)
[2015.07.29-21.04.22:710][150]LogModuleManager: Shutting down and abandoning module GameProjectGeneration (168)
[2015.07.29-21.04.22:710][150]LogModuleManager: Shutting down and abandoning module IntroTutorials (167)
[2015.07.29-21.04.22:711][150]LogModuleManager: Shutting down and abandoning module EditorLiveStreaming (166)
[2015.07.29-21.04.22:711][150]LogModuleManager: Shutting down and abandoning module IOSPlatformEditor (165)
[2015.07.29-21.04.22:711][150]LogModuleManager: Shutting down and abandoning module HTML5PlatformEditor (164)
[2015.07.29-21.04.22:711][150]LogModuleManager: Shutting down and abandoning module AndroidDeviceDetection (163)
[2015.07.29-21.04.22:739][150]LogModuleManager: Shutting down and abandoning module AndroidPlatformEditor (162)
[2015.07.29-21.04.22:739][150]LogModuleManager: Shutting down and abandoning module IOSRuntimeSettings (161)
[2015.07.29-21.04.22:739][150]LogModuleManager: Shutting down and abandoning module AndroidRuntimeSettings (160)
[2015.07.29-21.04.22:739][150]LogModuleManager: Shutting down and abandoning module MergeActors (159)
[2015.07.29-21.04.22:739][150]LogModuleManager: Shutting down and abandoning module SizeMap (158)
[2015.07.29-21.04.22:740][150]LogModuleManager: Shutting down and abandoning module TreeMap (157)
[2015.07.29-21.04.22:740][150]LogModuleManager: Shutting down and abandoning module ReferenceViewer (156)
[2015.07.29-21.04.22:740][150]LogModuleManager: Shutting down and abandoning module LocalizationDashboard (155)
[2015.07.29-21.04.22:740][150]LogModuleManager: Shutting down and abandoning module HardwareTargeting (154)
[2015.07.29-21.04.22:740][150]LogModuleManager: Shutting down and abandoning module DeviceProfileEditor (153)
[2015.07.29-21.04.22:740][150]LogModuleManager: Shutting down and abandoning module UndoHistory (152)
[2015.07.29-21.04.22:740][150]LogModuleManager: Shutting down and abandoning module GameplayTagsEditor (151)
[2015.07.29-21.04.22:741][150]LogModuleManager: Shutting down and abandoning module UserFeedback (150)
[2015.07.29-21.04.22:741][150]LogModuleManager: Shutting down and abandoning module XmlParser (149)
[2015.07.29-21.04.22:741][150]LogModuleManager: Shutting down and abandoning module Blutility (148)
[2015.07.29-21.04.22:741][150]LogModuleManager: Shutting down and abandoning module ProjectTargetPlatformEditor (147)
[2015.07.29-21.04.22:741][150]LogModuleManager: Shutting down and abandoning module ProjectSettingsViewer (146)
[2015.07.29-21.04.22:742][150]LogModuleManager: Shutting down and abandoning module InputBindingEditor (145)
[2015.07.29-21.04.22:742][150]LogModuleManager: Shutting down and abandoning module EditorSettingsViewer (144)
[2015.07.29-21.04.22:743][150]LogModuleManager: Shutting down and abandoning module SettingsEditor (143)
[2015.07.29-21.04.22:743][150]LogModuleManager: Shutting down and abandoning module ProjectLauncher (142)
[2015.07.29-21.04.22:743][150]LogModuleManager: Shutting down and abandoning module SessionFrontend (141)
[2015.07.29-21.04.22:743][150]LogModuleManager: Shutting down and abandoning module ProfilerClient (140)
[2015.07.29-21.04.22:743][150]LogModuleManager: Shutting down and abandoning module TargetDeviceServices (139)
[2015.07.29-21.04.22:743][150]LogModuleManager: Shutting down and abandoning module DeviceManager (138)
[2015.07.29-21.04.22:744][150]LogModuleManager: Shutting down and abandoning module AutomationController (137)
[2015.07.29-21.04.22:744][150]LogModuleManager: Shutting down and abandoning module AutomationWindow (136)
[2015.07.29-21.04.22:744][150]LogModuleManager: Shutting down and abandoning module Layers (135)
[2015.07.29-21.04.22:744][150]LogModuleManager: Shutting down and abandoning module ComponentVisualizers (134)
[2015.07.29-21.04.22:744][150]LogModuleManager: Shutting down and abandoning module DetailCustomizations (133)
[2015.07.29-21.04.22:745][150]LogModuleManager: Shutting down and abandoning module PackagesDialog (132)
[2015.07.29-21.04.22:745][150]LogModuleManager: Shutting down and abandoning module AssetRegistry (131)
[2015.07.29-21.04.22:933][150]LogModuleManager: Shutting down and abandoning module Persona (130)
[2015.07.29-21.04.22:933][150]LogModuleManager: Shutting down and abandoning module Kismet (129)
[2015.07.29-21.04.22:933][150]LogModuleManager: Shutting down and abandoning module GraphEditor (128)
[2015.07.29-21.04.22:933][150]LogModuleManager: Shutting down and abandoning module ClassViewer (127)
[2015.07.29-21.04.22:940][150]LogModuleManager: Shutting down and abandoning module Toolbox (126)
[2015.07.29-21.04.22:940][150]LogModuleManager: Shutting down and abandoning module ModuleUI (125)
[2015.07.29-21.04.22:940][150]LogModuleManager: Shutting down and abandoning module MovieSceneTools (124)
[2015.07.29-21.04.22:941][150]LogModuleManager: Shutting down and abandoning module OutputLog (123)
[2015.07.29-21.04.22:941][150]LogModuleManager: Shutting down and abandoning module GammaUI (122)
[2015.07.29-21.04.22:941][150]LogModuleManager: Shutting down and abandoning module Documentation (121)
[2015.07.29-21.04.22:941][150]LogModuleManager: Shutting down and abandoning module GameLiveStreaming (120)
[2015.07.29-21.04.22:941][150]LogModuleManager: Shutting down and abandoning module StreamingPauseRendering (119)
[2015.07.29-21.04.22:941][150]LogModuleManager: Shutting down and abandoning module AnalyticsET (118)
[2015.07.29-21.04.22:941][150]LogModuleManager: Shutting down and abandoning module Analytics (117)
[2015.07.29-21.04.22:942][150]LogModuleManager: Shutting down and abandoning module AITestSuite (116)
[2015.07.29-21.04.22:942][150]LogModuleManager: Shutting down and abandoning module GameplayDebugger (115)
[2015.07.29-21.04.22:942][150]LogModuleManager: Shutting down and abandoning module AIModule (114)
[2015.07.29-21.04.22:942][150]LogModuleManager: Shutting down and abandoning module ProfilerService (113)
[2015.07.29-21.04.23:062][150]LogModuleManager: Shutting down and abandoning module TaskGraph (112)
[2015.07.29-21.04.23:062][150]LogModuleManager: Shutting down and abandoning module SlateRemote (111)
[2015.07.29-21.04.23:062][150]LogModuleManager: Shutting down and abandoning module SteamVRController (110)
[2015.07.29-21.04.23:062][150]LogModuleManager: Shutting down and abandoning module SteamVR (109)
[2015.07.29-21.04.23:063][150]LogModuleManager: Shutting down and abandoning module ProceduralMeshComponent (108)
[2015.07.29-21.04.23:063][150]LogModuleManager: Shutting down and abandoning module OculusRift (107)
[2015.07.29-21.04.23:063][150]LogModuleManager: Shutting down and abandoning module LeapMotionController (106)
[2015.07.29-21.04.23:095][150]LogModuleManager: Shutting down and abandoning module CustomMeshComponent (105)
[2015.07.29-21.04.23:095][150]LogModuleManager: Shutting down and abandoning module CableComponent (104)
[2015.07.29-21.04.23:095][150]LogModuleManager: Shutting down and abandoning module MessagingDebugger (103)
[2015.07.29-21.04.23:095][150]LogModuleManager: Shutting down and abandoning module MediaPlayerEditor (102)
[2015.07.29-21.04.23:095][150]LogModuleManager: Shutting down and abandoning module SpeedTreeImporter (101)
[2015.07.29-21.04.23:095][150]LogModuleManager: Shutting down and abandoning module PluginBrowser (100)
[2015.07.29-21.04.23:096][150]LogModuleManager: Shutting down and abandoning module EpicSurvey (99)
[2015.07.29-21.04.23:096][150]LogModuleManager: Shutting down and abandoning module DesktopPlatform (98)
[2015.07.29-21.04.23:096][150]LogModuleManager: Shutting down and abandoning module VisualStudioSourceCodeAccess (97)
[2015.07.29-21.04.23:096][150]LogModuleManager: Shutting down and abandoning module UObjectPlugin (96)
[2015.07.29-21.04.23:096][150]LogModuleManager: Shutting down and abandoning module SubversionSourceControl (95)
[2015.07.29-21.04.23:096][150]LogModuleManager: Shutting down and abandoning module PerforceSourceControl (94)
[2015.07.29-21.04.23:096][150]LogModuleManager: Shutting down and abandoning module SourceControl (93)
[2015.07.29-21.04.23:097][150]LogModuleManager: Shutting down and abandoning module GitSourceControl (92)
[2015.07.29-21.04.23:097][150]LogModuleManager: Shutting down and abandoning module BlankPlugin (91)
[2015.07.29-21.04.23:097][150]LogModuleManager: Shutting down and abandoning module PaperTiledImporter (90)
[2015.07.29-21.04.23:097][150]LogModuleManager: Shutting down and abandoning module PaperSpriteSheetImporter (89)
[2015.07.29-21.04.23:097][150]LogModuleManager: Shutting down and abandoning module MeshPaint (88)
[2015.07.29-21.04.23:097][150]LogModuleManager: Shutting down and abandoning module SlateReflector (87)
[2015.07.29-21.04.23:097][150]LogModuleManager: Shutting down and abandoning module DirectoryWatcher (86)
[2015.07.29-21.04.23:099][150]LogModuleManager: Shutting down and abandoning module HotReload (85)
[2015.07.29-21.04.23:099][150]LogModuleManager: Shutting down and abandoning module MainFrame (84)
[2015.07.29-21.04.23:099][150]LogModuleManager: Shutting down and abandoning module LevelEditor (83)
[2015.07.29-21.04.23:105][150]LogModuleManager: Shutting down and abandoning module ContentBrowser (82)
[2015.07.29-21.04.23:109][150]LogModuleManager: Shutting down and abandoning module Paper2DEditor (81)
[2015.07.29-21.04.23:109][150]LogModuleManager: Shutting down and abandoning module UdpMessaging (80)
[2015.07.29-21.04.23:209][150]LogModuleManager: Shutting down and abandoning module Paper2D (79)
[2015.07.29-21.04.23:209][150]LogModuleManager: Shutting down and abandoning module WindowsMoviePlayer (78)
[2015.07.29-21.04.23:222][150]LogModuleManager: Shutting down and abandoning module Media (77)
[2015.07.29-21.04.23:223][150]LogModuleManager: Shutting down and abandoning module WmfMedia (76)
[2015.07.29-21.04.23:224][150]LogModuleManager: Shutting down and abandoning module OnlineBlueprintSupport (75)
[2015.07.29-21.04.23:224][150]LogModuleManager: Shutting down and abandoning module PropertyEditor (74)
[2015.07.29-21.04.23:224][150]LogModuleManager: Shutting down and abandoning module BehaviorTreeEditor (73)
[2015.07.29-21.04.23:224][150]LogModuleManager: Shutting down and abandoning module FunctionalTesting (72)
[2015.07.29-21.04.23:224][150]LogModuleManager: Shutting down and abandoning module CollisionAnalyzer (71)
[2015.07.29-21.04.23:224][150]LogModuleManager: Shutting down and abandoning module WorkspaceMenuStructure (70)
[2015.07.29-21.04.23:224][150]LogModuleManager: Shutting down and abandoning module MessageLog (69)
[2015.07.29-21.04.23:224][150]LogModuleManager: Shutting down and abandoning module Sequencer (68)
[2015.07.29-21.04.23:225][150]LogModuleManager: Shutting down and abandoning module AssetTools (67)
[2015.07.29-21.04.23:225][150]LogModuleManager: Shutting down and abandoning module UMGEditor (66)
[2015.07.29-21.04.23:225][150]LogModuleManager: Shutting down and abandoning module UMG (65)
[2015.07.29-21.04.23:225][150]LogModuleManager: Shutting down and abandoning module Slate (64)
[2015.07.29-21.04.23:225][150]LogModuleManager: Shutting down and abandoning module EditorStyle (63)
[2015.07.29-21.04.23:239][150]LogModuleManager: Shutting down and abandoning module SessionServices (62)
[2015.07.29-21.04.23:240][150]LogModuleManager: Shutting down and abandoning module SourceCodeAccess (61)
[2015.07.29-21.04.23:240][150]LogModuleManager: Shutting down and abandoning module HeadMountedDisplay (60)
[2015.07.29-21.04.23:240][150]LogModuleManager: Shutting down and abandoning module XAudio2 (59)
[2015.07.29-21.04.23:240][150]LogModuleManager: Shutting down and abandoning module Networking (57)
[2015.07.29-21.04.23:240][150]LogModuleManager: Shutting down and abandoning module Core (56)
[2015.07.29-21.04.23:240][150]LogModuleManager: Shutting down and abandoning module KismetCompiler (55)
[2015.07.29-21.04.23:240][150]LogModuleManager: Shutting down and abandoning module PhysXFormats (54)
[2015.07.29-21.04.23:240][150]LogModuleManager: Shutting down and abandoning module MeshUtilities (53)
[2015.07.29-21.04.23:240][150]LogModuleManager: Shutting down and abandoning module DerivedDataCache (52)
[2015.07.29-21.04.23:305][150]LogDerivedDataCache: Shutdown
[2015.07.29-21.04.23:305][150]LogModuleManager: Shutting down and abandoning module ShaderFormatOpenGL (51)
[2015.07.29-21.04.23:305][150]LogModuleManager: Shutting down and abandoning module ShaderFormatD3D (50)
[2015.07.29-21.04.23:305][150]LogModuleManager: Shutting down and abandoning module MetalShaderFormat (49)
[2015.07.29-21.04.23:305][150]LogModuleManager: Shutting down and abandoning module TextureFormatUncompressed (48)
[2015.07.29-21.04.23:306][150]LogModuleManager: Shutting down and abandoning module TextureFormatPVR (47)
[2015.07.29-21.04.23:306][150]LogModuleManager: Shutting down and abandoning module TextureFormatIntelISPCTexComp (46)
[2015.07.29-21.04.23:306][150]LogModuleManager: Shutting down and abandoning module TextureFormatDXT (45)
[2015.07.29-21.04.23:306][150]LogModuleManager: Shutting down and abandoning module ImageWrapper (44)
[2015.07.29-21.04.23:306][150]LogModuleManager: Shutting down and abandoning module TextureFormatASTC (43)
[2015.07.29-21.04.23:306][150]LogModuleManager: Shutting down and abandoning module TextureFormatAndroid (42)
[2015.07.29-21.04.23:306][150]LogModuleManager: Shutting down and abandoning module AudioFormatOpus (41)
[2015.07.29-21.04.23:306][150]LogModuleManager: Shutting down and abandoning module AudioFormatOgg (40)
[2015.07.29-21.04.23:306][150]LogModuleManager: Shutting down and abandoning module AudioFormatADPCM (39)
[2015.07.29-21.04.23:306][150]LogModuleManager: Shutting down and abandoning module LinuxTargetPlatform (38)
[2015.07.29-21.04.23:306][150]LogModuleManager: Shutting down and abandoning module LinuxServerTargetPlatform (37)
[2015.07.29-21.04.23:306][150]LogModuleManager: Shutting down and abandoning module LinuxNoEditorTargetPlatform (36)
[2015.07.29-21.04.23:307][150]LogModuleManager: Shutting down and abandoning module Messaging (35)
[2015.07.29-21.04.23:307][150]LogModuleManager: Shutting down and abandoning module IOSTargetPlatform (34)
[2015.07.29-21.04.23:307][150]LogModuleManager: Shutting down and abandoning module HTML5TargetPlatform (33)
[2015.07.29-21.04.23:307][150]LogModuleManager: Shutting down and abandoning module Android_PVRTCTargetPlatform (32)
[2015.07.29-21.04.23:307][150]LogModuleManager: Shutting down and abandoning module Android_ETC2TargetPlatform (31)
[2015.07.29-21.04.23:307][150]LogModuleManager: Shutting down and abandoning module Android_ETC1TargetPlatform (30)
[2015.07.29-21.04.23:307][150]LogModuleManager: Shutting down and abandoning module Android_DXTTargetPlatform (29)
[2015.07.29-21.04.23:307][150]LogModuleManager: Shutting down and abandoning module Android_ATCTargetPlatform (28)
[2015.07.29-21.04.23:307][150]LogModuleManager: Shutting down and abandoning module Android_ASTCTargetPlatform (27)
[2015.07.29-21.04.23:307][150]LogModuleManager: Shutting down and abandoning module AndroidTargetPlatform (26)
[2015.07.29-21.04.23:307][150]LogModuleManager: Shutting down and abandoning module WindowsTargetPlatform (25)
[2015.07.29-21.04.23:307][150]LogModuleManager: Shutting down and abandoning module WindowsServerTargetPlatform (24)
[2015.07.29-21.04.23:307][150]LogModuleManager: Shutting down and abandoning module WindowsNoEditorTargetPlatform (23)
[2015.07.29-21.04.23:307][150]LogModuleManager: Shutting down and abandoning module WindowsClientTargetPlatform (22)
[2015.07.29-21.04.23:307][150]LogModuleManager: Shutting down and abandoning module DesktopTargetPlatform (21)
[2015.07.29-21.04.23:308][150]LogModuleManager: Shutting down and abandoning module TargetPlatform (20)
[2015.07.29-21.04.23:308][150]LogModuleManager: Shutting down and abandoning module InputCore (19)
[2015.07.29-21.04.23:308][150]LogModuleManager: Shutting down and abandoning module Settings (18)
[2015.07.29-21.04.23:308][150]LogModuleManager: Shutting down and abandoning module OnlineSubsystem (16)
[2015.07.29-21.04.23:308][150]LogModuleManager: Shutting down and abandoning module HTTP (15)
[2015.07.29-21.04.23:309][150]LogModuleManager: Shutting down and abandoning module ExampleDeviceProfileSelector (14)
[2015.07.29-21.04.23:309][150]LogModuleManager: Shutting down and abandoning module TextureCompressor (13)
[2015.07.29-21.04.23:309][150]LogModuleManager: Shutting down and abandoning module ShaderCore (12)
[2015.07.29-21.04.23:309][150]LogModuleManager: Shutting down and abandoning module Landscape (11)
[2015.07.29-21.04.23:309][150]LogModuleManager: Shutting down and abandoning module SlateRHIRenderer (10)
[2015.07.29-21.04.23:320][150]LogModuleManager: Shutting down and abandoning module OpenGLDrv (9)
[2015.07.29-21.04.23:320][150]LogModuleManager: Shutting down and abandoning module D3D11RHI (8)
[2015.07.29-21.04.23:321][150]LogModuleManager: Shutting down and abandoning module Renderer (7)
[2015.07.29-21.04.23:321][150]LogModuleManager: Shutting down and abandoning module Engine (6)
[2015.07.29-21.04.23:321][150]LogModuleManager: Shutting down and abandoning module CoreUObject (5)
[2015.07.29-21.04.23:321][150]LogModuleManager: Shutting down and abandoning module NetworkFile (4)
[2015.07.29-21.04.23:321][150]LogModuleManager: Shutting down and abandoning module StreamingFile (3)
[2015.07.29-21.04.23:321][150]LogModuleManager: Shutting down and abandoning module SandboxFile (2)
[2015.07.29-21.04.23:321][150]LogModuleManager: Shutting down and abandoning module PakFile (1)
[2015.07.29-21.04.23:323][150]LogExit: Exiting.
[2015.07.29-21.04.23:330][150]Log file closed, 07/29/15 23:04:23
